TN:
SF:src/errors.ts
FN:1,(empty-report)
FNF:1
FNH:0
FNDA:0,(empty-report)
DA:1,0
DA:2,0
DA:3,0
DA:4,0
DA:5,0
DA:6,0
DA:7,0
DA:8,0
DA:9,0
DA:10,0
DA:11,0
DA:12,0
DA:13,0
DA:14,0
DA:15,0
DA:16,0
DA:17,0
DA:18,0
DA:19,0
DA:20,0
DA:21,0
DA:22,0
DA:23,0
DA:24,0
DA:25,0
DA:26,0
DA:27,0
LF:27
LH:0
BRDA:1,0,0,0
BRF:1
BRH:0
end_of_record
TN:
SF:src/imap-simple.ts
FN:15,ImapSimple
FN:34,end
FN:64,search
FN:94,fetchOnMessage
FN:105,fetchOnError
FN:111,fetchOnEnd
FN:124,getPartData
FN:136,fetchOnMessage
FN:148,fetchOnError
FN:154,fetchOnEnd
FN:166,addFlags
FN:178,getBoxes
FN:185,openBox
FN:195,closeBox
FNF:14
FNH:12
FNDA:14,ImapSimple
FNDA:1,end
FNDA:1,search
FNDA:3,fetchOnMessage
FNDA:0,fetchOnError
FNDA:1,fetchOnEnd
FNDA:1,getPartData
FNDA:1,fetchOnMessage
FNDA:0,fetchOnError
FNDA:1,fetchOnEnd
FNDA:2,addFlags
FNDA:2,getBoxes
FNDA:2,openBox
FNDA:3,closeBox
DA:1,1
DA:5,1
DA:6,1
DA:9,1
DA:11,1
DA:13,1
DA:15,1
DA:16,14
DA:19,14
DA:20,98
DA:21,14
DA:24,14
DA:26,2
DA:27,1
DA:28,1
DA:29,1
DA:30,14
DA:31,14
DA:34,1
DA:39,1
DA:44,1
DA:45,0
DA:46,1
DA:48,1
DA:49,1
DA:64,1
DA:66,1
DA:68,1
DA:70,1
DA:71,1
DA:72,1
DA:73,1
DA:74,1
DA:75,0
DA:76,0
DA:77,0
DA:79,1
DA:80,0
DA:81,0
DA:82,0
DA:85,1
DA:86,1
DA:87,0
DA:88,0
DA:90,1
DA:91,1
DA:92,1
DA:94,1
DA:95,3
DA:96,3
DA:97,3
DA:99,3
DA:100,3
DA:101,1
DA:102,1
DA:103,3
DA:105,1
DA:106,0
DA:107,0
DA:108,0
DA:109,0
DA:111,1
DA:112,1
DA:113,1
DA:114,1
DA:116,1
DA:117,1
DA:118,1
DA:119,1
DA:120,1
DA:121,1
DA:124,1
DA:126,1
DA:128,1
DA:129,1
DA:130,1
DA:131,1
DA:132,1
DA:133,1
DA:134,1
DA:136,1
DA:137,1
DA:138,1
DA:139,0
DA:140,0
DA:141,0
DA:143,1
DA:144,1
DA:145,1
DA:146,1
DA:148,1
DA:149,0
DA:150,0
DA:151,0
DA:152,0
DA:154,1
DA:155,1
DA:156,1
DA:157,1
DA:159,1
DA:160,1
DA:161,1
DA:162,1
DA:163,1
DA:166,1
DA:168,2
DA:170,2
DA:171,2
DA:172,2
DA:173,2
DA:174,2
DA:175,2
DA:178,1
DA:179,2
DA:180,2
DA:181,2
DA:182,2
DA:185,1
DA:187,2
DA:188,2
DA:189,2
DA:190,2
DA:191,2
DA:192,2
DA:195,1
DA:197,3
DA:198,3
DA:199,3
DA:200,3
DA:201,3
DA:202,3
DA:203,1
LF:132
LH:112
BRDA:15,0,0,14
BRDA:19,1,0,98
BRDA:24,2,0,2
BRDA:26,3,0,1
BRDA:26,4,0,1
BRDA:34,5,0,1
BRDA:64,6,0,1
BRDA:72,7,0,1
BRDA:73,8,0,1
BRDA:74,9,0,0
BRDA:79,10,0,0
BRDA:86,11,0,0
BRDA:86,12,0,0
BRDA:86,13,0,0
BRDA:94,14,0,3
BRDA:100,15,0,1
BRDA:101,16,0,3
BRDA:111,17,0,1
BRDA:124,18,0,1
BRDA:130,19,0,1
BRDA:136,20,0,1
BRDA:138,21,0,0
BRDA:154,22,0,1
BRDA:166,23,0,2
BRDA:172,24,0,2
BRDA:173,25,0,2
BRDA:173,26,0,1
BRDA:173,27,0,1
BRDA:178,28,0,2
BRDA:179,29,0,2
BRDA:180,30,0,2
BRDA:180,31,0,1
BRDA:180,32,0,1
BRDA:185,33,0,2
BRDA:189,34,0,2
BRDA:190,35,0,2
BRDA:190,36,0,1
BRDA:190,37,0,1
BRDA:195,38,0,3
BRDA:199,39,0,3
BRDA:200,40,0,3
BRDA:200,41,0,1
BRDA:200,42,0,2
BRF:43
BRH:37
end_of_record
TN:
SF:src/index.ts
FN:1,(empty-report)
FNF:1
FNH:0
FNDA:0,(empty-report)
DA:1,0
DA:2,0
DA:3,0
DA:4,0
DA:5,0
DA:6,0
DA:7,0
DA:8,0
DA:9,0
DA:10,0
DA:11,0
DA:12,0
DA:13,0
DA:14,0
DA:15,0
DA:16,0
DA:17,0
DA:18,0
DA:19,0
DA:20,0
DA:21,0
DA:22,0
DA:23,0
DA:24,0
DA:25,0
DA:26,0
DA:27,0
DA:28,0
DA:29,0
DA:30,0
DA:31,0
DA:32,0
DA:33,0
DA:34,0
DA:35,0
DA:36,0
DA:37,0
DA:38,0
DA:39,0
DA:40,0
DA:41,0
DA:42,0
DA:43,0
DA:44,0
DA:45,0
DA:46,0
DA:47,0
DA:48,0
DA:49,0
DA:50,0
DA:51,0
DA:52,0
DA:53,0
DA:54,0
DA:55,0
DA:56,0
DA:57,0
DA:58,0
DA:59,0
DA:60,0
DA:61,0
DA:62,0
DA:63,0
DA:64,0
DA:65,0
DA:66,0
DA:67,0
DA:68,0
DA:69,0
DA:70,0
DA:71,0
DA:72,0
DA:73,0
DA:74,0
DA:75,0
DA:76,0
DA:77,0
DA:78,0
DA:79,0
DA:80,0
DA:81,0
DA:82,0
DA:83,0
DA:84,0
DA:85,0
DA:86,0
DA:87,0
DA:88,0
DA:89,0
DA:90,0
DA:91,0
DA:92,0
DA:93,0
DA:94,0
DA:95,0
DA:96,0
DA:97,0
DA:98,0
DA:99,0
DA:100,0
LF:100
LH:0
BRDA:1,0,0,0
BRF:1
BRH:0
end_of_record
TN:
SF:src/part-data.ts
FN:7,PartData
FN:9,toString
FN:13,fromData
FN:40,Base64PartData
FN:46,QuotedPrintablePartData
FN:54,SevenBitPartData
FN:58,toString
FN:64,BinaryPartData
FN:71,toString
FN:77,UuencodedPartData
FNF:10
FNH:10
FNDA:11,PartData
FNDA:3,toString
FNDA:7,fromData
FNDA:2,Base64PartData
FNDA:2,QuotedPrintablePartData
FNDA:2,SevenBitPartData
FNDA:1,toString
FNDA:3,BinaryPartData
FNDA:1,toString
FNDA:2,UuencodedPartData
DA:1,1
DA:2,1
DA:3,1
DA:4,1
DA:6,1
DA:7,1
DA:9,1
DA:10,3
DA:11,3
DA:13,1
DA:14,7
DA:15,1
DA:16,1
DA:18,7
DA:19,1
DA:20,1
DA:22,7
DA:23,1
DA:24,1
DA:26,7
DA:27,2
DA:28,2
DA:30,7
DA:31,1
DA:32,1
DA:35,1
DA:36,7
DA:37,1
DA:39,1
DA:40,1
DA:41,2
DA:42,2
DA:43,1
DA:45,1
DA:46,1
DA:47,2
DA:48,2
DA:49,2
DA:50,2
DA:51,1
DA:53,1
DA:54,1
DA:55,2
DA:56,2
DA:58,1
DA:59,1
DA:60,1
DA:61,1
DA:63,1
DA:64,1
DA:65,3
DA:66,3
DA:67,3
DA:68,3
DA:69,3
DA:71,1
DA:72,1
DA:73,1
DA:74,1
DA:76,1
DA:77,1
DA:78,2
DA:79,2
DA:80,2
DA:81,2
DA:82,2
DA:83,1
LF:67
LH:67
BRDA:7,0,0,11
BRDA:9,1,0,3
BRDA:13,2,0,7
BRDA:14,3,0,1
BRDA:16,4,0,6
BRDA:18,5,0,1
BRDA:20,6,0,5
BRDA:22,7,0,1
BRDA:24,8,0,4
BRDA:26,9,0,3
BRDA:26,10,0,2
BRDA:30,11,0,1
BRDA:40,12,0,2
BRDA:46,13,0,2
BRDA:48,14,0,0
BRDA:48,15,0,0
BRDA:54,16,0,2
BRDA:58,17,0,1
BRDA:64,18,0,3
BRDA:71,19,0,1
BRDA:77,20,0,2
BRF:21
BRH:19
end_of_record
TN:
SF:src/helpers/get-message.ts
FN:13,getMessage
FN:21,messageOnBody
FN:24,streamOnData
FN:40,messageOnAttributes
FN:44,messageOnEnd
FNF:5
FNH:5
FNDA:4,getMessage
FNDA:4,messageOnBody
FNDA:4,streamOnData
FNDA:4,messageOnAttributes
FNDA:4,messageOnEnd
DA:1,1
DA:13,4
DA:15,4
DA:16,4
DA:17,4
DA:18,4
DA:19,4
DA:21,4
DA:22,4
DA:24,4
DA:25,4
DA:26,4
DA:28,4
DA:29,4
DA:30,4
DA:32,4
DA:33,4
DA:34,4
DA:35,4
DA:36,4
DA:37,4
DA:38,4
DA:40,4
DA:41,4
DA:42,4
DA:44,4
DA:45,4
DA:46,4
DA:47,4
DA:48,4
DA:50,4
DA:51,4
DA:52,4
DA:53,4
DA:54,4
LF:35
LH:35
BRDA:13,0,0,4
BRDA:17,1,0,4
BRDA:21,2,0,4
BRDA:24,3,0,4
BRDA:29,4,0,4
BRDA:35,5,0,0
BRDA:40,6,0,4
BRDA:44,7,0,4
BRF:8
BRH:7
end_of_record
