TN:
SF:src/constants.ee.ts
FNF:0
FNH:0
DA:1,1
DA:3,1
DA:31,1
LF:3
LH:3
BRF:0
BRH:0
end_of_record
TN:
SF:src/schemas.ee.ts
FNF:0
FNH:0
DA:1,1
DA:3,1
DA:5,1
DA:7,1
DA:11,1
DA:15,1
DA:17,1
DA:19,1
DA:21,1
LF:9
LH:9
BRF:0
BRH:0
end_of_record
TN:
SF:src/roles/role-maps.ee.ts
FNF:0
FNH:0
DA:8,4
DA:12,4
DA:17,4
DA:23,4
DA:28,4
DA:34,4
DA:41,4
DA:46,4
DA:51,4
LF:9
LH:9
BRF:0
BRH:0
end_of_record
TN:
SF:src/roles/scopes/credential-sharing-scopes.ee.ts
FNF:0
FNH:0
DA:3,4
DA:11,4
LF:2
LH:2
BRF:0
BRH:0
end_of_record
TN:
SF:src/roles/scopes/global-scopes.ee.ts
FNF:0
FNH:0
DA:3,4
DA:84,4
DA:86,4
LF:3
LH:3
BRF:0
BRH:0
end_of_record
TN:
SF:src/roles/scopes/project-scopes.ee.ts
FNF:0
FNH:0
DA:9,4
DA:37,4
DA:63,4
DA:84,4
LF:4
LH:4
BRF:0
BRH:0
end_of_record
TN:
SF:src/roles/scopes/workflow-sharing-scopes.ee.ts
FNF:0
FNH:0
DA:3,4
DA:12,4
LF:2
LH:2
BRF:0
BRH:0
end_of_record
TN:
SF:src/utilities/combine-scopes.ee.ts
FN:16,combineScopes
FN:18,(anonymous_1)
FN:23,(anonymous_2)
FN:26,(anonymous_3)
FNF:4
FNH:4
FNDA:24,combineScopes
FNDA:48,(anonymous_1)
FNDA:7,(anonymous_2)
FNDA:4,(anonymous_3)
DA:16,3
DA:17,24
DA:18,48
DA:21,24
DA:22,6
DA:23,7
DA:25,6
DA:26,4
DA:30,24
LF:9
LH:9
BRDA:21,0,0,6
BRDA:22,1,0,4
BRDA:25,2,0,4
BRF:3
BRH:3
end_of_record
TN:
SF:src/utilities/get-global-scopes.ee.ts
FN:9,(anonymous_0)
FNF:1
FNH:1
FNDA:11,(anonymous_0)
DA:1,2
DA:9,11
LF:2
LH:2
BRDA:9,0,0,11
BRDA:9,0,1,2
BRF:2
BRH:2
end_of_record
TN:
SF:src/utilities/get-resource-permissions.ee.ts
FN:14,(anonymous_0)
FN:16,(anonymous_1)
FN:18,(anonymous_2)
FNF:3
FNH:3
FNDA:2,(anonymous_0)
FNDA:50,(anonymous_1)
FNDA:700,(anonymous_2)
DA:1,1
DA:14,1
DA:15,2
DA:16,50
DA:19,700
DA:21,700
DA:22,28
DA:28,672
LF:8
LH:8
BRDA:14,0,0,1
BRDA:21,1,0,28
BRF:2
BRH:2
end_of_record
TN:
SF:src/utilities/get-role-scopes.ee.ts
FN:5,(anonymous_0)
FN:14,getRoleScopes
FN:17,(anonymous_2)
FNF:3
FNH:3
FNDA:4,(anonymous_0)
FNDA:8,getRoleScopes
FNDA:326,(anonymous_2)
DA:1,1
DA:4,1
DA:5,4
DA:14,1
DA:15,8
DA:16,8
DA:17,326
DA:19,8
LF:8
LH:8
BRDA:16,0,0,5
BRF:1
BRH:1
end_of_record
TN:
SF:src/utilities/has-global-scope.ee.ts
FN:10,(anonymous_0)
FNF:1
FNH:1
FNDA:7,(anonymous_0)
DA:1,1
DA:2,1
DA:10,1
DA:15,7
DA:16,7
LF:5
LH:5
BRF:0
BRH:0
end_of_record
TN:
SF:src/utilities/has-scope.ee.ts
FN:11,(anonymous_0)
FN:20,(anonymous_1)
FN:21,(anonymous_2)
FNF:3
FNH:3
FNDA:16,(anonymous_0)
FNDA:5,(anonymous_1)
FNDA:11,(anonymous_2)
DA:1,2
DA:11,2
DA:17,16
DA:18,16
DA:19,16
DA:20,5
DA:21,11
LF:7
LH:7
BRDA:15,0,0,12
BRDA:17,1,0,9
BRDA:19,2,0,3
BRDA:19,2,1,13
BRDA:20,3,0,3
BRDA:20,3,1,2
BRF:6
BRH:6
end_of_record
TN:
SF:src/utilities/roles-with-scope.ee.ts
FN:26,rolesWithScope
FN:31,(anonymous_1)
FN:32,(anonymous_2)
FNF:3
FNH:3
FNDA:4,rolesWithScope
FNDA:12,(anonymous_1)
FNDA:15,(anonymous_2)
DA:1,1
DA:26,1
DA:27,4
DA:28,3
DA:31,4
DA:32,12
DA:34,15
LF:7
LH:7
BRDA:27,0,0,3
BRF:1
BRH:1
end_of_record
