<testsuites id="" name="" tests="7" failures="0" skipped="1" errors="0" time="52.152795">
<testsuite name="tests/e2e/workflows/checklist/production-checklist.spec.ts" timestamp="2026-06-23T11:23:58.300Z" hostname="e2e" tests="7" failures="0" skipped="1" time="43.039" errors="0">
<testcase name="Workflow Production Checklist › should show suggested actions automatically when workflow is first published" classname="tests/e2e/workflows/checklist/production-checklist.spec.ts" time="6.767">
<properties>
<property name="owner" value="Adore">
</property>
</properties>
<system-out>
<![CDATA[[43m[30m WARNING [39m[49m Missing Currents configuration: "recordKey". Currents Fixtures may not work as expected.
🔒 Loaded 16 quarantined test titles from quarantine webhook

[[ATTACHMENT|test-results/workflows-checklist-produc-12c8a-workflow-is-first-published-e2e/test-finished-1.png]]

[[ATTACHMENT|test-results/workflows-checklist-produc-12c8a-workflow-is-first-published-e2e/video.webm]]

[[ATTACHMENT|test-results/workflows-checklist-produc-12c8a-workflow-is-first-published-e2e/trace.zip]]
]]>
</system-out>
</testcase>
<testcase name="Workflow Production Checklist › should display evaluations action when AI node exists and feature is enabled" classname="tests/e2e/workflows/checklist/production-checklist.spec.ts" time="8.405">
<properties>
<property name="owner" value="Adore">
</property>
</properties>
<system-out>
<![CDATA[
[[ATTACHMENT|test-results/workflows-checklist-produc-a4fe6-ists-and-feature-is-enabled-e2e/test-finished-1.png]]

[[ATTACHMENT|test-results/workflows-checklist-produc-a4fe6-ists-and-feature-is-enabled-e2e/video.webm]]

[[ATTACHMENT|test-results/workflows-checklist-produc-a4fe6-ists-and-feature-is-enabled-e2e/trace.zip]]
]]>
</system-out>
</testcase>
<testcase name="Workflow Production Checklist › should open workflow settings modal when error workflow action is clicked" classname="tests/e2e/workflows/checklist/production-checklist.spec.ts" time="6.879">
<properties>
<property name="owner" value="Adore">
</property>
</properties>
<system-out>
<![CDATA[
[[ATTACHMENT|test-results/workflows-checklist-produc-e835a--workflow-action-is-clicked-e2e/test-finished-1.png]]

[[ATTACHMENT|test-results/workflows-checklist-produc-e835a--workflow-action-is-clicked-e2e/video.webm]]

[[ATTACHMENT|test-results/workflows-checklist-produc-e835a--workflow-action-is-clicked-e2e/trace.zip]]
]]>
</system-out>
</testcase>
<testcase name="Workflow Production Checklist › should open workflow settings modal when time saved action is clicked" classname="tests/e2e/workflows/checklist/production-checklist.spec.ts" time="6.88">
<properties>
<property name="owner" value="Adore">
</property>
</properties>
<system-out>
<![CDATA[
[[ATTACHMENT|test-results/workflows-checklist-produc-99526-ime-saved-action-is-clicked-e2e/test-finished-1.png]]

[[ATTACHMENT|test-results/workflows-checklist-produc-99526-ime-saved-action-is-clicked-e2e/video.webm]]

[[ATTACHMENT|test-results/workflows-checklist-produc-99526-ime-saved-action-is-clicked-e2e/trace.zip]]
]]>
</system-out>
</testcase>
<testcase name="Workflow Production Checklist › should allow ignoring individual actions" classname="tests/e2e/workflows/checklist/production-checklist.spec.ts" time="8.06">
<properties>
<property name="owner" value="Adore">
</property>
</properties>
<system-out>
<![CDATA[
[[ATTACHMENT|test-results/workflows-checklist-produc-c9af7-ignoring-individual-actions-e2e/test-finished-1.png]]

[[ATTACHMENT|test-results/workflows-checklist-produc-c9af7-ignoring-individual-actions-e2e/video.webm]]

[[ATTACHMENT|test-results/workflows-checklist-produc-c9af7-ignoring-individual-actions-e2e/trace.zip]]
]]>
</system-out>
</testcase>
<testcase name="Workflow Production Checklist › should show completed state for configured actions" classname="tests/e2e/workflows/checklist/production-checklist.spec.ts">
<properties>
<property name="owner" value="Adore">
</property>
<property name="fixme" value="">
</property>
</properties>
<skipped>
</skipped>
</testcase>
<testcase name="Workflow Production Checklist › should allow ignoring all actions with confirmation" classname="tests/e2e/workflows/checklist/production-checklist.spec.ts" time="6.048">
<properties>
<property name="owner" value="Adore">
</property>
</properties>
<system-out>
<![CDATA[
[[ATTACHMENT|test-results/workflows-checklist-produc-84c9d-l-actions-with-confirmation-e2e/test-finished-1.png]]

[[ATTACHMENT|test-results/workflows-checklist-produc-84c9d-l-actions-with-confirmation-e2e/video.webm]]

[[ATTACHMENT|test-results/workflows-checklist-produc-84c9d-l-actions-with-confirmation-e2e/trace.zip]]
]]>
</system-out>
</testcase>
</testsuite>
</testsuites>