TN:
SF:src/plugin.ts
FN:8,install
FNF:1
FNH:1
FNDA:603,install
DA:3,1
DA:7,1
DA:8,1
DA:9,603
DA:10,1206
DA:11,1206
DA:12,603
DA:13,1
LF:8
LH:8
BRDA:8,0,0,603
BRDA:9,1,0,1206
BRF:2
BRH:2
end_of_record
TN:
SF:src/components/index.ts
FNF:0
FNH:0
DA:1,1
DA:2,1
DA:3,1
DA:4,1
DA:5,1
DA:6,1
DA:7,1
DA:8,1
DA:9,1
DA:10,1
DA:11,1
DA:12,1
DA:13,1
DA:14,1
DA:15,1
DA:16,1
DA:17,1
DA:18,1
DA:19,1
DA:20,1
DA:21,1
DA:22,1
DA:23,1
DA:24,1
DA:25,1
DA:26,1
DA:27,1
DA:28,1
DA:29,1
DA:30,1
DA:31,1
DA:32,1
DA:33,1
DA:34,1
DA:35,1
DA:36,1
DA:37,1
DA:38,1
DA:39,1
DA:40,1
DA:41,1
DA:42,1
DA:43,1
DA:44,1
DA:45,1
DA:46,1
DA:47,1
DA:48,1
DA:49,1
DA:50,1
DA:51,1
DA:52,1
DA:53,1
DA:54,1
DA:55,1
DA:56,1
DA:57,1
DA:58,1
DA:59,1
DA:60,1
DA:61,1
DA:62,1
DA:63,1
DA:64,1
DA:65,1
DA:66,1
LF:66
LH:66
BRF:0
BRH:0
end_of_record
TN:
SF:src/components/AskAssistantAvatar/AssistantAvatar.vue
FN:2,get
FNF:1
FNH:1
FNDA:20,get
DA:1,1
DA:2,20
DA:10,1
DA:11,1
DA:12,1
LF:5
LH:5
BRDA:2,0,0,20
BRF:1
BRH:1
end_of_record
TN:
SF:src/components/AskAssistantButton/AskAssistantButton.vue
FN:2,get
FN:18,onClick
FN:20,onMouseEnter
FN:24,onMouseLeave
FNF:4
FNH:1
FNDA:5,get
FNDA:0,onClick
FNDA:0,onMouseEnter
FNDA:0,onMouseLeave
DA:1,1
DA:2,5
DA:4,1
DA:5,1
DA:6,1
DA:8,1
DA:10,1
DA:12,1
DA:14,1
DA:18,1
DA:20,0
DA:21,0
DA:22,0
DA:24,0
DA:25,0
DA:26,0
DA:30,1
DA:31,1
DA:32,1
DA:33,1
DA:34,1
DA:36,1
DA:37,1
DA:38,1
DA:39,1
DA:40,1
DA:41,1
DA:42,1
DA:43,1
DA:48,1
DA:49,1
DA:50,1
DA:51,1
LF:33
LH:27
BRDA:2,0,0,5
BRDA:36,1,0,1
BRDA:37,2,0,1
BRDA:39,3,0,0
BRF:4
BRH:3
end_of_record
TN:
SF:src/components/AskAssistantChat/AskAssistantChat.vue
FN:2,get
FN:42,onClose
FN:82,isEndOfSessionEvent
FN:86,onQuickReply
FN:90,onSendMessage
FN:99,growInput
FN:106,onRateMessage
FN:110,scrollToBottom
FN:123,immediate
FN:172,onCodeReplace
FN:173,onCodeUndo
FN:197,onClick
FN:247,_ctx.$slots.inputPlaceholder.onUpdate:modelValue._cache.<computed>._cache.<computed>
FNF:13
FNH:3
FNDA:81,get
FNDA:0,onClose
FNDA:7,isEndOfSessionEvent
FNDA:0,onQuickReply
FNDA:0,onSendMessage
FNDA:0,growInput
FNDA:0,onRateMessage
FNDA:0,scrollToBottom
FNDA:7,immediate
FNDA:0,onCodeReplace
FNDA:0,onCodeUndo
FNDA:0,onClick
FNDA:0,_ctx.$slots.inputPlaceholder.onUpdate:modelValue._cache.<computed>._cache.<computed>
DA:1,0
DA:2,81
DA:4,1
DA:5,1
DA:7,1
DA:8,1
DA:9,1
DA:10,1
DA:11,1
DA:12,1
DA:14,1
DA:16,1
DA:33,1
DA:42,1
DA:44,1
DA:57,1
DA:58,7
DA:59,11
DA:60,11
DA:61,11
DA:62,7
DA:63,1
DA:65,1
DA:67,1
DA:68,1
DA:70,1
DA:71,7
DA:72,1
DA:74,1
DA:75,7
DA:76,1
DA:78,1
DA:79,1
DA:80,1
DA:82,7
DA:83,7
DA:84,7
DA:86,0
DA:87,0
DA:88,0
DA:90,0
DA:91,0
DA:92,0
DA:93,0
DA:94,0
DA:95,0
DA:96,0
DA:97,0
DA:99,0
DA:100,0
DA:101,0
DA:102,0
DA:103,0
DA:104,0
DA:106,0
DA:107,0
DA:108,0
DA:110,0
DA:111,0
DA:112,0
DA:113,0
DA:114,0
DA:115,0
DA:116,0
DA:117,0
DA:118,1
DA:119,0
DA:120,1
DA:121,1
DA:122,1
DA:123,1
DA:125,7
DA:127,0
DA:129,0
DA:130,0
DA:131,0
DA:132,0
DA:133,7
DA:134,1
DA:135,1
DA:139,1
DA:140,1
DA:141,1
DA:142,1
DA:143,1
DA:144,1
DA:145,1
DA:146,1
DA:147,1
DA:148,1
DA:149,1
DA:150,1
DA:151,1
DA:152,1
DA:153,1
DA:154,1
DA:155,6
DA:156,6
DA:158,6
DA:159,6
DA:160,6
DA:161,6
DA:162,6
DA:166,6
DA:167,6
DA:168,6
DA:169,6
DA:170,6
DA:171,6
DA:172,6
DA:173,6
DA:174,6
DA:175,6
DA:177,6
DA:178,6
DA:187,6
DA:189,6
DA:190,6
DA:191,6
DA:192,6
DA:193,6
DA:194,6
DA:195,6
DA:196,6
DA:197,6
DA:199,6
DA:200,6
DA:201,6
DA:202,6
DA:203,6
DA:204,6
DA:205,6
DA:206,6
DA:207,6
DA:209,6
DA:210,6
DA:211,6
DA:212,6
DA:213,6
DA:214,1
DA:215,1
DA:217,1
DA:218,0
DA:219,0
DA:220,0
DA:221,1
DA:222,1
DA:223,1
DA:224,1
DA:225,1
DA:226,1
DA:227,1
DA:228,1
DA:229,1
DA:230,1
DA:231,1
DA:232,1
DA:233,1
DA:234,1
DA:235,1
DA:236,1
DA:237,1
DA:238,1
DA:239,1
DA:240,1
DA:242,1
DA:243,0
DA:244,0
DA:245,0
DA:246,1
DA:247,1
DA:248,0
DA:249,1
DA:250,1
DA:251,1
DA:252,1
DA:253,1
DA:254,1
DA:255,1
DA:256,1
DA:257,1
DA:258,1
DA:259,1
DA:260,1
DA:261,1
DA:262,0
DA:263,0
DA:264,0
DA:265,0
DA:266,0
DA:267,0
DA:268,0
DA:269,0
DA:270,1
DA:271,1
DA:273,1
DA:274,1
DA:275,1
DA:276,1
DA:277,1
DA:278,1
DA:279,1
DA:280,1
DA:281,1
DA:282,1
DA:283,1
DA:284,1
LF:207
LH:157
BRDA:2,0,0,81
BRDA:57,1,0,7
BRDA:58,2,0,11
BRDA:60,3,0,0
BRDA:61,4,0,0
BRDA:70,5,0,7
BRDA:74,6,0,7
BRDA:75,7,0,0
BRDA:75,8,0,0
BRDA:78,9,0,1
BRDA:82,10,0,7
BRDA:83,11,0,6
BRDA:83,12,0,1
BRDA:122,13,0,7
BRDA:123,14,0,7
BRDA:125,15,0,0
BRDA:125,16,0,0
BRDA:154,17,0,1
BRDA:154,18,0,6
BRDA:1,19,0,0
BRDA:218,20,0,0
BRDA:1,21,0,0
BRDA:243,22,0,0
BRDA:261,23,0,0
BRDA:262,24,0,0
BRDA:168,25,0,5
BRDA:1,26,0,10
BRDA:1,27,0,0
BRF:28
BRH:15
end_of_record
TN:
SF:src/components/AskAssistantChat/messages/BaseMessage.vue
FN:2,get
FN:29,onRate
FNF:2
FNH:1
FNDA:27,get
FNDA:0,onRate
DA:1,3
DA:2,27
DA:4,1
DA:5,1
DA:7,1
DA:8,1
DA:19,1
DA:21,1
DA:25,1
DA:27,1
DA:29,0
DA:30,0
DA:31,0
DA:35,1
DA:36,1
DA:37,1
DA:38,1
DA:40,1
DA:41,1
DA:42,1
DA:43,1
DA:44,1
DA:45,1
DA:46,1
DA:47,1
DA:48,1
DA:49,1
DA:50,1
DA:51,1
DA:52,0
DA:53,0
DA:54,0
DA:55,1
DA:56,1
LF:34
LH:28
BRDA:2,0,0,27
BRDA:27,1,0,8
BRDA:40,2,0,1
BRDA:1,3,0,3
BRDA:51,4,0,0
BRDA:51,5,0,0
BRF:6
BRH:4
end_of_record
TN:
SF:src/components/AskAssistantChat/messages/BlockMessage.vue
FN:2,get
FN:30,onFeedback._cache.<computed>._cache.<computed>
FNF:2
FNH:1
FNDA:4,get
FNDA:0,onFeedback._cache.<computed>._cache.<computed>
DA:1,1
DA:2,4
DA:3,1
DA:5,1
DA:19,1
DA:22,1
DA:26,1
DA:27,1
DA:28,1
DA:29,1
DA:30,1
DA:32,1
DA:33,1
DA:34,1
DA:35,1
DA:36,1
DA:37,1
DA:38,1
DA:39,1
DA:40,1
DA:41,1
DA:42,1
DA:43,1
DA:44,1
DA:45,1
LF:25
LH:25
BRDA:2,0,0,4
BRDA:35,1,0,0
BRDA:35,2,0,0
BRDA:35,3,0,0
BRDA:42,4,0,0
BRDA:42,5,0,0
BRDA:42,6,0,0
BRF:7
BRH:1
end_of_record
TN:
SF:src/components/AskAssistantChat/messages/CodeDiffMessage.vue
FN:31,onFeedback._cache.<computed>._cache.<computed>
FN:40,onReplace._cache.<computed>._cache.<computed>
FN:41,onUndo._cache.<computed>._cache.<computed>
FNF:3
FNH:0
FNDA:0,onFeedback._cache.<computed>._cache.<computed>
FNDA:0,onReplace._cache.<computed>._cache.<computed>
FNDA:0,onUndo._cache.<computed>._cache.<computed>
DA:1,1
DA:2,1
DA:4,1
DA:19,1
DA:27,1
DA:28,1
DA:29,1
DA:30,1
DA:31,1
DA:33,1
DA:34,1
DA:35,1
DA:36,1
DA:37,1
DA:38,1
DA:39,1
DA:40,1
DA:41,1
DA:42,1
DA:43,1
LF:20
LH:20
BRDA:39,0,0,0
BRF:1
BRH:0
end_of_record
TN:
SF:src/components/AskAssistantChat/messages/ErrorMessage.vue
FN:2,get
FN:34,$props.message.retry.onClick._cache.<computed>._cache.<computed>
FNF:2
FNH:1
FNDA:4,get
FNDA:0,$props.message.retry.onClick._cache.<computed>._cache.<computed>
DA:1,0
DA:2,4
DA:3,1
DA:5,1
DA:6,1
DA:18,1
DA:22,1
DA:23,1
DA:24,1
DA:25,1
DA:26,1
DA:27,1
DA:28,1
DA:29,1
DA:30,1
DA:31,1
DA:32,1
DA:33,1
DA:34,1
DA:36,1
DA:37,1
DA:38,1
DA:39,1
LF:23
LH:22
BRDA:2,0,0,4
BRDA:1,1,0,0
BRF:2
BRH:1
end_of_record
TN:
SF:src/components/AskAssistantChat/messages/EventMessage.vue
FN:2,get
FNF:1
FNH:1
FNDA:1,get
DA:1,1
DA:2,1
DA:3,1
DA:4,1
DA:24,1
DA:26,1
DA:27,1
DA:28,1
DA:29,1
DA:30,1
DA:31,1
DA:32,1
DA:33,1
DA:34,1
DA:35,1
DA:36,1
DA:37,1
DA:38,1
DA:39,1
DA:43,1
DA:44,1
DA:45,1
DA:46,1
DA:47,1
DA:48,1
DA:49,1
DA:50,1
DA:51,1
DA:52,1
DA:53,1
LF:30
LH:30
BRDA:2,0,0,1
BRF:1
BRH:1
end_of_record
TN:
SF:src/components/AskAssistantChat/messages/MessageRating.vue
FN:2,get
FNF:1
FNH:0
FNDA:0,get
DA:1,1
DA:2,0
DA:4,1
DA:7,1
DA:8,1
DA:9,1
DA:16,1
DA:21,1
DA:25,1
DA:26,1
DA:27,1
DA:28,1
DA:29,1
DA:30,1
DA:32,1
DA:33,1
DA:34,1
DA:36,1
DA:37,1
DA:38,1
DA:39,1
DA:40,1
DA:41,1
DA:42,1
DA:44,1
DA:45,1
DA:46,1
DA:47,1
DA:48,1
DA:49,1
DA:50,1
DA:52,1
DA:53,1
DA:54,1
DA:55,1
DA:56,1
DA:57,1
DA:61,1
DA:62,1
DA:63,1
DA:64,1
DA:65,1
DA:66,1
DA:67,1
DA:68,1
DA:69,1
DA:70,1
DA:71,1
DA:72,1
DA:73,1
DA:74,1
DA:75,1
DA:76,1
DA:77,1
DA:78,1
DA:79,1
DA:80,1
DA:81,1
DA:82,1
DA:83,1
DA:84,1
DA:85,1
DA:86,1
DA:87,1
DA:88,1
DA:89,1
DA:90,1
DA:91,1
DA:92,1
DA:93,1
DA:94,1
DA:95,1
DA:96,1
DA:97,1
DA:98,1
DA:99,1
DA:101,1
DA:102,1
DA:103,1
DA:104,1
DA:105,1
DA:106,1
DA:107,1
DA:108,1
DA:109,1
DA:110,1
DA:111,1
DA:112,1
DA:113,1
DA:114,1
DA:115,1
DA:116,1
DA:117,1
DA:118,1
DA:119,1
DA:120,1
DA:121,1
DA:122,1
DA:123,1
DA:124,1
DA:125,1
DA:126,1
DA:127,1
DA:129,1
DA:130,1
DA:131,1
DA:132,1
LF:107
LH:106
BRF:0
BRH:0
end_of_record
TN:
SF:src/components/AskAssistantChat/messages/MessageWrapper.vue
FN:65,$setup.messageComponent.onCodeReplace._cache.<computed>._cache.<computed>
FN:66,$setup.messageComponent.onCodeUndo._cache.<computed>._cache.<computed>
FN:67,$setup.messageComponent.onFeedback._cache.<computed>._cache.<computed>
FNF:3
FNH:0
FNDA:0,$setup.messageComponent.onCodeReplace._cache.<computed>._cache.<computed>
FNDA:0,$setup.messageComponent.onCodeUndo._cache.<computed>._cache.<computed>
FNDA:0,$setup.messageComponent.onFeedback._cache.<computed>._cache.<computed>
DA:1,1
DA:4,1
DA:6,1
DA:7,1
DA:8,1
DA:9,1
DA:10,1
DA:11,1
DA:25,1
DA:27,1
DA:33,1
DA:34,11
DA:35,11
DA:36,6
DA:37,11
DA:38,1
DA:39,11
DA:40,2
DA:41,11
DA:42,1
DA:43,11
DA:44,1
DA:45,11
DA:46,0
DA:47,11
DA:48,11
DA:49,0
DA:50,11
DA:51,0
DA:52,11
DA:53,1
DA:57,1
DA:58,1
DA:59,1
DA:60,1
DA:61,1
DA:62,1
DA:63,1
DA:64,1
DA:65,1
DA:66,1
DA:67,1
DA:68,1
LF:43
LH:40
BRDA:33,0,0,11
BRDA:35,1,0,6
BRDA:37,2,0,1
BRDA:39,3,0,2
BRDA:41,4,0,1
BRDA:43,5,0,1
BRDA:45,6,0,0
BRDA:47,7,0,0
BRDA:48,8,0,0
BRDA:50,9,0,0
BRDA:67,10,0,0
BRF:11
BRH:6
end_of_record
TN:
SF:src/components/AskAssistantChat/messages/TextMessage.vue
FN:2,get
FN:34,onCopyButtonClick
FN:49,onFeedback._cache.<computed>._cache.<computed>
FN:73,$props.message.codeSnippet.$setup.isClipboardSupported.onClick._cache.<computed>._cache.<computed>
FNF:4
FNH:1
FNDA:20,get
FNDA:0,onCopyButtonClick
FNDA:0,onFeedback._cache.<computed>._cache.<computed>
FNDA:0,$props.message.codeSnippet.$setup.isClipboardSupported.onClick._cache.<computed>._cache.<computed>
DA:1,5
DA:2,20
DA:4,1
DA:5,1
DA:6,1
DA:8,1
DA:9,1
DA:24,1
DA:27,1
DA:28,1
DA:30,1
DA:31,1
DA:32,1
DA:34,0
DA:35,0
DA:36,0
DA:37,0
DA:38,0
DA:39,0
DA:40,0
DA:41,0
DA:45,1
DA:46,1
DA:47,1
DA:48,1
DA:49,1
DA:51,1
DA:52,1
DA:53,1
DA:54,1
DA:55,5
DA:56,5
DA:57,5
DA:59,5
DA:60,1
DA:61,1
DA:62,1
DA:63,1
DA:64,1
DA:65,1
DA:67,1
DA:68,1
DA:69,1
DA:70,1
DA:71,1
DA:72,1
DA:73,1
DA:75,1
DA:76,1
DA:77,1
DA:78,1
DA:79,1
DA:80,1
DA:81,1
DA:82,1
DA:83,1
DA:84,1
DA:85,1
DA:86,1
LF:59
LH:51
BRDA:2,0,0,20
BRDA:30,1,0,1
BRDA:31,2,0,0
BRDA:53,3,0,1
BRDA:54,4,0,5
BRDA:1,5,0,5
BRDA:84,6,0,1
BRDA:84,7,0,1
BRDA:1,8,0,5
BRF:9
BRH:8
end_of_record
TN:
SF:src/components/AskAssistantChat/messages/ToolMessage.vue
FN:2,get
FNF:1
FNH:0
FNDA:0,get
DA:1,1
DA:2,0
DA:4,1
DA:6,1
DA:8,1
DA:9,1
DA:21,1
DA:22,1
DA:24,1
DA:25,1
DA:27,1
DA:28,1
DA:29,1
DA:30,1
DA:31,1
DA:33,1
DA:34,1
DA:35,1
DA:36,1
DA:38,1
DA:39,1
DA:40,1
DA:41,1
DA:43,1
DA:44,1
DA:45,1
DA:46,1
DA:48,1
DA:49,1
DA:50,1
DA:52,1
DA:53,1
DA:54,1
DA:55,1
DA:56,1
DA:57,1
DA:58,1
DA:59,1
DA:60,1
DA:61,1
DA:62,1
DA:63,1
DA:65,1
DA:66,1
DA:67,1
DA:68,1
DA:69,1
DA:70,1
DA:71,1
DA:72,1
DA:73,1
DA:74,1
DA:76,1
DA:77,1
DA:78,1
DA:79,1
DA:80,1
DA:82,1
DA:83,1
DA:84,1
DA:86,1
DA:87,1
DA:88,1
DA:92,1
DA:93,1
DA:94,1
DA:95,1
DA:96,1
DA:97,1
DA:98,1
DA:99,1
DA:100,1
DA:101,1
DA:102,1
DA:103,1
DA:104,1
DA:105,1
DA:106,1
DA:107,1
DA:109,1
DA:110,1
DA:111,1
DA:112,1
DA:113,1
DA:114,1
DA:115,1
DA:116,1
DA:117,1
DA:118,1
DA:119,1
DA:120,1
DA:121,1
DA:122,1
DA:123,1
DA:124,1
DA:126,1
DA:127,1
DA:128,1
DA:129,1
DA:130,1
DA:131,1
DA:132,1
DA:133,1
DA:135,1
DA:136,1
DA:137,1
DA:139,1
DA:140,1
DA:141,1
DA:142,1
DA:143,1
DA:145,1
DA:146,1
DA:147,1
DA:148,1
DA:149,1
DA:151,1
DA:152,1
DA:153,1
DA:154,1
DA:155,1
DA:156,1
DA:157,1
DA:158,1
DA:159,1
DA:160,1
LF:126
LH:125
BRF:0
BRH:0
end_of_record
TN:
SF:src/components/AskAssistantChat/messages/useMarkdown.ts
FN:6,useMarkdown
FN:20,renderMarkdown
FNF:2
FNH:2
FNDA:7,useMarkdown
FNDA:8,renderMarkdown
DA:1,1
DA:2,1
DA:4,1
DA:6,1
DA:7,7
DA:9,7
DA:10,7
DA:11,7
DA:13,7
DA:14,7
DA:15,7
DA:16,7
DA:17,7
DA:18,7
DA:20,7
DA:21,8
DA:22,8
DA:23,8
DA:24,0
DA:25,0
DA:26,0
DA:27,8
DA:29,7
DA:30,7
DA:31,7
DA:32,7
LF:26
LH:23
BRDA:6,0,0,7
BRDA:20,1,0,8
BRDA:23,2,0,0
BRF:3
BRH:2
end_of_record
TN:
SF:src/components/AskAssistantIcon/AssistantIcon.vue
FNF:0
FNH:0
DA:1,1
DA:2,1
DA:4,1
DA:15,1
DA:16,1
DA:17,1
DA:18,1
DA:19,1
DA:20,1
DA:22,1
DA:23,27
DA:24,12
DA:25,27
DA:26,0
DA:27,0
DA:28,15
DA:29,1
DA:33,1
DA:34,1
DA:35,1
DA:36,1
DA:37,1
DA:38,1
DA:40,1
DA:41,1
DA:42,1
DA:43,1
DA:44,1
DA:45,1
DA:46,1
DA:47,1
DA:48,1
DA:49,1
DA:50,1
DA:51,1
DA:53,1
DA:54,1
DA:55,1
DA:56,1
DA:57,1
DA:58,1
LF:41
LH:39
BRDA:22,0,0,27
BRDA:23,1,0,12
BRDA:25,2,0,15
BRDA:25,3,0,0
BRF:4
BRH:3
end_of_record
TN:
SF:src/components/AskAssistantLoadingMessage/AssistantLoadingMessage.vue
FN:2,get
FNF:1
FNH:1
FNDA:4,get
DA:1,1
DA:2,4
DA:16,1
DA:17,1
DA:18,1
DA:19,1
DA:20,1
DA:21,1
DA:22,1
DA:23,1
DA:24,1
DA:25,1
LF:12
LH:12
BRDA:2,0,0,4
BRDA:22,1,0,0
BRF:2
BRH:1
end_of_record
TN:
SF:src/components/AskAssistantText/AssistantText.vue
FNF:0
FNH:0
DA:1,1
DA:9,1
LF:2
LH:2
BRF:0
BRH:0
end_of_record
TN:
SF:src/components/BetaTag/BetaTag.vue
FN:2,get
FNF:1
FNH:1
FNDA:1,get
DA:1,1
DA:2,1
DA:4,1
DA:8,1
LF:4
LH:4
BRDA:2,0,0,1
BRF:1
BRH:1
end_of_record
TN:
SF:src/components/BlinkingCursor/BlinkingCursor.vue
FNF:0
FNH:0
DA:2,1
LF:1
LH:1
BRF:0
BRH:0
end_of_record
TN:
SF:src/components/CanvasThinkingPill/CanvasThinkingPill.vue
FN:2,get
FN:37,$props.showStop.onClick._cache.<computed>._cache.<computed>
FNF:2
FNH:1
FNDA:6,get
FNDA:0,$props.showStop.onClick._cache.<computed>._cache.<computed>
DA:1,1
DA:2,6
DA:4,1
DA:5,1
DA:6,1
DA:16,1
DA:20,1
DA:21,1
DA:25,1
DA:26,1
DA:27,1
DA:28,1
DA:29,1
DA:30,1
DA:31,1
DA:32,1
DA:33,0
DA:34,0
DA:35,0
DA:36,0
DA:37,0
DA:38,1
DA:39,1
DA:40,1
LF:24
LH:19
BRDA:2,0,0,6
BRDA:32,1,0,0
BRF:2
BRH:1
end_of_record
TN:
SF:src/components/CodeDiff/CodeDiff.vue
FN:2,get
FN:121,$props.error.onClick._cache.<computed>._cache.<computed>
FN:138,$props.error.onClick._cache.<computed>._cache.<computed>
FNF:3
FNH:1
FNDA:266,get
FNDA:0,$props.error.onClick._cache.<computed>._cache.<computed>
FNDA:0,$props.error.onClick._cache.<computed>._cache.<computed>
DA:1,1
DA:2,266
DA:3,1
DA:5,1
DA:7,1
DA:8,1
DA:10,1
DA:28,1
DA:37,1
DA:42,1
DA:44,1
DA:45,6
DA:47,6
DA:49,6
DA:50,7
DA:51,58
DA:52,58
DA:53,23
DA:54,58
DA:55,18
DA:56,18
DA:58,58
DA:59,58
DA:60,58
DA:61,58
DA:62,7
DA:64,7
DA:65,1
DA:66,1
DA:67,1
DA:68,1
DA:69,1
DA:70,7
DA:71,6
DA:73,6
DA:75,6
DA:76,1
DA:77,1
DA:78,1
DA:79,1
DA:80,1
DA:81,1
DA:82,1
DA:84,6
DA:85,1
DA:89,1
DA:90,1
DA:91,1
DA:92,1
DA:93,1
DA:94,1
DA:95,1
DA:96,1
DA:97,1
DA:98,1
DA:99,1
DA:100,1
DA:101,1
DA:102,37
DA:103,19
DA:104,1
DA:105,1
DA:106,1
DA:107,1
DA:108,1
DA:109,1
DA:110,1
DA:111,1
DA:112,1
DA:113,1
DA:114,1
DA:115,1
DA:116,1
DA:117,1
DA:118,1
DA:119,1
DA:120,1
DA:121,1
DA:123,1
DA:124,1
DA:125,1
DA:126,1
DA:127,1
DA:128,1
DA:129,1
DA:130,1
DA:132,1
DA:133,1
DA:134,1
DA:135,1
DA:136,1
DA:137,1
DA:138,1
DA:139,1
DA:140,1
DA:141,1
DA:142,1
LF:97
LH:97
BRDA:2,0,0,266
BRDA:44,1,0,6
BRDA:47,2,0,0
BRDA:75,3,0,1
BRDA:49,4,0,7
BRDA:64,5,0,1
BRDA:50,6,0,58
BRDA:52,7,0,23
BRDA:52,8,0,23
BRDA:54,9,0,35
BRDA:54,10,0,18
BRDA:54,11,0,18
BRDA:111,12,0,1
BRDA:115,13,0,1
BRDA:132,14,0,1
BRDA:132,15,0,3
BRDA:98,16,0,17
BRDA:98,17,0,43
BRDA:98,18,0,23
BRDA:98,19,0,20
BRDA:101,20,0,23
BRDA:101,21,0,37
BRDA:102,22,0,18
BRDA:102,23,0,19
BRF:24
BRH:23
end_of_record
TN:
SF:src/components/ConditionalRouterLink/CondtionalRouterLink.vue
FNF:0
FNH:0
DA:1,18
DA:7,1
DA:9,1
DA:16,1
DA:26,1
DA:30,1
DA:31,1
DA:32,1
DA:33,1
DA:34,1
DA:35,1
DA:36,1
DA:37,1
DA:38,1
LF:14
LH:14
BRDA:1,0,0,18
BRDA:34,1,0,1
BRDA:32,2,0,27
BRF:3
BRH:3
end_of_record
TN:
SF:src/components/ConditionalRouterLink/index.ts
FNF:0
FNH:0
DA:1,1
DA:3,1
LF:2
LH:2
BRF:0
BRH:0
end_of_record
TN:
SF:src/components/InlineAskAssistantButton/InlineAskAssistantButton.vue
FN:2,get
FN:39,onClick
FNF:2
FNH:1
FNDA:8,get
FNDA:0,onClick
DA:1,1
DA:2,8
DA:4,1
DA:5,1
DA:6,1
DA:8,1
DA:16,1
DA:22,1
DA:26,1
DA:27,1
DA:28,1
DA:29,1
DA:30,1
DA:31,1
DA:32,1
DA:33,1
DA:34,1
DA:35,1
DA:37,1
DA:39,1
DA:40,0
DA:41,0
DA:42,0
DA:43,0
DA:48,1
DA:49,1
DA:50,1
DA:51,1
DA:52,1
DA:53,1
DA:54,1
DA:56,1
DA:57,1
DA:58,1
DA:59,1
DA:60,1
DA:61,1
DA:62,1
DA:63,1
LF:39
LH:35
BRDA:2,0,0,8
BRDA:37,1,0,2
BRDA:37,2,0,0
BRDA:52,3,0,0
BRDA:58,4,0,0
BRDA:59,5,0,0
BRF:6
BRH:2
end_of_record
TN:
SF:src/components/N8nActionBox/ActionBox.vue
FN:2,get
FN:41,$props.description.onClick._cache.<computed>._cache.<computed>
FN:59,$props.buttonText.onClick._cache.<computed>._cache.<computed>
FNF:3
FNH:1
FNDA:4,get
FNDA:0,$props.description.onClick._cache.<computed>._cache.<computed>
FNDA:0,$props.buttonText.onClick._cache.<computed>._cache.<computed>
DA:1,0
DA:2,4
DA:5,1
DA:6,1
DA:7,1
DA:9,1
DA:32,1
DA:33,1
DA:34,1
DA:35,1
DA:36,1
DA:37,1
DA:38,1
DA:39,1
DA:40,1
DA:41,1
DA:42,1
DA:43,1
DA:44,1
DA:45,1
DA:46,1
DA:47,1
DA:48,1
DA:49,1
DA:50,1
DA:52,1
DA:53,1
DA:54,1
DA:55,1
DA:56,1
DA:57,1
DA:58,1
DA:59,1
DA:60,1
DA:61,1
DA:62,1
DA:63,1
DA:64,1
DA:65,1
DA:66,1
DA:68,1
DA:69,1
DA:70,1
DA:71,1
DA:72,1
LF:45
LH:44
BRDA:2,0,0,4
BRDA:34,1,0,0
BRDA:36,2,0,0
BRDA:1,3,0,0
BRDA:1,4,0,0
BRDA:50,5,0,3
BRDA:59,6,0,0
BRF:7
BRH:2
end_of_record
TN:
SF:src/components/N8nActionBox/index.ts
FNF:0
FNH:0
DA:1,1
DA:3,1
LF:2
LH:2
BRF:0
BRH:0
end_of_record
TN:
SF:src/components/N8nActionDropdown/ActionDropdown.vue
FN:8,get
FN:48,getItemClasses
FN:73,onSelect
FN:74,onVisibleChange
FN:76,onButtonBlur
FN:83,open
FN:84,close
FNF:7
FNH:1
FNDA:6,get
FNDA:0,getItemClasses
FNDA:0,onSelect
FNDA:0,onVisibleChange
FNDA:0,onButtonBlur
FNDA:0,open
FNDA:0,close
DA:1,1
DA:8,6
DA:9,1
DA:13,1
DA:14,1
DA:16,1
DA:17,1
DA:19,1
DA:33,1
DA:44,1
DA:45,1
DA:47,1
DA:48,1
DA:49,0
DA:50,0
DA:51,0
DA:52,0
DA:53,0
DA:54,0
DA:55,0
DA:57,1
DA:67,1
DA:69,1
DA:70,1
DA:71,1
DA:73,1
DA:74,1
DA:76,1
DA:78,0
DA:79,0
DA:80,0
DA:81,0
DA:83,1
DA:84,1
DA:85,1
DA:89,1
DA:90,1
DA:91,1
DA:92,1
DA:93,1
DA:94,1
DA:95,1
DA:96,1
DA:97,1
DA:98,1
DA:100,1
DA:101,1
DA:103,1
DA:104,1
DA:105,1
DA:106,1
DA:107,1
DA:108,1
DA:109,1
DA:111,1
DA:112,1
DA:113,1
DA:114,1
DA:115,1
DA:116,1
DA:117,1
DA:118,1
DA:119,1
DA:121,1
DA:122,1
DA:123,1
DA:124,1
DA:125,1
DA:126,1
DA:127,1
DA:128,1
DA:129,1
DA:130,1
DA:131,1
DA:132,1
DA:133,1
DA:134,1
DA:135,1
DA:136,1
DA:137,1
DA:138,1
DA:139,1
DA:141,1
DA:142,1
DA:143,1
DA:144,1
DA:146,1
DA:147,1
LF:88
LH:77
BRDA:8,0,0,6
BRDA:70,1,0,2
BRDA:70,2,0,0
BRF:3
BRH:2
end_of_record
TN:
SF:src/components/N8nActionDropdown/index.ts
FNF:0
FNH:0
DA:1,1
DA:2,1
LF:2
LH:2
BRF:0
BRH:0
end_of_record
TN:
SF:src/components/N8nActionToggle/ActionToggle.vue
FN:2,get
FN:53,onCommand
FN:54,onVisibleChange
FN:55,openActionToggle
FN:63,onActionMouseUp
FN:117,onMouseup
FNF:6
FNH:1
FNDA:212,get
FNDA:0,onCommand
FNDA:0,onVisibleChange
FNDA:0,openActionToggle
FNDA:0,onActionMouseUp
FNDA:0,onMouseup
DA:1,98
DA:2,212
DA:3,1
DA:8,1
DA:9,1
DA:11,1
DA:12,1
DA:45,1
DA:47,1
DA:53,1
DA:54,1
DA:55,1
DA:56,0
DA:57,0
DA:58,0
DA:59,0
DA:60,0
DA:61,0
DA:63,1
DA:64,0
DA:65,0
DA:66,0
DA:68,1
DA:69,1
DA:70,1
DA:74,1
DA:75,1
DA:76,1
DA:77,1
DA:79,1
DA:80,1
DA:81,1
DA:82,1
DA:83,1
DA:84,1
DA:85,1
DA:86,1
DA:87,1
DA:89,1
DA:90,1
DA:91,1
DA:92,1
DA:93,1
DA:94,1
DA:95,1
DA:96,1
DA:98,1
DA:99,1
DA:100,1
DA:101,1
DA:102,1
DA:104,1
DA:105,1
DA:106,1
DA:108,1
DA:109,1
DA:110,1
DA:111,1
DA:112,1
DA:113,1
DA:114,1
DA:115,1
DA:116,1
DA:117,1
DA:119,1
DA:120,1
DA:121,1
DA:122,1
DA:123,4
DA:124,4
DA:125,4
DA:126,1
DA:127,1
DA:128,1
DA:129,1
DA:131,1
DA:132,1
LF:77
LH:68
BRDA:2,0,0,212
BRDA:1,1,0,98
BRDA:122,2,0,4
BRDA:125,3,0,32
BRF:4
BRH:4
end_of_record
TN:
SF:src/components/N8nActionToggle/index.ts
FNF:0
FNH:0
DA:1,1
DA:3,1
LF:2
LH:2
BRF:0
BRH:0
end_of_record
TN:
SF:src/components/N8nAlert/Alert.vue
FN:2,get
FNF:1
FNH:1
FNDA:34,get
DA:1,1
DA:2,34
DA:4,1
DA:16,1
DA:23,1
DA:24,1
DA:25,1
DA:26,0
DA:27,1
DA:28,0
DA:29,1
DA:30,0
DA:31,1
DA:32,1
DA:33,1
DA:34,1
DA:36,1
DA:37,1
DA:38,2
DA:39,2
DA:40,2
DA:41,2
DA:42,2
DA:43,2
DA:44,2
DA:45,2
DA:46,0
DA:47,0
DA:48,2
DA:49,2
DA:50,2
DA:51,2
DA:52,1
DA:56,1
DA:57,1
DA:58,1
DA:59,1
DA:60,1
DA:61,1
DA:62,1
DA:63,1
DA:64,1
DA:65,1
DA:66,1
DA:67,1
DA:68,1
DA:70,1
DA:71,1
DA:72,1
DA:73,1
DA:74,1
DA:75,1
DA:76,1
DA:77,1
LF:54
LH:49
BRDA:2,0,0,34
BRDA:23,1,0,1
BRDA:25,2,0,0
BRDA:27,3,0,0
BRDA:29,4,0,0
BRDA:37,5,0,2
BRDA:45,6,0,0
BRDA:58,7,0,1
BRDA:59,8,0,1
BRDA:59,9,0,1
BRDA:59,10,0,0
BRDA:1,11,0,0
BRDA:63,12,0,1
BRDA:1,13,0,0
BRDA:67,14,0,1
BRDA:68,15,0,1
BRDA:1,16,0,0
BRDA:1,17,0,1
BRDA:64,18,0,1
BRDA:70,19,0,1
BRF:20
BRH:12
end_of_record
TN:
SF:src/components/N8nAlert/index.ts
FNF:0
FNH:0
DA:1,1
LF:1
LH:1
BRF:0
BRH:0
end_of_record
TN:
SF:src/components/N8nAvatar/Avatar.vue
FN:2,get
FN:31,getColors
FN:42,getSize
FNF:3
FNH:3
FNDA:210,get
FNDA:51,getColors
FNDA:51,getSize
DA:1,1
DA:2,210
DA:3,1
DA:5,1
DA:15,1
DA:28,1
DA:29,1
DA:31,1
DA:32,51
DA:33,51
DA:34,51
DA:36,1
DA:37,1
DA:38,1
DA:39,1
DA:40,1
DA:41,1
DA:42,1
DA:46,1
DA:47,1
DA:48,1
DA:49,51
DA:50,51
DA:51,51
DA:52,51
DA:53,1
DA:54,1
DA:55,1
DA:56,51
DA:57,1
DA:58,1
LF:31
LH:31
BRDA:2,0,0,210
BRDA:28,1,0,70
BRDA:29,2,0,51
BRDA:31,3,0,51
BRDA:33,4,0,255
BRDA:42,5,0,51
BRDA:48,6,0,51
BRDA:55,7,0,20
BRDA:55,8,0,51
BRDA:56,9,0,19
BRF:10
BRH:10
end_of_record
TN:
SF:src/components/N8nAvatar/index.ts
FNF:0
FNH:0
DA:1,1
DA:3,1
LF:2
LH:2
BRF:0
BRH:0
end_of_record
TN:
SF:src/components/N8nBadge/Badge.vue
FN:4,get
FNF:1
FNH:1
FNDA:66,get
DA:1,1
DA:4,66
DA:23,1
DA:24,1
DA:25,1
DA:26,1
DA:27,1
LF:7
LH:7
BRDA:4,0,0,66
BRDA:25,1,0,4
BRF:2
BRH:2
end_of_record
TN:
SF:src/components/N8nBadge/index.ts
FNF:0
FNH:0
DA:1,1
DA:3,1
LF:2
LH:2
BRF:0
BRH:0
end_of_record
TN:
SF:src/components/N8nBlockUi/BlockUi.vue
FNF:0
FNH:0
DA:1,1
DA:12,1
DA:13,1
DA:14,1
DA:15,1
DA:16,1
DA:17,1
DA:18,1
DA:19,1
LF:9
LH:9
BRF:0
BRH:0
end_of_record
TN:
SF:src/components/N8nBlockUi/index.ts
FNF:0
FNH:0
DA:1,1
DA:3,1
LF:2
LH:2
BRF:0
BRH:0
end_of_record
TN:
SF:src/components/N8nBreadcrumbs/Breadcrumbs.vue
FN:2,get
FN:81,getHiddenItems
FN:114,onHiddenMenuVisibleChange
FN:123,emitItemSelected
FN:131,emitItemHover
FN:139,onHiddenItemMouseUp
FN:147,onItemMouseUp
FN:154,handleTooltipShow
FN:159,handleTooltipClose
FN:246,onMouseenter
FN:247,onMouseup
FNF:11
FNH:8
FNDA:348,get
FNDA:4,getHiddenItems
FNDA:5,onHiddenMenuVisibleChange
FNDA:2,emitItemSelected
FNDA:1,emitItemHover
FNDA:0,onHiddenItemMouseUp
FNDA:1,onItemMouseUp
FNDA:0,handleTooltipShow
FNDA:0,handleTooltipClose
FNDA:1,onMouseenter
FNDA:1,onMouseup
DA:1,5
DA:2,348
DA:6,1
DA:7,1
DA:8,1
DA:9,1
DA:10,1
DA:34,1
DA:43,1
DA:55,1
DA:56,1
DA:57,1
DA:59,1
DA:60,10
DA:61,9
DA:62,1
DA:63,1
DA:65,1
DA:66,10
DA:67,1
DA:69,1
DA:70,5
DA:71,1
DA:73,1
DA:74,9
DA:75,9
DA:76,9
DA:77,9
DA:78,9
DA:79,1
DA:81,1
DA:83,4
DA:84,0
DA:85,0
DA:88,4
DA:89,3
DA:90,3
DA:91,3
DA:93,1
DA:94,1
DA:96,1
DA:97,1
DA:98,1
DA:99,4
DA:100,0
DA:101,0
DA:102,4
DA:103,1
DA:104,1
DA:105,4
DA:107,1
DA:108,1
DA:109,1
DA:110,0
DA:111,0
DA:112,1
DA:114,1
DA:115,5
DA:116,4
DA:117,4
DA:118,5
DA:119,1
DA:120,1
DA:121,5
DA:123,1
DA:124,2
DA:125,2
DA:126,0
DA:127,0
DA:128,2
DA:129,2
DA:131,1
DA:132,1
DA:133,1
DA:134,0
DA:135,0
DA:136,1
DA:137,1
DA:139,1
DA:140,0
DA:141,0
DA:142,0
DA:143,0
DA:144,0
DA:145,0
DA:147,1
DA:148,1
DA:149,1
DA:150,1
DA:151,0
DA:152,1
DA:154,1
DA:155,0
DA:156,0
DA:157,0
DA:159,1
DA:160,0
DA:161,0
DA:164,1
DA:165,1
DA:172,1
DA:173,1
DA:174,1
DA:175,1
DA:176,1
DA:177,1
DA:178,1
DA:179,1
DA:180,1
DA:182,1
DA:183,1
DA:184,1
DA:185,1
DA:186,1
DA:187,1
DA:188,1
DA:189,1
DA:190,1
DA:191,1
DA:192,1
DA:193,1
DA:194,1
DA:195,1
DA:196,1
DA:197,1
DA:198,1
DA:199,1
DA:201,1
DA:202,1
DA:203,1
DA:204,1
DA:205,1
DA:207,1
DA:208,1
DA:209,1
DA:210,1
DA:211,1
DA:212,1
DA:214,1
DA:215,1
DA:216,1
DA:217,1
DA:218,1
DA:219,1
DA:220,1
DA:221,1
DA:222,1
DA:223,1
DA:224,1
DA:225,1
DA:226,1
DA:227,1
DA:228,1
DA:230,1
DA:231,1
DA:232,1
DA:233,1
DA:234,1
DA:235,1
DA:236,1
DA:241,1
DA:242,1
DA:243,1
DA:244,1
DA:245,1
DA:246,1
DA:247,1
DA:249,1
DA:250,1
DA:251,1
DA:252,1
DA:253,45
DA:254,1
DA:255,1
DA:256,1
DA:257,1
DA:258,1
LF:177
LH:155
BRDA:2,0,0,348
BRDA:59,1,0,10
BRDA:60,2,0,9
BRDA:61,3,0,1
BRDA:65,4,0,10
BRDA:66,5,0,6
BRDA:69,6,0,5
BRDA:70,7,0,1
BRDA:73,8,0,9
BRDA:74,9,0,9
BRDA:81,10,0,4
BRDA:83,11,0,0
BRDA:83,12,0,0
BRDA:88,13,0,3
BRDA:91,14,0,1
BRDA:99,15,0,0
BRDA:102,16,0,1
BRDA:108,17,0,10
BRDA:114,18,0,5
BRDA:115,19,0,4
BRDA:118,20,0,1
BRDA:123,21,0,2
BRDA:125,22,0,0
BRDA:124,23,0,6
BRDA:131,24,0,1
BRDA:133,25,0,0
BRDA:132,26,0,1
BRDA:147,27,0,1
BRDA:150,28,0,0
BRDA:174,29,0,1
BRDA:174,30,0,1
BRDA:175,31,0,14
BRDA:190,32,0,0
BRDA:1,33,0,5
BRDA:233,34,0,10
BRDA:233,35,0,5
BRDA:201,36,0,2
BRDA:201,37,0,1
BRDA:252,38,0,45
BRDA:253,39,0,15
BRDA:244,40,0,1
BRDA:246,41,0,1
BRDA:247,42,0,1
BRDA:249,43,0,45
BRDA:250,44,0,15
BRF:45
BRH:38
end_of_record
TN:
SF:src/components/N8nBreadcrumbs/index.ts
FNF:0
FNH:0
DA:1,1
DA:2,1
LF:2
LH:2
BRF:0
BRH:0
end_of_record
TN:
SF:src/components/N8nButton/Button.vue
FN:2,get
FNF:1
FNH:1
FNDA:31,get
DA:1,7
DA:2,31
DA:7,1
DA:8,1
DA:10,1
DA:11,1
DA:14,1
DA:28,1
DA:29,7
DA:30,0
DA:31,0
DA:32,1
DA:34,1
DA:35,1
DA:36,1
DA:38,1
DA:39,1
DA:40,2
DA:41,1
DA:43,1
DA:44,7
DA:45,7
DA:46,7
DA:47,7
DA:48,7
DA:49,7
DA:50,7
DA:51,7
DA:52,7
DA:53,7
DA:54,7
DA:55,7
DA:57,1
DA:61,1
DA:62,1
DA:63,1
DA:64,1
DA:65,1
DA:66,1
DA:67,1
DA:68,1
DA:69,1
DA:74,1
DA:75,1
DA:76,1
DA:77,1
DA:78,1
DA:79,1
DA:80,1
LF:49
LH:47
BRDA:2,0,0,31
BRDA:28,1,0,7
BRDA:29,2,0,0
BRDA:29,3,0,0
BRDA:34,4,0,7
BRDA:34,5,0,1
BRDA:34,6,0,6
BRDA:35,7,0,7
BRDA:35,8,0,0
BRDA:36,9,0,7
BRDA:39,10,0,2
BRDA:40,11,0,0
BRDA:43,12,0,7
BRDA:46,13,0,0
BRDA:47,14,0,0
BRDA:48,15,0,1
BRDA:48,16,0,6
BRDA:49,17,0,0
BRDA:50,18,0,0
BRDA:51,19,0,0
BRDA:52,20,0,0
BRDA:53,21,0,0
BRDA:54,22,0,6
BRDA:54,23,0,2
BRDA:54,24,0,5
BRDA:55,25,0,3
BRDA:55,26,0,4
BRDA:75,27,0,1
BRDA:75,28,0,1
BRDA:76,29,0,0
BRDA:1,30,0,7
BRDA:78,31,0,2
BRDA:78,32,0,7
BRDA:78,33,0,0
BRF:34
BRH:21
end_of_record
TN:
SF:src/components/N8nButton/index.ts
FNF:0
FNH:0
DA:1,1
DA:3,1
LF:2
LH:2
BRF:0
BRH:0
end_of_record
TN:
SF:src/components/N8nCallout/Callout.vue
FN:2,get
FNF:1
FNH:1
FNDA:252,get
DA:1,1
DA:2,252
DA:6,1
DA:8,1
DA:10,1
DA:11,1
DA:12,1
DA:13,1
DA:14,1
DA:15,1
DA:28,1
DA:33,1
DA:34,1
DA:35,36
DA:36,36
DA:37,36
DA:38,36
DA:39,36
DA:40,36
DA:41,1
DA:43,1
DA:44,1
DA:45,1
DA:47,1
DA:48,35
DA:49,35
DA:50,35
DA:51,0
DA:52,0
DA:53,0
DA:54,0
DA:55,1
DA:59,1
DA:60,1
DA:61,1
DA:62,1
DA:63,1
DA:64,1
DA:65,1
DA:66,1
DA:68,1
DA:69,1
DA:71,1
DA:72,1
LF:44
LH:40
BRDA:2,0,0,252
BRDA:34,1,0,36
BRDA:38,2,0,2
BRDA:38,3,0,34
BRDA:39,4,0,34
BRDA:39,5,0,2
BRDA:40,6,0,2
BRDA:40,7,0,34
BRDA:44,8,0,35
BRDA:44,9,0,31
BRDA:44,10,0,3
BRDA:47,11,0,35
BRDA:50,12,0,0
BRDA:1,13,0,1
BRF:14
BRH:13
end_of_record
TN:
SF:src/components/N8nCallout/index.ts
FNF:0
FNH:0
DA:1,1
DA:3,1
LF:2
LH:2
BRF:0
BRH:0
end_of_record
TN:
SF:src/components/N8nCard/Card.vue
FN:2,get
FNF:1
FNH:1
FNDA:16,get
DA:1,1
DA:2,16
DA:9,1
DA:13,1
DA:14,1
DA:15,2
DA:16,2
DA:17,2
DA:18,1
DA:22,1
DA:23,1
DA:24,1
DA:25,1
DA:26,1
DA:27,1
DA:28,1
DA:29,1
DA:30,1
DA:31,1
DA:32,1
DA:33,1
DA:34,1
DA:35,1
DA:36,1
DA:37,1
DA:38,1
DA:39,1
DA:40,1
DA:42,1
DA:43,1
DA:44,1
LF:31
LH:31
BRDA:2,0,0,16
BRDA:14,1,0,2
BRDA:1,2,0,1
BRDA:1,3,0,0
BRDA:1,4,0,1
BRF:5
BRH:4
end_of_record
TN:
SF:src/components/N8nCard/index.ts
FNF:0
FNH:0
DA:1,1
DA:3,1
LF:2
LH:2
BRF:0
BRH:0
end_of_record
TN:
SF:src/components/N8nCheckbox/Checkbox.vue
FN:2,get
FN:31,onUpdateModelValue
FN:34,onLabelClick
FNF:3
FNH:1
FNDA:4,get
FNDA:0,onUpdateModelValue
FNDA:0,onLabelClick
DA:1,1
DA:2,4
DA:4,1
DA:6,1
DA:8,1
DA:27,1
DA:31,1
DA:33,1
DA:34,1
DA:35,0
DA:36,0
DA:37,0
DA:41,1
DA:42,1
DA:43,1
DA:44,1
DA:45,1
DA:46,1
DA:47,1
DA:48,1
DA:50,1
DA:51,1
DA:52,1
DA:53,2
DA:54,2
DA:55,2
DA:56,2
DA:57,2
DA:58,1
DA:59,1
LF:30
LH:27
BRDA:2,0,0,4
BRDA:52,1,0,2
BRDA:57,2,0,2
BRF:3
BRH:3
end_of_record
TN:
SF:src/components/N8nCheckbox/index.ts
FNF:0
FNH:0
DA:1,1
DA:3,1
LF:2
LH:2
BRF:0
BRH:0
end_of_record
TN:
SF:src/components/N8nCircleLoader/CircleLoader.vue
FN:2,get
FNF:1
FNH:1
FNDA:2,get
DA:1,1
DA:2,2
DA:3,1
DA:15,1
DA:16,1
DA:18,1
DA:19,1
DA:20,1
DA:22,1
DA:23,1
DA:24,1
DA:25,1
DA:26,1
DA:27,1
DA:31,1
DA:32,1
DA:33,1
DA:34,1
DA:35,1
DA:36,1
DA:37,1
DA:38,1
DA:39,1
DA:40,1
DA:41,1
DA:42,1
DA:43,1
DA:44,1
DA:45,1
DA:46,1
DA:47,1
DA:48,1
DA:49,1
DA:50,1
LF:34
LH:34
BRDA:2,0,0,2
BRDA:15,1,0,1
BRDA:16,2,0,1
BRDA:19,3,0,1
BRDA:22,4,0,1
BRDA:23,5,0,1
BRDA:24,6,0,1
BRF:7
BRH:7
end_of_record
TN:
SF:src/components/N8nCircleLoader/index.ts
FNF:0
FNH:0
DA:1,1
DA:3,1
LF:2
LH:2
BRF:0
BRH:0
end_of_record
TN:
SF:src/components/N8nColorPicker/ColorPicker.vue
FN:2,get
FN:45,onChange
FN:49,onInput
FN:53,onActiveChange
FN:57,onColorSelect
FNF:5
FNH:1
FNDA:3,get
FNDA:0,onChange
FNDA:0,onInput
FNDA:0,onActiveChange
FNDA:0,onColorSelect
DA:1,1
DA:2,3
DA:3,1
DA:5,1
DA:6,1
DA:21,1
DA:33,1
DA:34,1
DA:35,2
DA:36,2
DA:37,1
DA:39,1
DA:45,1
DA:46,0
DA:47,0
DA:49,1
DA:50,0
DA:51,0
DA:53,1
DA:54,0
DA:55,0
DA:57,1
DA:58,0
DA:59,0
DA:63,1
DA:64,1
DA:65,1
DA:66,1
DA:67,1
DA:68,1
DA:69,1
DA:70,1
DA:71,1
DA:72,1
DA:73,1
DA:74,1
DA:75,1
DA:76,1
DA:77,1
DA:78,1
DA:79,1
DA:80,1
DA:81,1
DA:82,1
LF:44
LH:36
BRDA:2,0,0,3
BRDA:34,1,0,2
BRDA:73,2,0,1
BRDA:80,3,0,1
BRF:4
BRH:4
end_of_record
TN:
SF:src/components/N8nColorPicker/index.ts
FNF:0
FNH:0
DA:1,1
DA:3,1
LF:2
LH:2
BRF:0
BRH:0
end_of_record
TN:
SF:src/components/N8nDataTableServer/N8nDataTableServer.vue
FN:90,deep
FN:97,itemKeySlot
FN:104,isValueAccessor
FN:108,getHeaderTitle
FN:114,isAccessorColumn
FN:126,getColumnMeta
FN:132,getValueAccessor
FN:137,header
FN:151,header
FN:164,mapHeaders
FN:176,header
FN:190,header
FN:212,get
FN:218,set
FN:228,handleSortingChange
FN:248,header
FN:262,cell
FN:283,getRowId
FN:291,handleRowSelectionChange
FN:320,handlePageSizeChange
FN:333,get rowCount
FN:337,get sorting
FN:340,get pagination
FN:343,get rowSelection
FN:349,onPaginationChange
FN:366,enableRowSelection
FN:406,onMousedown
FN:422,onTouchstart
FN:423,onDblclick
FN:488,$setup.showPagination.onUpdate:currentPage._cache.<computed>._cache.<computed>
FN:1,$setup.showPagination.onUpdate:modelValue._cache.<computed>._cache.<computed>
FNF:31
FNH:22
FNDA:1,deep
FNDA:2560,itemKeySlot
FNDA:40,isValueAccessor
FNDA:40,getHeaderTitle
FNDA:16,isAccessorColumn
FNDA:13820,getColumnMeta
FNDA:16,getValueAccessor
FNDA:8,header
FNDA:8,header
FNDA:8,mapHeaders
FNDA:16,header
FNDA:8,header
FNDA:3,get
FNDA:0,set
FNDA:4,handleSortingChange
FNDA:0,header
FNDA:0,cell
FNDA:640,getRowId
FNDA:0,handleRowSelectionChange
FNDA:2,handlePageSizeChange
FNDA:17,get rowCount
FNDA:68,get sorting
FNDA:0,get pagination
FNDA:0,get rowSelection
FNDA:4,onPaginationChange
FNDA:0,enableRowSelection
FNDA:4,onMousedown
FNDA:0,onTouchstart
FNDA:0,onDblclick
FNDA:1,$setup.showPagination.onUpdate:currentPage._cache.<computed>._cache.<computed>
FNDA:2,$setup.showPagination.onUpdate:modelValue._cache.<computed>._cache.<computed>
DA:1,2
DA:39,2
DA:40,2
DA:41,2
DA:42,2
DA:43,2
DA:45,2
DA:47,2
DA:73,2
DA:80,2
DA:87,2
DA:88,2
DA:89,2
DA:90,2
DA:91,2
DA:92,2
DA:94,2
DA:95,2
DA:97,2
DA:98,2
DA:99,2
DA:100,2
DA:101,2
DA:102,2
DA:104,2
DA:105,2
DA:106,2
DA:108,2
DA:109,2
DA:111,2
DA:112,2
DA:114,2
DA:115,2
DA:116,2
DA:117,2
DA:118,2
DA:126,2
DA:127,2
DA:128,2
DA:130,2
DA:132,2
DA:133,2
DA:134,2
DA:135,2
DA:136,2
DA:137,2
DA:138,2
DA:139,2
DA:140,2
DA:141,2
DA:142,2
DA:143,2
DA:144,2
DA:145,2
DA:146,2
DA:147,2
DA:148,2
DA:149,2
DA:150,2
DA:151,2
DA:152,2
DA:153,2
DA:154,2
DA:155,2
DA:156,2
DA:157,2
DA:158,2
DA:159,2
DA:160,2
DA:161,2
DA:162,2
DA:164,2
DA:165,2
DA:166,2
DA:167,2
DA:168,2
DA:170,2
DA:171,2
DA:173,2
DA:174,2
DA:175,2
DA:176,2
DA:177,2
DA:178,2
DA:179,2
DA:180,2
DA:181,2
DA:182,2
DA:183,2
DA:184,2
DA:185,2
DA:186,2
DA:188,2
DA:189,2
DA:190,2
DA:191,2
DA:192,2
DA:193,2
DA:194,2
DA:195,2
DA:196,2
DA:197,2
DA:198,2
DA:199,2
DA:201,2
DA:202,2
DA:203,2
DA:205,2
DA:206,2
DA:208,2
DA:209,2
DA:211,2
DA:212,2
DA:213,2
DA:214,2
DA:215,2
DA:216,2
DA:217,2
DA:218,2
DA:219,2
DA:220,2
DA:221,2
DA:222,2
DA:224,2
DA:226,2
DA:228,2
DA:229,2
DA:230,2
DA:231,2
DA:235,2
DA:236,2
DA:237,2
DA:238,2
DA:239,2
DA:240,2
DA:242,2
DA:243,2
DA:244,2
DA:245,2
DA:246,2
DA:247,2
DA:248,2
DA:249,2
DA:250,2
DA:251,2
DA:252,2
DA:253,2
DA:254,2
DA:256,2
DA:257,2
DA:258,2
DA:259,2
DA:260,2
DA:261,2
DA:262,2
DA:263,2
DA:264,2
DA:265,2
DA:266,2
DA:267,2
DA:268,2
DA:270,2
DA:271,2
DA:272,2
DA:273,2
DA:274,2
DA:275,2
DA:276,2
DA:277,2
DA:278,2
DA:279,2
DA:280,2
DA:281,2
DA:283,2
DA:284,2
DA:285,2
DA:286,2
DA:288,2
DA:289,2
DA:291,2
DA:292,2
DA:293,2
DA:294,2
DA:295,2
DA:296,2
DA:298,2
DA:299,2
DA:300,2
DA:301,2
DA:302,2
DA:303,2
DA:305,2
DA:306,2
DA:307,2
DA:308,2
DA:309,2
DA:311,2
DA:312,2
DA:313,2
DA:315,2
DA:316,2
DA:317,2
DA:318,2
DA:320,2
DA:322,2
DA:323,2
DA:325,2
DA:326,2
DA:327,2
DA:329,2
DA:330,2
DA:331,2
DA:332,2
DA:333,2
DA:334,2
DA:335,2
DA:336,2
DA:337,2
DA:338,2
DA:339,2
DA:340,2
DA:341,2
DA:342,2
DA:343,2
DA:344,2
DA:345,2
DA:346,2
DA:347,2
DA:348,2
DA:349,2
DA:350,2
DA:351,2
DA:354,2
DA:355,2
DA:356,2
DA:357,2
DA:358,2
DA:359,2
DA:360,2
DA:361,2
DA:362,2
DA:363,2
DA:364,2
DA:365,2
DA:366,2
DA:367,2
DA:368,2
DA:369,2
DA:370,2
DA:371,2
DA:372,2
DA:374,2
DA:375,2
DA:376,2
DA:378,2
DA:379,2
DA:380,2
DA:381,2
DA:385,2
DA:386,2
DA:387,2
DA:388,2
DA:389,2
DA:390,2
DA:391,2
DA:398,2
DA:399,2
DA:400,2
DA:401,2
DA:402,2
DA:406,2
DA:408,2
DA:409,2
DA:410,2
DA:411,2
DA:412,2
DA:414,2
DA:415,2
DA:416,2
DA:418,2
DA:419,2
DA:420,2
DA:421,2
DA:422,2
DA:423,2
DA:424,2
DA:425,2
DA:426,2
DA:427,2
DA:428,2
DA:429,2
DA:430,2
DA:431,2
DA:432,2
DA:433,2
DA:434,2
DA:435,2
DA:436,2
DA:437,2
DA:438,2
DA:439,2
DA:440,2
DA:441,2
DA:442,2
DA:444,2
DA:445,2
DA:446,2
DA:447,2
DA:448,2
DA:449,2
DA:451,2
DA:452,2
DA:453,2
DA:455,2
DA:456,2
DA:457,2
DA:458,2
DA:459,2
DA:460,2
DA:461,2
DA:467,2
DA:468,2
DA:469,2
DA:470,2
DA:471,2
DA:472,2
DA:473,2
DA:474,2
DA:475,2
DA:477,2
DA:478,2
DA:479,2
DA:480,2
DA:481,2
DA:482,2
DA:483,2
DA:484,2
DA:485,2
DA:486,2
DA:487,2
DA:488,2
DA:490,2
DA:491,2
DA:492,2
DA:493,2
DA:494,2
DA:495,1
DA:496,1
DA:497,1
DA:498,1
DA:500,1
DA:501,1
DA:502,1
DA:503,1
DA:504,1
LF:355
LH:355
BRDA:89,0,0,9
BRDA:90,1,0,1
BRDA:97,2,0,2560
BRDA:99,3,0,106
BRDA:100,4,0,2454
BRDA:104,5,0,40
BRDA:108,6,0,40
BRDA:109,7,0,8
BRDA:109,8,0,32
BRDA:111,9,0,0
BRDA:111,10,0,0
BRDA:114,11,0,16
BRDA:126,12,0,13820
BRDA:127,13,0,0
BRDA:132,14,0,16
BRDA:133,15,0,8
BRDA:137,16,0,8
BRDA:151,17,0,8
BRDA:164,18,0,8
BRDA:165,19,0,40
BRDA:166,20,0,16
BRDA:168,21,0,24
BRDA:170,22,0,16
BRDA:186,23,0,8
BRDA:176,24,0,16
BRDA:190,25,0,8
BRDA:201,26,0,8
BRDA:202,27,0,0
BRDA:206,28,0,2
BRDA:209,29,0,2
BRDA:212,30,0,3
BRDA:224,31,0,9
BRDA:228,32,0,4
BRDA:230,33,0,0
BRDA:283,34,0,640
BRDA:284,35,0,0
BRDA:316,36,0,3
BRDA:320,37,0,2
BRDA:333,38,0,17
BRDA:337,39,0,68
BRDA:349,40,0,4
BRDA:351,41,0,0
BRDA:444,42,0,0
BRDA:444,43,0,0
BRDA:1,44,0,1
BRDA:488,45,0,6
BRDA:1,46,0,6
BRDA:1,47,0,3
BRDA:411,48,0,0
BRDA:1,49,0,16
BRDA:423,50,0,0
BRDA:406,51,0,4
BRDA:488,52,0,1
BRDA:1,53,0,2
BRF:54
BRH:43
end_of_record
TN:
SF:src/components/N8nDataTableServer/index.ts
FNF:0
FNH:0
DA:1,1
DA:3,1
LF:2
LH:2
BRF:0
BRH:0
end_of_record
TN:
SF:src/components/N8nDatatable/Datatable.vue
FN:54,onUpdateCurrentPage
FN:58,onRowsPerPageChange
FN:72,getTdValue
FN:76,getThStyle
FNF:4
FNH:2
FNDA:0,onUpdateCurrentPage
FNDA:0,onRowsPerPageChange
FNDA:105,getTdValue
FNDA:16,getThStyle
DA:1,1
DA:2,1
DA:4,1
DA:6,1
DA:7,1
DA:8,1
DA:9,1
DA:10,1
DA:12,1
DA:23,1
DA:29,1
DA:34,1
DA:35,1
DA:37,1
DA:38,4
DA:39,1
DA:41,1
DA:42,3
DA:43,1
DA:45,1
DA:46,4
DA:48,3
DA:49,3
DA:51,3
DA:52,1
DA:54,0
DA:55,0
DA:56,0
DA:58,0
DA:59,0
DA:61,0
DA:62,0
DA:63,0
DA:64,0
DA:66,0
DA:67,0
DA:68,0
DA:69,0
DA:70,0
DA:72,105
DA:73,105
DA:74,105
DA:76,16
DA:77,16
DA:78,16
DA:79,16
DA:80,16
DA:84,1
DA:85,1
DA:86,1
DA:87,1
DA:88,1
DA:89,1
DA:90,1
DA:91,1
DA:92,1
DA:94,1
DA:95,1
DA:96,1
DA:97,1
DA:98,1
DA:99,1
DA:100,1
DA:101,1
DA:102,1
DA:103,1
DA:104,105
DA:105,1
DA:106,1
DA:107,1
DA:108,1
DA:109,1
DA:110,1
DA:112,1
DA:113,1
DA:114,1
DA:115,1
DA:116,1
DA:117,1
DA:118,1
DA:119,1
DA:120,1
DA:121,1
DA:122,1
DA:124,1
DA:125,1
DA:126,1
DA:127,1
DA:128,1
DA:129,1
DA:131,1
DA:132,1
DA:133,1
DA:134,1
DA:135,1
DA:136,1
DA:137,1
DA:138,1
DA:139,1
DA:140,1
DA:141,1
DA:142,1
LF:102
LH:88
BRDA:37,0,0,4
BRDA:41,1,0,3
BRDA:45,2,0,4
BRDA:46,3,0,1
BRDA:46,4,0,3
BRDA:72,5,0,105
BRDA:76,6,0,16
BRDA:78,7,0,0
BRDA:121,8,0,1
BRDA:103,9,0,35
BRDA:103,10,0,105
BRDA:131,11,0,4
BRF:12
BRH:11
end_of_record
TN:
SF:src/components/N8nDatatable/index.ts
FNF:0
FNH:0
DA:1,1
DA:3,1
LF:2
LH:2
BRF:0
BRH:0
end_of_record
TN:
SF:src/components/N8nExternalLink/ExternalLink.vue
FN:4,get
FNF:1
FNH:1
FNDA:11,get
DA:1,1
DA:4,11
DA:21,1
DA:22,1
DA:23,1
DA:24,1
DA:25,1
DA:26,1
DA:27,1
DA:29,1
DA:30,1
DA:31,1
LF:12
LH:12
BRDA:4,0,0,11
BRDA:22,1,0,9
BRDA:22,2,0,2
BRDA:24,3,0,9
BRDA:24,4,0,8
BRDA:24,5,0,3
BRDA:25,6,0,9
BRDA:25,7,0,8
BRDA:25,8,0,3
BRF:9
BRH:9
end_of_record
TN:
SF:src/components/N8nExternalLink/index.ts
FNF:0
FNH:0
DA:1,1
DA:3,1
LF:2
LH:2
BRF:0
BRH:0
end_of_record
TN:
SF:src/components/N8nFormBox/FormBox.vue
FN:9,get
FN:41,onUpdateModelValue
FN:42,onSubmit
FN:43,onButtonClick
FN:44,onSecondaryButtonClick
FNF:5
FNH:1
FNDA:4,get
FNDA:0,onUpdateModelValue
FNDA:0,onSubmit
FNDA:0,onButtonClick
FNDA:0,onSecondaryButtonClick
DA:1,0
DA:9,4
DA:10,1
DA:11,1
DA:12,1
DA:13,1
DA:34,1
DA:35,1
DA:41,1
DA:42,1
DA:43,1
DA:44,1
DA:48,1
DA:49,1
DA:50,1
DA:51,1
DA:52,1
DA:53,1
DA:54,1
DA:55,1
DA:56,1
DA:57,1
DA:58,1
DA:59,1
DA:60,1
DA:61,1
DA:62,1
DA:63,1
DA:64,1
DA:65,1
DA:66,1
DA:67,1
DA:68,1
DA:69,1
DA:70,1
DA:71,1
DA:72,1
DA:73,1
DA:74,1
DA:75,1
DA:76,1
DA:77,1
DA:78,1
DA:79,1
DA:80,1
DA:81,1
DA:82,1
DA:83,1
DA:84,1
LF:49
LH:48
BRDA:9,0,0,4
BRDA:1,1,0,0
BRDA:79,2,0,0
BRDA:51,3,0,1
BRF:4
BRH:2
end_of_record
TN:
SF:src/components/N8nFormBox/index.ts
FNF:0
FNH:0
DA:1,1
DA:3,1
LF:2
LH:2
BRF:0
BRH:0
end_of_record
TN:
SF:src/components/N8nFormInput/FormInput.vue
FN:2,get
FN:83,getInputValidationError
FN:123,onBlur
FN:129,onUpdateModelValue
FN:134,onFocus
FN:138,onEnter
FNF:6
FNH:5
FNDA:8,get
FNDA:143,getInputValidationError
FNDA:2,onBlur
FNDA:5,onUpdateModelValue
FNDA:2,onFocus
FNDA:0,onEnter
DA:1,1
DA:2,8
DA:3,1
DA:5,1
DA:6,1
DA:19,1
DA:20,1
DA:21,1
DA:22,1
DA:23,1
DA:24,1
DA:57,1
DA:68,1
DA:76,1
DA:77,1
DA:78,1
DA:79,1
DA:81,1
DA:83,143
DA:84,143
DA:85,143
DA:86,143
DA:87,143
DA:88,143
DA:90,143
DA:91,117
DA:92,117
DA:93,117
DA:94,117
DA:95,117
DA:96,117
DA:97,117
DA:99,140
DA:100,1
DA:101,1
DA:102,1
DA:103,1
DA:104,1
DA:105,1
DA:106,1
DA:107,1
DA:108,1
DA:109,1
DA:110,1
DA:111,1
DA:113,0
DA:114,0
DA:115,0
DA:116,0
DA:117,0
DA:118,1
DA:120,71
DA:121,143
DA:123,2
DA:124,2
DA:125,2
DA:126,2
DA:127,2
DA:129,5
DA:130,5
DA:131,5
DA:132,5
DA:134,2
DA:135,2
DA:136,2
DA:138,0
DA:139,0
DA:140,0
DA:141,0
DA:142,0
DA:144,1
DA:145,143
DA:147,143
DA:148,72
DA:149,72
DA:150,72
DA:151,72
DA:152,72
DA:153,0
DA:154,0
DA:155,0
DA:156,0
DA:157,72
DA:159,71
DA:160,1
DA:162,1
DA:163,1
DA:164,145
DA:165,74
DA:166,1
DA:168,1
DA:169,97
DA:171,97
DA:172,1
DA:174,1
DA:176,1
DA:180,1
DA:181,1
DA:182,0
DA:183,0
DA:184,0
DA:185,0
DA:186,0
DA:187,0
DA:188,0
DA:189,1
DA:190,1
DA:191,1
DA:192,1
DA:193,1
DA:194,1
DA:195,1
DA:196,1
DA:198,1
DA:199,1
DA:201,1
DA:202,1
DA:203,1
DA:204,1
DA:205,1
DA:206,1
DA:207,1
DA:208,1
DA:210,1
DA:211,1
DA:212,1
DA:213,1
DA:214,1
DA:216,1
DA:217,1
DA:218,1
DA:219,1
DA:220,1
DA:221,1
DA:222,1
DA:223,1
DA:224,1
DA:225,1
DA:226,1
DA:227,1
DA:228,1
DA:229,1
DA:230,1
DA:231,1
DA:233,1
DA:234,1
DA:235,1
DA:236,1
DA:237,1
DA:238,1
DA:239,1
DA:240,1
DA:241,1
DA:242,1
DA:244,1
DA:245,1
DA:246,1
DA:247,1
DA:248,1
DA:249,1
DA:250,1
DA:251,1
DA:252,1
DA:253,1
DA:254,1
DA:255,1
DA:256,1
DA:257,1
DA:258,1
DA:259,1
DA:260,4
DA:261,4
DA:262,4
DA:263,4
DA:264,4
DA:265,4
DA:266,4
DA:268,4
DA:269,4
DA:270,4
DA:271,1
DA:272,1
DA:273,1
DA:274,1
LF:184
LH:163
BRDA:2,0,0,8
BRDA:83,1,0,143
BRDA:84,2,0,142
BRDA:87,3,0,142
BRDA:90,4,0,117
BRDA:96,5,0,71
BRDA:97,6,0,140
BRDA:97,7,0,72
BRDA:99,8,0,1
BRDA:111,9,0,0
BRDA:118,10,0,71
BRDA:123,11,0,2
BRDA:129,12,0,5
BRDA:134,13,0,2
BRDA:144,14,0,143
BRDA:147,15,0,72
BRDA:152,16,0,0
BRDA:157,17,0,71
BRDA:163,18,0,145
BRDA:164,19,0,74
BRDA:165,20,0,71
BRDA:165,21,0,2
BRDA:165,22,0,72
BRDA:168,23,0,97
BRDA:171,24,0,0
BRDA:171,25,0,0
BRDA:174,26,0,46
BRDA:181,27,0,0
BRDA:213,28,0,118
BRDA:216,29,0,97
BRDA:259,30,0,4
BRDA:262,31,0,0
BRDA:216,32,0,6
BRF:33
BRH:27
end_of_record
TN:
SF:src/components/N8nFormInput/index.ts
FNF:0
FNH:0
DA:1,1
DA:3,1
LF:2
LH:2
BRF:0
BRH:0
end_of_record
TN:
SF:src/components/N8nFormInput/validators.ts
FN:7,validate
FN:23,validate
FN:36,validate
FN:49,validate
FN:67,validate
FN:79,validate
FN:97,validate
FN:136,getValidationError
FNF:8
FNH:8
FNDA:140,validate
FNDA:24,validate
FNDA:13,validate
FNDA:20,validate
FNDA:13,validate
FNDA:17,validate
FNDA:11,validate
FNDA:166,getValidationError
DA:3,1
DA:4,1
DA:6,1
DA:7,1
DA:8,140
DA:9,51
DA:10,51
DA:12,140
DA:13,8
DA:14,8
DA:16,81
DA:17,81
DA:18,81
DA:19,140
DA:20,1
DA:22,1
DA:23,1
DA:24,24
DA:25,8
DA:26,8
DA:27,8
DA:28,8
DA:29,8
DA:31,16
DA:32,24
DA:33,1
DA:35,1
DA:36,1
DA:37,13
DA:38,4
DA:39,4
DA:40,4
DA:41,4
DA:42,4
DA:44,9
DA:45,13
DA:46,1
DA:48,1
DA:49,1
DA:50,20
DA:51,4
DA:52,4
DA:54,20
DA:55,20
DA:56,5
DA:57,5
DA:58,5
DA:59,5
DA:60,5
DA:62,11
DA:63,20
DA:64,1
DA:66,1
DA:67,1
DA:68,13
DA:69,9
DA:70,9
DA:71,9
DA:72,9
DA:74,4
DA:75,13
DA:76,1
DA:78,1
DA:79,1
DA:80,17
DA:81,4
DA:82,4
DA:84,17
DA:85,17
DA:86,4
DA:87,4
DA:88,4
DA:89,4
DA:90,4
DA:92,9
DA:93,17
DA:94,1
DA:96,1
DA:97,1
DA:98,11
DA:99,5
DA:100,5
DA:101,5
DA:102,5
DA:103,5
DA:105,6
DA:106,11
DA:107,1
DA:109,1
DA:110,1
DA:111,1
DA:112,1
DA:113,1
DA:114,1
DA:115,1
DA:116,1
DA:117,1
DA:118,1
DA:119,1
DA:120,1
DA:121,1
DA:122,1
DA:123,1
DA:125,1
DA:126,1
DA:127,1
DA:128,1
DA:129,1
DA:130,1
DA:131,1
DA:132,1
DA:133,1
DA:134,1
DA:136,1
DA:137,166
DA:138,166
DA:139,166
DA:140,166
DA:141,166
DA:142,166
DA:143,19
DA:144,19
DA:145,33
DA:146,7
DA:148,7
DA:149,4
DA:150,4
DA:151,7
DA:153,33
DA:154,26
DA:155,26
DA:156,1
DA:157,1
DA:159,25
DA:160,25
DA:161,25
DA:162,25
DA:163,25
DA:164,25
DA:165,26
DA:166,4
DA:167,26
DA:168,6
DA:169,6
DA:170,26
DA:171,33
DA:172,166
DA:173,146
DA:174,146
DA:176,6
DA:177,6
LF:151
LH:151
BRDA:7,0,0,140
BRDA:8,1,0,61
BRDA:8,2,0,138
BRDA:8,3,0,51
BRDA:10,4,0,94
BRDA:10,5,0,89
BRDA:12,6,0,83
BRDA:12,7,0,8
BRDA:14,8,0,81
BRDA:23,9,0,24
BRDA:24,10,0,20
BRDA:24,11,0,8
BRDA:29,12,0,16
BRDA:36,13,0,13
BRDA:37,14,0,9
BRDA:37,15,0,4
BRDA:42,16,0,9
BRDA:49,17,0,20
BRDA:50,18,0,4
BRDA:52,19,0,16
BRDA:54,20,0,5
BRDA:55,21,0,5
BRDA:60,22,0,11
BRDA:67,23,0,13
BRDA:68,24,0,9
BRDA:72,25,0,4
BRDA:79,26,0,17
BRDA:80,27,0,4
BRDA:82,28,0,13
BRDA:84,29,0,4
BRDA:85,30,0,4
BRDA:90,31,0,9
BRDA:97,32,0,11
BRDA:98,33,0,5
BRDA:103,34,0,6
BRDA:136,35,0,166
BRDA:142,36,0,19
BRDA:144,37,0,33
BRDA:145,38,0,7
BRDA:148,39,0,4
BRDA:151,40,0,29
BRDA:153,41,0,26
BRDA:155,42,0,1
BRDA:157,43,0,25
BRDA:165,44,0,10
BRDA:165,45,0,4
BRDA:165,46,0,4
BRDA:167,47,0,21
BRDA:167,48,0,6
BRDA:171,49,0,5
BRDA:172,50,0,147
BRDA:172,51,0,146
BRDA:174,52,0,6
BRF:53
BRH:53
end_of_record
TN:
SF:src/components/N8nFormInputs/FormInputs.vue
FN:2,get
FN:51,onUpdateModelValue
FN:57,onValidate
FN:64,getValues
FN:70,onSubmit
FN:131,onUpdate:modelValue
FN:132,onValidate
FNF:7
FNH:4
FNDA:56,get
FNDA:0,onUpdateModelValue
FNDA:138,onValidate
FNDA:0,getValues
FNDA:1,onSubmit
FNDA:0,onUpdate:modelValue
FNDA:138,onValidate
DA:1,188
DA:2,188
DA:6,188
DA:7,188
DA:8,188
DA:9,188
DA:19,188
DA:26,188
DA:33,188
DA:34,188
DA:35,188
DA:37,188
DA:38,188
DA:39,188
DA:40,188
DA:41,188
DA:43,188
DA:44,188
DA:45,188
DA:47,188
DA:48,188
DA:49,188
DA:51,188
DA:52,188
DA:53,188
DA:54,188
DA:55,188
DA:57,188
DA:58,188
DA:59,188
DA:60,188
DA:61,188
DA:62,188
DA:64,188
DA:65,188
DA:66,188
DA:68,188
DA:70,188
DA:71,188
DA:73,188
DA:74,188
DA:75,188
DA:77,188
DA:78,188
DA:79,188
DA:80,188
DA:81,188
DA:82,188
DA:83,188
DA:84,188
DA:85,188
DA:87,188
DA:88,188
DA:90,188
DA:91,188
DA:92,188
DA:93,188
DA:94,188
DA:95,188
DA:97,188
DA:98,188
DA:99,188
DA:100,188
DA:104,188
DA:105,188
DA:106,188
DA:107,188
DA:108,188
DA:109,188
DA:110,188
DA:112,188
DA:113,188
DA:114,188
DA:115,188
DA:116,188
DA:117,188
DA:118,188
DA:120,188
DA:121,188
DA:122,188
DA:124,188
DA:125,188
DA:126,188
DA:127,188
DA:128,188
DA:129,188
DA:130,188
DA:131,188
DA:132,188
DA:133,188
DA:134,1
DA:135,1
DA:136,1
DA:138,1
LF:94
LH:94
BRDA:2,0,0,56
BRDA:37,1,0,28
BRDA:38,2,0,98
BRDA:39,3,0,2
BRDA:39,4,0,96
BRDA:43,5,0,76
BRDA:44,6,0,92
BRDA:47,7,0,23
BRDA:57,8,0,138
BRDA:70,9,0,1
BRDA:75,10,0,0
BRDA:90,11,0,28
BRDA:91,12,0,98
BRDA:92,13,0,44
BRDA:110,14,0,48
BRDA:1,15,0,188
BRDA:126,16,0,0
BRDA:120,17,0,4
BRDA:132,18,0,138
BRF:19
BRH:17
end_of_record
TN:
SF:src/components/N8nFormInputs/index.ts
FNF:0
FNH:0
DA:1,1
DA:3,1
LF:2
LH:2
BRF:0
BRH:0
end_of_record
TN:
SF:src/components/N8nHeading/Heading.vue
FN:2,get
FNF:1
FNH:1
FNDA:71,get
DA:1,1
DA:2,71
DA:4,1
DA:5,1
DA:6,1
DA:7,1
DA:8,1
DA:9,1
DA:10,1
DA:11,1
DA:12,1
DA:13,1
DA:24,1
DA:30,1
DA:31,1
DA:32,30
DA:33,30
DA:34,4
DA:35,4
DA:36,30
DA:37,7
DA:38,7
DA:40,30
DA:41,30
DA:43,30
DA:44,1
DA:48,1
DA:49,1
DA:50,1
LF:29
LH:29
BRDA:2,0,0,71
BRDA:31,1,0,30
BRDA:33,2,0,4
BRDA:36,3,0,7
BRDA:41,4,0,2
BRDA:41,5,0,28
BRDA:43,6,0,71
BRDA:49,7,0,30
BRF:8
BRH:8
end_of_record
TN:
SF:src/components/N8nHeading/index.ts
FNF:0
FNH:0
DA:1,1
DA:3,1
LF:2
LH:2
BRF:0
BRH:0
end_of_record
TN:
SF:src/components/N8nIcon/Icon.vue
FN:2,get
FNF:1
FNH:1
FNDA:13,get
DA:1,1
DA:2,13
DA:7,1
DA:21,1
DA:27,1
DA:28,1
DA:29,67
DA:30,67
DA:31,13
DA:32,13
DA:34,67
DA:35,0
DA:36,0
DA:38,67
DA:39,1
DA:41,1
DA:42,1
DA:43,1
DA:44,1
DA:45,1
DA:46,1
DA:47,1
DA:49,1
DA:50,67
DA:51,67
DA:52,60
DA:53,60
DA:55,67
DA:56,67
DA:57,67
DA:58,67
DA:59,1
DA:61,1
DA:62,67
DA:64,67
DA:65,2
DA:66,2
DA:68,67
DA:69,0
DA:70,0
DA:72,67
DA:73,1
DA:77,1
DA:78,1
DA:82,1
DA:86,67
DA:87,67
DA:88,67
DA:89,67
DA:90,67
DA:91,67
DA:92,67
DA:93,67
DA:94,1
LF:54
LH:50
BRDA:2,0,0,13
BRDA:28,1,0,67
BRDA:30,2,0,13
BRDA:34,3,0,0
BRDA:38,4,0,13
BRDA:49,5,0,67
BRDA:51,6,0,60
BRDA:52,7,0,1
BRDA:52,8,0,59
BRDA:61,9,0,67
BRDA:64,10,0,2
BRDA:68,11,0,0
BRDA:83,12,0,1
BRDA:93,13,0,1
BRF:14
BRH:12
end_of_record
TN:
SF:src/components/N8nIcon/icons.ts
FN:615,isSupportedIconName
FNF:1
FNH:0
FNDA:0,isSupportedIconName
DA:1,1
DA:2,1
DA:3,1
DA:4,1
DA:5,1
DA:6,1
DA:7,1
DA:8,1
DA:9,1
DA:10,1
DA:11,1
DA:12,1
DA:13,1
DA:14,1
DA:15,1
DA:16,1
DA:17,1
DA:18,1
DA:19,1
DA:20,1
DA:21,1
DA:22,1
DA:23,1
DA:24,1
DA:25,1
DA:26,1
DA:27,1
DA:28,1
DA:29,1
DA:31,1
DA:32,1
DA:33,1
DA:34,1
DA:35,1
DA:36,1
DA:37,1
DA:38,1
DA:39,1
DA:40,1
DA:41,1
DA:42,1
DA:43,1
DA:44,1
DA:45,1
DA:46,1
DA:47,1
DA:48,1
DA:49,1
DA:50,1
DA:51,1
DA:52,1
DA:53,1
DA:54,1
DA:55,1
DA:56,1
DA:57,1
DA:58,1
DA:59,1
DA:60,1
DA:61,1
DA:62,1
DA:63,1
DA:64,1
DA:65,1
DA:66,1
DA:67,1
DA:68,1
DA:69,1
DA:70,1
DA:71,1
DA:72,1
DA:73,1
DA:74,1
DA:75,1
DA:76,1
DA:77,1
DA:78,1
DA:79,1
DA:80,1
DA:81,1
DA:82,1
DA:83,1
DA:84,1
DA:85,1
DA:86,1
DA:87,1
DA:88,1
DA:89,1
DA:90,1
DA:91,1
DA:92,1
DA:93,1
DA:94,1
DA:95,1
DA:96,1
DA:97,1
DA:98,1
DA:99,1
DA:100,1
DA:101,1
DA:102,1
DA:103,1
DA:104,1
DA:105,1
DA:106,1
DA:107,1
DA:108,1
DA:109,1
DA:110,1
DA:111,1
DA:112,1
DA:113,1
DA:114,1
DA:115,1
DA:116,1
DA:117,1
DA:118,1
DA:119,1
DA:120,1
DA:121,1
DA:122,1
DA:123,1
DA:124,1
DA:125,1
DA:126,1
DA:127,1
DA:128,1
DA:129,1
DA:130,1
DA:131,1
DA:132,1
DA:133,1
DA:134,1
DA:135,1
DA:136,1
DA:137,1
DA:138,1
DA:139,1
DA:140,1
DA:141,1
DA:142,1
DA:143,1
DA:144,1
DA:145,1
DA:146,1
DA:147,1
DA:148,1
DA:149,1
DA:150,1
DA:151,1
DA:152,1
DA:153,1
DA:154,1
DA:155,1
DA:156,1
DA:157,1
DA:158,1
DA:159,1
DA:160,1
DA:161,1
DA:162,1
DA:163,1
DA:164,1
DA:165,1
DA:166,1
DA:167,1
DA:168,1
DA:169,1
DA:170,1
DA:171,1
DA:172,1
DA:173,1
DA:174,1
DA:175,1
DA:176,1
DA:177,1
DA:178,1
DA:179,1
DA:180,1
DA:181,1
DA:182,1
DA:183,1
DA:184,1
DA:185,1
DA:186,1
DA:187,1
DA:188,1
DA:189,1
DA:190,1
DA:191,1
DA:192,1
DA:193,1
DA:194,1
DA:195,1
DA:196,1
DA:197,1
DA:198,1
DA:199,1
DA:200,1
DA:207,1
DA:209,1
DA:210,1
DA:211,1
DA:212,1
DA:213,1
DA:214,1
DA:215,1
DA:216,1
DA:217,1
DA:218,1
DA:219,1
DA:220,1
DA:221,1
DA:222,1
DA:223,1
DA:224,1
DA:225,1
DA:226,1
DA:229,1
DA:230,1
DA:231,1
DA:232,1
DA:233,1
DA:234,1
DA:235,1
DA:236,1
DA:237,1
DA:238,1
DA:239,1
DA:240,1
DA:241,1
DA:242,1
DA:243,1
DA:244,1
DA:245,1
DA:246,1
DA:247,1
DA:248,1
DA:249,1
DA:250,1
DA:251,1
DA:252,1
DA:253,1
DA:254,1
DA:255,1
DA:256,1
DA:257,1
DA:258,1
DA:259,1
DA:260,1
DA:261,1
DA:262,1
DA:263,1
DA:264,1
DA:265,1
DA:266,1
DA:267,1
DA:268,1
DA:269,1
DA:270,1
DA:271,1
DA:272,1
DA:273,1
DA:274,1
DA:275,1
DA:276,1
DA:277,1
DA:278,1
DA:279,1
DA:280,1
DA:281,1
DA:282,1
DA:283,1
DA:284,1
DA:285,1
DA:286,1
DA:287,1
DA:288,1
DA:289,1
DA:290,1
DA:291,1
DA:292,1
DA:293,1
DA:294,1
DA:295,1
DA:296,1
DA:297,1
DA:298,1
DA:299,1
DA:300,1
DA:301,1
DA:302,1
DA:303,1
DA:304,1
DA:305,1
DA:306,1
DA:307,1
DA:308,1
DA:309,1
DA:310,1
DA:311,1
DA:312,1
DA:313,1
DA:314,1
DA:315,1
DA:316,1
DA:317,1
DA:318,1
DA:319,1
DA:320,1
DA:321,1
DA:322,1
DA:323,1
DA:324,1
DA:325,1
DA:326,1
DA:327,1
DA:328,1
DA:329,1
DA:330,1
DA:331,1
DA:332,1
DA:333,1
DA:334,1
DA:335,1
DA:336,1
DA:337,1
DA:338,1
DA:339,1
DA:340,1
DA:341,1
DA:342,1
DA:343,1
DA:344,1
DA:345,1
DA:346,1
DA:347,1
DA:348,1
DA:349,1
DA:350,1
DA:351,1
DA:352,1
DA:353,1
DA:354,1
DA:355,1
DA:356,1
DA:357,1
DA:358,1
DA:359,1
DA:360,1
DA:361,1
DA:362,1
DA:363,1
DA:364,1
DA:365,1
DA:366,1
DA:367,1
DA:368,1
DA:369,1
DA:370,1
DA:371,1
DA:372,1
DA:373,1
DA:374,1
DA:375,1
DA:376,1
DA:377,1
DA:378,1
DA:379,1
DA:380,1
DA:381,1
DA:382,1
DA:383,1
DA:384,1
DA:385,1
DA:386,1
DA:387,1
DA:388,1
DA:389,1
DA:390,1
DA:391,1
DA:392,1
DA:393,1
DA:394,1
DA:395,1
DA:396,1
DA:397,1
DA:398,1
DA:399,1
DA:400,1
DA:401,1
DA:402,1
DA:403,1
DA:404,1
DA:405,1
DA:407,1
DA:410,1
DA:411,1
DA:412,1
DA:413,1
DA:414,1
DA:415,1
DA:416,1
DA:417,1
DA:418,1
DA:419,1
DA:420,1
DA:421,1
DA:422,1
DA:423,1
DA:424,1
DA:425,1
DA:426,1
DA:427,1
DA:428,1
DA:429,1
DA:430,1
DA:431,1
DA:432,1
DA:433,1
DA:434,1
DA:435,1
DA:436,1
DA:437,1
DA:438,1
DA:439,1
DA:440,1
DA:443,1
DA:444,1
DA:445,1
DA:446,1
DA:447,1
DA:448,1
DA:449,1
DA:450,1
DA:451,1
DA:452,1
DA:453,1
DA:454,1
DA:455,1
DA:456,1
DA:457,1
DA:458,1
DA:459,1
DA:460,1
DA:461,1
DA:462,1
DA:463,1
DA:464,1
DA:465,1
DA:466,1
DA:467,1
DA:468,1
DA:469,1
DA:470,1
DA:471,1
DA:472,1
DA:473,1
DA:474,1
DA:475,1
DA:476,1
DA:477,1
DA:478,1
DA:479,1
DA:480,1
DA:481,1
DA:482,1
DA:483,1
DA:484,1
DA:485,1
DA:486,1
DA:487,1
DA:488,1
DA:489,1
DA:490,1
DA:491,1
DA:492,1
DA:493,1
DA:494,1
DA:495,1
DA:496,1
DA:497,1
DA:498,1
DA:499,1
DA:500,1
DA:501,1
DA:502,1
DA:503,1
DA:504,1
DA:505,1
DA:506,1
DA:507,1
DA:508,1
DA:509,1
DA:510,1
DA:511,1
DA:512,1
DA:513,1
DA:514,1
DA:515,1
DA:516,1
DA:517,1
DA:518,1
DA:519,1
DA:520,1
DA:521,1
DA:522,1
DA:523,1
DA:524,1
DA:525,1
DA:526,1
DA:527,1
DA:528,1
DA:529,1
DA:530,1
DA:531,1
DA:532,1
DA:533,1
DA:534,1
DA:535,1
DA:536,1
DA:537,1
DA:538,1
DA:539,1
DA:540,1
DA:541,1
DA:542,1
DA:543,1
DA:544,1
DA:545,1
DA:546,1
DA:547,1
DA:548,1
DA:549,1
DA:550,1
DA:551,1
DA:552,1
DA:553,1
DA:554,1
DA:555,1
DA:556,1
DA:557,1
DA:558,1
DA:559,1
DA:560,1
DA:561,1
DA:562,1
DA:563,1
DA:564,1
DA:565,1
DA:566,1
DA:567,1
DA:568,1
DA:569,1
DA:570,1
DA:571,1
DA:572,1
DA:573,1
DA:574,1
DA:575,1
DA:576,1
DA:577,1
DA:578,1
DA:579,1
DA:580,1
DA:581,1
DA:582,1
DA:583,1
DA:584,1
DA:585,1
DA:586,1
DA:587,1
DA:588,1
DA:589,1
DA:590,1
DA:591,1
DA:592,1
DA:593,1
DA:594,1
DA:595,1
DA:596,1
DA:597,1
DA:598,1
DA:599,1
DA:600,1
DA:601,1
DA:602,1
DA:603,1
DA:604,1
DA:605,1
DA:606,1
DA:607,1
DA:608,1
DA:609,1
DA:610,1
DA:611,1
DA:615,1
DA:617,0
DA:618,0
DA:620,0
LF:600
LH:597
BRF:0
BRH:0
end_of_record
TN:
SF:src/components/N8nIcon/index.ts
FNF:0
FNH:0
DA:1,1
DA:3,1
LF:2
LH:2
BRF:0
BRH:0
end_of_record
TN:
SF:src/components/N8nIconButton/IconButton.vue
FNF:0
FNH:0
DA:4,1
DA:19,1
LF:2
LH:2
BRF:0
BRH:0
end_of_record
TN:
SF:src/components/N8nIconButton/index.ts
FNF:0
FNH:0
DA:1,1
DA:3,1
LF:2
LH:2
BRF:0
BRH:0
end_of_record
TN:
SF:src/components/N8nIconPicker/IconPicker.vue
FN:4,get
FN:75,selectIcon
FN:80,togglePopup
FN:126,$setup.popupVisible.onUpdate:modelValue._cache.<computed>._cache.<computed>
FN:136,onClick
FN:145,onClick
FNF:6
FNH:6
FNDA:4515,get
FNDA:2,selectIcon
FNDA:3,togglePopup
FNDA:2,$setup.popupVisible.onUpdate:modelValue._cache.<computed>._cache.<computed>
FNDA:1,onClick
FNDA:1,onClick
DA:1,0
DA:4,4515
DA:5,1
DA:6,1
DA:8,1
DA:10,1
DA:11,1
DA:12,1
DA:13,1
DA:14,1
DA:15,1
DA:25,1
DA:26,1
DA:27,1
DA:28,1
DA:29,1
DA:30,1
DA:31,1
DA:32,1
DA:33,1
DA:34,1
DA:41,1
DA:43,1
DA:47,1
DA:49,1
DA:50,2
DA:51,2
DA:52,16
DA:53,3924
DA:54,3924
DA:55,3924
DA:56,3924
DA:57,3924
DA:58,2
DA:59,2
DA:60,1
DA:62,1
DA:63,1
DA:64,1
DA:65,1
DA:66,1
DA:67,1
DA:69,1
DA:71,1
DA:72,0
DA:73,1
DA:75,1
DA:76,2
DA:77,2
DA:78,2
DA:80,1
DA:81,3
DA:82,3
DA:83,3
DA:84,3
DA:85,3
DA:89,1
DA:90,1
DA:91,1
DA:92,1
DA:93,1
DA:94,1
DA:96,1
DA:97,1
DA:98,1
DA:99,1
DA:101,1
DA:102,1
DA:103,1
DA:104,1
DA:105,1
DA:106,1
DA:107,1
DA:108,1
DA:109,1
DA:110,1
DA:111,1
DA:112,1
DA:113,1
DA:114,1
DA:115,1
DA:116,1
DA:117,1
DA:118,1
DA:120,1
DA:121,1
DA:122,1
DA:123,1
DA:124,1
DA:125,1
DA:126,1
DA:127,1
DA:128,1
DA:129,1
DA:130,1
DA:131,1
DA:132,1
DA:133,1
DA:134,1
DA:135,1
DA:136,1
DA:137,1
DA:138,1
DA:139,1
DA:140,1
DA:141,1
DA:142,1
DA:143,1
DA:144,1
DA:145,1
DA:147,1
DA:148,1
DA:149,1
DA:150,1
DA:151,1
LF:115
LH:113
BRDA:4,0,0,4515
BRDA:49,1,0,2
BRDA:51,2,0,16
BRDA:52,3,0,3924
BRDA:75,4,0,2
BRDA:80,5,0,3
BRDA:126,6,0,3
BRDA:1,7,0,2
BRDA:1,8,0,3
BRDA:1,9,0,8
BRDA:99,10,0,28
BRDA:99,11,0,0
BRDA:1,12,0,0
BRDA:120,13,0,4
BRDA:126,14,0,2
BRDA:136,15,0,1
BRDA:145,16,0,1
BRF:17
BRH:15
end_of_record
TN:
SF:src/components/N8nIconPicker/constants.ts
FNF:0
FNH:0
DA:3,1
DA:4,1
DA:5,1
DA:6,1
DA:7,1
DA:8,1
DA:9,1
DA:10,1
DA:11,1
DA:12,1
DA:13,1
DA:14,1
DA:15,1
DA:16,1
DA:17,1
DA:18,1
DA:19,1
DA:20,1
DA:21,1
DA:22,1
DA:23,1
DA:24,1
DA:25,1
DA:26,1
DA:27,1
DA:28,1
DA:29,1
DA:30,1
DA:31,1
DA:32,1
DA:33,1
DA:34,1
DA:35,1
DA:36,1
DA:37,1
DA:38,1
DA:39,1
DA:40,1
DA:41,1
DA:42,1
DA:43,1
DA:44,1
DA:45,1
DA:46,1
DA:47,1
DA:48,1
DA:49,1
DA:50,1
DA:51,1
DA:52,1
DA:53,1
DA:54,1
DA:55,1
DA:56,1
DA:57,1
DA:58,1
DA:59,1
DA:60,1
DA:61,1
DA:62,1
DA:63,1
DA:64,1
DA:65,1
DA:66,1
DA:67,1
DA:68,1
DA:69,1
DA:70,1
DA:71,1
DA:72,1
DA:73,1
DA:74,1
DA:75,1
DA:76,1
DA:77,1
DA:78,1
DA:79,1
DA:80,1
DA:81,1
DA:82,1
DA:83,1
DA:84,1
DA:85,1
DA:86,1
DA:87,1
DA:88,1
DA:89,1
DA:90,1
DA:91,1
DA:92,1
DA:93,1
DA:94,1
DA:95,1
DA:96,1
DA:97,1
DA:98,1
DA:99,1
DA:100,1
DA:101,1
DA:102,1
DA:103,1
DA:104,1
DA:105,1
DA:106,1
DA:107,1
DA:108,1
DA:109,1
DA:110,1
DA:111,1
DA:112,1
DA:113,1
DA:114,1
DA:115,1
DA:116,1
DA:117,1
DA:118,1
DA:119,1
DA:120,1
DA:121,1
DA:122,1
DA:123,1
DA:124,1
DA:125,1
DA:126,1
DA:127,1
DA:128,1
DA:129,1
DA:130,1
DA:131,1
DA:132,1
DA:133,1
DA:134,1
DA:135,1
DA:136,1
DA:137,1
DA:138,1
DA:139,1
DA:140,1
DA:141,1
DA:142,1
DA:143,1
DA:144,1
DA:145,1
DA:146,1
DA:147,1
DA:148,1
DA:149,1
DA:150,1
DA:151,1
DA:152,1
DA:153,1
DA:154,1
DA:155,1
DA:156,1
DA:157,1
DA:158,1
DA:159,1
DA:160,1
DA:161,1
DA:162,1
DA:163,1
DA:164,1
DA:165,1
DA:166,1
DA:167,1
DA:168,1
DA:169,1
DA:170,1
DA:171,1
DA:172,1
DA:173,1
DA:174,1
DA:175,1
DA:176,1
DA:177,1
DA:178,1
DA:179,1
DA:180,1
DA:181,1
DA:182,1
DA:183,1
DA:184,1
LF:182
LH:182
BRF:0
BRH:0
end_of_record
TN:
SF:src/components/N8nIconPicker/index.ts
FNF:0
FNH:0
DA:1,1
DA:2,1
LF:2
LH:2
BRF:0
BRH:0
end_of_record
TN:
SF:src/components/N8nInfoAccordion/InfoAccordion.vue
FN:2,get
FN:48,toggle
FN:52,onClick
FN:54,onTooltipClick
FN:76,onClick
FNF:5
FNH:3
FNDA:144,get
FNDA:2,toggle
FNDA:1,onClick
FNDA:0,onTooltipClick
FNDA:0,onClick
DA:1,17
DA:2,144
DA:3,1
DA:7,1
DA:9,1
DA:10,1
DA:30,1
DA:35,1
DA:40,1
DA:41,1
DA:42,16
DA:43,1
DA:44,16
DA:45,16
DA:46,1
DA:48,1
DA:49,2
DA:50,2
DA:52,1
DA:54,1
DA:58,1
DA:59,1
DA:60,1
DA:61,1
DA:62,0
DA:63,1
DA:64,1
DA:65,1
DA:66,1
DA:67,1
DA:68,1
DA:69,1
DA:71,1
DA:72,1
DA:73,1
DA:74,1
DA:75,1
DA:76,1
DA:78,1
DA:79,1
DA:80,1
DA:81,1
DA:82,1
DA:83,1
DA:84,1
DA:85,1
DA:86,1
DA:87,1
DA:88,1
LF:49
LH:48
BRDA:2,0,0,144
BRDA:41,1,0,16
BRDA:42,2,0,1
BRDA:48,3,0,2
BRDA:52,4,0,1
BRDA:60,5,0,1
BRDA:60,6,0,24
BRDA:64,7,0,8
BRDA:64,8,0,17
BRDA:1,9,0,1
BRDA:1,10,0,17
BRF:11
BRH:11
end_of_record
TN:
SF:src/components/N8nInfoAccordion/index.ts
FNF:0
FNH:0
DA:1,1
DA:3,1
LF:2
LH:2
BRF:0
BRH:0
end_of_record
TN:
SF:src/components/N8nInfoTip/InfoTip.vue
FN:3,get
FNF:1
FNH:1
FNDA:16,get
DA:1,1
DA:3,16
DA:8,1
DA:10,1
DA:12,1
DA:13,1
DA:15,1
DA:16,1
DA:18,1
DA:19,1
DA:21,1
DA:22,1
DA:23,1
DA:24,1
DA:26,1
DA:27,1
DA:29,1
DA:30,1
DA:32,1
DA:33,1
DA:34,1
DA:35,1
DA:49,1
DA:58,1
DA:59,3
DA:60,3
DA:61,3
DA:62,3
DA:63,1
DA:67,1
DA:68,1
DA:76,1
DA:78,1
DA:79,1
DA:80,1
DA:81,1
DA:82,1
DA:83,1
DA:85,1
DA:86,1
DA:87,1
DA:88,1
DA:89,1
DA:90,1
DA:91,1
DA:93,1
DA:94,1
DA:95,1
DA:96,1
DA:97,1
DA:98,1
DA:99,1
DA:100,1
LF:53
LH:53
BRDA:3,0,0,16
BRDA:58,1,0,3
BRF:2
BRH:2
end_of_record
TN:
SF:src/components/N8nInfoTip/index.ts
FNF:0
FNH:0
DA:1,1
DA:3,1
LF:2
LH:2
BRF:0
BRH:0
end_of_record
TN:
SF:src/components/N8nInlineTextEdit/InlineTextEdit.vue
FN:2,get
FN:54,forceFocus
FN:60,forceCancel
FN:67,onSubmit
FN:78,onInput
FN:82,onStateChange
FN:127,onInput._cache.<computed>._cache.<computed>
FNF:7
FNH:6
FNDA:225,get
FNDA:7,forceFocus
FNDA:0,forceCancel
FNDA:2,onSubmit
FNDA:31,onInput
FNDA:14,onStateChange
FNDA:29,onInput._cache.<computed>._cache.<computed>
DA:1,1
DA:2,225
DA:3,1
DA:4,1
DA:16,1
DA:24,1
DA:28,1
DA:29,1
DA:32,1
DA:35,1
DA:38,1
DA:39,8
DA:40,1
DA:43,1
DA:44,1
DA:45,7
DA:46,1
DA:48,1
DA:49,7
DA:50,7
DA:51,7
DA:52,1
DA:54,7
DA:55,7
DA:56,7
DA:57,7
DA:58,7
DA:60,0
DA:61,0
DA:62,0
DA:63,0
DA:64,0
DA:65,0
DA:67,2
DA:68,2
DA:69,2
DA:70,1
DA:71,1
DA:72,1
DA:73,1
DA:74,1
DA:75,1
DA:76,2
DA:78,31
DA:79,31
DA:80,31
DA:82,14
DA:83,14
DA:84,1
DA:85,1
DA:86,14
DA:88,1
DA:92,1
DA:93,1
DA:94,1
DA:95,1
DA:96,1
DA:97,1
DA:98,1
DA:99,1
DA:100,1
DA:101,1
DA:102,1
DA:103,1
DA:104,1
DA:105,1
DA:106,1
DA:107,1
DA:109,1
DA:110,1
DA:111,1
DA:112,1
DA:114,1
DA:115,1
DA:116,1
DA:117,1
DA:118,1
DA:119,1
DA:120,1
DA:121,1
DA:122,1
DA:123,1
DA:124,1
DA:125,1
DA:126,1
DA:127,1
DA:128,1
DA:129,1
DA:130,1
LF:89
LH:83
BRDA:2,0,0,225
BRDA:35,1,0,39
BRDA:35,2,0,3
BRDA:38,3,0,8
BRDA:44,4,0,7
BRDA:48,5,0,7
BRDA:54,6,0,7
BRDA:67,7,0,2
BRDA:69,8,0,1
BRDA:78,9,0,31
BRDA:82,10,0,14
BRDA:83,11,0,1
BRDA:127,12,0,7
BRDA:127,13,0,29
BRF:14
BRH:14
end_of_record
TN:
SF:src/components/N8nInlineTextEdit/index.ts
FNF:0
FNH:0
DA:1,1
DA:3,1
LF:2
LH:2
BRF:0
BRH:0
end_of_record
TN:
SF:src/components/N8nInput/Input.vue
FN:2,get
FN:63,focus
FN:64,blur
FN:65,select
FNF:4
FNH:0
FNDA:0,get
FNDA:0,focus
FNDA:0,blur
FNDA:0,select
DA:1,191
DA:2,0
DA:3,1
DA:8,1
DA:26,1
DA:41,1
DA:42,1
DA:43,1
DA:45,1
DA:46,147
DA:47,147
DA:48,2
DA:49,2
DA:50,147
DA:51,4
DA:52,4
DA:53,147
DA:54,1
DA:56,1
DA:57,1
DA:58,0
DA:59,0
DA:60,0
DA:61,1
DA:63,1
DA:64,1
DA:65,1
DA:66,1
DA:70,1
DA:71,1
DA:72,1
DA:73,1
DA:74,1
DA:75,1
DA:76,1
DA:77,1
DA:78,1
DA:79,1
DA:80,1
DA:81,1
DA:82,1
DA:83,1
DA:84,1
DA:85,1
DA:87,1
DA:88,1
DA:90,1
DA:91,1
DA:93,1
DA:94,1
DA:96,1
DA:97,1
DA:99,1
LF:53
LH:49
BRDA:42,0,0,147
BRDA:42,1,0,2
BRDA:42,2,0,145
BRDA:45,3,0,147
BRDA:47,4,0,2
BRDA:50,5,0,4
BRDA:1,6,0,191
BRDA:1,7,0,191
BRDA:1,8,0,191
BRDA:1,9,0,191
BRDA:88,10,0,4
BRDA:91,11,0,4
BRDA:94,12,0,4
BRDA:97,13,0,4
BRF:14
BRH:14
end_of_record
TN:
SF:src/components/N8nInput/index.ts
FNF:0
FNH:0
DA:1,1
DA:3,1
LF:2
LH:2
BRF:0
BRH:0
end_of_record
TN:
SF:src/components/N8nInputLabel/InputLabel.vue
FN:4,get
FN:31,addTargetBlank
FNF:2
FNH:1
FNDA:1800,get
FNDA:0,addTargetBlank
DA:1,30
DA:4,1800
DA:5,1
DA:6,1
DA:8,1
DA:31,1
DA:32,0
DA:36,1
DA:37,1
DA:41,1
DA:42,1
DA:44,1
DA:45,1
DA:46,1
DA:47,1
DA:48,1
DA:57,1
DA:58,1
DA:59,1
DA:60,1
DA:61,1
DA:62,1
DA:63,1
DA:64,1
DA:68,1
DA:69,1
DA:70,1
DA:71,1
DA:72,1
DA:73,1
DA:74,1
DA:76,1
DA:77,1
DA:78,1
DA:79,1
DA:81,1
DA:82,1
DA:83,1
DA:84,1
DA:85,1
DA:86,1
DA:87,1
DA:88,1
DA:89,1
DA:90,1
DA:91,0
DA:92,0
DA:94,0
DA:95,1
DA:96,1
DA:97,1
DA:98,0
DA:99,0
DA:101,0
DA:102,1
DA:103,1
DA:104,1
DA:105,1
DA:106,1
DA:107,0
DA:108,0
DA:110,0
DA:111,1
DA:112,1
DA:113,1
DA:114,1
LF:66
LH:56
BRDA:4,0,0,1800
BRDA:46,1,0,0
BRDA:1,2,0,0
BRDA:73,3,0,0
BRDA:86,4,0,0
BRDA:90,5,0,0
BRDA:97,6,0,0
BRDA:1,7,0,0
BRDA:106,8,0,0
BRDA:1,9,0,30
BRDA:69,10,0,71
BRF:11
BRH:3
end_of_record
TN:
SF:src/components/N8nInputLabel/index.ts
FNF:0
FNH:0
DA:1,1
DA:3,1
LF:2
LH:2
BRF:0
BRH:0
end_of_record
TN:
SF:src/components/N8nInputNumber/InputNumber.vue
FNF:0
FNH:0
DA:2,1
DA:3,1
DA:15,1
DA:23,1
DA:24,1
DA:25,1
DA:26,1
DA:27,1
DA:28,1
DA:29,1
DA:31,1
DA:35,1
DA:36,1
DA:37,1
DA:38,1
DA:39,1
DA:40,1
DA:41,1
DA:42,1
LF:19
LH:19
BRDA:31,0,0,21
BRDA:31,1,0,11
BRDA:31,2,0,10
BRF:3
BRH:3
end_of_record
TN:
SF:src/components/N8nInputNumber/index.ts
FNF:0
FNH:0
DA:1,1
DA:3,1
LF:2
LH:2
BRF:0
BRH:0
end_of_record
TN:
SF:src/components/N8nKeyboardShortcut/N8nKeyboardShortcut.vue
FN:2,get
FNF:1
FNH:1
FNDA:100,get
DA:1,1
DA:2,100
DA:3,1
DA:7,1
DA:8,1
DA:10,1
DA:11,16
DA:13,16
DA:14,5
DA:15,5
DA:17,16
DA:18,2
DA:19,2
DA:21,16
DA:22,5
DA:23,5
DA:25,16
DA:26,6
DA:27,6
DA:29,16
DA:30,1
DA:34,1
DA:35,1
DA:36,1
DA:37,1
DA:38,1
LF:26
LH:26
BRDA:2,0,0,100
BRDA:10,1,0,16
BRDA:13,2,0,7
BRDA:13,3,0,5
BRDA:17,4,0,7
BRDA:17,5,0,2
BRDA:21,6,0,5
BRDA:22,7,0,3
BRDA:22,8,0,2
BRDA:25,9,0,6
BRDA:11,10,0,24
BRF:11
BRH:11
end_of_record
TN:
SF:src/components/N8nKeyboardShortcut/index.ts
FNF:0
FNH:0
DA:1,1
LF:1
LH:1
BRF:0
BRH:0
end_of_record
TN:
SF:src/components/N8nLink/Link.vue
FN:6,get
FNF:1
FNH:1
FNDA:65,get
DA:1,1
DA:6,65
DA:7,1
DA:9,1
DA:31,1
DA:32,1
DA:33,1
DA:34,1
DA:35,1
DA:36,1
DA:37,1
LF:11
LH:11
BRDA:6,0,0,65
BRDA:34,1,0,45
BRF:2
BRH:2
end_of_record
TN:
SF:src/components/N8nLink/index.ts
FNF:0
FNH:0
DA:1,1
DA:3,1
LF:2
LH:2
BRF:0
BRH:0
end_of_record
TN:
SF:src/components/N8nLoading/Loading.vue
FN:2,get
FNF:1
FNH:0
FNDA:0,get
DA:1,1
DA:2,0
DA:4,1
DA:5,1
DA:6,1
DA:7,1
DA:8,1
DA:9,1
DA:10,1
DA:11,1
DA:12,1
DA:13,1
DA:14,1
DA:15,1
DA:16,1
DA:38,1
DA:39,1
DA:40,1
DA:41,1
DA:43,1
DA:44,1
DA:46,1
DA:47,1
DA:48,1
DA:49,1
DA:50,1
DA:51,1
DA:55,1
DA:56,1
DA:57,1
DA:58,1
DA:59,0
DA:60,0
DA:61,0
DA:62,0
DA:66,0
DA:67,0
DA:68,0
DA:69,1
DA:70,0
DA:71,0
DA:72,1
DA:74,1
LF:43
LH:33
BRDA:58,0,0,0
BRDA:58,1,0,0
BRDA:69,2,0,0
BRF:3
BRH:0
end_of_record
TN:
SF:src/components/N8nLoading/index.ts
FNF:0
FNH:0
DA:1,1
DA:3,1
LF:2
LH:2
BRF:0
BRH:0
end_of_record
TN:
SF:src/components/N8nMarkdown/Markdown.vue
FN:3,get
FN:116,onTagAttr
FN:146,onTag
FN:153,onIgnoreTag
FN:171,onClick
FN:190,onChange
FN:203,onMouseDown
FN:212,onCheckboxChange
FNF:8
FNH:7
FNDA:5,get
FNDA:32,onTagAttr
FNDA:65,onTag
FNDA:7,onIgnoreTag
FNDA:1,onClick
FNDA:1,onChange
FNDA:0,onMouseDown
FNDA:1,onCheckboxChange
DA:1,1
DA:3,5
DA:4,1
DA:5,1
DA:6,1
DA:7,1
DA:8,1
DA:10,1
DA:11,1
DA:12,1
DA:37,1
DA:67,1
DA:69,1
DA:70,1
DA:71,1
DA:72,1
DA:73,1
DA:74,1
DA:76,1
DA:77,1
DA:78,1
DA:79,1
DA:80,1
DA:81,1
DA:82,1
DA:83,1
DA:84,1
DA:85,1
DA:86,1
DA:87,1
DA:88,1
DA:89,1
DA:91,1
DA:92,5
DA:93,0
DA:94,0
DA:96,5
DA:97,5
DA:98,5
DA:99,0
DA:102,0
DA:103,0
DA:104,0
DA:105,5
DA:106,5
DA:108,5
DA:109,5
DA:110,5
DA:111,0
DA:112,0
DA:113,5
DA:115,5
DA:116,5
DA:117,32
DA:118,0
DA:119,0
DA:120,0
DA:121,0
DA:122,0
DA:124,0
DA:125,0
DA:126,0
DA:127,0
DA:128,0
DA:129,0
DA:131,32
DA:132,7
DA:134,1
DA:135,1
DA:136,1
DA:137,0
DA:138,0
DA:139,1
DA:140,6
DA:141,6
DA:144,25
DA:145,32
DA:146,5
DA:147,65
DA:148,0
DA:149,0
DA:151,65
DA:152,65
DA:153,5
DA:155,7
DA:156,7
DA:157,7
DA:158,0
DA:159,7
DA:160,5
DA:161,5
DA:163,5
DA:164,1
DA:166,1
DA:171,1
DA:172,1
DA:174,1
DA:175,0
DA:176,0
DA:178,1
DA:179,0
DA:180,0
DA:181,0
DA:182,0
DA:183,0
DA:184,1
DA:185,0
DA:186,0
DA:187,1
DA:190,1
DA:191,1
DA:192,1
DA:193,1
DA:195,1
DA:196,1
DA:197,1
DA:198,1
DA:199,1
DA:200,1
DA:201,1
DA:203,1
DA:206,0
DA:207,0
DA:208,0
DA:209,0
DA:212,1
DA:213,1
DA:214,1
DA:215,0
DA:216,0
DA:219,1
DA:220,1
DA:221,1
DA:225,1
DA:226,1
DA:227,1
DA:228,1
DA:229,1
DA:230,1
DA:231,1
DA:232,1
DA:233,1
DA:234,1
DA:235,1
DA:236,1
DA:237,1
DA:238,1
DA:239,1
DA:240,1
DA:241,1
DA:242,1
DA:243,1
DA:244,1
LF:153
LH:114
BRDA:3,0,0,5
BRDA:91,1,0,5
BRDA:92,2,0,0
BRDA:110,3,0,0
BRDA:116,4,0,32
BRDA:117,5,0,0
BRDA:117,6,0,0
BRDA:131,7,0,7
BRDA:132,8,0,1
BRDA:136,9,0,0
BRDA:139,10,0,6
BRDA:141,11,0,25
BRDA:146,12,0,65
BRDA:147,13,0,0
BRDA:147,14,0,0
BRDA:153,15,0,7
BRDA:157,16,0,0
BRDA:171,17,0,1
BRDA:174,18,0,0
BRDA:178,19,0,0
BRDA:184,20,0,0
BRDA:190,21,0,1
BRDA:212,22,0,1
BRDA:214,23,0,0
BRF:24
BRH:12
end_of_record
TN:
SF:src/components/N8nMarkdown/index.ts
FNF:0
FNH:0
DA:1,1
DA:3,1
LF:2
LH:2
BRF:0
BRH:0
end_of_record
TN:
SF:src/components/N8nMarkdown/youtube.ts
FN:18,markdownYoutubeEmbed
FN:26,parser
FN:49,md.renderer.rules.youtube_embed
FNF:3
FNH:3
FNDA:37,markdownYoutubeEmbed
FNDA:59,parser
FNDA:19,md.renderer.rules.youtube_embed
DA:6,1
DA:8,1
DA:9,1
DA:18,1
DA:19,37
DA:20,37
DA:21,37
DA:22,37
DA:23,37
DA:24,37
DA:26,37
DA:27,59
DA:30,59
DA:32,24
DA:33,59
DA:35,19
DA:36,19
DA:37,19
DA:38,19
DA:40,19
DA:41,19
DA:42,59
DA:44,37
DA:45,32
DA:46,5
DA:48,37
DA:49,37
DA:50,19
DA:52,19
DA:53,19
DA:54,19
DA:55,19
DA:56,19
DA:57,19
DA:58,19
DA:59,19
DA:60,19
DA:61,19
DA:63,19
DA:64,19
DA:65,37
LF:41
LH:41
BRDA:18,0,0,37
BRDA:44,1,0,32
BRDA:45,2,0,5
BRDA:26,3,0,59
BRDA:30,4,0,35
BRDA:30,5,0,24
BRDA:33,6,0,5
BRDA:33,7,0,19
BRDA:49,8,0,19
BRDA:54,9,0,5
BRDA:54,10,0,14
BRF:11
BRH:11
end_of_record
TN:
SF:src/components/N8nMenu/Menu.vue
FN:2,get
FNF:1
FNH:0
FNDA:0,get
DA:1,1
DA:2,0
DA:3,1
DA:4,1
DA:7,1
DA:8,1
DA:9,1
DA:22,1
DA:30,1
DA:32,1
DA:37,1
DA:39,1
DA:40,1
DA:41,1
DA:43,1
DA:44,1
DA:45,1
DA:46,1
DA:47,1
DA:49,1
DA:50,1
DA:51,1
DA:53,1
DA:54,1
DA:55,1
DA:56,1
DA:57,1
DA:59,1
DA:60,1
DA:61,1
DA:62,1
DA:64,1
DA:65,1
DA:67,1
DA:68,1
DA:69,1
DA:70,1
DA:72,1
DA:73,1
DA:74,1
DA:78,1
DA:79,1
DA:86,1
DA:87,1
DA:88,1
DA:89,1
DA:90,1
DA:91,1
DA:92,1
DA:93,1
DA:94,1
DA:95,1
DA:96,1
DA:97,1
DA:99,1
DA:100,1
DA:101,1
DA:102,1
DA:103,1
DA:104,1
DA:105,1
DA:106,1
DA:107,1
DA:108,1
DA:109,1
DA:110,1
DA:111,1
DA:112,1
DA:113,1
DA:114,1
DA:116,1
DA:117,1
DA:118,1
DA:119,1
DA:120,1
DA:121,1
DA:122,1
DA:123,1
DA:124,1
DA:125,1
DA:126,1
DA:127,1
DA:128,1
DA:129,1
DA:130,1
DA:131,1
DA:132,1
DA:133,1
LF:88
LH:87
BRF:0
BRH:0
end_of_record
TN:
SF:src/components/N8nMenu/index.ts
FNF:0
FNH:0
DA:1,1
DA:3,1
LF:2
LH:2
BRF:0
BRH:0
end_of_record
TN:
SF:src/components/N8nMenuItem/MenuItem.vue
FN:2,get
FNF:1
FNH:0
FNDA:0,get
DA:1,1
DA:2,0
DA:3,1
DA:4,1
DA:6,1
DA:8,1
DA:10,1
DA:11,1
DA:12,1
DA:13,1
DA:14,1
DA:15,1
DA:27,1
DA:36,1
DA:37,1
DA:39,1
DA:40,1
DA:41,1
DA:42,1
DA:43,1
DA:45,1
DA:46,1
DA:47,1
DA:49,1
DA:50,1
DA:51,1
DA:52,1
DA:53,1
DA:54,1
DA:55,1
DA:57,1
DA:58,1
DA:59,1
DA:60,1
DA:61,1
DA:62,1
DA:63,1
DA:65,1
DA:66,1
DA:67,1
DA:68,1
DA:69,1
DA:72,1
DA:74,1
DA:75,1
DA:76,1
DA:77,1
DA:79,1
DA:80,1
DA:84,1
DA:85,1
DA:86,1
DA:87,1
DA:88,1
DA:93,1
DA:94,1
DA:95,1
DA:97,1
DA:98,1
DA:99,1
DA:100,1
DA:101,1
DA:102,1
DA:103,1
DA:104,1
DA:105,1
DA:106,1
DA:107,1
DA:108,1
DA:109,1
DA:110,1
DA:112,1
DA:113,1
DA:114,1
DA:115,1
DA:116,1
DA:117,1
DA:118,1
DA:119,1
DA:120,1
DA:121,1
DA:122,1
DA:123,1
DA:125,1
DA:126,1
DA:127,1
DA:128,1
DA:129,1
DA:130,1
DA:131,1
DA:132,1
DA:134,1
DA:135,1
DA:136,1
DA:137,1
DA:138,1
DA:139,1
DA:140,1
DA:141,1
DA:142,1
DA:143,1
DA:144,1
DA:146,1
DA:147,1
DA:148,1
DA:149,1
DA:151,1
DA:152,1
DA:153,1
DA:154,1
DA:162,1
DA:163,1
DA:164,1
DA:165,1
DA:167,1
DA:168,1
DA:169,1
DA:170,1
DA:171,1
DA:172,1
DA:173,1
DA:174,1
DA:175,1
DA:176,1
DA:177,1
DA:178,1
DA:179,1
DA:181,1
DA:182,1
DA:183,1
DA:184,1
DA:185,1
DA:186,1
DA:187,1
DA:188,1
DA:190,1
DA:191,1
DA:192,1
DA:193,1
DA:194,1
DA:195,1
DA:196,1
DA:197,1
DA:198,1
DA:199,1
DA:201,1
DA:202,1
DA:203,1
DA:204,1
DA:205,1
DA:206,1
DA:207,1
DA:208,1
DA:209,1
DA:210,1
DA:211,1
LF:156
LH:155
BRF:0
BRH:0
end_of_record
TN:
SF:src/components/N8nMenuItem/index.ts
FNF:0
FNH:0
DA:1,1
DA:3,1
LF:2
LH:2
BRF:0
BRH:0
end_of_record
TN:
SF:src/components/N8nMenuItem/routerUtil.ts
FN:8,doesMenuItemMatchCurrentRoute
FN:37,isPathRouteLocation
FN:45,isNamedRouteLocation
FNF:3
FNH:3
FNDA:43,doesMenuItemMatchCurrentRoute
FNDA:9,isPathRouteLocation
FNDA:9,isNamedRouteLocation
DA:3,1
DA:8,1
DA:9,43
DA:10,43
DA:11,43
DA:12,43
DA:13,4
DA:14,4
DA:16,39
DA:18,43
DA:19,21
DA:20,43
DA:21,5
DA:22,5
DA:24,39
DA:25,43
DA:26,22
DA:27,43
DA:28,2
DA:29,2
DA:31,39
DA:32,43
DA:33,27
DA:35,43
DA:37,9
DA:38,9
DA:39,9
DA:40,8
DA:41,2
DA:43,9
DA:45,9
DA:46,9
DA:47,9
DA:48,8
DA:49,5
DA:51,9
LF:36
LH:36
BRDA:8,0,0,43
BRDA:12,1,0,4
BRDA:14,2,0,39
BRDA:18,3,0,21
BRDA:20,4,0,18
BRDA:20,5,0,9
BRDA:20,6,0,5
BRDA:22,7,0,39
BRDA:25,8,0,22
BRDA:27,9,0,17
BRDA:27,10,0,9
BRDA:27,11,0,2
BRDA:29,12,0,39
BRDA:32,13,0,3
BRDA:32,14,0,27
BRDA:37,15,0,9
BRDA:39,16,0,8
BRDA:40,17,0,2
BRDA:45,18,0,9
BRDA:47,19,0,8
BRDA:48,20,0,5
BRF:21
BRH:21
end_of_record
TN:
SF:src/components/N8nNavigationDropdown/NavigationDropdown.vue
FN:2,get
FN:40,close
FN:45,onOpen
FN:50,onClose
FN:68,onSelect._cache.<computed>._cache.<computed>
FN:100,onClick._cache.<computed>._cache.<computed>
FNF:6
FNH:5
FNDA:76,get
FNDA:0,close
FNDA:5,onOpen
FNDA:1,onClose
FNDA:2,onSelect._cache.<computed>._cache.<computed>
FNDA:2,onClick._cache.<computed>._cache.<computed>
DA:1,12
DA:2,76
DA:3,1
DA:6,1
DA:7,1
DA:32,1
DA:33,1
DA:35,1
DA:40,1
DA:41,0
DA:42,0
DA:44,1
DA:45,1
DA:46,5
DA:47,4
DA:48,5
DA:50,1
DA:51,1
DA:52,0
DA:53,1
DA:55,1
DA:56,1
DA:57,1
DA:61,1
DA:62,1
DA:63,1
DA:64,1
DA:65,1
DA:66,1
DA:67,1
DA:68,1
DA:69,1
DA:70,1
DA:71,1
DA:73,1
DA:74,1
DA:75,1
DA:76,1
DA:77,1
DA:78,1
DA:79,1
DA:81,1
DA:82,1
DA:85,1
DA:86,1
DA:87,1
DA:88,1
DA:89,1
DA:90,1
DA:91,1
DA:93,1
DA:94,1
DA:95,1
DA:96,1
DA:97,1
DA:98,1
DA:99,1
DA:100,1
DA:102,1
DA:103,30
DA:104,30
DA:105,1
DA:106,1
DA:107,1
DA:108,1
DA:110,1
DA:111,1
DA:112,1
DA:113,1
DA:114,1
DA:116,1
DA:117,12
DA:118,1
DA:119,1
DA:120,1
DA:121,1
DA:122,1
LF:77
LH:74
BRDA:2,0,0,76
BRDA:45,1,0,5
BRDA:46,2,0,1
BRDA:46,3,0,4
BRDA:50,4,0,1
BRDA:51,5,0,0
BRDA:68,6,0,6
BRDA:68,7,0,2
BRDA:82,8,0,18
BRDA:1,9,0,12
BRDA:110,10,0,6
BRDA:93,11,0,26
BRDA:95,12,0,10
BRDA:100,13,0,4
BRDA:100,14,0,2
BRDA:102,15,0,30
BRDA:102,16,0,10
BRDA:102,17,0,20
BRDA:116,18,0,12
BRF:19
BRH:18
end_of_record
TN:
SF:src/components/N8nNavigationDropdown/index.ts
FNF:0
FNH:0
DA:1,1
DA:3,1
LF:2
LH:2
BRF:0
BRH:0
end_of_record
TN:
SF:src/components/N8nNodeCreatorNode/NodeCreatorNode.vue
FN:2,get
FNF:1
FNH:0
FNDA:0,get
DA:1,1
DA:2,0
DA:4,1
DA:6,1
DA:27,1
DA:31,1
DA:32,1
DA:36,1
DA:38,1
DA:39,1
DA:40,1
DA:41,1
DA:42,1
DA:43,1
DA:44,1
DA:45,1
DA:46,1
DA:47,1
DA:48,1
DA:49,1
DA:50,1
DA:51,1
DA:52,1
DA:53,1
DA:55,1
DA:56,1
DA:57,1
DA:58,1
DA:59,1
DA:60,1
DA:61,1
DA:62,1
DA:63,1
DA:64,1
DA:65,1
DA:66,1
DA:67,1
DA:68,1
LF:38
LH:37
BRF:0
BRH:0
end_of_record
TN:
SF:src/components/N8nNodeCreatorNode/index.ts
FNF:0
FNH:0
DA:1,1
DA:3,1
LF:2
LH:2
BRF:0
BRH:0
end_of_record
TN:
SF:src/components/N8nNodeIcon/NodeIcon.vue
FN:2,get
FNF:1
FNH:0
FNDA:0,get
DA:1,1
DA:2,0
DA:4,1
DA:6,1
DA:8,1
DA:9,1
DA:29,1
DA:33,1
DA:34,1
DA:35,1
DA:36,1
DA:37,1
DA:38,1
DA:40,1
DA:41,1
DA:42,1
DA:43,1
DA:44,1
DA:45,1
DA:46,1
DA:47,1
DA:49,1
DA:50,1
DA:51,1
DA:52,1
DA:53,1
DA:54,1
DA:55,1
DA:56,1
DA:57,1
DA:58,1
DA:59,1
DA:61,1
DA:62,1
DA:63,1
DA:64,1
DA:66,1
DA:67,1
DA:68,1
DA:69,1
DA:71,1
DA:72,1
DA:73,1
DA:74,1
DA:75,1
DA:76,1
DA:77,1
DA:78,1
DA:80,1
DA:81,1
DA:82,1
DA:85,1
DA:89,1
DA:90,1
DA:91,1
DA:96,1
DA:98,1
DA:99,1
DA:100,1
DA:101,1
DA:103,1
DA:104,1
DA:105,1
DA:106,1
DA:107,1
DA:108,1
DA:109,1
DA:110,1
DA:111,1
DA:112,1
DA:113,1
DA:114,1
DA:115,1
DA:116,1
DA:117,1
DA:118,1
DA:119,1
DA:120,1
DA:121,1
DA:122,1
DA:123,1
DA:124,1
DA:125,1
DA:126,1
DA:127,1
DA:128,1
DA:129,1
DA:130,1
LF:88
LH:87
BRF:0
BRH:0
end_of_record
TN:
SF:src/components/N8nNodeIcon/index.ts
FNF:0
FNH:0
DA:1,1
DA:3,1
LF:2
LH:2
BRF:0
BRH:0
end_of_record
TN:
SF:src/components/N8nNotice/Notice.vue
FN:2,get
FN:49,onClick
FNF:2
FNH:1
FNDA:10,get
FNDA:0,onClick
DA:1,1
DA:2,10
DA:3,1
DA:5,1
DA:6,1
DA:16,1
DA:24,1
DA:28,1
DA:30,1
DA:31,1
DA:33,1
DA:34,1
DA:35,1
DA:36,1
DA:37,1
DA:38,1
DA:39,1
DA:40,1
DA:41,1
DA:42,1
DA:43,1
DA:44,1
DA:45,1
DA:46,1
DA:47,1
DA:49,1
DA:50,0
DA:52,0
DA:54,0
DA:55,0
DA:56,0
DA:57,0
DA:59,0
DA:60,0
DA:61,0
DA:62,0
DA:63,0
DA:64,0
DA:65,0
DA:66,0
DA:67,0
DA:71,1
DA:72,1
DA:73,1
DA:74,1
DA:75,1
DA:76,1
DA:77,1
DA:78,1
DA:79,1
DA:80,1
DA:81,1
DA:82,1
DA:83,1
DA:84,1
LF:55
LH:40
BRDA:2,0,0,10
BRDA:30,1,0,4
BRDA:34,2,0,1
BRDA:35,3,0,0
BRDA:78,4,0,0
BRF:5
BRH:3
end_of_record
TN:
SF:src/components/N8nNotice/index.ts
FNF:0
FNH:0
DA:1,1
DA:3,1
LF:2
LH:2
BRF:0
BRH:0
end_of_record
TN:
SF:src/components/N8nOption/Option.vue
FNF:0
FNH:0
DA:1,1
DA:2,1
DA:12,1
DA:16,1
LF:4
LH:4
BRDA:16,0,0,753
BRF:1
BRH:1
end_of_record
TN:
SF:src/components/N8nOption/index.ts
FNF:0
FNH:0
DA:1,1
DA:3,1
LF:2
LH:2
BRF:0
BRH:0
end_of_record
TN:
SF:src/components/N8nPagination/Pagination.vue
FNF:0
FNH:0
DA:2,1
DA:10,1
DA:11,1
DA:12,1
DA:13,1
DA:14,1
LF:6
LH:6
BRF:0
BRH:0
end_of_record
TN:
SF:src/components/N8nPagination/index.ts
FNF:0
FNH:0
DA:1,1
DA:3,1
LF:2
LH:2
BRF:0
BRH:0
end_of_record
TN:
SF:src/components/N8nPopover/Popover.vue
FNF:0
FNH:0
DA:1,1
DA:2,1
DA:10,1
DA:11,1
DA:12,1
DA:13,1
DA:15,1
DA:16,1
DA:17,1
LF:9
LH:9
BRF:0
BRH:0
end_of_record
TN:
SF:src/components/N8nPopover/index.ts
FNF:0
FNH:0
DA:1,1
DA:3,1
LF:2
LH:2
BRF:0
BRH:0
end_of_record
TN:
SF:src/components/N8nPopoverReka/N8nPopoverReka.vue
FN:2,get
FN:42,onUpdate:open._cache.<computed>._cache.<computed>
FN:56,close
FN:60,close
FNF:4
FNH:2
FNDA:12,get
FNDA:0,onUpdate:open._cache.<computed>._cache.<computed>
FNDA:1,close
FNDA:0,close
DA:1,1
DA:2,12
DA:4,1
DA:30,1
DA:38,1
DA:42,1
DA:43,1
DA:44,1
DA:45,1
DA:46,1
DA:47,1
DA:48,1
DA:49,1
DA:50,1
DA:51,1
DA:52,1
DA:53,1
DA:55,1
DA:56,1
DA:57,1
DA:58,1
DA:59,1
DA:60,1
DA:61,1
DA:62,1
DA:63,1
DA:64,1
LF:27
LH:27
BRDA:2,0,0,12
BRDA:44,1,0,4
BRDA:56,2,0,1
BRF:3
BRH:3
end_of_record
TN:
SF:src/components/N8nPulse/Pulse.vue
FNF:0
FNH:0
DA:1,1
DA:6,1
DA:7,1
DA:8,1
DA:9,1
DA:10,1
DA:11,1
DA:12,1
LF:8
LH:8
BRF:0
BRH:0
end_of_record
TN:
SF:src/components/N8nPulse/index.ts
FNF:0
FNH:0
DA:1,1
DA:3,1
LF:2
LH:2
BRF:0
BRH:0
end_of_record
TN:
SF:src/components/N8nRadioButtons/RadioButton.vue
FNF:0
FNH:0
DA:1,1
DA:22,1
DA:23,1
DA:24,1
DA:25,1
DA:31,1
DA:33,1
DA:34,1
DA:40,1
DA:42,1
DA:43,1
DA:44,1
DA:45,1
DA:46,1
LF:14
LH:14
BRF:0
BRH:0
end_of_record
TN:
SF:src/components/N8nRadioButtons/RadioButtons.vue
FN:2,get
FNF:1
FNH:0
FNDA:0,get
DA:1,1
DA:2,0
DA:20,1
DA:27,1
DA:31,1
DA:33,1
DA:34,1
DA:35,1
DA:36,1
DA:37,1
DA:38,1
DA:39,1
DA:40,1
DA:41,1
DA:45,1
DA:46,1
DA:47,1
DA:49,1
DA:50,1
DA:51,1
DA:52,1
DA:53,1
DA:54,1
DA:55,1
DA:56,1
DA:57,1
DA:58,1
DA:60,1
DA:61,1
DA:62,1
LF:30
LH:29
BRF:0
BRH:0
end_of_record
TN:
SF:src/components/N8nRadioButtons/index.ts
FNF:0
FNH:0
DA:1,1
DA:3,1
LF:2
LH:2
BRF:0
BRH:0
end_of_record
TN:
SF:src/components/N8nRecycleScroller/RecycleScroller.vue
FN:132,initializeItemSizeCache
FN:141,updateItemSizeCache
FN:147,onUpdateItemSize
FN:167,onWindowResize
FN:178,onScroll
FN:194,ref
FNF:6
FNH:5
FNDA:1,initializeItemSizeCache
FNDA:2,updateItemSizeCache
FNDA:6,onUpdateItemSize
FNDA:1,onWindowResize
FNDA:0,onScroll
FNDA:12,ref
DA:1,1
DA:3,1
DA:14,1
DA:18,1
DA:19,1
DA:20,1
DA:21,1
DA:23,1
DA:24,1
DA:25,1
DA:29,1
DA:30,1
DA:31,4
DA:32,4
DA:33,400
DA:34,400
DA:35,400
DA:36,400
DA:38,400
DA:40,400
DA:41,400
DA:42,4
DA:43,4
DA:44,1
DA:48,1
DA:49,4
DA:50,4
DA:51,4
DA:53,4
DA:54,4
DA:55,4
DA:57,4
DA:58,1
DA:60,1
DA:61,4
DA:62,103
DA:63,103
DA:65,103
DA:66,4
DA:67,4
DA:69,4
DA:70,1
DA:72,1
DA:73,2
DA:74,1
DA:76,1
DA:77,1
DA:78,1
DA:79,1
DA:80,1
DA:81,3
DA:82,3
DA:83,3
DA:84,1
DA:86,1
DA:87,0
DA:88,0
DA:89,1
DA:90,1
DA:94,1
DA:95,3
DA:96,3
DA:97,3
DA:99,3
DA:100,1
DA:102,1
DA:103,2
DA:104,1
DA:106,1
DA:107,3
DA:109,3
DA:110,3
DA:111,3
DA:112,1
DA:116,1
DA:117,1
DA:118,1
DA:120,1
DA:121,1
DA:122,1
DA:123,1
DA:124,1
DA:126,1
DA:127,1
DA:128,1
DA:132,1
DA:133,1
DA:134,100
DA:135,100
DA:136,100
DA:137,100
DA:138,1
DA:139,1
DA:141,2
DA:142,2
DA:143,6
DA:144,6
DA:145,2
DA:147,6
DA:148,6
DA:149,6
DA:150,6
DA:151,6
DA:152,6
DA:153,6
DA:155,6
DA:156,6
DA:157,6
DA:158,6
DA:160,6
DA:161,0
DA:162,0
DA:163,0
DA:164,6
DA:165,6
DA:167,1
DA:168,1
DA:169,1
DA:170,1
DA:171,1
DA:172,1
DA:173,1
DA:175,1
DA:176,1
DA:178,0
DA:179,0
DA:180,0
DA:181,0
DA:183,0
DA:184,0
DA:188,1
DA:189,1
DA:190,1
DA:191,1
DA:192,1
DA:193,1
DA:194,1
DA:195,1
DA:197,1
DA:198,1
DA:199,1
DA:200,1
DA:201,1
LF:143
LH:132
BRDA:30,0,0,4
BRDA:32,1,0,400
BRDA:35,2,0,396
BRDA:35,3,0,4
BRDA:36,4,0,396
BRDA:36,5,0,4
BRDA:48,6,0,4
BRDA:57,7,0,0
BRDA:50,8,0,4
BRDA:60,9,0,4
BRDA:69,10,0,1
BRDA:69,11,0,3
BRDA:61,12,0,103
BRDA:72,13,0,2
BRDA:77,14,0,2
BRDA:78,15,0,1
BRDA:86,16,0,0
BRDA:80,17,0,3
BRDA:82,18,0,6
BRDA:94,19,0,3
BRDA:96,20,0,0
BRDA:97,21,0,0
BRDA:102,22,0,2
BRDA:106,23,0,3
BRDA:116,24,0,1
BRDA:120,25,0,1
BRDA:132,26,0,1
BRDA:133,27,0,100
BRDA:141,28,0,2
BRDA:142,29,0,6
BRDA:147,30,0,6
BRDA:148,31,0,6
BRDA:152,32,0,0
BRDA:160,33,0,0
BRDA:167,34,0,1
BRDA:170,35,0,1
BRDA:194,36,0,12
BRF:37
BRH:31
end_of_record
TN:
SF:src/components/N8nRecycleScroller/index.ts
FNF:0
FNH:0
DA:1,1
DA:3,1
LF:2
LH:2
BRF:0
BRH:0
end_of_record
TN:
SF:src/components/N8nResizeWrapper/ResizeWrapper.vue
FN:2,get
FNF:1
FNH:0
FNDA:0,get
DA:1,1
DA:2,0
DA:4,1
DA:6,1
DA:7,1
DA:8,1
DA:10,1
DA:12,1
DA:14,1
DA:15,1
DA:17,1
DA:18,1
DA:19,1
DA:20,1
DA:22,1
DA:24,1
DA:25,1
DA:26,1
DA:27,1
DA:28,1
DA:29,1
DA:31,1
DA:32,1
DA:49,1
DA:64,1
DA:66,1
DA:72,1
DA:73,1
DA:75,1
DA:76,1
DA:78,1
DA:79,1
DA:81,1
DA:82,1
DA:83,1
DA:84,1
DA:85,1
DA:86,1
DA:87,1
DA:88,1
DA:89,1
DA:91,1
DA:92,1
DA:93,1
DA:94,1
DA:96,1
DA:97,1
DA:98,1
DA:99,1
DA:100,1
DA:101,1
DA:102,1
DA:104,1
DA:105,1
DA:106,1
DA:107,1
DA:108,1
DA:109,1
DA:110,1
DA:111,1
DA:112,1
DA:113,1
DA:114,1
DA:115,1
DA:116,1
DA:117,1
DA:119,1
DA:120,1
DA:122,1
DA:123,1
DA:124,1
DA:125,1
DA:127,1
DA:128,1
DA:129,1
DA:130,1
DA:131,1
DA:133,1
DA:134,1
DA:135,1
DA:136,1
DA:138,1
DA:139,1
DA:140,1
DA:141,1
DA:142,1
DA:143,1
DA:144,1
DA:145,1
DA:146,1
DA:148,1
DA:149,1
DA:150,1
DA:152,1
DA:153,1
DA:154,1
DA:155,1
DA:157,1
DA:159,1
DA:160,1
DA:161,1
DA:162,1
DA:163,1
DA:164,1
DA:166,1
DA:167,1
DA:168,1
DA:169,1
DA:173,1
DA:174,1
DA:175,1
DA:176,1
DA:177,1
DA:178,1
DA:179,1
DA:180,1
DA:181,1
DA:182,1
DA:183,1
LF:119
LH:118
BRF:0
BRH:0
end_of_record
TN:
SF:src/components/N8nResizeWrapper/index.ts
FNF:0
FNH:0
DA:1,1
DA:3,1
LF:2
LH:2
BRF:0
BRH:0
end_of_record
TN:
SF:src/components/N8nResizeableSticky/ResizeableSticky.vue
FNF:0
FNH:0
DA:1,1
DA:2,1
DA:6,1
DA:7,1
DA:8,1
DA:16,1
DA:22,1
DA:29,1
DA:31,1
DA:33,1
DA:35,1
DA:36,1
DA:37,1
DA:39,1
DA:40,1
DA:41,1
DA:42,1
DA:44,1
DA:45,1
DA:46,1
DA:47,1
DA:49,1
DA:50,1
DA:51,1
DA:55,1
DA:56,1
DA:57,1
DA:58,1
DA:59,1
DA:60,1
DA:61,1
DA:62,1
DA:63,1
DA:64,1
DA:65,1
DA:67,1
DA:68,1
LF:37
LH:37
BRF:0
BRH:0
end_of_record
TN:
SF:src/components/N8nResizeableSticky/index.ts
FNF:0
FNH:0
DA:1,1
DA:3,1
LF:2
LH:2
BRF:0
BRH:0
end_of_record
TN:
SF:src/components/N8nRoute/Route.vue
FNF:0
FNH:0
DA:1,51
DA:2,51
DA:3,51
DA:11,51
DA:13,51
DA:14,51
DA:16,51
DA:17,51
DA:19,51
DA:20,51
DA:21,51
DA:23,51
DA:24,51
DA:26,51
DA:30,51
DA:31,51
DA:32,51
DA:33,51
DA:35,51
DA:36,51
DA:37,51
DA:39,51
DA:40,1
LF:23
LH:23
BRDA:13,0,0,53
BRDA:14,1,0,2
BRDA:17,2,0,51
BRDA:19,3,0,21
BRDA:21,4,0,30
BRDA:26,5,0,36
BRDA:30,6,0,17
BRDA:1,7,0,51
BRDA:35,8,0,5
BRDA:35,9,0,46
BRDA:36,10,0,0
BRDA:31,11,0,16
BRF:12
BRH:11
end_of_record
TN:
SF:src/components/N8nRoute/index.ts
FNF:0
FNH:0
DA:1,1
DA:2,1
LF:2
LH:2
BRF:0
BRH:0
end_of_record
TN:
SF:src/components/N8nScrollArea/N8nScrollArea.vue
FN:2,get
FNF:1
FNH:1
FNDA:44,get
DA:1,12
DA:2,44
DA:9,1
DA:46,1
DA:56,1
DA:57,14
DA:58,14
DA:59,2
DA:60,2
DA:61,14
DA:62,1
DA:63,1
DA:64,14
DA:65,1
DA:69,1
DA:70,1
DA:71,1
DA:72,1
DA:73,1
DA:75,1
DA:76,1
DA:77,1
DA:79,1
DA:80,1
DA:81,1
DA:82,1
DA:84,1
DA:85,1
DA:87,1
DA:88,1
DA:89,1
DA:90,1
DA:92,1
DA:93,1
DA:95,1
DA:96,1
LF:36
LH:36
BRDA:2,0,0,44
BRDA:56,1,0,14
BRDA:58,2,0,2
BRDA:61,3,0,1
BRDA:1,4,0,1
BRDA:1,5,0,12
BRDA:95,6,0,2
BRDA:1,7,0,12
BRDA:76,8,0,27
BRF:9
BRH:9
end_of_record
TN:
SF:src/components/N8nScrollArea/index.ts
FNF:0
FNH:0
DA:1,1
DA:3,1
LF:2
LH:2
BRF:0
BRH:0
end_of_record
TN:
SF:src/components/N8nSelect/Select.vue
FN:2,get
FN:90,focus
FN:94,blur
FN:98,focusOnInput
FNF:4
FNH:1
FNDA:46,get
FNDA:0,focus
FNDA:0,blur
FNDA:0,focusOnInput
DA:1,10
DA:2,46
DA:4,1
DA:8,1
DA:12,1
DA:61,1
DA:62,1
DA:64,1
DA:65,14
DA:66,27
DA:67,20
DA:68,20
DA:69,27
DA:70,14
DA:71,1
DA:73,1
DA:74,13
DA:75,4
DA:76,4
DA:77,9
DA:78,0
DA:79,0
DA:80,9
DA:81,0
DA:82,0
DA:83,9
DA:84,1
DA:86,1
DA:87,13
DA:88,1
DA:90,1
DA:91,0
DA:92,0
DA:94,1
DA:95,0
DA:96,0
DA:98,1
DA:99,0
DA:101,0
DA:103,0
DA:104,0
DA:105,0
DA:106,0
DA:108,1
DA:109,1
DA:110,1
DA:111,1
DA:112,1
DA:113,1
DA:117,1
DA:118,1
DA:124,1
DA:125,1
DA:126,1
DA:127,1
DA:128,1
DA:129,1
DA:130,1
DA:131,1
DA:132,1
DA:133,1
DA:134,1
DA:136,1
DA:137,1
[...]
DA:84,1
DA:85,1
DA:87,1
DA:88,1
DA:89,1
DA:90,1
LF:55
LH:48
BRDA:2,0,0,30
BRDA:25,1,0,10
BRDA:29,2,0,16
BRDA:33,3,0,16
BRDA:34,4,0,0
BRDA:38,5,0,6
BRDA:38,6,0,0
BRDA:42,7,0,3
BRDA:42,8,0,0
BRDA:49,9,0,11
BRDA:50,10,0,2
BRDA:52,11,0,9
BRDA:1,12,0,0
BRDA:63,13,0,10
BRDA:64,14,0,3
BRDA:64,15,0,7
BRDA:65,16,0,7
BRDA:67,17,0,3
BRDA:67,18,0,7
BRDA:71,19,0,2
BRDA:71,20,0,4
BRDA:1,21,0,4
BRDA:1,22,0,4
BRDA:1,23,0,0
BRDA:81,24,0,3
BRDA:85,25,0,3
BRF:26
BRH:21
end_of_record
TN:
SF:src/components/N8nTree/index.ts
FNF:0
FNH:0
DA:1,1
DA:3,1
LF:2
LH:2
BRF:0
BRH:0
end_of_record
TN:
SF:src/components/N8nUserInfo/UserInfo.vue
FN:2,get
FNF:1
FNH:1
FNDA:374,get
DA:1,57
DA:2,374
DA:4,1
DA:5,1
DA:6,1
DA:7,1
DA:22,1
DA:26,1
DA:28,1
DA:29,1
DA:30,1
DA:31,61
DA:32,61
DA:33,61
DA:34,1
DA:38,1
DA:39,1
DA:40,1
DA:41,1
DA:43,1
DA:44,1
DA:45,1
DA:46,1
DA:47,1
DA:48,1
DA:49,1
DA:50,1
DA:51,60
DA:52,1
DA:53,1
DA:54,1
DA:55,1
DA:56,1
DA:57,1
DA:58,1
DA:59,1
DA:60,1
DA:61,1
LF:38
LH:38
BRDA:2,0,0,374
BRDA:30,1,0,61
BRDA:43,2,0,1
BRDA:1,3,0,57
BRDA:44,4,0,1
BRDA:45,5,0,1
BRDA:50,6,0,60
BRDA:51,7,0,2
BRDA:51,8,0,58
BRDA:54,9,0,3
BRDA:58,10,0,60
BRF:11
BRH:11
end_of_record
TN:
SF:src/components/N8nUserInfo/index.ts
FNF:0
FNH:0
DA:1,1
DA:3,1
LF:2
LH:2
BRF:0
BRH:0
end_of_record
TN:
SF:src/components/N8nUserSelect/UserSelect.vue
FN:2,get
FN:69,setFilter
FN:73,onBlur
FN:74,onFocus
FN:76,getLabel
FNF:5
FNH:5
FNDA:707,get
FNDA:64,setFilter
FNDA:4,onBlur
FNDA:11,onFocus
FNDA:700,getLabel
DA:1,1
DA:2,707
DA:4,1
DA:6,1
DA:7,1
DA:8,1
DA:19,1
DA:26,1
DA:31,1
DA:33,1
DA:35,1
DA:36,69
DA:37,447
DA:38,12
DA:39,12
DA:41,447
DA:42,372
DA:43,372
DA:44,100
DA:45,100
DA:46,372
DA:48,447
DA:49,69
DA:50,1
DA:52,1
DA:53,69
DA:54,269
DA:55,146
DA:56,146
DA:57,269
DA:58,29
DA:59,29
DA:61,269
DA:62,0
DA:63,0
DA:65,269
DA:66,69
DA:67,1
DA:69,1
DA:70,64
DA:71,64
DA:73,1
DA:74,1
DA:76,1
DA:77,700
DA:81,1
DA:82,1
DA:83,1
DA:84,1
DA:85,1
DA:86,1
DA:87,1
DA:88,1
DA:89,1
DA:90,1
DA:91,1
DA:92,1
DA:93,1
DA:94,1
DA:96,1
DA:97,1
DA:99,1
DA:100,1
DA:101,1
DA:102,1
DA:103,1
DA:104,1
DA:105,1
DA:106,1
DA:108,1
DA:109,1
DA:110,1
LF:72
LH:70
BRDA:2,0,0,707
BRDA:35,1,0,69
BRDA:36,2,0,447
BRDA:37,3,0,12
BRDA:39,4,0,435
BRDA:41,5,0,373
BRDA:41,6,0,372
BRDA:43,7,0,100
BRDA:46,8,0,335
BRDA:48,9,0,334
BRDA:48,10,0,1
BRDA:52,11,0,69
BRDA:53,12,0,269
BRDA:54,13,0,177
BRDA:54,14,0,175
BRDA:54,15,0,146
BRDA:55,16,0,63
BRDA:55,17,0,83
BRDA:56,18,0,123
BRDA:57,19,0,31
BRDA:57,20,0,29
BRDA:57,21,0,29
BRDA:58,22,0,27
BRDA:58,23,0,2
BRDA:59,24,0,94
BRDA:61,25,0,0
BRDA:63,26,0,94
BRDA:65,27,0,86
BRDA:65,28,0,8
BRDA:69,29,0,64
BRDA:73,30,0,4
BRDA:74,31,0,11
BRDA:76,32,0,700
BRDA:77,33,0,80
BRDA:77,34,0,620
BRDA:77,35,0,0
BRF:36
BRH:34
end_of_record
TN:
SF:src/components/N8nUserSelect/index.ts
FNF:0
FNH:0
DA:1,1
DA:3,1
LF:2
LH:2
BRF:0
BRH:0
end_of_record
TN:
SF:src/components/N8nUserStack/UserStack.vue
FN:2,get
FNF:1
FNH:1
FNDA:24,get
DA:1,1
DA:2,24
DA:3,1
DA:7,1
DA:8,1
DA:10,1
DA:24,1
DA:25,2
DA:27,2
DA:28,2
DA:29,2
DA:30,2
DA:31,2
DA:33,2
DA:34,1
DA:36,1
DA:37,2
DA:38,1
DA:40,1
DA:41,2
DA:43,2
DA:44,2
DA:45,2
DA:47,2
DA:48,1
DA:50,1
DA:51,2
DA:52,2
DA:53,0
DA:54,1
DA:56,1
DA:57,2
DA:58,1
DA:60,1
DA:61,2
DA:62,1
DA:66,1
DA:67,1
DA:68,1
DA:69,1
DA:70,1
DA:72,1
DA:73,1
DA:74,1
DA:75,1
DA:76,1
DA:77,1
DA:78,1
DA:79,1
DA:80,1
DA:81,1
DA:82,1
DA:83,1
DA:84,1
DA:85,1
DA:86,1
DA:87,1
DA:88,1
DA:89,1
DA:90,1
DA:91,1
DA:92,1
DA:93,1
DA:94,1
DA:95,1
DA:96,1
DA:98,1
DA:99,1
DA:100,1
DA:101,1
DA:102,1
DA:103,1
DA:104,1
DA:105,1
DA:106,1
DA:108,1
DA:109,1
LF:77
LH:76
BRDA:2,0,0,24
BRDA:24,1,0,2
BRDA:36,2,0,2
BRDA:40,3,0,2
BRDA:50,4,0,2
BRDA:52,5,0,0
BRDA:56,6,0,2
BRDA:60,7,0,2
BRDA:61,8,0,0
BRDA:89,9,0,0
BRDA:82,10,0,2
BRDA:82,11,0,2
BRF:12
BRH:9
end_of_record
TN:
SF:src/components/N8nUserStack/index.ts
FNF:0
FNH:0
DA:1,1
DA:3,1
LF:2
LH:2
BRF:0
BRH:0
end_of_record
TN:
SF:src/components/N8nUsersList/UsersList.vue
FN:2,get
FNF:1
FNH:0
FNDA:0,get
DA:1,1
DA:2,0
DA:4,1
DA:6,1
DA:7,1
DA:8,1
DA:18,1
DA:26,1
DA:28,1
DA:29,1
DA:30,1
DA:31,1
DA:32,1
DA:35,1
DA:36,1
DA:37,1
DA:39,1
DA:40,1
DA:41,1
DA:42,1
DA:43,1
DA:44,1
DA:46,1
DA:47,1
DA:48,1
DA:49,1
DA:50,1
DA:51,1
DA:53,1
DA:54,1
DA:55,1
DA:56,1
DA:57,1
DA:58,1
DA:59,1
DA:60,1
DA:62,1
DA:63,1
DA:64,1
DA:66,1
DA:67,1
DA:68,1
DA:70,1
DA:71,1
DA:73,1
DA:76,1
DA:77,1
DA:78,1
DA:79,1
DA:80,1
DA:84,1
DA:85,1
DA:86,1
DA:87,1
DA:88,1
DA:89,1
DA:91,1
DA:92,1
DA:93,1
DA:94,1
DA:95,1
DA:96,1
DA:97,1
DA:98,1
DA:99,1
DA:100,1
DA:101,1
DA:102,1
DA:113,1
DA:114,1
DA:115,1
DA:116,1
DA:117,1
DA:118,1
DA:119,1
DA:120,1
LF:76
LH:75
BRF:0
BRH:0
end_of_record
TN:
SF:src/components/N8nUsersList/index.ts
FNF:0
FNH:0
DA:1,1
DA:3,1
LF:2
LH:2
BRF:0
BRH:0
end_of_record
TN:
SF:src/components/ResizeObserver/ResizeObserver.vue
FN:23,getBreakpointFromWidth
FNF:1
FNH:1
FNDA:28,getBreakpointFromWidth
DA:2,1
DA:6,1
DA:17,1
DA:18,1
DA:19,1
DA:21,1
DA:23,1
DA:24,28
DA:25,28
DA:26,0
DA:28,28
DA:30,1
DA:31,28
DA:32,28
DA:34,28
DA:36,28
DA:37,0
DA:38,0
DA:39,0
DA:40,0
DA:41,0
DA:42,28
DA:44,28
DA:45,1
DA:47,1
DA:48,28
DA:49,28
DA:50,28
DA:51,1
DA:55,1
DA:56,1
DA:57,1
LF:32
LH:26
BRDA:21,0,0,28
BRDA:23,1,0,28
BRDA:25,2,0,0
BRDA:25,3,0,28
BRDA:30,4,0,28
BRDA:31,5,0,0
BRDA:32,6,0,0
BRDA:47,7,0,28
BRF:8
BRH:5
end_of_record
TN:
SF:src/components/ResizeObserver/index.ts
FNF:0
FNH:0
DA:1,1
DA:3,1
LF:2
LH:2
BRF:0
BRH:0
end_of_record
TN:
SF:src/components/TableBase/TableBase.vue
FNF:0
FNH:0
DA:1,1
DA:4,1
DA:5,1
DA:6,1
DA:7,1
DA:8,1
DA:9,1
DA:10,1
LF:8
LH:8
BRF:0
BRH:0
end_of_record
TN:
SF:src/components/TableBase/index.ts
FNF:0
FNH:0
DA:1,1
DA:3,1
LF:2
LH:2
BRF:0
BRH:0
end_of_record
TN:
SF:src/components/TableHeaderControlsButton/TableHeaderControlsButton.vue
FN:2,get
FN:51,resetDragState
FN:56,handleDragStart
FN:63,handleDragOver
FN:70,handleDragLeave
FN:74,handleDrop
FN:127,handleDragEnd
FN:168,onDragstart
FN:169,onDragover
FN:171,onDrop
FN:180,onClick
FN:188,$setup.visibleColumns.length.onDragover._cache.<computed>._cache.<computed>
FN:190,$setup.visibleColumns.length.onDrop._cache.<computed>._cache.<computed>
FN:220,onClick
FNF:14
FNH:14
FNDA:1474,get
FNDA:7,resetDragState
FNDA:11,handleDragStart
FNDA:3,handleDragOver
FNDA:1,handleDragLeave
FNDA:6,handleDrop
FNDA:1,handleDragEnd
FNDA:11,onDragstart
FNDA:2,onDragover
FNDA:5,onDrop
FNDA:2,onClick
FNDA:1,$setup.visibleColumns.length.onDragover._cache.<computed>._cache.<computed>
FNDA:1,$setup.visibleColumns.length.onDrop._cache.<computed>._cache.<computed>
FNDA:2,onClick
DA:1,145
DA:2,1474
DA:4,1
DA:7,1
DA:8,1
DA:9,1
DA:28,1
DA:30,1
DA:31,35
DA:32,35
DA:33,35
DA:34,1
DA:35,1
DA:36,35
DA:37,35
DA:38,35
DA:39,1
DA:41,1
DA:43,1
DA:44,1
DA:46,1
DA:51,1
DA:52,7
DA:53,7
DA:54,7
DA:56,1
DA:57,11
DA:58,10
DA:59,10
DA:60,10
DA:61,11
DA:63,1
DA:64,3
DA:65,3
DA:66,3
DA:67,3
DA:68,3
DA:70,1
DA:71,1
DA:72,1
DA:74,1
DA:75,6
DA:77,6
DA:78,6
DA:79,1
DA:80,1
DA:81,1
DA:84,5
DA:85,5
DA:87,6
DA:88,0
DA:89,0
DA:90,0
DA:92,5
DA:94,6
DA:96,1
DA:97,1
DA:98,1
DA:99,6
DA:101,4
DA:103,4
DA:104,0
DA:105,0
DA:106,0
DA:108,4
DA:109,4
DA:113,4
DA:116,4
DA:117,3
DA:118,3
DA:120,4
DA:121,4
DA:123,5
DA:124,5
DA:125,6
DA:127,1
DA:128,1
DA:129,1
DA:133,1
DA:134,1
DA:135,1
DA:136,1
DA:137,1
DA:138,1
DA:139,1
DA:141,1
DA:142,1
DA:144,1
DA:145,1
DA:146,1
DA:147,1
DA:148,1
DA:150,1
DA:151,1
DA:152,1
DA:153,1
DA:154,1
DA:155,1
DA:156,1
DA:157,1
DA:158,1
DA:159,1
DA:160,1
DA:165,1
DA:166,1
DA:167,1
DA:168,1
DA:169,1
DA:170,1
DA:171,1
DA:172,1
DA:174,1
DA:175,1
DA:176,1
DA:177,1
DA:178,1
DA:179,1
DA:180,1
DA:181,1
DA:182,1
DA:183,1
DA:184,1
DA:185,1
DA:186,1
DA:187,1
DA:188,1
DA:189,1
DA:190,1
DA:192,1
DA:193,1
DA:194,1
DA:195,1
DA:196,1
DA:197,1
DA:198,1
DA:199,1
DA:200,1
DA:201,1
DA:202,1
DA:204,1
DA:205,1
DA:206,1
DA:207,1
DA:208,1
DA:209,1
DA:210,1
DA:211,1
DA:212,1
DA:214,1
DA:215,1
DA:216,1
DA:217,1
DA:218,1
DA:219,1
DA:220,1
DA:221,1
DA:222,1
DA:223,1
DA:225,1
LF:159
LH:153
BRDA:2,0,0,1474
BRDA:30,1,0,35
BRDA:32,2,0,154
BRDA:32,3,0,137
BRDA:35,4,0,35
BRDA:37,5,0,154
BRDA:37,6,0,137
BRDA:51,7,0,7
BRDA:56,8,0,11
BRDA:57,9,0,1
BRDA:57,10,0,10
BRDA:63,11,0,3
BRDA:65,12,0,0
BRDA:70,13,0,1
BRDA:74,14,0,6
BRDA:78,15,0,1
BRDA:81,16,0,5
BRDA:87,17,0,0
BRDA:90,18,0,5
BRDA:94,19,0,1
BRDA:99,20,0,4
BRDA:103,21,0,0
BRDA:116,22,0,3
BRDA:121,23,0,5
BRDA:84,24,0,23
BRDA:127,25,0,1
BRDA:141,26,0,4
BRDA:188,27,0,30
BRDA:190,28,0,30
BRDA:1,29,0,49
BRDA:1,30,0,5
BRDA:1,31,0,11
BRDA:1,32,0,145
BRDA:168,33,0,11
BRDA:169,34,0,2
BRDA:171,35,0,5
BRDA:180,36,0,2
BRDA:188,37,0,1
BRDA:190,38,0,1
BRDA:220,39,0,2
BRF:40
BRH:37
end_of_record
TN:
SF:src/components/TableHeaderControlsButton/index.ts
FNF:0
FNH:0
DA:1,1
DA:3,1
LF:2
LH:2
BRF:0
BRH:0
end_of_record
TN:
SF:src/composables/useI18n.ts
FN:3,useI18n
FN:5,t
FNF:2
FNH:2
FNDA:148,useI18n
FNDA:89,t
DA:1,1
DA:3,1
DA:4,148
DA:5,148
DA:6,148
DA:7,148
LF:6
LH:6
BRDA:3,0,0,148
BRDA:5,1,0,89
BRF:2
BRH:2
end_of_record
TN:
SF:src/composables/useTooltipAppendTo.ts
FN:8,useProvideTooltipAppendTo
FN:12,useInjectTooltipAppendTo
FNF:2
FNH:2
FNDA:13,useProvideTooltipAppendTo
FNDA:115,useInjectTooltipAppendTo
DA:2,1
DA:4,1
DA:8,1
DA:9,13
DA:10,13
DA:12,1
DA:13,115
DA:14,115
DA:15,115
DA:16,115
DA:18,115
DA:19,115
LF:12
LH:12
BRDA:8,0,0,13
BRDA:12,1,0,115
BRDA:15,2,0,108
BRF:3
BRH:3
end_of_record
TN:
SF:src/directives/index.ts
FNF:0
FNH:0
DA:1,1
DA:2,1
LF:2
LH:2
BRF:0
BRH:0
end_of_record
TN:
SF:src/directives/n8n-html.ts
FN:19,configuredSanitize
FN:31,n8nHtml
FNF:2
FNH:2
FNDA:28,configuredSanitize
FNDA:336,n8nHtml
DA:1,1
DA:19,1
DA:20,28
DA:21,28
DA:22,28
DA:23,28
DA:24,28
DA:25,28
DA:26,28
DA:27,28
DA:28,28
DA:29,28
DA:31,1
DA:32,336
DA:33,336
DA:34,336
DA:35,336
DA:36,28
DA:37,28
DA:38,336
LF:20
LH:20
BRDA:19,0,0,28
BRDA:31,1,0,336
BRDA:35,2,0,28
BRF:3
BRH:3
end_of_record
TN:
SF:src/directives/n8n-smart-decimal.ts
FN:27,n8nSmartDecimal
FNF:1
FNH:1
FNDA:12,n8nSmartDecimal
DA:1,1
DA:27,1
DA:28,12
DA:29,12
DA:30,12
DA:31,12
DA:32,12
DA:33,12
DA:34,12
DA:35,12
DA:36,12
DA:37,12
LF:12
LH:12
BRDA:27,0,0,12
BRDA:31,1,0,0
BRDA:33,2,0,5
BRDA:33,3,0,7
BRF:4
BRH:3
end_of_record
TN:
SF:src/directives/n8n-truncate.ts
FN:19,n8nTruncate
FNF:1
FNH:1
FNDA:5,n8nTruncate
DA:1,1
DA:19,1
DA:20,5
DA:21,5
DA:22,5
DA:23,5
DA:24,5
DA:25,5
DA:26,5
LF:9
LH:9
BRDA:19,0,0,5
BRDA:24,1,0,0
BRDA:24,2,0,2
BRF:3
BRH:2
end_of_record
TN:
SF:src/locale/format.ts
FN:8,__vite_ssr_export_default__
FN:9,isReplacementGroup
FN:12,template
FNF:3
FNH:3
FNDA:47,__vite_ssr_export_default__
FNDA:1130,isReplacementGroup
FNDA:175,template
DA:1,1
DA:8,47
DA:9,47
DA:10,1130
DA:12,47
DA:13,175
DA:14,175
DA:15,175
DA:16,175
DA:17,5
DA:18,5
DA:20,170
DA:21,170
DA:22,175
DA:23,95
DA:24,95
DA:26,175
DA:27,1
DA:28,1
DA:30,170
DA:31,1133
DA:33,1133
DA:34,3
DA:35,1133
DA:36,1130
DA:38,1130
DA:39,3
DA:40,3
DA:42,1127
DA:43,1127
DA:44,170
DA:45,175
DA:47,47
DA:48,47
LF:34
LH:34
BRDA:8,0,0,47
BRDA:9,1,0,1130
BRDA:12,2,0,175
BRDA:16,3,0,5
BRDA:18,4,0,174
BRDA:18,5,0,170
BRDA:22,6,0,95
BRDA:22,7,0,174
BRDA:22,8,0,95
BRDA:24,9,0,170
BRDA:26,10,0,1
BRDA:28,11,0,170
BRDA:30,12,0,1133
BRDA:33,13,0,3
BRDA:33,14,0,3
BRDA:35,15,0,1130
BRDA:36,16,0,1127
BRDA:36,17,0,3
BRDA:38,18,0,1127
BRDA:38,19,0,3
BRDA:40,20,0,1127
BRF:21
BRH:21
end_of_record
TN:
SF:src/locale/index.ts
FN:16,t
FN:36,use
FN:38,./lang/en.ts
FN:48,i18n
FNF:4
FNH:4
FNDA:167,t
FNDA:10,use
FNDA:2,./lang/en.ts
FNDA:18,i18n
DA:3,1
DA:4,1
DA:11,1
DA:12,1
DA:14,1
DA:16,1
DA:17,167
DA:18,167
DA:19,167
DA:20,167
DA:21,9
DA:23,9
DA:24,5
DA:25,5
DA:26,9
DA:29,167
DA:30,155
DA:31,155
DA:33,6
DA:34,6
DA:36,10
DA:37,10
DA:38,10
DA:40,2
DA:45,10
DA:46,10
DA:48,1
DA:49,18
DA:50,18
DA:52,1
LF:30
LH:30
BRDA:16,0,0,167
BRDA:20,1,0,9
BRDA:23,2,0,7
BRDA:23,3,0,6
BRDA:23,4,0,5
BRDA:26,5,0,161
BRDA:29,6,0,155
BRDA:30,7,0,76
BRDA:30,8,0,79
BRDA:31,9,0,6
BRDA:36,10,0,10
BRDA:38,11,0,2
BRDA:45,12,0,8
BRDA:38,13,0,2
BRDA:48,14,0,18
BRF:15
BRH:15
end_of_record
TN:
SF:src/locale/lang/en.ts
FN:16,formInput.validator.oneNumbersRequired
FN:20,formInput.validator.uppercaseCharsRequired
FN:26,tags.showMore
FN:60,assistantChat.placeholder.1
FNF:4
FNH:1
FNDA:0,formInput.validator.oneNumbersRequired
FNDA:0,formInput.validator.uppercaseCharsRequired
FNDA:0,tags.showMore
FNDA:1,assistantChat.placeholder.1
DA:4,1
DA:5,1
DA:6,1
DA:7,1
DA:8,1
DA:9,1
DA:10,1
DA:11,1
DA:12,1
DA:13,1
DA:14,1
DA:15,1
DA:16,1
DA:17,0
DA:18,0
DA:19,1
DA:20,1
DA:21,0
DA:22,1
DA:23,1
DA:24,1
DA:25,1
DA:26,1
DA:27,1
DA:28,1
DA:29,1
DA:30,1
DA:31,1
DA:32,1
DA:33,1
DA:34,1
DA:35,1
DA:36,1
DA:37,1
DA:38,1
DA:39,1
DA:40,1
DA:41,1
DA:42,1
DA:43,1
DA:44,1
DA:45,1
DA:46,1
DA:47,1
DA:48,1
DA:49,1
DA:50,1
DA:51,1
DA:52,1
DA:53,1
DA:54,1
DA:55,1
DA:56,1
DA:57,1
DA:58,1
DA:59,1
DA:60,1
DA:61,1
DA:62,1
DA:63,1
DA:64,1
DA:65,1
DA:66,1
DA:67,1
DA:68,1
DA:69,1
DA:70,1
DA:71,1
DA:72,1
DA:73,1
DA:74,1
DA:75,1
DA:76,1
DA:77,1
DA:78,1
LF:75
LH:72
BRDA:60,0,0,1
BRF:1
BRH:1
end_of_record
TN:
SF:src/styleguide/ColorCircles.utils.ts
FN:4,hslToHex
FN:7,f
FN:20,resolveHSLCalc
FN:35,getHex
FNF:4
FNH:4
FNDA:2,hslToHex
FNDA:6,f
FNDA:4,resolveHSLCalc
FNDA:2,getHex
DA:4,1
DA:5,2
DA:6,2
DA:7,2
DA:8,6
DA:9,6
DA:10,6
DA:11,6
DA:12,6
DA:13,6
DA:14,2
DA:15,2
DA:20,1
DA:21,4
DA:22,4
DA:23,4
DA:24,4
DA:25,4
DA:26,0
DA:27,0
DA:28,0
DA:29,0
DA:30,0
DA:35,1
DA:36,2
DA:37,2
DA:38,2
DA:39,2
DA:40,2
DA:41,2
DA:42,2
DA:43,2
DA:44,2
LF:33
LH:28
BRDA:4,0,0,2
BRDA:7,1,0,6
BRDA:20,2,0,4
BRDA:25,3,0,0
BRDA:35,4,0,2
BRF:5
BRH:4
end_of_record
TN:
SF:src/styleguide/ColorCircles.vue
FN:2,get
FN:8,getColors
FN:45,getHexValue
FN:46,getHSLValue
FNF:4
FNH:4
FNDA:10,get
FNDA:2,getColors
FNDA:2,getHexValue
FNDA:2,getHSLValue
DA:1,1
DA:2,10
DA:4,1
DA:6,1
DA:8,1
DA:9,2
DA:11,2
DA:12,2
DA:13,2
DA:14,2
DA:15,2
DA:16,2
DA:17,2
DA:19,2
DA:20,2
DA:22,1
DA:23,1
DA:25,1
DA:26,2
DA:27,0
DA:28,0
DA:29,0
DA:30,0
DA:31,0
DA:32,2
DA:34,2
DA:35,2
DA:36,2
DA:37,2
DA:38,1
DA:40,1
DA:41,2
DA:42,1
DA:45,1
DA:46,1
DA:50,1
DA:51,1
DA:52,1
DA:53,1
DA:54,1
DA:55,1
DA:56,1
DA:57,1
LF:43
LH:38
BRDA:2,0,0,10
BRDA:8,1,0,2
BRDA:25,2,0,2
BRDA:40,3,0,2
BRDA:45,4,0,2
BRDA:46,5,0,2
BRF:6
BRH:6
end_of_record
TN:
SF:src/styleguide/Sizes.vue
FN:2,get
FN:20,getSizes
FN:39,mutationObserverCallback
FNF:3
FNH:2
FNDA:4,get
FNDA:1,getSizes
FNDA:0,mutationObserverCallback
DA:1,1
DA:2,4
DA:10,1
DA:20,1
DA:21,1
DA:23,1
DA:24,1
DA:25,1
DA:26,1
DA:28,1
DA:29,1
DA:31,1
DA:32,1
DA:34,1
DA:35,1
DA:37,1
DA:39,1
DA:40,0
DA:41,0
DA:42,0
DA:43,0
DA:44,0
DA:45,0
DA:47,1
DA:48,1
DA:49,1
DA:50,1
DA:51,1
DA:52,1
DA:54,1
DA:55,1
DA:56,1
DA:60,1
DA:61,1
DA:62,1
DA:63,1
DA:64,1
DA:65,1
DA:66,1
DA:67,1
DA:68,1
DA:69,1
DA:71,1
DA:72,1
DA:73,1
DA:74,1
DA:75,1
LF:47
LH:41
BRDA:2,0,0,4
BRDA:20,1,0,1
BRDA:37,2,0,1
BRDA:54,3,0,1
BRDA:69,4,0,0
BRF:5
BRH:4
end_of_record
TN:
SF:src/types/action-dropdown.ts
FNF:0
FNH:0
LF:0
LH:0
BRF:0
BRH:0
end_of_record
TN:
SF:src/types/assistant.ts
FN:119,isTextMessage
FN:125,isSummaryBlock
FN:133,isCodeDiffMessage
FN:141,isErrorMessage
FN:147,isEndSessionMessage
FN:153,isSessionTimeoutMessage
FN:159,isSessionErrorMessage
FN:165,isAgentSuggestionMessage
FN:175,isWorkflowUpdatedMessage
FN:181,isToolMessage
FN:188,hasRequiredProps
FNF:11
FNH:11
FNDA:10,isTextMessage
FNDA:4,isSummaryBlock
FNDA:5,isCodeDiffMessage
FNDA:5,isErrorMessage
FNDA:7,isEndSessionMessage
FNDA:6,isSessionTimeoutMessage
FNDA:6,isSessionErrorMessage
FNDA:3,isAgentSuggestionMessage
FNDA:3,isWorkflowUpdatedMessage
FNDA:7,isToolMessage
FNDA:26,hasRequiredProps
DA:119,1
DA:120,10
DA:121,10
DA:122,10
DA:123,10
DA:125,1
DA:129,4
DA:130,4
DA:131,4
DA:133,1
DA:137,5
DA:138,5
DA:139,5
DA:141,1
DA:142,5
DA:143,5
DA:144,5
DA:145,5
DA:147,1
DA:148,7
DA:149,7
DA:150,7
DA:151,7
DA:153,1
DA:154,6
DA:155,6
DA:156,6
DA:157,6
DA:159,1
DA:160,6
DA:161,6
DA:162,6
DA:163,6
DA:165,1
DA:166,3
DA:171,3
DA:172,3
DA:173,3
DA:175,1
DA:176,3
DA:177,3
DA:178,3
DA:179,3
DA:181,1
DA:182,7
DA:183,7
DA:184,7
DA:185,7
DA:188,1
DA:189,26
DA:190,26
DA:191,26
DA:192,26
LF:53
LH:53
BRDA:119,0,0,10
BRDA:125,1,0,4
BRDA:133,2,0,5
BRDA:141,3,0,5
BRDA:147,4,0,7
BRDA:150,5,0,5
BRDA:153,6,0,6
BRDA:156,7,0,5
BRDA:159,8,0,6
BRDA:162,9,0,5
BRDA:165,10,0,3
BRDA:175,11,0,3
BRDA:181,12,0,7
BRDA:188,13,0,26
BRDA:191,14,0,11
BRF:15
BRH:15
end_of_record
TN:
SF:src/types/badge.ts
FNF:0
FNH:0
DA:1,1
DA:2,1
DA:3,1
DA:4,1
DA:5,1
DA:6,1
DA:7,1
DA:8,1
DA:9,1
LF:9
LH:9
BRF:0
BRH:0
end_of_record
TN:
SF:src/types/button.ts
FNF:0
FNH:0
DA:5,1
DA:8,1
DA:11,1
DA:14,1
LF:4
LH:4
BRF:0
BRH:0
end_of_record
TN:
SF:src/types/callout.ts
FNF:0
FNH:0
DA:1,1
LF:1
LH:1
BRF:0
BRH:0
end_of_record
TN:
SF:src/types/datatable.ts
FNF:0
FNH:0
LF:0
LH:0
BRF:0
BRH:0
end_of_record
TN:
SF:src/types/form.ts
FNF:0
FNH:0
LF:0
LH:0
BRF:0
BRH:0
end_of_record
TN:
SF:src/types/i18n.ts
FNF:0
FNH:0
LF:0
LH:0
BRF:0
BRH:0
end_of_record
TN:
SF:src/types/icon.ts
FNF:0
FNH:0
DA:3,1
DA:8,1
LF:2
LH:2
BRF:0
BRH:0
end_of_record
TN:
SF:src/types/index.ts
FNF:0
FNH:0
DA:1,1
DA:2,1
DA:3,1
DA:4,1
DA:5,1
DA:6,1
DA:7,1
DA:8,1
DA:9,1
DA:10,1
DA:11,1
DA:12,1
DA:13,1
DA:14,1
DA:15,1
DA:16,1
DA:17,1
DA:18,1
DA:19,1
LF:19
LH:19
BRF:0
BRH:0
end_of_record
TN:
SF:src/types/input.ts
FNF:0
FNH:0
DA:1,1
DA:2,1
LF:2
LH:2
BRF:0
BRH:0
end_of_record
TN:
SF:src/types/keyboardshortcut.ts
FNF:0
FNH:0
LF:0
LH:0
BRF:0
BRH:0
end_of_record
TN:
SF:src/types/menu.ts
FN:52,isCustomMenuItem
FNF:1
FNH:1
FNDA:43,isCustomMenuItem
DA:52,1
LF:1
LH:1
BRDA:52,0,0,43
BRF:1
BRH:1
end_of_record
TN:
SF:src/types/node-creator-node.ts
FNF:0
FNH:0
LF:0
LH:0
BRF:0
BRH:0
end_of_record
TN:
SF:src/types/recycle-scroller.ts
FNF:0
FNH:0
LF:0
LH:0
BRF:0
BRH:0
end_of_record
TN:
SF:src/types/resize.ts
FNF:0
FNH:0
DA:1,1
DA:2,1
DA:3,1
DA:4,1
DA:5,1
DA:6,1
DA:7,1
DA:8,1
DA:9,1
DA:10,1
LF:10
LH:10
BRF:0
BRH:0
end_of_record
TN:
SF:src/types/select.ts
FNF:0
FNH:0
DA:1,1
LF:1
LH:1
BRF:0
BRH:0
end_of_record
TN:
SF:src/types/tabs.ts
FNF:0
FNH:0
LF:0
LH:0
BRF:0
BRH:0
end_of_record
TN:
SF:src/types/text.ts
FNF:0
FNH:0
DA:1,1
DA:4,1
DA:5,1
DA:6,1
DA:7,1
DA:8,1
DA:9,1
DA:10,1
DA:11,1
DA:12,1
DA:13,1
DA:14,1
DA:15,1
DA:16,1
DA:19,1
DA:22,1
LF:16
LH:16
BRF:0
BRH:0
end_of_record
TN:
SF:src/types/user.ts
FNF:0
FNH:0
LF:0
LH:0
BRF:0
BRH:0
end_of_record
TN:
SF:src/utils/form-event-bus.ts
FNF:0
FNH:0
DA:1,1
DA:12,1
LF:2
LH:2
BRF:0
BRH:0
end_of_record
TN:
SF:src/utils/index.ts
FNF:0
FNH:0
DA:1,1
DA:2,1
DA:3,1
DA:4,1
DA:5,1
DA:6,1
LF:6
LH:6
BRF:0
BRH:0
end_of_record
TN:
SF:src/utils/labelUtil.ts
FN:1,getInitials
FN:4,segmentWord
FN:11,getFirstSegment
FN:12,getFirstTwoSegments
FNF:4
FNH:4
FNDA:70,getInitials
FNDA:123,segmentWord
FNDA:114,getFirstSegment
FNDA:9,getFirstTwoSegments
DA:1,1
DA:2,70
DA:4,70
DA:5,123
DA:6,117
DA:7,117
DA:8,6
DA:9,123
DA:11,70
DA:12,70
DA:14,70
DA:16,70
DA:17,70
DA:18,57
DA:19,57
LF:15
LH:15
BRDA:1,0,0,70
BRDA:16,1,0,4
BRDA:16,2,0,66
BRDA:17,3,0,9
BRDA:17,4,0,57
BRDA:4,5,0,123
BRDA:5,6,0,117
BRDA:7,7,0,6
BRDA:6,8,0,542
BRDA:11,9,0,114
BRDA:11,10,0,0
BRDA:12,11,0,9
BRF:12
BRH:11
end_of_record
TN:
SF:src/utils/markdown.ts
FN:11,toggleCheckbox
FNF:1
FNH:1
FNDA:8,toggleCheckbox
DA:1,1
DA:2,1
DA:11,1
DA:12,8
DA:13,8
DA:15,8
DA:16,22
DA:17,22
DA:18,22
DA:20,22
DA:21,12
DA:22,7
DA:23,7
DA:24,7
DA:25,7
DA:26,7
DA:27,5
DA:28,5
DA:29,22
DA:31,8
DA:32,8
LF:21
LH:21
BRDA:11,0,0,8
BRDA:15,1,0,22
BRDA:20,2,0,21
BRDA:20,3,0,12
BRDA:21,4,0,7
BRDA:22,5,0,1
BRDA:22,6,0,6
BRDA:23,7,0,1
BRDA:23,8,0,6
BRDA:26,9,0,5
BRF:10
BRH:10
end_of_record
TN:
SF:src/utils/testUtils.ts
FN:13,removeDynamicAttributes
FNF:1
FNH:1
FNDA:11,removeDynamicAttributes
DA:1,1
DA:13,1
DA:14,11
DA:15,11
DA:16,11
DA:17,11
DA:18,11
LF:7
LH:7
BRDA:13,0,0,11
BRDA:14,1,0,11
BRDA:16,2,0,24
BRF:3
BRH:3
end_of_record
TN:
SF:src/utils/typeguards.ts
FN:1,isEventBindingElementAttribute
FNF:1
FNH:1
FNDA:91,isEventBindingElementAttribute
DA:1,1
DA:2,91
DA:3,91
DA:4,91
DA:5,91
DA:6,91
LF:6
LH:6
BRDA:1,0,0,91
BRF:1
BRH:1
end_of_record
TN:
SF:src/utils/uid.ts
FN:6,uid
FNF:1
FNH:1
FNDA:93,uid
DA:6,1
DA:7,93
DA:8,93
LF:3
LH:3
BRDA:6,0,0,93
BRDA:7,1,0,79
BRDA:7,2,0,14
BRF:3
BRH:3
end_of_record
TN:
SF:src/utils/valueByPath.ts
FN:10,getValueByPath
FNF:1
FNH:1
FNDA:110,getValueByPath
DA:10,1
DA:11,110
DA:12,148
DA:13,110
DA:14,110
LF:5
LH:5
BRDA:10,0,0,110
BRDA:11,1,0,148
BRDA:12,2,0,147
BRF:3
BRH:3
end_of_record
