TN:
SF:src/active-executions.js
FN:4,(anonymous_0)
FN:23,(anonymous_1)
FN:29,(anonymous_2)
FN:44,(anonymous_3)
FN:50,(anonymous_4)
FN:53,(anonymous_5)
FN:99,(anonymous_6)
FN:103,(anonymous_7)
FN:115,(anonymous_8)
FN:118,(anonymous_9)
FN:121,(anonymous_10)
FN:125,(anonymous_11)
FN:132,(anonymous_12)
FN:147,(anonymous_13)
FN:164,(anonymous_14)
FN:172,(anonymous_15)
FN:175,(anonymous_16)
FN:191,(anonymous_17)
FN:194,(anonymous_18)
FN:197,(anonymous_19)
FN:224,(anonymous_20)
FNF:21
FNH:19
FNDA:2,(anonymous_0)
FNDA:2,(anonymous_1)
FNDA:2,(anonymous_2)
FNDA:73,(anonymous_3)
FNDA:12,(anonymous_4)
FNDA:69,(anonymous_5)
FNDA:2,(anonymous_6)
FNDA:12,(anonymous_7)
FNDA:8,(anonymous_8)
FNDA:12,(anonymous_9)
FNDA:2,(anonymous_10)
FNDA:4,(anonymous_11)
FNDA:4,(anonymous_12)
FNDA:12,(anonymous_13)
FNDA:0,(anonymous_14)
FNDA:8,(anonymous_15)
FNDA:12,(anonymous_16)
FNDA:24,(anonymous_17)
FNDA:2,(anonymous_18)
FNDA:0,(anonymous_19)
FNDA:69,(anonymous_20)
DA:3,2
DA:5,2
DA:7,2
DA:13,2
DA:14,2
DA:16,0
DA:17,0
DA:18,0
DA:19,2
DA:22,2
DA:24,2
DA:25,2
DA:28,2
DA:30,2
DA:32,2
DA:33,2
DA:34,2
DA:35,2
DA:36,2
DA:37,2
DA:38,2
DA:39,2
DA:40,2
DA:41,2
DA:42,2
DA:43,2
DA:45,73
DA:46,73
DA:47,73
DA:48,73
DA:51,12
DA:54,69
DA:55,69
DA:56,69
DA:57,30
DA:65,30
DA:66,30
DA:67,30
DA:68,30
DA:70,30
DA:71,30
DA:72,30
DA:73,30
DA:74,30
DA:76,30
DA:78,39
DA:79,39
DA:85,39
DA:87,69
DA:88,69
DA:89,69
DA:97,69
DA:98,69
DA:100,2
DA:101,0
DA:104,12
DA:105,12
DA:106,2
DA:108,10
DA:109,10
DA:112,69
DA:113,69
DA:116,8
DA:119,12
DA:122,2
DA:123,2
DA:126,4
DA:127,4
DA:128,4
DA:129,4
DA:133,4
DA:134,4
DA:135,0
DA:137,4
DA:138,4
DA:139,4
DA:140,2
DA:142,2
DA:143,2
DA:145,4
DA:148,12
DA:149,10
DA:150,10
DA:151,4
DA:152,4
DA:153,4
DA:155,2
DA:161,10
DA:162,10
DA:165,0
DA:166,0
DA:167,0
DA:168,0
DA:169,0
DA:173,8
DA:176,12
DA:178,12
DA:179,8
DA:180,8
DA:189,12
DA:192,24
DA:195,2
DA:198,0
DA:199,0
DA:200,0
DA:202,0
DA:203,0
DA:204,0
DA:205,0
DA:206,0
DA:207,0
DA:208,0
DA:209,0
DA:210,0
DA:213,0
DA:214,0
DA:215,0
DA:216,0
DA:217,0
DA:218,0
DA:220,0
DA:221,0
DA:225,69
DA:226,69
DA:227,4
DA:229,65
DA:232,2
DA:233,2
LF:128
LH:98
BRDA:3,0,0,2
BRDA:3,0,1,2
BRDA:3,0,2,2
BRDA:7,1,0,2
BRDA:7,1,1,0
BRDA:9,2,0,0
BRDA:9,2,1,0
BRDA:13,3,0,2
BRDA:13,3,1,0
BRDA:13,4,0,2
BRDA:13,4,1,2
BRDA:17,5,0,0
BRDA:17,5,1,0
BRDA:18,6,0,0
BRDA:18,6,1,0
BRDA:18,7,0,0
BRDA:18,7,1,0
BRDA:18,8,0,0
BRDA:18,8,1,0
BRDA:19,9,0,2
BRDA:19,9,1,0
BRDA:19,9,2,0
BRDA:22,10,0,2
BRDA:22,10,1,2
BRDA:22,10,2,2
BRDA:24,11,0,2
BRDA:24,11,1,0
BRDA:24,12,0,2
BRDA:24,12,1,2
BRDA:28,13,0,2
BRDA:28,13,1,2
BRDA:28,13,2,2
BRDA:30,14,0,2
BRDA:30,14,1,0
BRDA:30,15,0,2
BRDA:30,15,1,2
BRDA:54,16,0,39
BRDA:54,16,1,30
BRDA:56,17,0,30
BRDA:56,17,1,39
BRDA:65,18,0,30
BRDA:65,18,1,30
BRDA:67,19,0,30
BRDA:67,19,1,0
BRDA:67,20,0,30
BRDA:67,20,1,30
BRDA:72,21,0,30
BRDA:72,21,1,0
BRDA:91,22,0,69
BRDA:91,22,1,61
BRDA:95,23,0,69
BRDA:95,23,1,49
BRDA:100,24,0,2
BRDA:100,24,1,0
BRDA:105,25,0,2
BRDA:105,25,1,10
BRDA:127,26,0,4
BRDA:127,26,1,0
BRDA:134,27,0,0
BRDA:134,27,1,4
BRDA:139,28,0,2
BRDA:139,28,1,2
BRDA:148,29,0,2
BRDA:148,29,1,10
BRDA:150,30,0,4
BRDA:150,30,1,6
BRDA:165,31,0,0
BRDA:165,31,1,0
BRDA:167,32,0,0
BRDA:167,32,1,0
BRDA:167,33,0,0
BRDA:167,33,1,0
BRDA:182,34,0,8
BRDA:182,34,1,8
BRDA:197,35,0,0
BRDA:199,36,0,0
BRDA:199,36,1,0
BRDA:206,37,0,0
BRDA:206,37,1,0
BRDA:206,38,0,0
BRDA:206,38,1,0
BRDA:206,38,2,0
BRDA:209,39,0,0
BRDA:209,39,1,0
BRDA:209,40,0,0
BRDA:209,40,1,0
BRDA:217,41,0,0
BRDA:217,41,1,0
BRDA:226,42,0,4
BRDA:226,42,1,65
BRF:90
BRH:49
end_of_record
TN:
SF:src/constants.js
FNF:0
FNH:0
DA:2,4
DA:3,4
DA:37,4
DA:38,4
DA:39,4
DA:40,4
DA:41,4
DA:42,4
DA:43,4
DA:44,4
DA:45,4
DA:46,4
DA:47,4
DA:48,4
DA:52,4
DA:53,4
DA:56,4
DA:57,4
DA:58,4
DA:63,4
DA:64,4
DA:65,4
DA:66,4
DA:83,4
DA:84,4
DA:91,4
DA:92,4
DA:93,4
DA:94,4
DA:95,4
DA:96,4
DA:97,4
DA:99,4
DA:100,4
DA:101,4
DA:107,4
DA:117,4
DA:127,4
DA:128,4
DA:129,4
DA:130,4
DA:139,4
LF:42
LH:42
BRF:0
BRH:0
end_of_record
TN:
SF:src/license.js
FN:5,(anonymous_0)
FN:11,(anonymous_1)
FN:18,(anonymous_2)
FN:25,(anonymous_3)
FN:28,(anonymous_4)
FN:33,(anonymous_5)
FN:52,(anonymous_6)
FN:53,(anonymous_7)
FN:56,(anonymous_8)
FN:63,(anonymous_9)
FN:75,(anonymous_10)
FN:81,(anonymous_11)
FN:100,(anonymous_12)
FN:109,(anonymous_13)
FN:124,(anonymous_14)
FN:125,(anonymous_15)
FN:127,(anonymous_16)
FN:128,(anonymous_17)
FN:130,(anonymous_18)
FN:131,(anonymous_19)
FN:133,(anonymous_20)
FN:134,(anonymous_21)
FN:136,(anonymous_22)
FN:137,(anonymous_23)
FN:138,(anonymous_24)
FN:158,(anonymous_25)
FN:160,(anonymous_26)
FN:176,(anonymous_27)
FN:188,(anonymous_28)
FN:191,(anonymous_29)
FN:194,(anonymous_30)
FN:196,(anonymous_31)
FN:202,(anonymous_32)
FN:213,(anonymous_33)
FN:220,(anonymous_34)
FN:227,(anonymous_35)
FN:234,(anonymous_36)
FN:241,(anonymous_37)
FN:249,(anonymous_38)
FN:252,(anonymous_39)
FN:255,(anonymous_40)
FN:258,(anonymous_41)
FN:261,(anonymous_42)
FN:264,(anonymous_43)
FN:267,(anonymous_44)
FN:270,(anonymous_45)
FN:273,(anonymous_46)
FN:276,(anonymous_47)
FN:279,(anonymous_48)
FN:282,(anonymous_49)
FN:285,(anonymous_50)
FN:288,(anonymous_51)
FN:291,(anonymous_52)
FN:294,(anonymous_53)
FN:297,(anonymous_54)
FN:300,(anonymous_55)
FN:303,(anonymous_56)
FN:306,(anonymous_57)
FN:309,(anonymous_58)
FN:312,(anonymous_59)
FN:315,(anonymous_60)
FN:318,(anonymous_61)
FN:321,(anonymous_62)
FN:324,(anonymous_63)
FN:327,(anonymous_64)
FN:330,(anonymous_65)
FN:336,(anonymous_66)
FN:344,(anonymous_67)
FN:345,(anonymous_68)
FN:347,(anonymous_69)
FN:350,(anonymous_70)
FN:355,(anonymous_71)
FN:360,(anonymous_72)
FN:366,(anonymous_73)
FN:369,(anonymous_74)
FN:375,(anonymous_75)
FN:378,(anonymous_76)
FN:381,(anonymous_77)
FN:387,(anonymous_78)
FN:390,(anonymous_79)
FN:393,(anonymous_80)
FN:396,(anonymous_81)
FN:399,(anonymous_82)
FN:402,(anonymous_83)
FNF:84
FNH:4
FNDA:0,(anonymous_0)
FNDA:0,(anonymous_1)
FNDA:0,(anonymous_2)
FNDA:0,(anonymous_3)
FNDA:0,(anonymous_4)
FNDA:10,(anonymous_5)
FNDA:2,(anonymous_6)
FNDA:0,(anonymous_7)
FNDA:0,(anonymous_8)
FNDA:0,(anonymous_9)
FNDA:26,(anonymous_10)
FNDA:2,(anonymous_11)
FNDA:0,(anonymous_12)
FNDA:0,(anonymous_13)
FNDA:0,(anonymous_14)
FNDA:0,(anonymous_15)
FNDA:0,(anonymous_16)
FNDA:0,(anonymous_17)
FNDA:0,(anonymous_18)
FNDA:0,(anonymous_19)
FNDA:0,(anonymous_20)
FNDA:0,(anonymous_21)
FNDA:0,(anonymous_22)
FNDA:0,(anonymous_23)
FNDA:0,(anonymous_24)
FNDA:0,(anonymous_25)
FNDA:0,(anonymous_26)
FNDA:0,(anonymous_27)
FNDA:0,(anonymous_28)
FNDA:0,(anonymous_29)
FNDA:0,(anonymous_30)
FNDA:0,(anonymous_31)
FNDA:0,(anonymous_32)
FNDA:0,(anonymous_33)
FNDA:0,(anonymous_34)
FNDA:0,(anonymous_35)
FNDA:0,(anonymous_36)
FNDA:0,(anonymous_37)
FNDA:0,(anonymous_38)
FNDA:0,(anonymous_39)
FNDA:0,(anonymous_40)
FNDA:0,(anonymous_41)
FNDA:0,(anonymous_42)
FNDA:0,(anonymous_43)
FNDA:0,(anonymous_44)
FNDA:0,(anonymous_45)
FNDA:0,(anonymous_46)
FNDA:0,(anonymous_47)
FNDA:0,(anonymous_48)
FNDA:0,(anonymous_49)
FNDA:0,(anonymous_50)
FNDA:0,(anonymous_51)
FNDA:0,(anonymous_52)
FNDA:0,(anonymous_53)
FNDA:0,(anonymous_54)
FNDA:0,(anonymous_55)
FNDA:0,(anonymous_56)
FNDA:0,(anonymous_57)
FNDA:0,(anonymous_58)
FNDA:0,(anonymous_59)
FNDA:0,(anonymous_60)
FNDA:0,(anonymous_61)
FNDA:0,(anonymous_62)
FNDA:0,(anonymous_63)
FNDA:0,(anonymous_64)
FNDA:0,(anonymous_65)
FNDA:0,(anonymous_66)
FNDA:0,(anonymous_67)
FNDA:0,(anonymous_68)
FNDA:0,(anonymous_69)
FNDA:0,(anonymous_70)
FNDA:0,(anonymous_71)
FNDA:0,(anonymous_72)
FNDA:0,(anonymous_73)
FNDA:0,(anonymous_74)
FNDA:0,(anonymous_75)
FNDA:0,(anonymous_76)
FNDA:0,(anonymous_77)
FNDA:0,(anonymous_78)
FNDA:0,(anonymous_79)
FNDA:0,(anonymous_80)
FNDA:0,(anonymous_81)
FNDA:0,(anonymous_82)
FNDA:0,(anonymous_83)
DA:3,2
DA:6,0
DA:7,0
DA:8,0
DA:9,0
DA:12,0
DA:16,0
DA:19,0
DA:20,0
DA:23,2
DA:26,0
DA:29,0
DA:32,2
DA:34,10
DA:36,10
DA:42,10
DA:43,10
DA:45,0
DA:46,0
DA:47,0
DA:48,10
DA:51,2
DA:53,2
DA:54,0
DA:57,0
DA:58,0
DA:59,0
DA:61,0
DA:63,2
DA:64,0
DA:65,0
DA:66,0
DA:67,0
DA:68,0
DA:69,0
DA:70,0
DA:74,2
DA:76,26
DA:77,26
DA:80,2
DA:82,2
DA:84,2
DA:85,2
DA:86,2
DA:87,2
DA:88,2
DA:89,2
DA:90,2
DA:91,2
DA:92,2
DA:93,2
DA:94,2
DA:95,2
DA:96,2
DA:98,2
DA:99,2
DA:101,0
DA:102,0
DA:103,0
DA:104,0
DA:105,0
DA:106,0
DA:107,0
DA:110,0
DA:111,0
DA:112,0
DA:114,0
DA:115,0
DA:116,0
DA:118,0
DA:119,0
DA:120,0
DA:121,0
DA:122,0
DA:123,0
DA:124,0
DA:126,0
DA:127,0
DA:129,0
DA:130,0
DA:132,0
DA:133,0
DA:134,0
DA:135,0
DA:136,0
DA:137,0
DA:138,0
DA:139,0
DA:140,0
DA:141,0
DA:142,0
DA:143,0
DA:144,0
DA:145,0
DA:147,0
DA:148,0
DA:158,0
DA:160,0
DA:168,0
DA:169,0
DA:171,0
DA:172,0
DA:177,0
DA:178,0
DA:179,0
DA:181,0
DA:186,0
DA:189,0
DA:192,0
DA:195,0
DA:196,0
DA:197,0
DA:199,0
DA:203,0
DA:204,0
DA:214,0
DA:215,0
DA:217,0
DA:218,0
DA:221,0
DA:222,0
DA:224,0
DA:225,0
DA:228,0
DA:229,0
DA:231,0
DA:232,0
DA:235,0
DA:236,0
DA:238,0
DA:239,0
DA:242,0
DA:243,0
DA:244,0
DA:246,0
DA:247,0
DA:250,0
DA:253,0
DA:256,0
DA:259,0
DA:262,0
DA:265,0
DA:268,0
DA:271,0
DA:274,0
DA:277,0
DA:280,0
DA:283,0
DA:286,0
DA:289,0
DA:292,0
DA:295,0
DA:298,0
DA:301,0
DA:304,0
DA:307,0
DA:310,0
DA:313,0
DA:316,0
DA:319,0
DA:322,0
DA:325,0
DA:328,0
DA:331,0
DA:332,0
DA:334,0
DA:337,0
DA:338,0
DA:340,0
DA:341,0
DA:342,0
DA:344,0
DA:345,0
DA:348,0
DA:351,0
DA:356,0
DA:361,0
DA:367,0
DA:370,0
DA:376,0
DA:379,0
DA:382,0
DA:383,0
DA:385,0
DA:388,0
DA:391,0
DA:394,0
DA:397,0
DA:398,0
DA:400,0
DA:403,0
DA:409,2
DA:410,2
DA:421,2
DA:432,2
DA:443,2
DA:454,2
LF:197
LH:37
BRDA:3,0,0,2
BRDA:3,0,1,2
BRDA:3,0,2,2
BRDA:4,1,0,2
BRDA:4,1,1,0
BRDA:6,2,0,0
BRDA:6,2,1,0
BRDA:8,3,0,0
BRDA:8,3,1,0
BRDA:8,4,0,0
BRDA:8,4,1,0
BRDA:8,5,0,0
BRDA:8,5,1,0
BRDA:8,6,0,0
BRDA:8,6,1,0
BRDA:19,7,0,0
BRDA:19,7,1,0
BRDA:23,8,0,2
BRDA:23,8,1,2
BRDA:23,8,2,2
BRDA:24,9,0,2
BRDA:24,9,1,0
BRDA:32,10,0,2
BRDA:32,10,1,2
BRDA:32,10,2,2
BRDA:36,11,0,2
BRDA:36,11,1,8
BRDA:38,12,0,8
BRDA:38,12,1,0
BRDA:42,13,0,10
BRDA:42,13,1,0
BRDA:42,14,0,10
BRDA:42,14,1,10
BRDA:46,15,0,0
BRDA:46,15,1,0
BRDA:47,16,0,0
BRDA:47,16,1,0
BRDA:47,17,0,0
BRDA:47,17,1,0
BRDA:47,18,0,0
BRDA:47,18,1,0
BRDA:48,19,0,10
BRDA:48,19,1,8
BRDA:48,19,2,8
BRDA:51,20,0,2
BRDA:51,20,1,2
BRDA:51,20,2,2
BRDA:55,21,0,0
BRDA:55,21,1,0
BRDA:58,22,0,0
BRDA:58,22,1,0
BRDA:64,23,0,0
BRDA:64,23,1,0
BRDA:64,24,0,0
BRDA:64,24,1,0
BRDA:66,25,0,0
BRDA:66,25,1,0
BRDA:68,26,0,0
BRDA:68,26,1,0
BRDA:74,27,0,2
BRDA:74,27,1,2
BRDA:74,27,2,2
BRDA:76,28,0,26
BRDA:76,28,1,0
BRDA:76,29,0,26
BRDA:76,29,1,26
BRDA:80,30,0,2
BRDA:80,30,1,2
BRDA:80,30,2,2
BRDA:82,31,0,2
BRDA:82,31,1,0
BRDA:82,32,0,2
BRDA:82,32,1,2
BRDA:109,33,0,0
BRDA:109,34,0,0
BRDA:109,35,0,0
BRDA:110,36,0,0
BRDA:110,36,1,0
BRDA:110,37,0,0
BRDA:110,37,1,0
BRDA:114,38,0,0
BRDA:114,38,1,0
BRDA:123,39,0,0
BRDA:123,39,1,0
BRDA:126,40,0,0
BRDA:126,40,1,0
BRDA:129,41,0,0
BRDA:129,41,1,0
BRDA:132,42,0,0
BRDA:132,42,1,0
BRDA:135,43,0,0
BRDA:135,43,1,0
BRDA:138,44,0,0
BRDA:138,44,1,0
BRDA:139,45,0,0
BRDA:139,45,1,0
BRDA:142,46,0,0
BRDA:142,46,1,0
BRDA:143,47,0,0
BRDA:143,47,1,0
BRDA:144,48,0,0
BRDA:144,48,1,0
BRDA:144,49,0,0
BRDA:144,49,1,0
BRDA:171,50,0,0
BRDA:171,50,1,0
BRDA:178,51,0,0
BRDA:178,51,1,0
BRDA:186,52,0,0
BRDA:186,52,1,0
BRDA:195,53,0,0
BRDA:195,53,1,0
BRDA:195,54,0,0
BRDA:195,54,1,0
BRDA:203,55,0,0
BRDA:203,55,1,0
BRDA:214,56,0,0
BRDA:214,56,1,0
BRDA:221,57,0,0
BRDA:221,57,1,0
BRDA:228,58,0,0
BRDA:228,58,1,0
BRDA:235,59,0,0
BRDA:235,59,1,0
BRDA:243,60,0,0
BRDA:243,60,1,0
BRDA:250,61,0,0
BRDA:250,61,1,0
BRDA:325,62,0,0
BRDA:325,62,1,0
BRDA:331,63,0,0
BRDA:331,63,1,0
BRDA:337,64,0,0
BRDA:337,64,1,0
BRDA:341,65,0,0
BRDA:341,65,1,0
BRDA:348,66,0,0
BRDA:348,66,1,0
BRDA:352,67,0,0
BRDA:352,67,1,0
BRDA:357,68,0,0
BRDA:357,68,1,0
BRDA:362,69,0,0
BRDA:362,69,1,0
BRDA:367,70,0,0
BRDA:367,70,1,0
BRDA:371,71,0,0
BRDA:371,71,1,0
BRDA:376,72,0,0
BRDA:376,72,1,0
BRDA:379,73,0,0
BRDA:379,73,1,0
BRDA:382,74,0,0
BRDA:382,74,1,0
BRDA:404,75,0,0
BRDA:404,75,1,0
BRF:156
BRH:35
end_of_record
TN:
SF:src/typed-emitter.js
FN:4,(anonymous_0)
FN:12,(anonymous_1)
FN:16,(anonymous_2)
FN:20,(anonymous_3)
FN:23,(anonymous_4)
FN:26,(anonymous_5)
FN:29,(anonymous_6)
FNF:7
FNH:1
FNDA:2,(anonymous_0)
FNDA:0,(anonymous_1)
FNDA:0,(anonymous_2)
FNDA:0,(anonymous_3)
FNDA:0,(anonymous_4)
FNDA:0,(anonymous_5)
FNDA:0,(anonymous_6)
DA:3,2
DA:5,2
DA:7,2
DA:8,2
DA:9,2
DA:10,2
DA:13,0
DA:14,0
DA:15,0
DA:16,0
DA:21,0
DA:24,0
DA:27,0
DA:30,0
DA:33,2
LF:15
LH:7
BRDA:3,0,0,2
BRDA:3,0,1,2
BRDA:3,0,2,2
BRDA:5,1,0,0
BRDA:5,1,1,2
BRDA:5,2,0,2
BRDA:5,2,1,2
BRF:7
BRH:6
end_of_record
TN:
SF:src/utils.js
FN:16,isWorkflowIdValid
FN:19,findWorkflowStart
FN:20,(anonymous_2)
FN:22,(anonymous_3)
FN:25,(anonymous_4)
FN:38,(anonymous_5)
FN:41,(anonymous_6)
FN:43,removeTrailingSlash
FN:46,rightDiff
FN:47,(anonymous_9)
FN:51,(anonymous_10)
FN:58,(anonymous_11)
FN:60,(anonymous_12)
FN:62,(anonymous_13)
FNF:14
FNH:2
FNDA:30,isWorkflowIdValid
FNDA:4,findWorkflowStart
FNDA:0,(anonymous_2)
FNDA:0,(anonymous_3)
FNDA:0,(anonymous_4)
FNDA:0,(anonymous_5)
FNDA:0,(anonymous_6)
FNDA:0,removeTrailingSlash
FNDA:0,rightDiff
FNDA:0,(anonymous_9)
FNDA:0,(anonymous_10)
FNDA:0,(anonymous_11)
FNDA:0,(anonymous_12)
FNDA:0,(anonymous_13)
DA:2,2
DA:3,2
DA:11,2
DA:12,2
DA:13,2
DA:14,2
DA:15,2
DA:17,30
DA:20,4
DA:21,0
DA:22,0
DA:24,0
DA:25,0
DA:26,0
DA:27,0
DA:29,0
DA:30,0
DA:31,0
DA:33,0
DA:36,2
DA:37,2
DA:38,2
DA:39,0
DA:40,2
DA:41,2
DA:42,2
DA:44,0
DA:47,0
DA:48,0
DA:49,0
DA:51,0
DA:52,0
DA:53,0
DA:55,0
DA:58,2
DA:59,2
DA:60,2
DA:61,2
DA:62,2
DA:63,0
DA:64,0
DA:72,2
LF:42
LH:21
BRDA:17,0,0,30
BRDA:17,0,1,30
BRDA:24,1,0,0
BRDA:24,1,1,0
BRDA:26,2,0,0
BRDA:26,2,1,0
BRDA:30,3,0,0
BRDA:30,3,1,0
BRDA:39,4,0,0
BRDA:39,4,1,0
BRDA:44,5,0,0
BRDA:44,5,1,0
BRDA:52,6,0,0
BRDA:52,6,1,0
BRDA:65,7,0,0
BRDA:65,7,1,0
BRDA:65,7,2,0
BRDA:65,7,3,0
BRDA:65,7,4,0
BRDA:65,7,5,0
BRDA:65,7,6,0
BRF:21
BRH:2
end_of_record
TN:
SF:src/concurrency/concurrency-control.service.js
FN:4,(anonymous_0)
FN:23,(anonymous_1)
FN:29,(anonymous_2)
FN:51,(anonymous_3)
FN:58,(anonymous_4)
FN:65,(anonymous_5)
FN:74,(anonymous_6)
FN:81,(anonymous_7)
FN:88,(anonymous_8)
FN:89,(anonymous_9)
FN:97,(anonymous_10)
FN:101,(anonymous_11)
FN:106,(anonymous_12)
FN:115,(anonymous_13)
FN:119,(anonymous_14)
FN:123,(anonymous_15)
FN:127,(anonymous_16)
FN:129,(anonymous_17)
FN:141,(anonymous_18)
FN:144,(anonymous_19)
FN:146,(anonymous_20)
FN:155,(anonymous_21)
FN:158,(anonymous_22)
FN:161,(anonymous_23)
FNF:24
FNH:3
FNDA:2,(anonymous_0)
FNDA:2,(anonymous_1)
FNDA:4,(anonymous_2)
FNDA:0,(anonymous_3)
FNDA:0,(anonymous_4)
FNDA:0,(anonymous_5)
FNDA:0,(anonymous_6)
FNDA:0,(anonymous_7)
FNDA:0,(anonymous_8)
FNDA:0,(anonymous_9)
FNDA:0,(anonymous_10)
FNDA:0,(anonymous_11)
FNDA:0,(anonymous_12)
FNDA:0,(anonymous_13)
FNDA:0,(anonymous_14)
FNDA:0,(anonymous_15)
FNDA:0,(anonymous_16)
FNDA:0,(anonymous_17)
FNDA:0,(anonymous_18)
FNDA:0,(anonymous_19)
FNDA:0,(anonymous_20)
FNDA:0,(anonymous_21)
FNDA:0,(anonymous_22)
FNDA:0,(anonymous_23)
DA:3,2
DA:5,2
DA:7,2
DA:13,2
DA:14,2
DA:16,0
DA:17,0
DA:18,0
DA:19,2
DA:22,2
DA:24,2
DA:25,2
DA:28,2
DA:30,4
DA:32,2
DA:33,2
DA:37,2
DA:38,2
DA:39,2
DA:40,2
DA:41,2
DA:42,2
DA:43,2
DA:44,2
DA:45,2
DA:46,2
DA:47,2
DA:48,2
DA:49,2
DA:50,2
DA:52,0
DA:53,0
DA:54,0
DA:55,0
DA:56,0
DA:57,0
DA:58,0
DA:60,0
DA:61,0
DA:65,0
DA:66,0
DA:67,0
DA:69,0
DA:70,0
DA:73,0
DA:74,0
DA:77,0
DA:78,0
DA:80,0
DA:81,0
DA:82,0
DA:83,0
DA:86,0
DA:87,0
DA:88,0
DA:89,0
DA:90,0
DA:91,0
DA:97,0
DA:98,0
DA:99,0
DA:101,0
DA:102,0
DA:107,0
DA:108,0
DA:109,0
DA:110,0
DA:113,0
DA:116,0
DA:117,0
DA:120,0
DA:121,0
DA:124,0
DA:125,0
DA:128,0
DA:129,0
DA:130,0
DA:131,0
DA:132,0
DA:135,0
DA:136,0
DA:137,0
DA:142,0
DA:145,0
DA:146,0
DA:147,0
DA:156,0
DA:159,0
DA:162,0
DA:170,0
DA:172,0
DA:173,0
DA:174,0
DA:177,2
DA:178,2
LF:95
LH:29
BRDA:3,0,0,2
BRDA:3,0,1,2
BRDA:3,0,2,2
BRDA:7,1,0,2
BRDA:7,1,1,0
BRDA:9,2,0,0
BRDA:9,2,1,0
BRDA:13,3,0,2
BRDA:13,3,1,0
BRDA:13,4,0,2
BRDA:13,4,1,2
BRDA:17,5,0,0
BRDA:17,5,1,0
BRDA:18,6,0,0
BRDA:18,6,1,0
BRDA:18,7,0,0
BRDA:18,7,1,0
BRDA:18,8,0,0
BRDA:18,8,1,0
BRDA:19,9,0,2
BRDA:19,9,1,0
BRDA:19,9,2,0
BRDA:22,10,0,2
BRDA:22,10,1,2
BRDA:22,10,2,2
BRDA:24,11,0,2
BRDA:24,11,1,0
BRDA:24,12,0,2
BRDA:24,12,1,2
BRDA:28,13,0,2
BRDA:28,13,1,2
BRDA:28,13,2,2
BRDA:30,14,0,2
BRDA:30,14,1,2
BRDA:30,15,0,4
BRDA:30,15,1,4
BRDA:66,16,0,0
BRDA:66,16,1,0
BRDA:69,17,0,0
BRDA:69,17,1,0
BRDA:73,18,0,0
BRDA:73,18,1,0
BRDA:74,19,0,0
BRDA:74,19,1,0
BRDA:82,20,0,0
BRDA:82,20,1,0
BRDA:90,21,0,0
BRDA:90,21,1,0
BRDA:107,22,0,0
BRDA:107,22,1,0
BRDA:109,23,0,0
BRDA:109,23,1,0
BRDA:116,24,0,0
BRDA:116,24,1,0
BRDA:116,25,0,0
BRDA:116,25,1,0
BRDA:120,26,0,0
BRDA:120,26,1,0
BRDA:120,27,0,0
BRDA:120,27,1,0
BRDA:124,28,0,0
BRDA:124,28,1,0
BRDA:124,29,0,0
BRDA:124,29,1,0
BRDA:128,30,0,0
BRDA:128,30,1,0
BRDA:135,31,0,0
BRDA:135,31,1,0
BRDA:150,32,0,0
BRDA:150,32,1,0
BRDA:159,33,0,0
BRDA:159,33,1,0
BRDA:162,34,0,0
BRDA:162,34,1,0
BRDA:163,35,0,0
BRDA:163,35,1,0
BRDA:163,35,2,0
BRDA:163,35,3,0
BRDA:163,35,4,0
BRDA:163,35,5,0
BRDA:172,36,0,0
BRDA:172,36,1,0
BRDA:172,37,0,0
BRDA:172,37,1,0
BRDA:173,38,0,0
BRDA:173,38,1,0
BRF:86
BRH:21
end_of_record
TN:
SF:src/concurrency/concurrency-queue.js
FN:4,(anonymous_0)
FN:23,(anonymous_1)
FN:32,(anonymous_2)
FN:37,(anonymous_3)
FN:42,(anonymous_4)
FN:45,(anonymous_5)
FN:48,(anonymous_6)
FN:52,(anonymous_7)
FN:53,(anonymous_8)
FN:60,(anonymous_9)
FN:61,(anonymous_10)
FN:63,(anonymous_11)
FN:64,(anonymous_12)
FN:66,(anonymous_13)
FNF:14
FNH:2
FNDA:2,(anonymous_0)
FNDA:2,(anonymous_1)
FNDA:0,(anonymous_2)
FNDA:0,(anonymous_3)
FNDA:0,(anonymous_4)
FNDA:0,(anonymous_5)
FNDA:0,(anonymous_6)
FNDA:0,(anonymous_7)
FNDA:0,(anonymous_8)
FNDA:0,(anonymous_9)
FNDA:0,(anonymous_10)
FNDA:0,(anonymous_11)
FNDA:0,(anonymous_12)
FNDA:0,(anonymous_13)
DA:3,2
DA:5,2
DA:7,2
DA:13,2
DA:14,2
DA:16,0
DA:17,0
DA:18,0
DA:19,2
DA:22,2
DA:24,2
DA:25,2
DA:27,2
DA:28,2
DA:29,2
DA:30,2
DA:31,2
DA:33,0
DA:34,0
DA:35,0
DA:38,0
DA:39,0
DA:40,0
DA:41,0
DA:42,0
DA:46,0
DA:49,0
DA:50,0
DA:53,0
DA:54,0
DA:55,0
DA:56,0
DA:57,0
DA:61,0
DA:64,0
DA:67,0
DA:68,0
DA:69,0
DA:70,0
DA:71,0
DA:74,2
DA:75,2
LF:42
LH:16
BRDA:3,0,0,2
BRDA:3,0,1,2
BRDA:3,0,2,2
BRDA:7,1,0,2
BRDA:7,1,1,0
BRDA:9,2,0,0
BRDA:9,2,1,0
BRDA:13,3,0,2
BRDA:13,3,1,0
BRDA:13,4,0,2
BRDA:13,4,1,2
BRDA:17,5,0,0
BRDA:17,5,1,0
BRDA:18,6,0,0
BRDA:18,6,1,0
BRDA:18,7,0,0
BRDA:18,7,1,0
BRDA:18,8,0,0
BRDA:18,8,1,0
BRDA:19,9,0,2
BRDA:19,9,1,0
BRDA:19,9,2,0
BRDA:22,10,0,2
BRDA:22,10,1,2
BRDA:22,10,2,2
BRDA:24,11,0,2
BRDA:24,11,1,0
BRDA:24,12,0,2
BRDA:24,12,1,2
BRDA:40,13,0,0
BRDA:40,13,1,0
BRDA:54,14,0,0
BRDA:54,14,1,0
BRDA:68,15,0,0
BRDA:68,15,1,0
BRF:35
BRH:14
end_of_record
TN:
SF:src/config/index.js
FN:4,(anonymous_0)
FN:62,(anonymous_1)
FNF:2
FNH:1
FNDA:12,(anonymous_0)
FNDA:0,(anonymous_1)
DA:3,4
DA:5,12
DA:7,4
DA:8,4
DA:9,4
DA:10,4
DA:11,4
DA:12,4
DA:13,4
DA:14,4
DA:15,4
DA:16,4
DA:17,4
DA:18,4
DA:19,4
DA:20,0
DA:21,0
DA:22,0
DA:23,0
DA:24,0
DA:25,4
DA:26,4
DA:27,4
DA:28,4
DA:29,4
DA:30,4
DA:32,4
DA:33,4
DA:34,4
DA:35,4
DA:36,4
DA:37,0
DA:38,0
DA:39,0
DA:40,0
DA:41,0
DA:42,0
DA:43,0
DA:44,0
DA:45,0
DA:46,0
DA:47,0
DA:49,0
DA:50,0
DA:51,0
DA:55,0
DA:57,0
DA:58,0
DA:62,0
DA:63,0
DA:64,0
DA:65,0
DA:66,0
DA:68,0
DA:69,0
DA:71,0
DA:72,0
DA:74,0
DA:76,0
DA:81,4
DA:84,4
DA:85,4
DA:86,0
DA:87,0
DA:90,0
DA:92,4
DA:95,4
LF:67
LH:31
BRDA:3,0,0,4
BRDA:3,0,1,4
BRDA:3,0,2,4
BRDA:5,1,0,0
BRDA:5,1,1,12
BRDA:5,2,0,12
BRDA:5,2,1,12
BRDA:19,3,0,0
BRDA:19,3,1,4
BRDA:25,4,0,4
BRDA:25,4,1,0
BRDA:36,5,0,0
BRDA:36,5,1,4
BRDA:36,6,0,4
BRDA:36,6,1,4
BRDA:38,7,0,0
BRDA:38,7,1,0
BRDA:41,8,0,0
BRDA:41,8,1,0
BRDA:46,9,0,0
BRDA:46,9,1,0
BRDA:63,10,0,0
BRDA:63,10,1,0
BRDA:63,11,0,0
BRDA:63,11,1,0
BRDA:66,12,0,0
BRDA:66,12,1,0
BRDA:71,13,0,0
BRDA:71,13,1,0
BRDA:85,14,0,0
BRDA:85,14,1,4
BRDA:86,15,0,0
BRDA:86,15,1,0
BRF:33
BRH:12
end_of_record
TN:
SF:src/config/schema.js
FNF:0
FNH:0
DA:2,4
DA:3,4
DA:4,4
DA:5,4
DA:6,4
LF:5
LH:5
BRF:0
BRH:0
end_of_record
TN:
SF:src/environments.ee/source-control/constants.js
FNF:0
FNH:0
DA:2,2
DA:3,2
DA:20,2
DA:21,2
DA:22,2
DA:23,2
DA:24,2
DA:25,2
DA:26,2
DA:27,2
DA:28,2
DA:29,2
DA:30,2
DA:31,2
DA:32,2
DA:33,2
DA:36,2
DA:37,2
LF:18
LH:18
BRF:0
BRH:0
end_of_record
TN:
SF:src/environments.ee/source-control/source-control-helper.ee.js
FN:5,(anonymous_0)
FN:11,(anonymous_1)
FN:18,(anonymous_2)
FN:25,(anonymous_3)
FN:28,(anonymous_4)
FN:33,(anonymous_5)
FN:34,(anonymous_6)
FN:37,(anonymous_7)
FN:44,(anonymous_8)
FN:56,(anonymous_9)
FN:87,stringContainsExpression
FN:90,getWorkflowExportPath
FN:93,getCredentialExportPath
FN:96,getVariablesPath
FN:102,getTagsPath
FN:105,getFoldersPath
FN:111,readTagAndMappingsFromSourceControlFile
FN:124,readFoldersFromSourceControlFile
FN:139,sourceControlFoldersExistCheck
FN:141,(anonymous_19)
FN:157,isSourceControlLicensed
FN:161,generateSshKeyPair
FN:162,(anonymous_22)
FN:200,getRepoType
FN:208,filterSourceControlledFilesUniqueIds
FN:210,(anonymous_25)
FN:211,(anonymous_26)
FN:215,getTrackingInformationFromPullResult
FN:220,(anonymous_28)
FN:224,(anonymous_29)
FN:226,(anonymous_30)
FN:229,getTrackingInformationFromPrePushResult
FN:233,(anonymous_32)
FN:235,(anonymous_33)
FN:237,(anonymous_34)
FN:239,(anonymous_35)
FN:241,(anonymous_36)
FN:244,getTrackingInformationFromPostPushResult
FN:248,(anonymous_38)
FN:249,(anonymous_39)
FN:251,(anonymous_40)
FN:253,(anonymous_41)
FN:256,normalizeAndValidateSourceControlledFilePath
FN:266,isWorkflowModified
FNF:44
FNH:2
FNDA:0,(anonymous_0)
FNDA:0,(anonymous_1)
FNDA:0,(anonymous_2)
FNDA:0,(anonymous_3)
FNDA:0,(anonymous_4)
FNDA:2,(anonymous_5)
FNDA:0,(anonymous_6)
FNDA:0,(anonymous_7)
FNDA:0,(anonymous_8)
FNDA:2,(anonymous_9)
FNDA:0,stringContainsExpression
FNDA:0,getWorkflowExportPath
FNDA:0,getCredentialExportPath
FNDA:0,getVariablesPath
FNDA:0,getTagsPath
FNDA:0,getFoldersPath
FNDA:0,readTagAndMappingsFromSourceControlFile
FNDA:0,readFoldersFromSourceControlFile
FNDA:0,sourceControlFoldersExistCheck
FNDA:0,(anonymous_19)
FNDA:0,isSourceControlLicensed
FNDA:0,generateSshKeyPair
FNDA:0,(anonymous_22)
FNDA:0,getRepoType
FNDA:0,filterSourceControlledFilesUniqueIds
FNDA:0,(anonymous_25)
FNDA:0,(anonymous_26)
FNDA:0,getTrackingInformationFromPullResult
FNDA:0,(anonymous_28)
FNDA:0,(anonymous_29)
FNDA:0,(anonymous_30)
FNDA:0,getTrackingInformationFromPrePushResult
FNDA:0,(anonymous_32)
FNDA:0,(anonymous_33)
FNDA:0,(anonymous_34)
FNDA:0,(anonymous_35)
FNDA:0,(anonymous_36)
FNDA:0,getTrackingInformationFromPostPushResult
FNDA:0,(anonymous_38)
FNDA:0,(anonymous_39)
FNDA:0,(anonymous_40)
FNDA:0,(anonymous_41)
FNDA:0,normalizeAndValidateSourceControlledFilePath
FNDA:0,isWorkflowModified
DA:3,2
DA:6,0
DA:7,0
DA:8,0
DA:9,0
DA:12,0
DA:16,0
DA:19,0
DA:20,0
DA:23,2
DA:26,0
DA:29,0
DA:32,2
DA:34,2
DA:35,0
DA:38,0
DA:39,0
DA:40,0
DA:42,0
DA:44,2
DA:45,0
DA:46,0
DA:47,0
DA:48,0
DA:49,0
DA:50,0
DA:51,0
DA:55,2
DA:57,2
DA:59,2
DA:60,2
DA:61,2
DA:62,2
DA:63,2
DA:64,2
DA:65,2
DA:66,2
DA:67,2
DA:68,2
DA:69,2
DA:70,2
DA:71,2
DA:72,2
DA:73,2
DA:74,2
DA:75,2
DA:76,2
DA:77,2
DA:78,2
DA:79,2
DA:80,2
DA:81,2
DA:82,2
DA:83,2
DA:84,2
DA:85,2
DA:86,2
DA:88,0
DA:91,0
DA:94,0
DA:97,0
DA:103,0
DA:106,0
DA:112,0
DA:113,0
DA:118,0
DA:119,0
DA:121,0
DA:125,0
DA:126,0
DA:133,0
DA:134,0
DA:136,0
DA:140,0
DA:141,0
DA:142,0
DA:143,0
DA:145,0
DA:146,0
DA:147,0
DA:148,0
DA:150,0
DA:155,0
DA:158,0
DA:159,0
DA:162,0
DA:163,0
DA:168,0
DA:170,0
DA:174,0
DA:176,0
DA:187,0
DA:189,0
DA:190,0
DA:191,0
DA:192,0
DA:193,0
DA:194,0
DA:195,0
DA:201,0
DA:202,0
DA:203,0
DA:204,0
DA:206,0
DA:209,0
DA:211,0
DA:216,0
DA:217,0
DA:221,0
DA:224,0
DA:226,0
DA:230,0
DA:231,0
DA:233,0
DA:235,0
DA:237,0
DA:239,0
DA:241,0
DA:245,0
DA:246,0
DA:248,0
DA:249,0
DA:251,0
DA:253,0
DA:257,0
DA:258,0
DA:261,0
DA:262,0
DA:264,0
DA:267,0
LF:130
LH:35
BRDA:3,0,0,2
BRDA:3,0,1,2
BRDA:3,0,2,2
BRDA:4,1,0,2
BRDA:4,1,1,0
BRDA:6,2,0,0
BRDA:6,2,1,0
BRDA:8,3,0,0
BRDA:8,3,1,0
BRDA:8,4,0,0
BRDA:8,4,1,0
BRDA:8,5,0,0
BRDA:8,5,1,0
BRDA:8,6,0,0
BRDA:8,6,1,0
BRDA:19,7,0,0
BRDA:19,7,1,0
BRDA:23,8,0,2
BRDA:23,8,1,2
BRDA:23,8,2,2
BRDA:24,9,0,2
BRDA:24,9,1,0
BRDA:32,10,0,2
BRDA:32,10,1,2
BRDA:32,10,2,2
BRDA:36,11,0,0
BRDA:36,11,1,0
BRDA:39,12,0,0
BRDA:39,12,1,0
BRDA:45,13,0,0
BRDA:45,13,1,0
BRDA:45,14,0,0
BRDA:45,14,1,0
BRDA:47,15,0,0
BRDA:47,15,1,0
BRDA:49,16,0,0
BRDA:49,16,1,0
BRDA:55,17,0,2
BRDA:55,17,1,2
BRDA:55,17,2,2
BRDA:57,18,0,0
BRDA:57,18,1,2
BRDA:57,19,0,2
BRDA:57,19,1,2
BRDA:118,20,0,0
BRDA:118,20,1,0
BRDA:133,21,0,0
BRDA:133,21,1,0
BRDA:139,22,0,0
BRDA:146,23,0,0
BRDA:146,23,1,0
BRDA:168,24,0,0
BRDA:168,24,1,0
BRDA:201,25,0,0
BRDA:201,25,1,0
BRDA:203,26,0,0
BRDA:203,26,1,0
BRDA:210,27,0,0
BRDA:210,27,1,0
BRDA:221,28,0,0
BRDA:221,28,1,0
BRDA:221,28,2,0
BRDA:224,29,0,0
BRDA:224,29,1,0
BRDA:224,29,2,0
BRDA:235,30,0,0
BRDA:235,30,1,0
BRDA:239,31,0,0
BRDA:239,31,1,0
BRDA:248,32,0,0
BRDA:248,32,1,0
BRDA:248,33,0,0
BRDA:248,33,1,0
BRDA:249,34,0,0
BRDA:249,34,1,0
BRDA:251,35,0,0
BRDA:251,35,1,0
BRDA:251,36,0,0
BRDA:251,36,1,0
BRDA:253,37,0,0
BRDA:253,37,1,0
BRDA:253,38,0,0
BRDA:253,38,1,0
BRDA:258,39,0,0
BRDA:258,39,1,0
BRDA:261,40,0,0
BRDA:261,40,1,0
BRDA:268,41,0,0
BRDA:268,41,1,0
BRDA:268,41,2,0
BRF:90
BRH:17
end_of_record
TN:
SF:src/environments.ee/source-control/source-control-preferences.service.ee.js
FN:4,(anonymous_0)
FN:23,(anonymous_1)
FN:29,(anonymous_2)
FN:48,(anonymous_3)
FN:65,(anonymous_4)
FN:71,(anonymous_5)
FN:77,(anonymous_6)
FN:84,(anonymous_7)
FN:89,(anonymous_8)
FN:94,(anonymous_9)
FN:99,(anonymous_10)
FN:109,(anonymous_11)
FN:120,(anonymous_12)
FN:129,(anonymous_13)
FN:154,(anonymous_14)
FN:157,(anonymous_15)
FN:160,(anonymous_16)
FN:165,(anonymous_17)
FN:168,(anonymous_18)
FN:171,(anonymous_19)
FN:188,(anonymous_20)
FN:211,(anonymous_21)
FNF:22
FNH:3
FNDA:2,(anonymous_0)
FNDA:2,(anonymous_1)
FNDA:2,(anonymous_2)
FNDA:0,(anonymous_3)
FNDA:0,(anonymous_4)
FNDA:0,(anonymous_5)
FNDA:0,(anonymous_6)
FNDA:0,(anonymous_7)
FNDA:0,(anonymous_8)
FNDA:0,(anonymous_9)
FNDA:0,(anonymous_10)
FNDA:0,(anonymous_11)
FNDA:0,(anonymous_12)
FNDA:0,(anonymous_13)
FNDA:0,(anonymous_14)
FNDA:0,(anonymous_15)
FNDA:0,(anonymous_16)
FNDA:0,(anonymous_17)
FNDA:0,(anonymous_18)
FNDA:0,(anonymous_19)
FNDA:0,(anonymous_20)
FNDA:0,(anonymous_21)
DA:3,2
DA:5,2
DA:7,2
DA:13,2
DA:14,2
DA:16,0
DA:17,0
DA:18,0
DA:19,2
DA:22,2
DA:24,2
DA:25,2
DA:28,2
DA:30,2
DA:32,2
DA:33,2
DA:34,2
DA:35,2
DA:36,2
DA:37,2
DA:38,2
DA:39,2
DA:40,2
DA:41,2
DA:42,2
DA:43,2
DA:44,2
DA:45,2
DA:46,2
DA:47,2
DA:49,0
DA:50,0
DA:51,0
DA:52,0
DA:53,0
DA:54,0
DA:55,0
DA:59,0
DA:63,0
DA:66,0
DA:72,0
DA:78,0
DA:85,0
DA:86,0
DA:87,0
DA:90,0
DA:91,0
DA:92,0
DA:95,0
DA:96,0
DA:97,0
DA:100,0
DA:101,0
DA:105,0
DA:106,0
DA:107,0
DA:110,0
DA:111,0
DA:112,0
DA:113,0
DA:115,0
DA:116,0
DA:118,0
DA:121,0
DA:122,0
DA:123,0
DA:125,0
DA:126,0
DA:130,0
DA:131,0
DA:134,0
DA:135,0
DA:136,0
DA:145,0
DA:149,0
DA:150,0
DA:152,0
DA:155,0
DA:158,0
DA:161,0
DA:166,0
DA:169,0
DA:172,0
DA:175,0
DA:181,0
DA:182,0
DA:186,0
DA:189,0
DA:190,0
DA:191,0
DA:192,0
DA:193,0
DA:194,0
DA:195,0
DA:204,0
DA:209,0
DA:212,0
DA:215,0
DA:216,0
DA:217,0
DA:218,0
DA:219,0
DA:220,0
DA:223,0
DA:226,0
DA:227,0
DA:230,2
DA:231,2
LF:108
LH:29
BRDA:3,0,0,2
BRDA:3,0,1,2
BRDA:3,0,2,2
BRDA:7,1,0,2
BRDA:7,1,1,0
BRDA:9,2,0,0
BRDA:9,2,1,0
BRDA:13,3,0,2
BRDA:13,3,1,0
BRDA:13,4,0,2
BRDA:13,4,1,2
BRDA:17,5,0,0
BRDA:17,5,1,0
BRDA:18,6,0,0
BRDA:18,6,1,0
BRDA:18,7,0,0
BRDA:18,7,1,0
BRDA:18,8,0,0
BRDA:18,8,1,0
BRDA:19,9,0,2
BRDA:19,9,1,0
BRDA:19,9,2,0
BRDA:22,10,0,2
BRDA:22,10,1,2
BRDA:22,10,2,2
BRDA:24,11,0,2
BRDA:24,11,1,0
BRDA:24,12,0,2
BRDA:24,12,1,2
BRDA:28,13,0,2
BRDA:28,13,1,2
BRDA:28,13,2,2
BRDA:30,14,0,0
BRDA:30,14,1,2
BRDA:30,15,0,2
BRDA:30,15,1,2
BRDA:68,16,0,0
BRDA:68,16,1,0
BRDA:79,17,0,0
BRDA:79,17,1,0
BRDA:79,17,2,0
BRDA:86,18,0,0
BRDA:86,18,1,0
BRDA:91,19,0,0
BRDA:91,19,1,0
BRDA:96,20,0,0
BRDA:96,20,1,0
BRDA:112,21,0,0
BRDA:112,21,1,0
BRDA:115,22,0,0
BRDA:115,22,1,0
BRDA:125,23,0,0
BRDA:125,23,1,0
BRDA:130,24,0,0
BRDA:130,24,1,0
BRDA:132,25,0,0
BRDA:132,25,1,0
BRDA:149,26,0,0
BRDA:149,26,1,0
BRDA:162,27,0,0
BRDA:162,27,1,0
BRDA:171,28,0,0
BRDA:181,29,0,0
BRDA:181,29,1,0
BRDA:188,30,0,0
BRDA:190,31,0,0
BRDA:190,31,1,0
BRDA:192,32,0,0
BRDA:192,32,1,0
BRDA:215,33,0,0
BRDA:215,33,1,0
BRDA:218,34,0,0
BRDA:218,34,1,0
BRF:73
BRH:20
end_of_record
TN:
SF:src/environments.ee/source-control/source-control.config.js
FN:4,(anonymous_0)
FN:23,(anonymous_1)
FN:31,(anonymous_2)
FNF:3
FNH:2
FNDA:4,(anonymous_0)
FNDA:2,(anonymous_1)
FNDA:0,(anonymous_2)
DA:3,2
DA:5,4
DA:7,4
DA:13,4
DA:14,4
DA:16,0
DA:17,0
DA:18,0
DA:19,4
DA:22,2
DA:24,2
DA:25,2
DA:27,2
DA:28,2
DA:29,2
DA:30,2
DA:32,0
DA:35,2
DA:36,2
DA:42,2
LF:20
LH:16
BRDA:3,0,0,2
BRDA:3,0,1,2
BRDA:3,0,2,2
BRDA:7,1,0,2
BRDA:7,1,1,2
BRDA:9,2,0,0
BRDA:9,2,1,2
BRDA:13,3,0,4
BRDA:13,3,1,0
BRDA:13,4,0,4
BRDA:13,4,1,4
BRDA:17,5,0,0
BRDA:17,5,1,0
BRDA:18,6,0,0
BRDA:18,6,1,0
BRDA:18,7,0,0
BRDA:18,7,1,0
BRDA:18,8,0,0
BRDA:18,8,1,0
BRDA:19,9,0,4
BRDA:19,9,1,2
BRDA:19,9,2,0
BRDA:22,10,0,2
BRDA:22,10,1,2
BRDA:22,10,2,2
BRDA:24,11,0,2
BRDA:24,11,1,0
BRDA:24,12,0,2
BRDA:24,12,1,2
BRF:29
BRH:17
end_of_record
TN:
SF:src/environments.ee/source-control/types/source-control-preferences.js
FN:4,(anonymous_0)
FN:23,(anonymous_1)
FN:31,(anonymous_2)
FN:35,(anonymous_3)
FN:38,(anonymous_4)
FNF:5
FNH:2
FNDA:16,(anonymous_0)
FNDA:16,(anonymous_1)
FNDA:0,(anonymous_2)
FNDA:0,(anonymous_3)
FNDA:0,(anonymous_4)
DA:3,2
DA:5,16
DA:7,16
DA:13,16
DA:14,16
DA:16,0
DA:17,0
DA:18,0
DA:19,16
DA:22,2
DA:24,16
DA:25,16
DA:27,2
DA:28,2
DA:29,2
DA:32,0
DA:33,0
DA:36,0
DA:39,0
DA:49,2
DA:50,2
DA:56,2
DA:62,2
DA:68,2
DA:74,2
DA:80,2
DA:90,2
DA:100,2
LF:28
LH:21
BRDA:3,0,0,2
BRDA:3,0,1,2
BRDA:3,0,2,2
BRDA:7,1,0,0
BRDA:7,1,1,16
BRDA:9,2,0,0
BRDA:9,2,1,16
BRDA:13,3,0,16
BRDA:13,3,1,0
BRDA:13,4,0,16
BRDA:13,4,1,16
BRDA:17,5,0,0
BRDA:17,5,1,0
BRDA:18,6,0,0
BRDA:18,6,1,0
BRDA:18,7,0,0
BRDA:18,7,1,0
BRDA:18,8,0,0
BRDA:18,8,1,0
BRDA:19,9,0,16
BRDA:19,9,1,16
BRDA:19,9,2,0
BRDA:22,10,0,2
BRDA:22,10,1,2
BRDA:22,10,2,2
BRDA:24,11,0,16
BRDA:24,11,1,0
BRDA:24,12,0,16
BRDA:24,12,1,16
BRDA:31,13,0,0
BRDA:33,14,0,0
BRDA:33,14,1,0
BRDA:40,15,0,0
BRDA:40,15,1,0
BRDA:41,16,0,0
BRDA:41,16,1,0
BRDA:42,17,0,0
BRDA:42,17,1,0
BRDA:43,18,0,0
BRDA:43,18,1,0
BRDA:44,19,0,0
BRDA:44,19,1,0
BRDA:45,20,0,0
BRDA:45,20,1,0
BRF:44
BRH:16
end_of_record
TN:
SF:src/errors/execution-not-found-error.js
FN:6,(anonymous_0)
FNF:1
FNH:1
FNDA:4,(anonymous_0)
DA:2,2
DA:3,2
DA:4,2
DA:7,4
DA:10,2
LF:5
LH:5
BRF:0
BRH:0
end_of_record
TN:
SF:src/errors/invalid-concurrency-limit.error.js
FN:6,(anonymous_0)
FNF:1
FNH:0
FNDA:0,(anonymous_0)
DA:2,2
DA:3,2
DA:4,2
DA:7,0
DA:10,2
LF:5
LH:4
BRF:0
BRH:0
end_of_record
TN:
SF:src/errors/unknown-execution-mode.error.js
FN:6,(anonymous_0)
FNF:1
FNH:0
FNDA:0,(anonymous_0)
DA:2,2
DA:3,2
DA:4,2
DA:7,0
DA:10,2
LF:5
LH:4
BRF:0
BRH:0
end_of_record
TN:
SF:src/events/event.service.js
FN:4,(anonymous_0)
FNF:1
FNH:1
FNDA:2,(anonymous_0)
DA:3,2
DA:5,2
DA:7,2
DA:13,2
DA:14,2
DA:16,0
DA:17,0
DA:18,0
DA:19,2
DA:21,2
DA:22,2
DA:23,2
DA:24,2
DA:25,2
DA:26,2
DA:27,2
LF:16
LH:13
BRDA:3,0,0,2
BRDA:3,0,1,2
BRDA:3,0,2,2
BRDA:7,1,0,2
BRDA:7,1,1,0
BRDA:9,2,0,0
BRDA:9,2,1,0
BRDA:13,3,0,2
BRDA:13,3,1,0
BRDA:13,4,0,2
BRDA:13,4,1,2
BRDA:17,5,0,0
BRDA:17,5,1,0
BRDA:18,6,0,0
BRDA:18,6,1,0
BRDA:18,7,0,0
BRDA:18,7,1,0
BRDA:18,8,0,0
BRDA:18,8,1,0
BRDA:19,9,0,2
BRDA:19,9,1,0
BRDA:19,9,2,0
BRF:22
BRH:8
end_of_record
TN:
SF:src/metrics/license-metrics.service.js
FN:4,(anonymous_0)
FN:23,(anonymous_1)
FN:32,(anonymous_2)
FN:36,(anonymous_3)
FN:64,(anonymous_4)
FNF:5
FNH:2
FNDA:2,(anonymous_0)
FNDA:2,(anonymous_1)
FNDA:0,(anonymous_2)
FNDA:0,(anonymous_3)
FNDA:0,(anonymous_4)
DA:3,2
DA:5,2
DA:7,2
DA:13,2
DA:14,2
DA:16,0
DA:17,0
DA:18,0
DA:19,2
DA:22,2
DA:24,2
DA:25,2
DA:27,2
DA:28,2
DA:29,2
DA:30,2
DA:31,2
DA:33,0
DA:34,0
DA:46,0
DA:47,0
DA:51,0
DA:65,0
DA:70,2
DA:71,2
LF:25
LH:16
BRDA:3,0,0,2
BRDA:3,0,1,2
BRDA:3,0,2,2
BRDA:7,1,0,2
BRDA:7,1,1,0
BRDA:9,2,0,0
BRDA:9,2,1,0
BRDA:13,3,0,2
BRDA:13,3,1,0
BRDA:13,4,0,2
BRDA:13,4,1,2
BRDA:17,5,0,0
BRDA:17,5,1,0
BRDA:18,6,0,0
BRDA:18,6,1,0
BRDA:18,7,0,0
BRDA:18,7,1,0
BRDA:18,8,0,0
BRDA:18,8,1,0
BRDA:19,9,0,2
BRDA:19,9,1,0
BRDA:19,9,2,0
BRDA:22,10,0,2
BRDA:22,10,1,2
BRDA:22,10,2,2
BRDA:24,11,0,2
BRDA:24,11,1,0
BRDA:24,12,0,2
BRDA:24,12,1,2
BRF:29
BRH:14
end_of_record
TN:
SF:src/posthog/index.js
FN:5,(anonymous_0)
FN:11,(anonymous_1)
FN:18,(anonymous_2)
FN:25,(anonymous_3)
FN:28,(anonymous_4)
FN:33,(anonymous_5)
FN:52,(anonymous_6)
FN:53,(anonymous_7)
FN:56,(anonymous_8)
FN:63,(anonymous_9)
FN:75,(anonymous_10)
FN:85,(anonymous_11)
FN:89,(anonymous_12)
FN:94,(anonymous_13)
FN:103,(anonymous_14)
FN:108,(anonymous_15)
FN:115,(anonymous_16)
FNF:17
FNH:3
FNDA:0,(anonymous_0)
FNDA:0,(anonymous_1)
FNDA:0,(anonymous_2)
FNDA:0,(anonymous_3)
FNDA:0,(anonymous_4)
FNDA:2,(anonymous_5)
FNDA:2,(anonymous_6)
FNDA:0,(anonymous_7)
FNDA:0,(anonymous_8)
FNDA:0,(anonymous_9)
FNDA:2,(anonymous_10)
FNDA:0,(anonymous_11)
FNDA:0,(anonymous_12)
FNDA:0,(anonymous_13)
FNDA:0,(anonymous_14)
FNDA:0,(anonymous_15)
FNDA:0,(anonymous_16)
DA:3,2
DA:6,0
DA:7,0
DA:8,0
DA:9,0
DA:12,0
DA:16,0
DA:19,0
DA:20,0
DA:23,2
DA:26,0
DA:29,0
DA:32,2
DA:34,2
DA:36,2
DA:42,2
DA:43,2
DA:45,0
DA:46,0
DA:47,0
DA:48,2
DA:51,2
DA:53,2
DA:54,0
DA:57,0
DA:58,0
DA:59,0
DA:61,0
DA:63,2
DA:64,0
DA:65,0
DA:66,0
DA:67,0
DA:68,0
DA:69,0
DA:70,0
DA:74,2
DA:76,2
DA:77,2
DA:79,2
DA:80,2
DA:81,2
DA:82,2
DA:83,2
DA:84,2
DA:86,0
DA:87,0
DA:90,0
DA:91,0
DA:92,0
DA:94,0
DA:95,0
DA:98,0
DA:99,0
DA:100,0
DA:104,0
DA:105,0
DA:109,0
DA:116,0
DA:117,0
DA:118,0
DA:125,2
DA:126,2
LF:63
LH:22
BRDA:3,0,0,2
BRDA:3,0,1,2
BRDA:3,0,2,2
BRDA:4,1,0,2
BRDA:4,1,1,0
BRDA:6,2,0,0
BRDA:6,2,1,0
BRDA:8,3,0,0
BRDA:8,3,1,0
BRDA:8,4,0,0
BRDA:8,4,1,0
BRDA:8,5,0,0
BRDA:8,5,1,0
BRDA:8,6,0,0
BRDA:8,6,1,0
BRDA:19,7,0,0
BRDA:19,7,1,0
BRDA:23,8,0,2
BRDA:23,8,1,2
BRDA:23,8,2,2
BRDA:24,9,0,2
BRDA:24,9,1,0
BRDA:32,10,0,2
BRDA:32,10,1,2
BRDA:32,10,2,2
BRDA:36,11,0,2
BRDA:36,11,1,0
BRDA:38,12,0,0
BRDA:38,12,1,0
BRDA:42,13,0,2
BRDA:42,13,1,0
BRDA:42,14,0,2
BRDA:42,14,1,2
BRDA:46,15,0,0
BRDA:46,15,1,0
BRDA:47,16,0,0
BRDA:47,16,1,0
BRDA:47,17,0,0
BRDA:47,17,1,0
BRDA:47,18,0,0
BRDA:47,18,1,0
BRDA:48,19,0,2
BRDA:48,19,1,0
BRDA:48,19,2,0
BRDA:51,20,0,2
BRDA:51,20,1,2
BRDA:51,20,2,2
BRDA:55,21,0,0
BRDA:55,21,1,0
BRDA:58,22,0,0
BRDA:58,22,1,0
BRDA:64,23,0,0
BRDA:64,23,1,0
BRDA:64,24,0,0
BRDA:64,24,1,0
BRDA:66,25,0,0
BRDA:66,25,1,0
BRDA:68,26,0,0
BRDA:68,26,1,0
BRDA:74,27,0,2
BRDA:74,27,1,2
BRDA:74,27,2,2
BRDA:76,28,0,2
BRDA:76,28,1,0
BRDA:76,29,0,2
BRDA:76,29,1,2
BRDA:91,30,0,0
BRDA:91,30,1,0
BRDA:99,31,0,0
BRDA:99,31,1,0
BRDA:104,32,0,0
BRDA:104,32,1,0
BRDA:116,33,0,0
BRDA:116,33,1,0
BRF:74
BRH:25
end_of_record
TN:
SF:src/telemetry/index.js
FN:5,(anonymous_0)
FN:11,(anonymous_1)
FN:18,(anonymous_2)
FN:25,(anonymous_3)
FN:28,(anonymous_4)
FN:33,(anonymous_5)
FN:52,(anonymous_6)
FN:53,(anonymous_7)
FN:56,(anonymous_8)
FN:63,(anonymous_9)
FN:75,(anonymous_10)
FN:81,(anonymous_11)
FN:98,(anonymous_12)
FN:107,(anonymous_13)
FN:116,(anonymous_14)
FN:120,(anonymous_15)
FN:133,(anonymous_16)
FN:135,(anonymous_17)
FN:141,(anonymous_18)
FN:145,(anonymous_19)
FN:182,(anonymous_20)
FN:208,(anonymous_21)
FN:212,(anonymous_22)
FN:225,(anonymous_23)
FN:247,(anonymous_24)
FNF:25
FNH:4
FNDA:0,(anonymous_0)
FNDA:0,(anonymous_1)
FNDA:0,(anonymous_2)
FNDA:0,(anonymous_3)
FNDA:0,(anonymous_4)
FNDA:4,(anonymous_5)
FNDA:2,(anonymous_6)
FNDA:0,(anonymous_7)
FNDA:0,(anonymous_8)
FNDA:0,(anonymous_9)
FNDA:8,(anonymous_10)
FNDA:2,(anonymous_11)
FNDA:0,(anonymous_12)
FNDA:0,(anonymous_13)
FNDA:0,(anonymous_14)
FNDA:0,(anonymous_15)
FNDA:0,(anonymous_16)
FNDA:0,(anonymous_17)
FNDA:0,(anonymous_18)
FNDA:0,(anonymous_19)
FNDA:0,(anonymous_20)
FNDA:0,(anonymous_21)
FNDA:0,(anonymous_22)
FNDA:0,(anonymous_23)
FNDA:0,(anonymous_24)
DA:3,2
DA:6,0
DA:7,0
DA:8,0
DA:9,0
DA:12,0
DA:16,0
DA:19,0
DA:20,0
DA:23,2
DA:26,0
DA:29,0
DA:32,2
DA:34,4
DA:36,4
DA:42,4
DA:43,4
DA:45,0
DA:46,0
DA:47,0
DA:48,4
DA:51,2
DA:53,2
DA:54,0
DA:57,0
DA:58,0
DA:59,0
DA:61,0
DA:63,2
DA:64,0
DA:65,0
DA:66,0
DA:67,0
DA:68,0
DA:69,0
DA:70,0
DA:74,2
DA:76,8
DA:77,8
DA:80,2
DA:82,2
DA:84,2
DA:85,2
DA:86,2
DA:87,2
DA:88,2
DA:89,2
DA:90,2
DA:91,2
DA:92,2
DA:93,2
DA:94,2
DA:95,2
DA:96,2
DA:97,2
DA:99,0
DA:100,0
DA:101,0
DA:102,0
DA:103,0
DA:104,0
DA:105,0
DA:108,0
DA:109,0
DA:110,0
DA:111,0
DA:112,0
DA:113,0
DA:115,0
DA:116,0
DA:117,0
DA:119,0
DA:120,0
DA:121,0
DA:122,0
DA:124,0
DA:130,0
DA:134,0
DA:136,0
DA:142,0
DA:143,0
DA:145,0
DA:146,0
DA:148,0
DA:152,0
DA:154,0
DA:155,0
DA:161,0
DA:162,0
DA:165,0
DA:180,0
DA:183,0
DA:184,0
DA:185,0
DA:186,0
DA:189,0
DA:190,0
DA:191,0
DA:192,0
DA:197,0
DA:199,0
DA:204,0
DA:209,0
DA:210,0
DA:213,0
DA:214,0
DA:216,0
DA:217,0
DA:226,0
DA:227,0
DA:229,0
DA:230,0
DA:231,0
DA:236,0
DA:242,0
DA:248,0
DA:251,2
DA:252,2
DA:263,2
LF:119
LH:33
BRDA:3,0,0,2
BRDA:3,0,1,2
BRDA:3,0,2,2
BRDA:4,1,0,2
BRDA:4,1,1,0
BRDA:6,2,0,0
BRDA:6,2,1,0
BRDA:8,3,0,0
BRDA:8,3,1,0
BRDA:8,4,0,0
BRDA:8,4,1,0
BRDA:8,5,0,0
BRDA:8,5,1,0
BRDA:8,6,0,0
BRDA:8,6,1,0
BRDA:19,7,0,0
BRDA:19,7,1,0
BRDA:23,8,0,2
BRDA:23,8,1,2
BRDA:23,8,2,2
BRDA:24,9,0,2
BRDA:24,9,1,0
BRDA:32,10,0,2
BRDA:32,10,1,2
BRDA:32,10,2,2
BRDA:36,11,0,2
BRDA:36,11,1,2
BRDA:38,12,0,2
BRDA:38,12,1,0
BRDA:42,13,0,4
BRDA:42,13,1,0
BRDA:42,14,0,4
BRDA:42,14,1,4
BRDA:46,15,0,0
BRDA:46,15,1,0
BRDA:47,16,0,0
BRDA:47,16,1,0
BRDA:47,17,0,0
BRDA:47,17,1,0
BRDA:47,18,0,0
BRDA:47,18,1,0
BRDA:48,19,0,4
BRDA:48,19,1,2
BRDA:48,19,2,2
BRDA:51,20,0,2
BRDA:51,20,1,2
BRDA:51,20,2,2
BRDA:55,21,0,0
BRDA:55,21,1,0
BRDA:58,22,0,0
BRDA:58,22,1,0
BRDA:64,23,0,0
BRDA:64,23,1,0
BRDA:64,24,0,0
BRDA:64,24,1,0
BRDA:66,25,0,0
BRDA:66,25,1,0
BRDA:68,26,0,0
BRDA:68,26,1,0
BRDA:74,27,0,2
BRDA:74,27,1,2
BRDA:74,27,2,2
BRDA:76,28,0,8
BRDA:76,28,1,0
BRDA:76,29,0,8
BRDA:76,29,1,8
BRDA:80,30,0,2
BRDA:80,30,1,2
BRDA:80,30,2,2
BRDA:82,31,0,0
BRDA:82,31,1,2
BRDA:82,32,0,2
BRDA:82,32,1,2
BRDA:109,33,0,0
BRDA:109,33,1,0
BRDA:111,34,0,0
BRDA:111,34,1,0
BRDA:111,35,0,0
BRDA:111,35,1,0
BRDA:142,36,0,0
BRDA:142,36,1,0
BRDA:148,37,0,0
BRDA:148,37,1,0
BRDA:149,38,0,0
BRDA:149,38,1,0
BRDA:150,39,0,0
BRDA:150,39,1,0
BRDA:151,40,0,0
BRDA:151,40,1,0
BRDA:183,41,0,0
BRDA:183,41,1,0
BRDA:186,42,0,0
BRDA:186,42,1,0
BRDA:189,43,0,0
BRDA:189,43,1,0
BRDA:189,44,0,0
BRDA:189,44,1,0
BRDA:191,45,0,0
BRDA:191,45,1,0
BRDA:199,46,0,0
BRDA:199,46,1,0
BRDA:200,47,0,0
BRDA:200,47,1,0
BRDA:200,47,2,0
BRDA:213,48,0,0
BRDA:213,48,1,0
BRDA:225,49,0,0
BRDA:226,50,0,0
BRDA:226,50,1,0
BRDA:237,51,0,0
BRDA:237,51,1,0
BRF:111
BRH:35
end_of_record
