TN:
SF:src/active-executions.ts
FN:33,(anonymous_3)
FN:39,(anonymous_4)
FN:46,(anonymous_5)
FN:107,(anonymous_6)
FN:111,(anonymous_7)
FN:131,(anonymous_8)
FN:135,(anonymous_9)
FN:142,(anonymous_10)
FN:148,(anonymous_11)
FN:157,(anonymous_12)
FN:177,(anonymous_13)
FN:199,(anonymous_14)
FN:217,(anonymous_15)
FN:224,(anonymous_16)
FN:244,(anonymous_17)
FN:248,(anonymous_18)
FN:253,(anonymous_19)
FN:289,(anonymous_20)
FNF:18
FNH:0
FNDA:0,(anonymous_3)
FNDA:0,(anonymous_4)
FNDA:0,(anonymous_5)
FNDA:0,(anonymous_6)
FNDA:0,(anonymous_7)
FNDA:0,(anonymous_8)
FNDA:0,(anonymous_9)
FNDA:0,(anonymous_10)
FNDA:0,(anonymous_11)
FNDA:0,(anonymous_12)
FNDA:0,(anonymous_13)
FNDA:0,(anonymous_14)
FNDA:0,(anonymous_15)
FNDA:0,(anonymous_16)
FNDA:0,(anonymous_17)
FNDA:0,(anonymous_18)
FNDA:0,(anonymous_19)
FNDA:0,(anonymous_20)
DA:1,1
DA:3,1
DA:4,1
DA:13,1
DA:14,1
DA:17,1
DA:19,1
DA:21,1
DA:22,1
DA:25,1
DA:29,0
DA:34,0
DA:35,0
DA:36,0
DA:40,0
DA:47,0
DA:48,0
DA:49,0
DA:52,0
DA:61,0
DA:63,0
DA:64,0
DA:65,0
DA:68,0
DA:69,0
DA:71,0
DA:72,0
DA:73,0
DA:75,0
DA:79,0
DA:81,0
DA:89,0
DA:92,0
DA:93,0
DA:95,0
DA:103,0
DA:106,0
DA:108,0
DA:109,0
DA:112,0
DA:113,0
DA:115,0
DA:117,0
DA:118,0
DA:122,0
DA:124,0
DA:132,0
DA:139,0
DA:143,0
DA:144,0
DA:149,0
DA:150,0
DA:151,0
DA:152,0
DA:158,0
DA:159,0
DA:161,0
DA:163,0
DA:164,0
DA:165,0
DA:168,0
DA:170,0
DA:171,0
DA:173,0
DA:178,0
DA:179,0
DA:182,0
DA:183,0
DA:184,0
DA:185,0
DA:187,0
DA:194,0
DA:195,0
DA:205,0
DA:206,0
DA:208,0
DA:209,0
DA:210,0
DA:218,0
DA:225,0
DA:229,0
DA:230,0
DA:231,0
DA:241,0
DA:245,0
DA:249,0
DA:254,0
DA:255,0
DA:258,0
DA:261,0
DA:262,0
DA:263,0
DA:264,0
DA:265,0
DA:267,0
DA:268,0
DA:269,0
DA:271,0
DA:275,0
DA:277,0
DA:278,0
DA:279,0
DA:280,0
DA:281,0
DA:284,0
DA:285,0
DA:290,0
DA:291,0
DA:292,0
DA:294,0
LF:110
LH:10
BRDA:47,0,0,0
BRDA:47,0,1,0
BRDA:49,1,0,0
BRDA:49,1,1,0
BRDA:61,2,0,0
BRDA:61,2,1,0
BRDA:64,3,0,0
BRDA:64,4,0,0
BRDA:64,4,1,0
BRDA:71,5,0,0
BRDA:97,6,0,0
BRDA:97,6,1,0
BRDA:101,7,0,0
BRDA:101,7,1,0
BRDA:108,8,0,0
BRDA:113,9,0,0
BRDA:113,9,1,0
BRDA:150,10,0,0
BRDA:159,11,0,0
BRDA:165,12,0,0
BRDA:165,12,1,0
BRDA:178,13,0,0
BRDA:182,14,0,0
BRDA:205,15,0,0
BRDA:208,16,0,0
BRDA:208,17,0,0
BRDA:208,17,1,0
BRDA:233,18,0,0
BRDA:233,18,1,0
BRDA:253,19,0,0
BRDA:255,20,0,0
BRDA:265,21,0,0
BRDA:265,21,1,0
BRDA:265,22,0,0
BRDA:265,22,1,0
BRDA:265,22,2,0
BRDA:269,23,0,0
BRDA:269,24,0,0
BRDA:269,24,1,0
BRDA:280,25,0,0
BRDA:291,26,0,0
BRDA:34,27,0,1
BRDA:34,27,1,0
BRDA:34,28,0,1
BRDA:34,28,1,1
BRDA:34,29,0,1
BRDA:34,29,1,0
BRDA:34,30,0,1
BRDA:34,30,1,1
BRDA:35,31,0,1
BRDA:35,31,1,0
BRDA:35,32,0,1
BRDA:35,32,1,1
BRF:53
BRH:9
end_of_record
TN:
SF:src/constants.ts
FNF:0
FNH:0
DA:1,3
DA:2,3
DA:5,3
DA:6,3
DA:8,3
DA:9,3
DA:11,3
DA:12,3
DA:14,3
DA:15,3
DA:16,3
DA:17,3
DA:19,3
DA:20,3
DA:21,3
DA:22,3
DA:24,3
DA:30,3
DA:32,3
DA:34,3
DA:36,3
DA:54,3
DA:56,3
DA:64,3
DA:66,3
DA:68,3
DA:69,3
DA:71,3
DA:73,3
DA:75,3
DA:78,3
DA:80,3
DA:82,3
DA:89,3
DA:105,3
DA:117,3
DA:118,3
DA:120,3
DA:122,3
DA:132,3
LF:40
LH:40
BRF:0
BRH:0
end_of_record
TN:
SF:src/controller.registry.ts
FN:26,(anonymous_2)
FN:34,(anonymous_3)
FN:40,(anonymous_4)
FN:51,(anonymous_5)
FN:61,(anonymous_6)
FN:98,(anonymous_7)
FN:108,(anonymous_8)
FN:117,(anonymous_9)
FN:118,(anonymous_10)
FN:127,(anonymous_11)
FN:128,(anonymous_12)
FNF:11
FNH:0
FNDA:0,(anonymous_2)
FNDA:0,(anonymous_3)
FNDA:0,(anonymous_4)
FNDA:0,(anonymous_5)
FNDA:0,(anonymous_6)
FNDA:0,(anonymous_7)
FNDA:0,(anonymous_8)
FNDA:0,(anonymous_9)
FNDA:0,(anonymous_10)
FNDA:0,(anonymous_11)
FNDA:0,(anonymous_12)
DA:1,1
DA:2,1
DA:5,1
DA:7,1
DA:8,1
DA:10,1
DA:11,1
DA:14,1
DA:15,1
DA:16,1
DA:17,1
DA:18,1
DA:19,1
DA:21,1
DA:22,1
DA:25,1
DA:27,0
DA:28,0
DA:29,0
DA:30,0
DA:31,0
DA:35,0
DA:36,0
DA:41,0
DA:43,0
DA:44,0
DA:47,0
DA:49,0
DA:50,0
DA:51,0
DA:54,0
DA:55,0
DA:61,0
DA:62,0
DA:63,0
DA:64,0
DA:65,0
DA:66,0
DA:67,0
DA:68,0
DA:69,0
DA:70,0
DA:71,0
DA:73,0
DA:76,0
DA:78,0
DA:81,0
DA:101,0
DA:109,0
DA:110,0
DA:118,0
DA:119,0
DA:120,0
DA:121,0
DA:123,0
DA:128,0
DA:133,0
DA:135,0
DA:137,0
DA:138,0
DA:139,0
DA:143,0
DA:146,0
DA:147,0
DA:148,0
DA:150,0
DA:153,0
LF:67
LH:16
BRDA:65,0,0,0
BRDA:66,1,0,0
BRDA:66,1,1,0
BRDA:67,2,0,0
BRDA:67,2,1,0
BRDA:69,3,0,0
BRDA:69,4,0,0
BRDA:69,4,1,0
BRDA:71,5,0,0
BRDA:71,5,1,0
BRDA:83,6,0,0
BRDA:83,6,1,0
BRDA:83,7,0,0
BRDA:83,7,1,0
BRDA:87,8,0,0
BRDA:87,8,1,0
BRDA:93,9,0,0
BRDA:93,9,1,0
BRDA:94,10,0,0
BRDA:94,10,1,0
BRDA:97,11,0,0
BRDA:97,11,1,0
BRDA:109,12,0,0
BRDA:119,13,0,0
BRDA:133,14,0,0
BRDA:138,15,0,0
BRDA:146,16,0,0
BRDA:27,17,0,1
BRDA:27,17,1,0
BRDA:27,18,0,1
BRDA:27,18,1,1
BRDA:27,19,0,1
BRDA:27,19,1,0
BRDA:27,20,0,1
BRDA:27,20,1,1
BRDA:28,21,0,1
BRDA:28,21,1,0
BRDA:28,22,0,1
BRDA:28,22,1,1
BRDA:29,23,0,1
BRDA:29,23,1,0
BRDA:29,24,0,1
BRDA:29,24,1,1
BRDA:30,25,0,1
BRDA:30,25,1,0
BRDA:30,26,0,1
BRDA:30,26,1,1
BRF:47
BRH:15
end_of_record
TN:
SF:src/credential-types.ts
FN:8,(anonymous_2)
FN:10,(anonymous_3)
FN:15,(anonymous_4)
FN:19,(anonymous_5)
FN:26,(anonymous_6)
FNF:5
FNH:0
FNDA:0,(anonymous_2)
FNDA:0,(anonymous_3)
FNDA:0,(anonymous_4)
FNDA:0,(anonymous_5)
FNDA:0,(anonymous_6)
DA:1,1
DA:4,1
DA:7,1
DA:8,0
DA:11,0
DA:12,0
DA:16,0
DA:20,0
DA:27,0
DA:29,0
DA:31,0
DA:33,0
DA:34,0
DA:37,0
LF:14
LH:3
BRDA:12,0,0,0
BRDA:12,0,1,0
BRDA:20,1,0,0
BRDA:20,1,1,0
BRDA:27,2,0,0
BRDA:27,2,1,0
BRDA:29,3,0,0
BRDA:8,4,0,1
BRDA:8,4,1,0
BRDA:8,5,0,1
BRDA:8,5,1,1
BRF:11
BRH:3
end_of_record
TN:
SF:src/credentials-helper.ts
FN:59,(anonymous_2)
FN:62,(anonymous_3)
FN:65,(anonymous_4)
FN:77,(anonymous_5)
FN:90,(anonymous_6)
FN:121,(anonymous_7)
FN:122,(anonymous_8)
FN:148,(anonymous_9)
FN:158,(anonymous_10)
FN:206,(anonymous_11)
FN:235,(anonymous_12)
FN:242,(anonymous_13)
FN:278,(anonymous_14)
FN:319,(anonymous_15)
FN:349,(anonymous_16)
FN:432,(anonymous_17)
FN:458,(anonymous_18)
FN:481,(anonymous_19)
FN:488,(anonymous_20)
FN:517,createCredentialsFromCredentialsEntity
FNF:20
FNH:0
FNDA:0,(anonymous_2)
FNDA:0,(anonymous_3)
FNDA:0,(anonymous_4)
FNDA:0,(anonymous_5)
FNDA:0,(anonymous_6)
FNDA:0,(anonymous_7)
FNDA:0,(anonymous_8)
FNDA:0,(anonymous_9)
FNDA:0,(anonymous_10)
FNDA:0,(anonymous_11)
FNDA:0,(anonymous_12)
FNDA:0,(anonymous_13)
FNDA:0,(anonymous_14)
FNDA:0,(anonymous_15)
FNDA:0,(anonymous_16)
FNDA:0,(anonymous_17)
FNDA:0,(anonymous_18)
FNDA:0,(anonymous_19)
FNDA:0,(anonymous_20)
FNDA:0,createCredentialsFromCredentialsEntity
DA:2,1
DA:3,1
DA:4,1
DA:5,1
DA:26,1
DA:34,1
DA:35,1
DA:37,1
DA:38,1
DA:39,1
DA:41,1
DA:49,1
DA:58,1
DA:60,0
DA:63,0
DA:66,0
DA:67,0
DA:71,0
DA:76,1
DA:78,0
DA:79,0
DA:80,0
DA:81,0
DA:82,0
DA:84,0
DA:97,0
DA:98,0
DA:100,0
DA:101,0
DA:104,0
DA:110,0
DA:115,0
DA:116,0
DA:117,0
DA:120,0
DA:121,0
DA:122,0
DA:123,0
DA:125,0
DA:133,0
DA:135,0
DA:138,0
DA:145,0
DA:155,0
DA:157,0
DA:158,0
DA:161,0
DA:162,0
DA:168,0
DA:170,0
DA:171,0
DA:175,0
DA:180,0
DA:185,0
DA:186,0
DA:189,0
DA:190,0
DA:195,0
DA:200,0
DA:212,0
DA:213,0
DA:216,0
DA:225,0
DA:226,0
DA:229,0
DA:236,0
DA:246,0
DA:247,0
DA:255,0
DA:256,0
DA:261,0
DA:262,0
DA:265,0
DA:268,0
DA:279,0
DA:281,0
DA:282,0
DA:285,0
DA:288,0
DA:289,0
DA:301,0
DA:304,0
DA:305,0
DA:306,0
DA:307,0
DA:311,0
DA:313,0
DA:328,0
DA:329,0
DA:331,0
DA:332,0
DA:335,0
DA:358,0
DA:361,0
DA:367,0
DA:376,0
DA:379,0
DA:382,0
DA:383,0
DA:387,0
DA:388,0
DA:389,0
DA:403,0
DA:404,0
DA:407,0
DA:415,0
DA:426,0
DA:437,0
DA:439,0
DA:440,0
DA:443,0
DA:446,0
DA:452,0
DA:463,0
DA:465,0
DA:466,0
DA:469,0
DA:472,0
DA:478,0
DA:482,0
DA:483,0
DA:486,0
DA:489,0
DA:506,0
DA:507,0
DA:510,0
DA:517,1
DA:521,0
DA:522,0
DA:523,0
DA:525,0
LF:131
LH:15
BRDA:66,0,0,0
BRDA:100,1,0,0
BRDA:101,2,0,0
BRDA:110,3,0,0
BRDA:116,4,0,0
BRDA:120,5,0,0
BRDA:133,6,0,0
BRDA:158,7,0,0
BRDA:158,7,1,0
BRDA:161,8,0,0
BRDA:168,9,0,0
BRDA:168,9,1,0
BRDA:170,10,0,0
BRDA:171,11,0,0
BRDA:175,12,0,0
BRDA:176,13,0,0
BRDA:176,13,1,0
BRDA:176,13,2,0
BRDA:185,14,0,0
BRDA:189,15,0,0
BRDA:212,16,0,0
BRDA:225,17,0,0
BRDA:246,18,0,0
BRDA:261,19,0,0
BRDA:281,20,0,0
BRDA:285,21,0,0
BRDA:288,22,0,0
BRDA:331,23,0,0
BRDA:376,24,0,0
BRDA:387,25,0,0
BRDA:387,25,1,0
BRDA:482,26,0,0
BRDA:487,27,0,0
BRDA:487,27,1,0
BRDA:506,28,0,0
BRDA:78,29,0,1
BRDA:78,29,1,0
BRDA:78,30,0,1
BRDA:78,30,1,1
BRDA:78,31,0,1
BRDA:78,31,1,0
BRDA:78,32,0,1
BRDA:78,32,1,1
BRDA:79,33,0,1
BRDA:79,33,1,0
BRDA:79,34,0,1
BRDA:79,34,1,1
BRDA:80,35,0,1
BRDA:80,35,1,0
BRDA:80,36,0,1
BRDA:80,36,1,1
BRDA:81,37,0,1
BRDA:81,37,1,0
BRDA:81,38,0,1
BRDA:81,38,1,1
BRDA:519,39,0,0
BRDA:522,40,0,0
BRF:57
BRH:15
end_of_record
TN:
SF:src/credentials-overwrites.ts
FN:16,(anonymous_2)
FN:29,(anonymous_3)
FN:44,(anonymous_4)
FN:63,(anonymous_5)
FN:95,(anonymous_6)
FN:99,(anonymous_7)
FN:100,(anonymous_8)
FN:101,(anonymous_9)
FN:104,(anonymous_10)
FNF:9
FNH:0
FNDA:0,(anonymous_2)
FNDA:0,(anonymous_3)
FNDA:0,(anonymous_4)
FNDA:0,(anonymous_5)
FNDA:0,(anonymous_6)
FNDA:0,(anonymous_7)
FNDA:0,(anonymous_8)
FNDA:0,(anonymous_9)
FNDA:0,(anonymous_10)
DA:1,1
DA:2,1
DA:3,1
DA:5,1
DA:7,1
DA:11,1
DA:12,0
DA:14,0
DA:18,0
DA:19,0
DA:21,0
DA:22,0
DA:26,0
DA:31,0
DA:33,0
DA:35,0
DA:36,0
DA:38,0
DA:39,0
DA:45,0
DA:47,0
DA:48,0
DA:51,0
DA:53,0
DA:55,0
DA:56,0
DA:60,0
DA:64,0
DA:66,0
DA:69,0
DA:70,0
DA:71,0
DA:74,0
DA:76,0
DA:77,0
DA:78,0
DA:81,0
DA:82,0
DA:83,0
DA:86,0
DA:87,0
DA:90,0
DA:92,0
DA:96,0
DA:97,0
DA:99,0
DA:100,0
DA:101,0
DA:105,0
LF:49
LH:6
BRDA:38,0,0,0
BRDA:38,1,0,0
BRDA:38,1,1,0
BRDA:47,2,0,0
BRDA:55,3,0,0
BRDA:64,4,0,0
BRDA:69,5,0,0
BRDA:76,6,0,0
BRDA:86,7,0,0
BRDA:17,8,0,1
BRDA:17,8,1,0
BRDA:17,9,0,1
BRDA:17,9,1,1
BRDA:17,10,0,1
BRDA:17,10,1,0
BRDA:17,11,0,1
BRDA:17,11,1,1
BRDA:18,12,0,1
BRDA:18,12,1,0
BRDA:18,13,0,1
BRDA:18,13,1,1
BRF:21
BRH:9
end_of_record
TN:
SF:src/external-hooks.ts
FN:101,(anonymous_2)
FN:118,(anonymous_3)
FN:138,(anonymous_4)
FN:149,(anonymous_5)
FNF:4
FNH:0
FNDA:0,(anonymous_2)
FNDA:0,(anonymous_3)
FNDA:0,(anonymous_4)
FNDA:0,(anonymous_5)
DA:2,1
DA:4,1
DA:6,1
DA:12,1
DA:13,1
DA:15,1
DA:94,1
DA:95,0
DA:102,0
DA:103,0
DA:104,0
DA:110,0
DA:119,0
DA:122,0
DA:123,0
DA:124,0
DA:125,0
DA:126,0
DA:128,0
DA:130,0
DA:139,0
DA:140,0
DA:141,0
DA:142,0
DA:143,0
DA:144,0
DA:153,0
DA:154,0
DA:155,0
DA:157,0
DA:159,0
DA:160,0
DA:161,0
DA:163,0
DA:165,0
DA:166,0
DA:170,0
LF:37
LH:7
BRDA:128,0,0,0
BRDA:128,0,1,0
BRDA:155,1,0,0
BRDA:102,2,0,1
BRDA:102,2,1,0
BRDA:102,3,0,1
BRDA:102,3,1,1
BRDA:102,4,0,1
BRDA:102,4,1,0
BRDA:102,5,0,1
BRDA:102,5,1,1
BRDA:103,6,0,1
BRDA:103,6,1,0
BRDA:103,7,0,1
BRDA:103,7,1,1
BRDA:104,8,0,1
BRDA:104,8,1,0
BRDA:104,9,0,1
BRDA:104,9,1,1
BRDA:105,10,0,1
BRDA:105,10,1,0
BRDA:105,11,0,1
BRDA:105,11,1,1
BRDA:106,12,0,1
BRDA:106,12,1,0
BRDA:106,13,0,1
BRDA:106,13,1,1
BRDA:107,14,0,1
BRDA:107,14,1,0
BRDA:107,15,0,1
BRDA:107,15,1,1
BRF:31
BRH:21
end_of_record
TN:
SF:src/license.ts
FN:39,(anonymous_12)
FN:49,(anonymous_13)
FN:68,(anonymous_14)
FN:69,(anonymous_15)
FN:71,(anonymous_16)
FN:72,(anonymous_17)
FN:74,(anonymous_18)
FN:75,(anonymous_19)
FN:77,(anonymous_20)
FN:78,(anonymous_21)
FN:80,(anonymous_22)
FN:81,(anonymous_23)
FN:82,(anonymous_24)
FN:106,(anonymous_25)
FN:108,(anonymous_26)
FN:127,(anonymous_27)
FN:142,(anonymous_28)
FN:146,(anonymous_29)
FN:150,(anonymous_30)
FN:152,(anonymous_31)
FN:157,(anonymous_32)
FN:170,(anonymous_33)
FN:180,(anonymous_34)
FN:188,(anonymous_35)
FN:197,(anonymous_36)
FN:207,(anonymous_37)
FN:220,(anonymous_38)
FN:225,(anonymous_39)
FN:230,(anonymous_40)
FN:235,(anonymous_41)
FN:240,(anonymous_42)
FN:245,(anonymous_43)
FN:250,(anonymous_44)
FN:255,(anonymous_45)
FN:260,(anonymous_46)
FN:265,(anonymous_47)
FN:270,(anonymous_48)
FN:275,(anonymous_49)
FN:280,(anonymous_50)
FN:285,(anonymous_51)
FN:290,(anonymous_52)
FN:295,(anonymous_53)
FN:300,(anonymous_54)
FN:305,(anonymous_55)
FN:310,(anonymous_56)
FN:315,(anonymous_57)
FN:320,(anonymous_58)
FN:325,(anonymous_59)
FN:330,(anonymous_60)
FN:335,(anonymous_61)
FN:340,(anonymous_62)
FN:344,(anonymous_63)
FN:348,(anonymous_64)
FN:352,(anonymous_65)
FN:362,(anonymous_66)
FN:372,(anonymous_67)
FN:375,(anonymous_68)
FN:379,(anonymous_69)
FN:386,(anonymous_70)
FN:391,(anonymous_71)
FN:396,(anonymous_72)
FN:401,(anonymous_73)
FN:406,(anonymous_74)
FN:411,(anonymous_75)
FN:415,(anonymous_76)
FN:419,(anonymous_77)
FN:428,(anonymous_78)
FN:433,(anonymous_79)
FN:438,(anonymous_80)
FN:442,(anonymous_81)
FN:448,(anonymous_82)
FN:451,(anonymous_83)
FNF:72
FNH:0
FNDA:0,(anonymous_12)
FNDA:0,(anonymous_13)
FNDA:0,(anonymous_14)
FNDA:0,(anonymous_15)
FNDA:0,(anonymous_16)
FNDA:0,(anonymous_17)
FNDA:0,(anonymous_18)
FNDA:0,(anonymous_19)
FNDA:0,(anonymous_20)
FNDA:0,(anonymous_21)
FNDA:0,(anonymous_22)
FNDA:0,(anonymous_23)
FNDA:0,(anonymous_24)
FNDA:0,(anonymous_25)
FNDA:0,(anonymous_26)
FNDA:0,(anonymous_27)
FNDA:0,(anonymous_28)
FNDA:0,(anonymous_29)
FNDA:0,(anonymous_30)
FNDA:0,(anonymous_31)
FNDA:0,(anonymous_32)
FNDA:0,(anonymous_33)
FNDA:0,(anonymous_34)
FNDA:0,(anonymous_35)
FNDA:0,(anonymous_36)
FNDA:0,(anonymous_37)
FNDA:0,(anonymous_38)
FNDA:0,(anonymous_39)
FNDA:0,(anonymous_40)
FNDA:0,(anonymous_41)
FNDA:0,(anonymous_42)
FNDA:0,(anonymous_43)
FNDA:0,(anonymous_44)
FNDA:0,(anonymous_45)
FNDA:0,(anonymous_46)
FNDA:0,(anonymous_47)
FNDA:0,(anonymous_48)
FNDA:0,(anonymous_49)
FNDA:0,(anonymous_50)
FNDA:0,(anonymous_51)
FNDA:0,(anonymous_52)
FNDA:0,(anonymous_53)
FNDA:0,(anonymous_54)
FNDA:0,(anonymous_55)
FNDA:0,(anonymous_56)
FNDA:0,(anonymous_57)
FNDA:0,(anonymous_58)
FNDA:0,(anonymous_59)
FNDA:0,(anonymous_60)
FNDA:0,(anonymous_61)
FNDA:0,(anonymous_62)
FNDA:0,(anonymous_63)
FNDA:0,(anonymous_64)
FNDA:0,(anonymous_65)
FNDA:0,(anonymous_66)
FNDA:0,(anonymous_67)
FNDA:0,(anonymous_68)
FNDA:0,(anonymous_69)
FNDA:0,(anonymous_70)
FNDA:0,(anonymous_71)
FNDA:0,(anonymous_72)
FNDA:0,(anonymous_73)
FNDA:0,(anonymous_74)
FNDA:0,(anonymous_75)
FNDA:0,(anonymous_76)
FNDA:0,(anonymous_77)
FNDA:0,(anonymous_78)
FNDA:0,(anonymous_79)
FNDA:0,(anonymous_80)
FNDA:0,(anonymous_81)
FNDA:0,(anonymous_82)
FNDA:0,(anonymous_83)
DA:2,3
DA:3,3
DA:4,3
DA:12,3
DA:13,3
DA:14,3
DA:16,3
DA:17,3
DA:19,3
DA:20,3
DA:22,3
DA:25,3
DA:34,3
DA:37,0
DA:40,0
DA:41,0
DA:42,0
DA:43,0
DA:44,0
DA:46,0
DA:53,0
DA:54,0
DA:55,0
DA:57,0
DA:58,0
DA:59,0
DA:62,0
DA:63,0
DA:64,0
DA:65,0
DA:66,0
DA:67,0
DA:68,0
DA:70,0
DA:71,0
DA:73,0
DA:74,0
DA:76,0
DA:77,0
DA:78,0
DA:79,0
DA:80,0
DA:81,0
DA:82,0
DA:83,0
DA:85,0
DA:86,0
DA:87,0
DA:89,0
DA:91,0
DA:92,0
DA:95,0
DA:96,0
DA:106,0
DA:108,0
DA:117,0
DA:119,0
DA:121,0
DA:122,0
DA:129,0
DA:130,0
DA:131,0
DA:133,0
DA:139,0
DA:143,0
DA:147,0
DA:151,0
DA:152,0
DA:153,0
DA:159,0
DA:160,0
DA:171,0
DA:172,0
DA:175,0
DA:176,0
DA:180,3
DA:181,0
DA:182,0
DA:184,0
DA:185,0
DA:189,0
DA:190,0
DA:193,0
DA:194,0
DA:198,0
DA:199,0
DA:202,0
DA:203,0
DA:207,3
DA:210,0
DA:212,0
DA:213,0
DA:216,0
DA:217,0
DA:221,0
DA:226,0
DA:231,0
DA:236,0
DA:241,0
DA:246,0
DA:251,0
DA:256,0
DA:261,0
DA:266,0
DA:271,0
DA:276,0
DA:281,0
DA:286,0
DA:291,0
DA:296,0
DA:301,0
DA:306,0
DA:311,0
DA:316,0
DA:321,0
DA:326,0
DA:331,0
DA:336,0
DA:341,0
DA:345,0
DA:349,0
DA:353,0
DA:354,0
DA:356,0
DA:363,0
DA:364,0
DA:367,0
DA:368,0
DA:369,0
DA:372,0
DA:374,0
DA:375,0
DA:380,0
DA:387,0
DA:392,0
DA:397,0
DA:402,0
DA:407,0
DA:412,0
DA:416,0
DA:420,0
DA:421,0
DA:424,0
DA:429,0
DA:433,3
DA:434,0
DA:438,3
DA:439,0
DA:443,0
DA:447,0
DA:449,0
DA:452,0
LF:152
LH:17
BRDA:49,0,0,0
BRDA:50,1,0,0
BRDA:51,2,0,0
BRDA:53,3,0,0
BRDA:53,4,0,0
BRDA:53,4,1,0
BRDA:57,5,0,0
BRDA:67,6,0,0
BRDA:67,6,1,0
BRDA:70,7,0,0
BRDA:70,7,1,0
BRDA:73,8,0,0
BRDA:73,8,1,0
BRDA:76,9,0,0
BRDA:76,9,1,0
BRDA:79,10,0,0
BRDA:79,10,1,0
BRDA:82,11,0,0
BRDA:82,11,1,0
BRDA:83,12,0,0
BRDA:83,12,1,0
BRDA:87,13,0,0
BRDA:87,13,1,0
BRDA:89,14,0,0
BRDA:89,14,1,0
BRDA:91,15,0,0
BRDA:91,16,0,0
BRDA:91,16,1,0
BRDA:121,17,0,0
BRDA:130,18,0,0
BRDA:139,19,0,0
BRDA:139,19,1,0
BRDA:151,20,0,0
BRDA:151,21,0,0
BRDA:151,21,1,0
BRDA:159,22,0,0
BRDA:171,23,0,0
BRDA:181,24,0,0
BRDA:189,25,0,0
BRDA:198,26,0,0
BRDA:212,27,0,0
BRDA:221,28,0,0
BRDA:221,28,1,0
BRDA:345,29,0,0
BRDA:345,29,1,0
BRDA:353,30,0,0
BRDA:363,31,0,0
BRDA:368,32,0,0
BRDA:380,33,0,0
BRDA:380,33,1,0
BRDA:387,34,0,0
BRDA:387,34,1,0
BRDA:392,35,0,0
BRDA:392,35,1,0
BRDA:397,36,0,0
BRDA:397,36,1,0
BRDA:402,37,0,0
BRDA:402,37,1,0
BRDA:407,38,0,0
BRDA:407,38,1,0
BRDA:412,39,0,0
BRDA:412,39,1,0
BRDA:416,40,0,0
BRDA:416,40,1,0
BRDA:420,41,0,0
BRDA:453,42,0,0
BRDA:453,42,1,0
BRDA:180,43,0,3
BRDA:180,43,1,0
BRDA:180,44,0,3
BRDA:180,44,1,3
BRDA:40,45,0,3
BRDA:40,45,1,0
BRDA:40,46,0,3
BRDA:40,46,1,3
BRDA:40,47,0,3
BRDA:40,47,1,0
BRDA:40,48,0,3
BRDA:40,48,1,3
BRDA:41,49,0,3
BRDA:41,49,1,0
BRDA:41,50,0,3
BRDA:41,50,1,3
BRDA:42,51,0,3
BRDA:42,51,1,0
BRDA:42,52,0,3
BRDA:42,52,1,3
BRDA:43,53,0,3
BRDA:43,53,1,0
BRDA:43,54,0,3
BRDA:43,54,1,3
BRF:91
BRH:18
end_of_record
TN:
SF:src/load-nodes-and-credentials.ts
FN:55,(anonymous_12)
FN:62,(anonymous_13)
FN:104,(anonymous_14)
FN:108,(anonymous_15)
FN:112,(anonymous_16)
FN:116,(anonymous_17)
FN:120,(anonymous_18)
FN:124,(anonymous_19)
FN:128,(anonymous_20)
FN:157,(anonymous_21)
FN:168,(anonymous_22)
FN:191,(anonymous_23)
FN:202,(anonymous_24)
FN:208,(anonymous_25)
FN:217,(anonymous_26)
FN:228,(anonymous_27)
FN:231,(anonymous_28)
FN:232,(anonymous_29)
FN:243,(anonymous_30)
FN:254,(anonymous_31)
FN:255,(anonymous_32)
FN:262,(anonymous_33)
FN:281,(anonymous_34)
FN:304,(anonymous_35)
FN:306,(anonymous_36)
FN:322,(anonymous_37)
FN:323,(anonymous_38)
FN:325,(anonymous_39)
FN:331,(anonymous_40)
FN:340,(anonymous_41)
FN:346,(anonymous_42)
FN:350,(anonymous_43)
FN:384,(anonymous_44)
FN:400,(anonymous_45)
FN:407,(anonymous_46)
FN:417,(anonymous_47)
FN:439,(anonymous_48)
FN:443,isFullDescription
FN:454,(anonymous_50)
FN:455,(anonymous_51)
FN:457,(anonymous_52)
FN:518,(anonymous_53)
FN:519,(anonymous_54)
FN:521,(anonymous_55)
FN:523,(anonymous_56)
FN:526,(anonymous_57)
FN:535,(anonymous_58)
FN:555,(anonymous_59)
FNF:48
FNH:0
FNDA:0,(anonymous_12)
FNDA:0,(anonymous_13)
FNDA:0,(anonymous_14)
FNDA:0,(anonymous_15)
FNDA:0,(anonymous_16)
FNDA:0,(anonymous_17)
FNDA:0,(anonymous_18)
FNDA:0,(anonymous_19)
FNDA:0,(anonymous_20)
FNDA:0,(anonymous_21)
FNDA:0,(anonymous_22)
FNDA:0,(anonymous_23)
FNDA:0,(anonymous_24)
FNDA:0,(anonymous_25)
FNDA:0,(anonymous_26)
FNDA:0,(anonymous_27)
FNDA:0,(anonymous_28)
FNDA:0,(anonymous_29)
FNDA:0,(anonymous_30)
FNDA:0,(anonymous_31)
FNDA:0,(anonymous_32)
FNDA:0,(anonymous_33)
FNDA:0,(anonymous_34)
FNDA:0,(anonymous_35)
FNDA:0,(anonymous_36)
FNDA:0,(anonymous_37)
FNDA:0,(anonymous_38)
FNDA:0,(anonymous_39)
FNDA:0,(anonymous_40)
FNDA:0,(anonymous_41)
FNDA:0,(anonymous_42)
FNDA:0,(anonymous_43)
FNDA:0,(anonymous_44)
FNDA:0,(anonymous_45)
FNDA:0,(anonymous_46)
FNDA:0,(anonymous_47)
FNDA:0,(anonymous_48)
FNDA:0,isFullDescription
FNDA:0,(anonymous_50)
FNDA:0,(anonymous_51)
FNDA:0,(anonymous_52)
FNDA:0,(anonymous_53)
FNDA:0,(anonymous_54)
FNDA:0,(anonymous_55)
FNDA:0,(anonymous_56)
FNDA:0,(anonymous_57)
FNDA:0,(anonymous_58)
FNDA:0,(anonymous_59)
DA:1,1
DA:2,1
DA:3,1
DA:4,1
DA:5,1
DA:7,1
DA:28,1
DA:30,1
DA:31,1
DA:33,1
DA:34,1
DA:37,1
DA:38,0
DA:41,0
DA:45,0
DA:47,0
DA:49,0
DA:51,0
DA:53,0
DA:56,0
DA:57,0
DA:58,0
DA:59,0
DA:63,0
DA:66,0
DA:67,0
DA:71,0
DA:73,0
DA:74,0
DA:75,0
DA:79,0
DA:87,0
DA:88,0
DA:89,0
DA:92,0
DA:95,0
DA:100,0
DA:101,0
DA:105,0
DA:109,0
DA:113,0
DA:117,0
DA:121,0
DA:125,0
DA:132,0
DA:137,0
DA:144,0
DA:145,0
DA:146,0
DA:151,0
DA:152,0
DA:158,0
DA:159,0
DA:160,0
DA:162,0
DA:163,0
DA:165,0
DA:179,0
DA:180,0
DA:181,0
DA:184,0
DA:185,0
DA:186,0
DA:188,0
DA:192,0
DA:194,0
DA:195,0
DA:196,0
DA:199,0
DA:203,0
DA:204,0
DA:209,0
DA:214,0
DA:218,0
DA:219,0
DA:220,0
DA:229,0
DA:231,0
DA:232,0
DA:233,0
DA:234,0
DA:237,0
DA:239,0
DA:241,0
DA:244,0
DA:255,0
DA:257,0
DA:259,0
DA:260,0
DA:262,0
DA:263,0
DA:268,0
DA:285,0
DA:286,0
DA:287,0
DA:293,0
DA:294,0
DA:295,0
DA:306,0
DA:308,0
DA:310,0
DA:316,0
DA:318,0
DA:319,0
DA:321,0
DA:322,0
DA:323,0
DA:325,0
DA:326,0
DA:332,0
DA:333,0
DA:334,0
DA:336,0
DA:338,0
DA:339,0
DA:340,0
DA:345,0
DA:346,0
DA:350,0
DA:356,0
DA:357,0
DA:360,0
DA:361,0
DA:364,0
DA:365,0
DA:366,0
DA:372,0
DA:378,0
DA:379,0
DA:384,0
DA:391,0
DA:393,0
DA:395,0
DA:396,0
DA:401,0
DA:402,0
DA:403,0
DA:404,0
DA:408,0
DA:409,0
DA:410,0
DA:411,0
DA:412,0
DA:414,0
DA:418,0
DA:420,0
DA:421,0
DA:422,0
DA:423,0
DA:427,0
DA:428,0
DA:431,0
DA:444,0
DA:447,0
DA:448,0
DA:449,0
DA:450,0
DA:451,0
DA:452,0
DA:454,0
DA:455,0
DA:457,0
DA:458,0
DA:478,0
DA:489,0
DA:493,0
DA:494,0
DA:496,0
DA:505,0
DA:507,0
DA:515,0
DA:519,0
DA:521,0
DA:523,0
DA:524,0
DA:526,0
DA:527,0
DA:528,0
DA:529,0
DA:532,0
DA:535,0
DA:536,0
DA:537,0
DA:538,0
DA:539,0
DA:540,0
DA:541,0
DA:543,0
DA:548,0
DA:551,0
DA:556,0
DA:557,0
DA:558,0
DA:560,0
DA:562,0
DA:563,0
DA:567,0
DA:571,0
DA:575,0
DA:576,0
LF:200
LH:12
BRDA:63,0,0,0
BRDA:66,1,0,0
BRDA:66,1,1,0
BRDA:73,2,0,0
BRDA:74,3,0,0
BRDA:74,3,1,0
BRDA:92,4,0,0
BRDA:137,5,0,0
BRDA:137,5,1,0
BRDA:159,6,0,0
BRDA:165,7,0,0
BRDA:165,7,1,0
BRDA:180,8,0,0
BRDA:188,9,0,0
BRDA:188,9,1,0
BRDA:194,10,0,0
BRDA:218,11,0,0
BRDA:229,12,0,0
BRDA:233,13,0,0
BRDA:239,14,0,0
BRDA:242,15,0,0
BRDA:242,15,1,0
BRDA:257,16,0,0
BRDA:257,16,1,0
BRDA:259,17,0,0
BRDA:260,18,0,0
BRDA:263,19,0,0
BRDA:264,20,0,0
BRDA:264,20,1,0
BRDA:264,20,2,0
BRDA:286,21,0,0
BRDA:286,22,0,0
BRDA:286,22,1,0
BRDA:310,23,0,0
BRDA:310,23,1,0
BRDA:349,24,0,0
BRDA:349,24,1,0
BRDA:383,25,0,0
BRDA:383,25,1,0
BRDA:404,26,0,0
BRDA:404,26,1,0
BRDA:411,27,0,0
BRDA:421,28,0,0
BRDA:427,29,0,0
BRDA:444,30,0,0
BRDA:444,30,1,0
BRDA:444,30,2,0
BRDA:447,31,0,0
BRDA:457,32,0,0
BRDA:493,33,0,0
BRDA:493,34,0,0
BRDA:493,34,1,0
BRDA:505,35,0,0
BRDA:505,35,1,0
BRDA:511,36,0,0
BRDA:511,36,1,0
BRDA:548,37,0,0
BRDA:548,37,1,0
BRDA:556,38,0,0
BRDA:557,39,0,0
BRDA:558,40,0,0
BRDA:560,41,0,0
BRDA:563,42,0,0
BRDA:563,42,1,0
BRDA:567,43,0,0
BRDA:567,43,1,0
BRDA:56,44,0,1
BRDA:56,44,1,0
BRDA:56,45,0,1
BRDA:56,45,1,1
BRDA:56,46,0,1
BRDA:56,46,1,0
BRDA:56,47,0,1
BRDA:56,47,1,1
BRDA:57,48,0,1
BRDA:57,48,1,0
BRDA:57,49,0,1
BRDA:57,49,1,1
BRDA:58,50,0,1
BRDA:58,50,1,0
BRDA:58,51,0,1
BRDA:58,51,1,1
BRF:82
BRH:12
end_of_record
TN:
SF:src/manual-execution.service.ts
FN:28,(anonymous_11)
FN:30,(anonymous_12)
FN:49,(anonymous_13)
FN:61,(anonymous_14)
FNF:4
FNH:0
FNDA:0,(anonymous_11)
FNDA:0,(anonymous_12)
FNDA:0,(anonymous_13)
FNDA:0,(anonymous_14)
DA:1,1
DA:2,1
DA:3,1
DA:4,1
DA:5,1
DA:12,1
DA:27,1
DA:28,0
DA:34,0
DA:35,0
DA:39,0
DA:43,0
DA:46,0
DA:56,0
DA:57,0
DA:61,0
DA:62,0
DA:63,0
DA:64,0
DA:66,0
DA:68,0
DA:69,0
DA:70,0
DA:72,0
DA:73,0
DA:79,0
DA:80,0
DA:81,0
DA:84,0
DA:95,0
DA:96,0
DA:99,0
DA:104,0
DA:105,0
DA:117,0
DA:122,0
DA:124,0
DA:125,0
DA:126,0
DA:131,0
DA:136,0
DA:137,0
DA:143,0
DA:148,0
DA:149,0
DA:150,0
DA:153,0
DA:158,0
DA:160,0
DA:169,0
DA:171,0
DA:173,0
DA:174,0
DA:183,0
LF:54
LH:7
BRDA:34,0,0,0
BRDA:35,1,0,0
BRDA:35,1,1,0
BRDA:39,2,0,0
BRDA:40,3,0,0
BRDA:40,3,1,0
BRDA:41,4,0,0
BRDA:41,4,1,0
BRDA:43,5,0,0
BRDA:43,5,1,0
BRDA:56,6,0,0
BRDA:56,6,1,0
BRDA:56,7,0,0
BRDA:56,7,1,0
BRDA:72,8,0,0
BRDA:77,9,0,0
BRDA:77,9,1,0
BRDA:95,10,0,0
BRDA:105,11,0,0
BRDA:105,11,1,0
BRDA:106,12,0,0
BRDA:106,12,1,0
BRDA:106,12,2,0
BRDA:106,12,3,0
BRDA:106,12,4,0
BRDA:124,13,0,0
BRDA:136,14,0,0
BRDA:148,15,0,0
BRDA:149,16,0,0
BRDA:149,16,1,0
BRDA:173,17,0,0
BRDA:173,17,1,0
BRDA:186,18,0,0
BRDA:186,18,1,0
BRDA:28,19,0,1
BRDA:28,19,1,0
BRDA:28,20,0,1
BRDA:28,20,1,1
BRF:38
BRH:3
end_of_record
TN:
SF:src/node-types.ts
FN:16,(anonymous_2)
FN:21,(anonymous_3)
FN:31,(anonymous_4)
FN:35,(anonymous_5)
FN:58,(anonymous_6)
FN:90,(anonymous_7)
FN:94,(anonymous_8)
FN:112,(anonymous_9)
FN:115,(anonymous_10)
FN:122,(anonymous_11)
FN:125,(anonymous_12)
FN:136,(anonymous_13)
FN:137,(anonymous_14)
FNF:13
FNH:0
FNDA:0,(anonymous_2)
FNDA:0,(anonymous_3)
FNDA:0,(anonymous_4)
FNDA:0,(anonymous_5)
FNDA:0,(anonymous_6)
FNDA:0,(anonymous_7)
FNDA:0,(anonymous_8)
FNDA:0,(anonymous_9)
FNDA:0,(anonymous_10)
FNDA:0,(anonymous_11)
FNDA:0,(anonymous_12)
FNDA:0,(anonymous_13)
FNDA:0,(anonymous_14)
DA:1,1
DA:4,1
DA:5,1
DA:8,1
DA:9,1
DA:11,1
DA:12,1
DA:15,1
DA:16,0
DA:25,0
DA:26,0
DA:28,0
DA:32,0
DA:36,0
DA:38,0
DA:41,0
DA:42,0
DA:43,0
DA:47,0
DA:48,0
DA:51,0
DA:52,0
DA:53,0
DA:54,0
DA:57,0
DA:58,0
DA:59,0
DA:60,0
DA:61,0
DA:65,0
DA:67,0
DA:68,0
DA:70,0
DA:71,0
DA:72,0
DA:76,0
DA:79,0
DA:82,0
DA:85,0
DA:86,0
DA:87,0
DA:91,0
DA:103,0
DA:104,0
DA:105,0
DA:107,0
DA:113,0
DA:115,0
DA:116,0
DA:117,0
DA:120,0
DA:122,0
DA:126,0
DA:128,0
DA:130,0
DA:137,0
DA:138,0
DA:139,0
DA:141,0
DA:144,0
DA:148,0
LF:61
LH:8
BRDA:41,0,0,0
BRDA:41,1,0,0
BRDA:41,1,1,0
BRDA:47,2,0,0
BRDA:53,3,0,0
BRDA:53,4,0,0
BRDA:53,4,1,0
BRDA:57,5,0,0
BRDA:61,6,0,0
BRDA:61,6,1,0
BRDA:65,7,0,0
BRDA:67,8,0,0
BRDA:71,9,0,0
BRDA:107,10,0,0
BRDA:107,10,1,0
BRDA:116,11,0,0
BRDA:120,12,0,0
BRDA:126,13,0,0
BRDA:131,14,0,0
BRDA:131,14,1,0
BRDA:144,15,0,0
BRDA:144,15,1,0
BRDA:16,16,0,1
BRDA:16,16,1,0
BRDA:16,17,0,1
BRDA:16,17,1,1
BRF:26
BRH:3
end_of_record
TN:
SF:src/response-helper.ts
FN:11,sendSuccessResponse
FN:49,isResponseError
FN:73,sendErrorResponse
FN:133,(anonymous_4)
FN:134,(anonymous_5)
FN:136,reportError
FN:150,send
FN:154,(anonymous_8)
FNF:8
FNH:0
FNDA:0,sendSuccessResponse
FNDA:0,isResponseError
FNDA:0,sendErrorResponse
FNDA:0,(anonymous_4)
FNDA:0,(anonymous_5)
FNDA:0,reportError
FNDA:0,send
FNDA:0,(anonymous_8)
DA:1,1
DA:2,1
DA:4,1
DA:5,1
DA:6,1
DA:7,1
DA:9,1
DA:11,1
DA:18,0
DA:19,0
DA:22,0
DA:23,0
DA:26,0
DA:27,0
DA:28,0
DA:31,0
DA:32,0
DA:33,0
DA:35,0
DA:38,0
DA:50,0
DA:51,0
DA:54,0
DA:55,0
DA:63,0
DA:73,1
DA:74,0
DA:76,0
DA:81,0
DA:82,0
DA:83,0
DA:87,0
DA:88,0
DA:89,0
DA:90,0
DA:91,0
DA:93,0
DA:94,0
DA:95,0
DA:96,0
DA:100,0
DA:103,0
DA:108,0
DA:110,0
DA:111,0
DA:113,0
DA:114,0
DA:118,0
DA:119,0
DA:120,0
DA:123,0
DA:126,0
DA:127,0
DA:130,0
DA:133,1
DA:134,0
DA:136,1
DA:137,0
DA:138,0
DA:150,1
DA:154,0
DA:155,0
DA:156,0
DA:158,0
DA:160,0
DA:161,0
DA:163,0
DA:164,0
DA:168,0
LF:69
LH:12
BRDA:18,0,0,0
BRDA:22,1,0,0
BRDA:26,2,0,0
BRDA:31,3,0,0
BRDA:31,3,1,0
BRDA:32,4,0,0
BRDA:32,4,1,0
BRDA:50,5,0,0
BRDA:54,6,0,0
BRDA:56,7,0,0
BRDA:56,7,1,0
BRDA:56,7,2,0
BRDA:56,7,3,0
BRDA:78,8,0,0
BRDA:78,8,1,0
BRDA:81,9,0,0
BRDA:82,10,0,0
BRDA:88,11,0,0
BRDA:88,12,0,0
BRDA:88,12,1,0
BRDA:93,13,0,0
BRDA:93,14,0,0
BRDA:93,14,1,0
BRDA:100,15,0,0
BRDA:100,16,0,0
BRDA:100,16,1,0
BRDA:100,16,2,0
BRDA:110,17,0,0
BRDA:113,18,0,0
BRDA:118,19,0,0
BRDA:119,20,0,0
BRDA:126,21,0,0
BRDA:126,22,0,0
BRDA:126,22,1,0
BRDA:137,23,0,0
BRDA:137,24,0,0
BRDA:137,24,1,0
BRDA:152,25,0,0
BRDA:158,26,0,0
BRDA:160,27,0,0
BRDA:163,28,0,0
BRF:41
BRH:0
end_of_record
TN:
SF:src/typed-emitter.ts
FN:10,(anonymous_1)
FN:42,(anonymous_2)
FN:13,(anonymous_3)
FN:20,(anonymous_4)
FN:27,(anonymous_5)
FN:34,(anonymous_6)
FNF:6
FNH:0
FNDA:0,(anonymous_1)
FNDA:0,(anonymous_2)
FNDA:0,(anonymous_3)
FNDA:0,(anonymous_4)
FNDA:0,(anonymous_5)
FNDA:0,(anonymous_6)
DA:1,2
DA:2,2
DA:10,2
DA:11,0
DA:17,0
DA:24,0
DA:31,0
DA:38,0
DA:41,0
DA:45,0
LF:10
LH:3
BRF:0
BRH:0
end_of_record
TN:
SF:src/utils.ts
FN:9,isWorkflowIdValid
FN:14,findWorkflowStart
FN:15,(anonymous_2)
FN:17,(anonymous_3)
FN:22,(anonymous_4)
FN:42,(anonymous_5)
FN:45,(anonymous_6)
FN:47,removeTrailingSlash
FN:52,rightDiff
FN:57,(anonymous_9)
FN:63,(anonymous_10)
FN:76,(anonymous_11)
FN:78,(anonymous_12)
FN:83,(anonymous_13)
FNF:14
FNH:1
FNDA:0,isWorkflowIdValid
FNDA:2,findWorkflowStart
FNDA:0,(anonymous_2)
FNDA:0,(anonymous_3)
FNDA:0,(anonymous_4)
FNDA:0,(anonymous_5)
FNDA:0,(anonymous_6)
FNDA:0,removeTrailingSlash
FNDA:0,rightDiff
FNDA:0,(anonymous_9)
FNDA:0,(anonymous_10)
FNDA:0,(anonymous_11)
FNDA:0,(anonymous_12)
FNDA:0,(anonymous_13)
DA:1,1
DA:4,1
DA:9,1
DA:11,0
DA:15,2
DA:16,0
DA:17,0
DA:20,0
DA:22,0
DA:24,0
DA:26,0
DA:28,0
DA:30,0
DA:31,0
DA:34,0
DA:38,1
DA:40,1
DA:42,1
DA:43,0
DA:45,1
DA:47,1
DA:48,0
DA:52,1
DA:57,0
DA:58,0
DA:59,0
DA:63,0
DA:64,0
DA:65,0
DA:67,0
DA:76,1
DA:78,1
DA:83,1
DA:84,0
DA:86,0
LF:35
LH:13
BRDA:11,0,0,0
BRDA:11,0,1,0
BRDA:20,1,0,0
BRDA:24,2,0,0
BRDA:30,3,0,0
BRDA:43,4,0,0
BRDA:43,4,1,0
BRDA:48,5,0,0
BRDA:48,5,1,0
BRDA:64,6,0,0
BRDA:87,7,0,0
BRDA:87,7,1,0
BRDA:87,7,2,0
BRDA:87,7,3,0
BRDA:87,7,4,0
BRDA:87,7,5,0
BRDA:87,7,6,0
BRF:17
BRH:0
end_of_record
TN:
SF:src/wait-tracker.ts
FN:23,(anonymous_2)
FN:34,(anonymous_3)
FN:38,(anonymous_4)
FN:43,(anonymous_5)
FN:45,(anonymous_6)
FN:54,(anonymous_7)
FN:63,(anonymous_8)
FN:76,(anonymous_9)
FN:84,(anonymous_10)
FN:92,(anonymous_11)
FN:131,(anonymous_12)
FN:138,(anonymous_13)
FN:142,(anonymous_14)
FNF:13
FNH:0
FNDA:0,(anonymous_2)
FNDA:0,(anonymous_3)
FNDA:0,(anonymous_4)
FNDA:0,(anonymous_5)
FNDA:0,(anonymous_6)
FNDA:0,(anonymous_7)
FNDA:0,(anonymous_8)
FNDA:0,(anonymous_9)
FNDA:0,(anonymous_10)
FNDA:0,(anonymous_11)
FNDA:0,(anonymous_12)
FNDA:0,(anonymous_13)
FNDA:0,(anonymous_14)
DA:1,1
DA:2,1
DA:3,1
DA:4,1
DA:5,1
DA:6,1
DA:8,1
DA:9,1
DA:10,1
DA:13,1
DA:14,0
DA:24,0
DA:25,0
DA:26,0
DA:27,0
DA:28,0
DA:29,0
DA:31,0
DA:35,0
DA:39,0
DA:43,1
DA:45,0
DA:46,0
DA:49,0
DA:51,0
DA:55,0
DA:57,0
DA:59,0
DA:60,0
DA:63,0
DA:64,0
DA:70,0
DA:71,0
DA:72,0
DA:73,0
DA:74,0
DA:77,0
DA:85,0
DA:87,0
DA:89,0
DA:93,0
DA:94,0
DA:97,0
DA:102,0
DA:103,0
DA:105,0
DA:106,0
DA:109,0
DA:110,0
DA:113,0
DA:114,0
DA:116,0
DA:126,0
DA:128,0
DA:129,0
DA:131,0
DA:132,0
DA:138,1
DA:139,0
DA:141,0
DA:142,0
DA:143,0
DA:146,0
LF:63
LH:12
BRDA:39,0,0,0
BRDA:59,1,0,0
BRDA:72,2,0,0
BRDA:85,3,0,0
BRDA:102,4,0,0
BRDA:105,5,0,0
BRDA:109,6,0,0
BRDA:129,7,0,0
BRDA:139,8,0,0
BRDA:24,9,0,1
BRDA:24,9,1,0
BRDA:24,10,0,1
BRDA:24,10,1,1
BRDA:24,11,0,1
BRDA:24,11,1,0
BRDA:24,12,0,1
BRDA:24,12,1,1
BRDA:25,13,0,1
BRDA:25,13,1,0
BRDA:25,14,0,1
BRDA:25,14,1,1
BRDA:26,15,0,1
BRDA:26,15,1,0
BRDA:26,16,0,1
BRDA:26,16,1,1
BRDA:27,17,0,1
BRDA:27,17,1,0
BRDA:27,18,0,1
BRDA:27,18,1,1
BRDA:28,19,0,1
BRDA:28,19,1,0
BRDA:28,20,0,1
BRDA:28,20,1,1
BRF:33
BRH:18
end_of_record
TN:
SF:src/workflow-execute-additional-data.ts
FN:50,getRunData
FN:99,getWorkflowData
FN:142,executeWorkflow
FN:174,startExecution
FN:333,setExecutionStatus
FN:343,sendDataToUI
FN:362,getBase
FN:390,(anonymous_16)
FN:400,(anonymous_17)
FN:437,(anonymous_18)
FNF:10
FNH:0
FNDA:0,getRunData
FNDA:0,getWorkflowData
FNDA:0,executeWorkflow
FNDA:0,startExecution
FNDA:0,setExecutionStatus
FNDA:0,sendDataToUI
FNDA:0,getBase
FNDA:0,(anonymous_16)
FNDA:0,(anonymous_17)
FNDA:0,(anonymous_18)
DA:2,1
DA:3,1
DA:4,1
DA:5,1
DA:6,1
DA:7,1
DA:31,1
DA:32,1
DA:33,1
DA:35,1
DA:36,1
DA:37,1
DA:42,1
DA:43,1
DA:44,1
DA:45,1
DA:46,1
DA:47,1
DA:48,1
DA:50,1
DA:55,0
DA:57,0
DA:60,0
DA:67,0
DA:68,0
DA:77,0
DA:92,0
DA:99,1
DA:104,0
DA:105,0
DA:111,0
DA:112,0
DA:114,0
DA:119,0
DA:120,0
DA:125,0
DA:126,0
DA:127,0
DA:128,0
DA:130,0
DA:131,0
DA:136,0
DA:142,1
DA:147,0
DA:150,0
DA:154,0
DA:157,0
DA:159,0
DA:167,0
DA:168,0
DA:171,0
DA:181,0
DA:182,0
DA:183,0
DA:185,0
DA:186,0
DA:202,0
DA:204,0
DA:207,0
DA:208,0
DA:209,0
DA:218,0
DA:219,0
DA:225,0
DA:226,0
DA:231,0
DA:232,0
DA:233,0
DA:236,0
DA:238,0
DA:239,0
DA:240,0
DA:244,0
DA:250,0
DA:252,0
DA:255,0
DA:260,0
DA:261,0
DA:262,0
DA:264,0
DA:265,0
DA:276,0
DA:286,0
DA:287,0
DA:290,0
DA:292,0
DA:293,0
DA:306,0
DA:309,0
DA:310,0
DA:311,0
DA:317,0
DA:320,0
DA:322,0
DA:333,1
DA:334,0
DA:335,0
DA:336,0
DA:337,0
DA:339,0
DA:340,0
DA:343,1
DA:344,0
DA:345,0
DA:346,0
DA:350,0
DA:351,0
DA:352,0
DA:354,0
DA:355,0
DA:362,1
DA:367,0
DA:369,0
DA:371,0
DA:373,0
DA:375,0
DA:391,0
DA:392,0
DA:397,0
DA:418,0
DA:438,0
LF:121
LH:25
BRDA:60,0,0,0
BRDA:60,0,1,0
BRDA:104,1,0,0
BRDA:104,2,0,0
BRDA:104,2,1,0
BRDA:111,3,0,0
BRDA:111,3,1,0
BRDA:112,4,0,0
BRDA:112,4,1,0
BRDA:119,5,0,0
BRDA:119,6,0,0
BRDA:119,6,1,0
BRDA:125,7,0,0
BRDA:125,7,1,0
BRDA:126,8,0,0
BRDA:127,9,0,0
BRDA:130,10,0,0
BRDA:150,11,0,0
BRDA:150,11,1,0
BRDA:154,12,0,0
BRDA:154,12,1,0
BRDA:167,13,0,0
BRDA:185,14,0,0
BRDA:185,14,1,0
BRDA:232,15,0,0
BRDA:240,16,0,0
BRDA:240,17,0,0
BRDA:240,17,1,0
BRDA:245,18,0,0
BRDA:245,18,1,0
BRDA:268,19,0,0
BRDA:268,19,1,0
BRDA:279,20,0,0
BRDA:279,20,1,0
BRDA:286,21,0,0
BRDA:306,22,0,0
BRDA:306,23,0,0
BRDA:306,23,1,0
BRDA:335,24,0,0
BRDA:345,25,0,0
BRF:40
BRH:0
end_of_record
TN:
SF:src/workflow-helpers.ts
FN:17,getDataLastExecutedNodeData
FN:36,(anonymous_1)
FN:55,addNodeIds
FN:59,(anonymous_3)
FN:67,replaceInvalidCredentials
FN:173,getVariables
FN:176,(anonymous_6)
FNF:7
FNH:0
FNDA:0,getDataLastExecutedNodeData
FNDA:0,(anonymous_1)
FNDA:0,addNodeIds
FNDA:0,(anonymous_3)
FNDA:0,replaceInvalidCredentials
FNDA:0,getVariables
FNDA:0,(anonymous_6)
DA:1,1
DA:2,1
DA:10,1
DA:12,1
DA:17,1
DA:18,0
DA:19,0
DA:21,0
DA:22,0
DA:25,0
DA:26,0
DA:29,0
DA:31,0
DA:33,0
DA:34,0
DA:36,0
DA:37,0
DA:40,0
DA:49,0
DA:55,1
DA:56,0
DA:57,0
DA:59,0
DA:60,0
DA:61,0
DA:67,1
DA:68,0
DA:69,0
DA:72,0
DA:73,0
DA:78,0
DA:79,0
DA:80,0
DA:83,0
DA:84,0
DA:86,0
DA:87,0
DA:89,0
DA:90,0
DA:92,0
DA:93,0
DA:98,0
DA:99,0
DA:103,0
DA:104,0
DA:108,0
DA:114,0
DA:116,0
DA:122,0
DA:123,0
DA:127,0
DA:129,0
DA:133,0
DA:134,0
DA:138,0
DA:140,0
DA:143,0
DA:148,0
DA:150,0
DA:154,0
DA:156,0
DA:160,0
DA:161,0
DA:165,0
DA:170,0
DA:173,1
DA:174,0
DA:175,0
DA:177,0
DA:178,0
LF:70
LH:8
BRDA:18,0,0,0
BRDA:21,1,0,0
BRDA:25,2,0,0
BRDA:33,3,0,0
BRDA:33,4,0,0
BRDA:33,4,1,0
BRDA:34,5,0,0
BRDA:57,6,0,0
BRDA:60,7,0,0
BRDA:69,8,0,0
BRDA:79,9,0,0
BRDA:79,10,0,0
BRDA:79,10,1,0
BRDA:86,11,0,0
BRDA:86,12,0,0
BRDA:86,12,1,0
BRDA:87,13,0,0
BRDA:87,13,1,0
BRDA:89,14,0,0
BRDA:92,15,0,0
BRDA:92,15,1,0
BRDA:98,16,0,0
BRDA:122,17,0,0
BRDA:127,18,0,0
BRDA:133,19,0,0
BRDA:148,20,0,0
BRF:26
BRH:0
end_of_record
TN:
SF:src/workflow-runner.ts
FN:44,(anonymous_12)
FN:58,(anonymous_13)
FN:63,(anonymous_14)
FN:129,(anonymous_15)
FN:181,(anonymous_16)
FN:199,(anonymous_17)
FN:261,(anonymous_18)
FN:266,(anonymous_19)
FN:314,(anonymous_20)
FN:321,(anonymous_21)
FN:331,(anonymous_22)
FN:353,(anonymous_23)
FN:369,(anonymous_24)
FN:395,(anonymous_25)
FN:397,(anonymous_26)
FN:474,(anonymous_27)
FNF:16
FNH:0
FNDA:0,(anonymous_12)
FNDA:0,(anonymous_13)
FNDA:0,(anonymous_14)
FNDA:0,(anonymous_15)
FNDA:0,(anonymous_16)
FNDA:0,(anonymous_17)
FNDA:0,(anonymous_18)
FNDA:0,(anonymous_19)
FNDA:0,(anonymous_20)
FNDA:0,(anonymous_21)
FNDA:0,(anonymous_22)
FNDA:0,(anonymous_23)
FNDA:0,(anonymous_24)
FNDA:0,(anonymous_25)
FNDA:0,(anonymous_26)
FNDA:0,(anonymous_27)
DA:1,1
DA:2,1
DA:3,1
DA:5,1
DA:15,1
DA:16,1
DA:18,1
DA:19,1
DA:20,1
DA:21,1
DA:22,1
DA:27,1
DA:28,1
DA:29,1
DA:30,1
DA:33,1
DA:34,1
DA:36,1
DA:39,1
DA:42,0
DA:45,0
DA:46,0
DA:47,0
DA:48,0
DA:49,0
DA:50,0
DA:51,0
DA:52,0
DA:53,0
DA:54,0
DA:55,0
DA:59,0
DA:75,0
DA:80,0
DA:83,0
DA:84,0
DA:86,0
DA:91,0
DA:92,0
DA:95,0
DA:97,0
DA:101,0
DA:121,0
DA:123,0
DA:137,0
DA:139,0
DA:140,0
DA:141,0
DA:144,0
DA:149,0
DA:150,0
DA:151,0
DA:152,0
DA:153,0
DA:154,0
DA:157,0
DA:158,0
DA:163,0
DA:167,0
DA:168,0
DA:170,0
DA:175,0
DA:180,0
DA:181,0
DA:182,0
DA:183,0
DA:186,0
DA:194,0
DA:205,0
DA:206,0
DA:207,0
DA:216,0
DA:217,0
DA:218,0
DA:219,0
DA:223,0
DA:224,0
DA:227,0
DA:239,0
DA:245,0
DA:246,0
DA:248,0
DA:250,0
DA:255,0
DA:257,0
DA:258,0
DA:259,0
DA:261,0
DA:262,0
DA:265,0
DA:266,0
DA:267,0
DA:268,0
DA:272,0
DA:276,0
DA:280,0
DA:281,0
DA:284,0
DA:289,0
DA:291,0
DA:300,0
DA:302,0
DA:303,0
DA:304,0
DA:308,0
DA:309,0
DA:311,0
DA:312,0
DA:314,0
DA:315,0
DA:320,0
DA:322,0
DA:323,0
DA:324,0
DA:326,0
DA:327,0
DA:328,0
DA:332,0
DA:341,0
DA:349,0
DA:360,0
DA:368,0
DA:369,0
DA:370,0
DA:371,0
DA:378,0
DA:379,0
DA:381,0
DA:385,0
DA:389,0
DA:390,0
DA:391,0
DA:394,0
DA:396,0
DA:397,0
DA:398,0
DA:402,0
DA:403,0
DA:404,0
DA:412,0
DA:415,0
DA:416,0
DA:418,0
DA:422,0
DA:423,0
DA:433,0
DA:435,0
DA:443,0
DA:446,0
DA:450,0
DA:451,0
DA:454,0
DA:464,0
DA:468,0
DA:470,0
DA:474,0
DA:480,0
LF:157
LH:19
BRDA:75,0,0,0
BRDA:76,1,0,0
BRDA:76,1,1,0
BRDA:76,1,2,0
BRDA:91,2,0,0
BRDA:95,3,0,0
BRDA:95,4,0,0
BRDA:95,4,1,0
BRDA:157,5,0,0
BRDA:163,6,0,0
BRDA:163,6,1,0
BRDA:165,7,0,0
BRDA:165,7,1,0
BRDA:167,8,0,0
BRDA:167,8,1,0
BRDA:175,9,0,0
BRDA:176,10,0,0
BRDA:176,10,1,0
BRDA:176,10,2,0
BRDA:182,11,0,0
BRDA:206,12,0,0
BRDA:206,13,0,0
BRDA:206,13,1,0
BRDA:216,14,0,0
BRDA:216,14,1,0
BRDA:217,15,0,0
BRDA:217,15,1,0
BRDA:218,16,0,0
BRDA:223,17,0,0
BRDA:224,18,0,0
BRDA:224,18,1,0
BRDA:242,19,0,0
BRDA:242,19,1,0
BRDA:265,20,0,0
BRDA:280,21,0,0
BRDA:280,21,1,0
BRDA:302,22,0,0
BRDA:304,23,0,0
BRDA:304,24,0,0
BRDA:304,24,1,0
BRDA:311,25,0,0
BRDA:311,25,1,0
BRDA:323,26,0,0
BRDA:368,27,0,0
BRDA:379,28,0,0
BRDA:379,28,1,0
BRDA:418,29,0,0
BRDA:419,30,0,0
BRDA:419,30,1,0
BRDA:450,31,0,0
BRDA:45,32,0,1
BRDA:45,32,1,0
BRDA:45,33,0,1
BRDA:45,33,1,1
BRDA:45,34,0,1
BRDA:45,34,1,0
BRDA:45,35,0,1
BRDA:45,35,1,1
BRDA:46,36,0,1
BRDA:46,36,1,0
BRDA:46,37,0,1
BRDA:46,37,1,1
BRDA:47,38,0,1
BRDA:47,38,1,0
BRDA:47,39,0,1
BRDA:47,39,1,1
BRDA:48,40,0,1
BRDA:48,40,1,0
BRDA:48,41,0,1
BRDA:48,41,1,1
BRDA:49,42,0,1
BRDA:49,42,1,0
BRDA:49,43,0,1
BRDA:49,43,1,1
BRDA:50,44,0,1
BRDA:50,44,1,0
BRDA:50,45,0,1
BRDA:50,45,1,1
BRDA:51,46,0,1
BRDA:51,46,1,0
BRDA:51,47,0,1
BRDA:51,47,1,1
BRDA:52,48,0,1
BRDA:52,48,1,0
BRDA:52,49,0,1
BRDA:52,49,1,1
BRDA:53,50,0,1
BRDA:53,50,1,0
BRDA:53,51,0,1
BRDA:53,51,1,1
BRDA:54,52,0,1
BRDA:54,52,1,0
BRDA:54,53,0,1
BRDA:54,53,1,1
BRF:94
BRH:33
end_of_record
TN:
SF:src/auth/auth.service.ts
FN:46,(anonymous_3)
FN:71,(anonymous_4)
FN:72,(anonymous_5)
FN:111,(anonymous_6)
FN:115,(anonymous_7)
FN:131,(anonymous_8)
FN:153,(anonymous_9)
FN:165,(anonymous_10)
FN:210,(anonymous_11)
FN:215,(anonymous_12)
FN:225,(anonymous_13)
FN:259,(anonymous_14)
FN:267,(anonymous_15)
FN:272,(anonymous_16)
FN:282,(anonymous_17)
FNF:15
FNH:0
FNDA:0,(anonymous_3)
FNDA:0,(anonymous_4)
FNDA:0,(anonymous_5)
FNDA:0,(anonymous_6)
FNDA:0,(anonymous_7)
FNDA:0,(anonymous_8)
FNDA:0,(anonymous_9)
FNDA:0,(anonymous_10)
FNDA:0,(anonymous_11)
FNDA:0,(anonymous_12)
FNDA:0,(anonymous_13)
FNDA:0,(anonymous_14)
FNDA:0,(anonymous_15)
FNDA:0,(anonymous_16)
FNDA:0,(anonymous_17)
DA:1,2
DA:2,2
DA:3,2
DA:5,2
DA:6,2
DA:7,2
DA:9,2
DA:12,2
DA:13,2
DA:14,2
DA:15,2
DA:16,2
DA:17,2
DA:18,2
DA:19,2
DA:42,2
DA:47,0
DA:48,0
DA:49,0
DA:50,0
DA:51,0
DA:52,0
DA:53,0
DA:54,0
DA:56,0
DA:57,0
DA:72,0
DA:73,0
DA:74,0
DA:75,0
DA:76,0
DA:77,0
DA:78,0
DA:79,0
DA:81,0
DA:83,0
DA:85,0
DA:88,0
DA:89,0
DA:93,0
DA:94,0
DA:98,0
DA:99,0
DA:101,0
DA:106,0
DA:107,0
DA:112,0
DA:116,0
DA:117,0
DA:118,0
DA:119,0
DA:120,0
DA:121,0
DA:127,0
DA:134,0
DA:135,0
DA:140,0
DA:143,0
DA:144,0
DA:145,0
DA:154,0
DA:160,0
DA:170,0
DA:175,0
DA:179,0
DA:187,0
DA:191,0
DA:192,0
DA:193,0
DA:194,0
DA:198,0
DA:199,0
DA:202,0
DA:203,0
DA:204,0
DA:207,0
DA:211,0
DA:212,0
DA:216,0
DA:217,0
DA:219,0
DA:220,0
DA:222,0
DA:227,0
DA:228,0
DA:230,0
DA:231,0
DA:233,0
DA:235,0
DA:238,0
DA:243,0
DA:244,0
DA:248,0
DA:251,0
DA:252,0
DA:253,0
DA:256,0
DA:260,0
DA:261,0
DA:262,0
DA:264,0
DA:268,0
DA:273,0
DA:274,0
DA:275,0
DA:277,0
DA:283,0
LF:107
LH:16
BRDA:74,0,0,0
BRDA:77,1,0,0
BRDA:81,2,0,0
BRDA:81,3,0,0
BRDA:81,3,1,0
BRDA:81,3,2,0
BRDA:83,4,0,0
BRDA:83,4,1,0
BRDA:98,5,0,0
BRDA:98,5,1,0
BRDA:98,6,0,0
BRDA:98,6,1,0
BRDA:106,7,0,0
BRDA:106,7,1,0
BRDA:117,8,0,0
BRDA:120,9,0,0
BRDA:135,10,0,0
BRDA:136,11,0,0
BRDA:136,11,1,0
BRDA:136,11,2,0
BRDA:153,12,0,0
BRDA:157,13,0,0
BRDA:157,13,1,0
BRDA:179,14,0,0
BRDA:181,15,0,0
BRDA:181,15,1,0
BRDA:181,15,2,0
BRDA:191,16,0,0
BRDA:191,16,1,0
BRDA:192,17,0,0
BRDA:192,17,1,0
BRDA:192,18,0,0
BRDA:192,18,1,0
BRDA:194,19,0,0
BRDA:195,20,0,0
BRDA:195,20,1,0
BRDA:195,20,2,0
BRDA:202,21,0,0
BRDA:204,22,0,0
BRDA:204,22,1,0
BRDA:207,23,0,0
BRDA:207,23,1,0
BRDA:210,24,0,0
BRDA:230,25,0,0
BRDA:230,25,1,0
BRDA:243,26,0,0
BRDA:251,27,0,0
BRDA:261,28,0,0
BRDA:261,29,0,0
BRDA:261,29,1,0
BRDA:274,30,0,0
BRDA:274,30,1,0
BRDA:47,31,0,2
BRDA:47,31,1,0
BRDA:47,32,0,2
BRDA:47,32,1,2
BRDA:47,33,0,2
BRDA:47,33,1,0
BRDA:47,34,0,2
BRDA:47,34,1,2
BRDA:48,35,0,2
BRDA:48,35,1,0
BRDA:48,36,0,2
BRDA:48,36,1,2
BRDA:49,37,0,2
BRDA:49,37,1,0
BRDA:49,38,0,2
BRDA:49,38,1,2
BRDA:50,39,0,2
BRDA:50,39,1,0
BRDA:50,40,0,2
BRDA:50,40,1,2
BRDA:51,41,0,2
BRDA:51,41,1,0
BRDA:51,42,0,2
BRDA:51,42,1,2
BRDA:52,43,0,2
BRDA:52,43,1,0
BRDA:52,44,0,2
BRDA:52,44,1,2
BRDA:53,45,0,2
BRDA:53,45,1,0
BRDA:53,46,0,2
BRDA:53,46,1,2
BRF:84
BRH:24
end_of_record
TN:
SF:src/community-packages/community-packages.config.ts
FN:4,(anonymous_2)
FNF:1
FNH:0
FNDA:0,(anonymous_2)
DA:1,1
DA:4,1
DA:7,1
DA:11,1
DA:15,1
DA:19,1
DA:23,1
DA:27,1
LF:8
LH:8
BRF:0
BRH:0
end_of_record
TN:
SF:src/community-packages/community-packages.service.ts
FN:78,(anonymous_3)
FN:88,(anonymous_4)
FN:93,(anonymous_5)
FN:97,(anonymous_6)
FN:104,(anonymous_7)
FN:108,(anonymous_8)
FN:112,(anonymous_9)
FN:116,(anonymous_10)
FN:131,(anonymous_11)
FN:156,(anonymous_12)
FN:184,(anonymous_13)
FN:194,(anonymous_14)
FN:200,(anonymous_15)
FN:213,(anonymous_16)
FN:215,(anonymous_17)
FN:224,(anonymous_18)
FN:228,(anonymous_19)
FN:241,(anonymous_20)
FN:259,(anonymous_21)
FN:263,(anonymous_22)
FN:269,(anonymous_23)
FN:272,(anonymous_24)
FN:281,(anonymous_25)
FN:295,(anonymous_26)
FN:299,(anonymous_27)
FN:300,(anonymous_28)
FN:337,(anonymous_29)
FN:341,(anonymous_30)
FN:349,(anonymous_31)
FN:358,(anonymous_32)
FN:367,(anonymous_33)
FN:375,(anonymous_34)
FN:381,(anonymous_35)
FN:387,(anonymous_36)
FN:457,(anonymous_37)
FN:465,(anonymous_38)
FN:469,(anonymous_39)
FN:476,(anonymous_40)
FN:483,(anonymous_41)
FN:487,(anonymous_42)
FN:536,(anonymous_43)
FN:541,(anonymous_44)
FNF:42
FNH:33
FNDA:1,(anonymous_3)
FNDA:0,(anonymous_4)
FNDA:0,(anonymous_5)
FNDA:0,(anonymous_6)
FNDA:0,(anonymous_7)
FNDA:5,(anonymous_8)
FNDA:1,(anonymous_9)
FNDA:1,(anonymous_10)
FNDA:11,(anonymous_11)
FNDA:3,(anonymous_12)
FNDA:1,(anonymous_13)
FNDA:3,(anonymous_14)
FNDA:4,(anonymous_15)
FNDA:3,(anonymous_16)
FNDA:6,(anonymous_17)
FNDA:6,(anonymous_18)
FNDA:6,(anonymous_19)
FNDA:3,(anonymous_20)
FNDA:3,(anonymous_21)
FNDA:3,(anonymous_22)
FNDA:3,(anonymous_23)
FNDA:6,(anonymous_24)
FNDA:2,(anonymous_25)
FNDA:5,(anonymous_26)
FNDA:7,(anonymous_27)
FNDA:7,(anonymous_28)
FNDA:3,(anonymous_29)
FNDA:1,(anonymous_30)
FNDA:2,(anonymous_31)
FNDA:0,(anonymous_32)
FNDA:4,(anonymous_33)
FNDA:1,(anonymous_34)
FNDA:3,(anonymous_35)
FNDA:3,(anonymous_36)
FNDA:0,(anonymous_37)
FNDA:0,(anonymous_38)
FNDA:0,(anonymous_39)
FNDA:0,(anonymous_40)
FNDA:2,(anonymous_41)
FNDA:1,(anonymous_42)
FNDA:1,(anonymous_43)
FNDA:3,(anonymous_44)
DA:1,1
DA:2,1
DA:4,1
DA:5,1
DA:6,1
DA:7,1
DA:8,1
DA:9,1
DA:11,1
DA:12,1
DA:13,1
DA:14,1
DA:16,1
DA:23,1
DA:24,1
DA:25,1
DA:26,1
DA:27,1
DA:29,1
DA:31,1
DA:33,1
DA:34,1
DA:35,1
DA:48,1
DA:56,1
DA:58,1
DA:60,1
DA:69,1
DA:70,1
DA:72,1
DA:74,1
DA:76,1
DA:79,1
DA:80,1
DA:81,1
DA:82,1
DA:83,1
DA:84,1
DA:85,1
DA:89,0
DA:90,0
DA:94,0
DA:98,0
DA:105,0
DA:109,5
DA:113,1
DA:117,1
DA:118,1
DA:120,0
DA:122,0
DA:127,0
DA:132,11
DA:134,10
DA:135,1
DA:138,9
DA:140,9
DA:142,9
DA:143,0
DA:146,9
DA:150,9
DA:152,9
DA:157,3
DA:167,3
DA:168,3
DA:170,2
DA:172,1
DA:174,1
DA:176,1
DA:184,1
DA:185,1
DA:188,0
DA:190,0
DA:198,3
DA:200,2
DA:201,4
DA:203,4
DA:205,4
DA:207,4
DA:209,4
DA:214,3
DA:216,6
DA:218,6
DA:219,6
DA:221,0
DA:224,6
DA:226,3
DA:228,3
DA:229,6
DA:231,6
DA:232,2
DA:235,6
DA:238,3
DA:242,3
DA:244,3
DA:245,3
DA:251,2
DA:256,2
DA:260,3
DA:262,2
DA:264,3
DA:270,3
DA:271,3
DA:273,6
DA:282,2
DA:283,2
DA:285,1
DA:286,1
DA:291,1
DA:296,5
DA:297,5
DA:299,5
DA:300,7
DA:301,7
DA:303,5
DA:311,5
DA:313,5
DA:315,4
DA:316,4
DA:317,3
DA:318,3
DA:320,3
DA:321,4
DA:323,2
DA:325,1
DA:326,1
DA:328,2
DA:331,1
DA:336,4
DA:337,3
DA:346,1
DA:355,2
DA:359,0
DA:360,0
DA:361,0
DA:368,4
DA:369,4
DA:370,1
DA:372,3
DA:376,1
DA:382,3
DA:383,1
DA:393,3
DA:394,3
DA:396,3
DA:397,3
DA:399,2
DA:400,0
DA:403,2
DA:405,1
DA:406,1
DA:408,0
DA:409,0
DA:411,0
DA:415,1
DA:416,1
DA:417,1
DA:420,0
DA:421,0
DA:423,0
DA:426,1
DA:428,1
DA:429,1
DA:430,1
DA:432,1
DA:433,1
DA:437,1
DA:438,1
DA:439,1
DA:441,0
DA:448,0
DA:449,0
DA:451,0
DA:457,1
DA:461,0
DA:465,1
DA:466,0
DA:470,0
DA:471,0
DA:472,0
DA:473,0
DA:477,0
DA:478,0
DA:479,0
DA:480,0
DA:484,2
DA:488,1
DA:489,1
DA:492,1
DA:493,1
DA:498,1
DA:503,1
DA:505,1
DA:506,1
DA:511,1
DA:512,1
DA:524,1
DA:525,1
DA:527,1
DA:528,1
DA:530,1
DA:533,1
DA:537,1
DA:538,1
DA:542,3
DA:543,3
DA:544,3
DA:545,3
LF:207
LH:171
BRDA:132,0,0,1
BRDA:134,1,0,1
BRDA:138,2,0,1
BRDA:138,2,1,8
BRDA:140,3,0,1
BRDA:140,3,1,8
BRDA:142,4,0,0
BRDA:146,5,0,7
BRDA:146,5,1,2
BRDA:150,6,0,7
BRDA:150,6,1,2
BRDA:172,7,0,0
BRDA:174,8,0,1
BRDA:174,8,1,0
BRDA:185,9,0,1
BRDA:198,10,0,1
BRDA:205,11,0,3
BRDA:231,12,0,2
BRDA:251,13,0,1
BRDA:260,14,0,1
BRDA:264,15,0,3
BRDA:264,15,1,1
BRDA:273,16,0,6
BRDA:273,16,1,1
BRDA:301,17,0,5
BRDA:313,18,0,1
BRDA:316,19,0,3
BRDA:316,19,1,1
BRDA:369,20,0,1
BRDA:369,21,0,4
BRDA:369,21,1,4
BRDA:382,22,0,1
BRDA:382,23,0,3
BRDA:382,23,1,1
BRDA:389,24,0,0
BRDA:394,25,0,2
BRDA:394,25,1,1
BRDA:396,26,0,3
BRDA:396,26,1,3
BRDA:399,27,0,0
BRDA:408,28,0,0
BRDA:408,29,0,0
BRDA:408,29,1,0
BRDA:426,30,0,1
BRDA:426,30,1,0
BRDA:429,31,0,1
BRDA:434,32,0,1
BRDA:434,32,1,0
BRDA:79,33,0,1
BRDA:79,33,1,0
BRDA:79,34,0,1
BRDA:79,34,1,1
BRDA:79,35,0,1
BRDA:79,35,1,0
BRDA:79,36,0,1
BRDA:79,36,1,1
BRDA:80,37,0,1
BRDA:80,37,1,0
BRDA:80,38,0,1
BRDA:80,38,1,1
BRDA:81,39,0,1
BRDA:81,39,1,0
BRDA:81,40,0,1
BRDA:81,40,1,1
BRDA:82,41,0,1
BRDA:82,41,1,0
BRDA:82,42,0,1
BRDA:82,42,1,1
BRDA:83,43,0,1
BRDA:83,43,1,0
BRDA:83,44,0,1
BRDA:83,44,1,1
BRDA:84,45,0,1
BRDA:84,45,1,0
BRDA:84,46,0,1
BRDA:84,46,1,1
BRF:76
BRH:59
end_of_record
TN:
SF:src/community-packages/npm-utils.ts
FN:6,verifyIntegrity
FN:29,isVersionExists
FNF:2
FNH:1
FNDA:0,verifyIntegrity
FNDA:1,isVersionExists
DA:1,1
DA:2,1
DA:4,1
DA:6,1
DA:12,0
DA:14,0
DA:15,0
DA:16,0
DA:21,0
DA:22,0
DA:25,0
DA:29,1
DA:34,1
DA:36,1
DA:37,1
DA:38,1
DA:39,1
DA:41,0
DA:42,0
DA:46,0
LF:20
LH:10
BRDA:21,0,0,0
BRDA:41,1,0,0
BRDA:41,2,0,0
BRDA:41,2,1,0
BRF:4
BRH:0
end_of_record
TN:
SF:src/concurrency/concurrency-control.service.ts
FN:33,(anonymous_3)
FN:30,(anonymous_4)
FN:47,(anonymous_5)
FN:58,(anonymous_6)
FN:66,(anonymous_7)
FN:76,(anonymous_8)
FN:77,(anonymous_9)
FN:86,(anonymous_10)
FN:91,(anonymous_11)
FN:100,(anonymous_12)
FN:115,(anonymous_13)
FN:124,(anonymous_14)
FN:133,(anonymous_15)
FN:144,(anonymous_16)
FN:147,(anonymous_17)
FN:164,(anonymous_18)
FN:172,(anonymous_19)
FN:175,(anonymous_20)
FN:185,(anonymous_21)
FN:189,(anonymous_22)
FN:196,(anonymous_23)
FNF:21
FNH:0
FNDA:0,(anonymous_3)
FNDA:0,(anonymous_4)
FNDA:0,(anonymous_5)
FNDA:0,(anonymous_6)
FNDA:0,(anonymous_7)
FNDA:0,(anonymous_8)
FNDA:0,(anonymous_9)
FNDA:0,(anonymous_10)
FNDA:0,(anonymous_11)
FNDA:0,(anonymous_12)
FNDA:0,(anonymous_13)
FNDA:0,(anonymous_14)
FNDA:0,(anonymous_15)
FNDA:0,(anonymous_16)
FNDA:0,(anonymous_17)
FNDA:0,(anonymous_18)
FNDA:0,(anonymous_19)
FNDA:0,(anonymous_20)
FNDA:0,(anonymous_21)
FNDA:0,(anonymous_22)
FNDA:0,(anonymous_23)
DA:1,1
DA:2,1
DA:3,1
DA:4,1
DA:5,1
DA:8,1
DA:9,1
DA:10,1
DA:11,1
DA:12,1
DA:14,1
DA:16,1
DA:17,1
DA:22,1
DA:29,0
DA:30,0
DA:34,0
DA:35,0
DA:36,0
DA:37,0
DA:38,0
DA:40,0
DA:42,0
DA:47,0
DA:48,0
DA:49,0
DA:52,0
DA:53,0
DA:57,0
DA:58,0
DA:61,0
DA:62,0
DA:65,0
DA:66,0
DA:67,0
DA:68,0
DA:72,0
DA:74,0
DA:76,0
DA:77,0
DA:78,0
DA:79,0
DA:86,0
DA:87,0
DA:88,0
DA:91,0
DA:92,0
DA:101,0
DA:103,0
DA:104,0
DA:105,0
DA:109,0
DA:116,0
DA:118,0
DA:125,0
DA:127,0
DA:134,0
DA:136,0
DA:145,0
DA:147,0
DA:148,0
DA:150,0
DA:151,0
DA:155,0
DA:157,0
DA:159,0
DA:165,0
DA:173,0
DA:175,0
DA:176,0
DA:186,0
DA:190,0
DA:197,0
DA:205,0
DA:208,0
DA:210,0
DA:212,0
LF:77
LH:14
BRDA:48,0,0,0
BRDA:52,1,0,0
BRDA:57,2,0,0
BRDA:58,3,0,0
BRDA:58,3,1,0
BRDA:67,4,0,0
BRDA:78,5,0,0
BRDA:101,6,0,0
BRDA:104,7,0,0
BRDA:116,8,0,0
BRDA:116,9,0,0
BRDA:116,9,1,0
BRDA:125,10,0,0
BRDA:125,11,0,0
BRDA:125,11,1,0
BRDA:134,12,0,0
BRDA:134,13,0,0
BRDA:134,13,1,0
BRDA:145,14,0,0
BRDA:155,15,0,0
BRDA:179,16,0,0
BRDA:179,16,1,0
BRDA:190,17,0,0
BRDA:190,17,1,0
BRDA:197,18,0,0
BRDA:198,19,0,0
BRDA:198,19,1,0
BRDA:198,19,2,0
BRDA:198,19,3,0
BRDA:198,19,4,0
BRDA:198,19,5,0
BRDA:208,20,0,0
BRDA:208,21,0,0
BRDA:208,21,1,0
BRDA:210,22,0,0
BRDA:34,23,0,1
BRDA:34,23,1,0
BRDA:34,24,0,1
BRDA:34,24,1,1
BRDA:34,25,0,1
BRDA:34,25,1,0
BRDA:34,26,0,1
BRDA:34,26,1,1
BRDA:35,27,0,1
BRDA:35,27,1,0
BRDA:35,28,0,1
BRDA:35,28,1,1
BRDA:36,29,0,1
BRDA:36,29,1,0
BRDA:36,30,0,1
BRDA:36,30,1,1
BRDA:37,31,0,1
BRDA:37,31,1,0
BRDA:37,32,0,1
BRDA:37,32,1,1
BRF:55
BRH:15
end_of_record
TN:
SF:src/concurrency/concurrency-queue.ts
FN:18,(anonymous_2)
FN:22,(anonymous_3)
FN:30,(anonymous_4)
FN:34,(anonymous_5)
FN:38,(anonymous_6)
FN:44,(anonymous_7)
FN:45,(anonymous_8)
FN:56,(anonymous_9)
FN:57,(anonymous_10)
FN:60,(anonymous_11)
FN:61,(anonymous_12)
FN:64,(anonymous_13)
FNF:12
FNH:0
FNDA:0,(anonymous_2)
FNDA:0,(anonymous_3)
FNDA:0,(anonymous_4)
FNDA:0,(anonymous_5)
FNDA:0,(anonymous_6)
FNDA:0,(anonymous_7)
FNDA:0,(anonymous_8)
FNDA:0,(anonymous_9)
FNDA:0,(anonymous_10)
FNDA:0,(anonymous_11)
FNDA:0,(anonymous_12)
FNDA:0,(anonymous_13)
DA:1,1
DA:3,1
DA:12,1
DA:13,0
DA:18,0
DA:19,0
DA:23,0
DA:25,0
DA:27,0
DA:28,0
DA:30,0
DA:35,0
DA:39,0
DA:41,0
DA:45,0
DA:47,0
DA:48,0
DA:50,0
DA:52,0
DA:57,0
DA:61,0
DA:65,0
DA:67,0
DA:69,0
DA:71,0
DA:73,0
LF:26
LH:3
BRDA:27,0,0,0
BRDA:47,1,0,0
BRDA:67,2,0,0
BRF:3
BRH:0
end_of_record
TN:
SF:src/config/index.ts
FN:70,(anonymous_1)
FNF:1
FNH:0
FNDA:0,(anonymous_1)
DA:1,3
DA:2,3
DA:3,3
DA:4,3
DA:5,3
DA:6,3
DA:7,3
DA:8,3
DA:9,3
DA:11,3
DA:13,3
DA:15,3
DA:16,0
DA:17,0
DA:18,0
DA:19,0
DA:20,0
DA:21,3
DA:22,3
DA:23,3
DA:24,3
DA:25,3
DA:26,3
DA:30,3
DA:31,3
DA:33,3
DA:35,3
DA:38,3
DA:41,0
DA:42,0
DA:43,0
DA:44,0
DA:45,0
DA:47,0
DA:48,0
DA:49,0
DA:50,0
DA:51,0
DA:53,0
DA:55,0
DA:56,0
DA:57,0
DA:61,0
DA:63,0
DA:64,0
DA:70,0
DA:71,0
DA:72,0
DA:75,0
DA:76,0
DA:78,0
DA:79,0
DA:81,0
DA:82,0
DA:84,0
DA:86,0
DA:93,3
DA:96,3
DA:97,3
DA:98,0
DA:99,0
DA:103,0
DA:106,3
DA:111,3
LF:64
LH:28
BRDA:15,0,0,0
BRDA:15,0,1,3
BRDA:21,1,0,3
BRDA:38,2,0,0
BRDA:38,3,0,3
BRDA:38,3,1,3
BRDA:42,4,0,0
BRDA:45,5,0,0
BRDA:51,6,0,0
BRDA:51,6,1,0
BRDA:71,7,0,0
BRDA:71,8,0,0
BRDA:71,8,1,0
BRDA:76,9,0,0
BRDA:81,10,0,0
BRDA:97,11,0,0
BRDA:98,12,0,0
BRF:17
BRH:4
end_of_record
TN:
SF:src/config/schema.ts
FNF:0
FNH:0
DA:1,3
DA:2,3
DA:4,3
LF:3
LH:3
BRF:0
BRH:0
end_of_record
TN:
SF:src/environments.ee/source-control/constants.ts
FNF:0
FNH:0
DA:1,1
DA:2,1
DA:3,1
DA:4,1
DA:5,1
DA:6,1
DA:7,1
DA:8,1
DA:9,1
DA:10,1
DA:11,1
DA:12,1
DA:13,1
DA:14,1
DA:17,1
DA:18,1
LF:16
LH:16
BRF:0
BRH:0
end_of_record
TN:
SF:src/environments.ee/source-control/source-control-helper.ee.ts
FN:25,stringContainsExpression
FN:29,getWorkflowExportPath
FN:33,getCredentialExportPath
FN:40,getVariablesPath
FN:44,getTagsPath
FN:48,getFoldersPath
FN:52,readTagAndMappingsFromSourceControlFile
FN:70,readFoldersFromSourceControlFile
FN:84,sourceControlFoldersExistCheck
FN:90,(anonymous_19)
FN:107,isSourceControlLicensed
FN:112,generateSshKeyPair
FN:113,(anonymous_22)
FN:152,getRepoType
FN:161,filterSourceControlledFilesUniqueIds
FN:163,(anonymous_25)
FN:164,(anonymous_26)
FN:169,getTrackingInformationFromPullResult
FN:177,(anonymous_28)
FN:181,(anonymous_29)
FN:183,(anonymous_30)
FN:187,getTrackingInformationFromPrePushResult
FN:194,(anonymous_32)
FN:196,(anonymous_33)
FN:198,(anonymous_34)
FN:200,(anonymous_35)
FN:202,(anonymous_36)
FN:206,getTrackingInformationFromPostPushResult
FN:213,(anonymous_38)
FN:214,(anonymous_39)
FN:216,(anonymous_40)
FN:218,(anonymous_41)
FN:228,normalizeAndValidateSourceControlledFilePath
FN:249,isWorkflowModified
FNF:34
FNH:0
FNDA:0,stringContainsExpression
FNDA:0,getWorkflowExportPath
FNDA:0,getCredentialExportPath
FNDA:0,getVariablesPath
FNDA:0,getTagsPath
FNDA:0,getFoldersPath
FNDA:0,readTagAndMappingsFromSourceControlFile
FNDA:0,readFoldersFromSourceControlFile
FNDA:0,sourceControlFoldersExistCheck
FNDA:0,(anonymous_19)
FNDA:0,isSourceControlLicensed
FNDA:0,generateSshKeyPair
FNDA:0,(anonymous_22)
FNDA:0,getRepoType
FNDA:0,filterSourceControlledFilesUniqueIds
FNDA:0,(anonymous_25)
FNDA:0,(anonymous_26)
FNDA:0,getTrackingInformationFromPullResult
FNDA:0,(anonymous_28)
FNDA:0,(anonymous_29)
FNDA:0,(anonymous_30)
FNDA:0,getTrackingInformationFromPrePushResult
FNDA:0,(anonymous_32)
FNDA:0,(anonymous_33)
FNDA:0,(anonymous_34)
FNDA:0,(anonymous_35)
FNDA:0,(anonymous_36)
FNDA:0,getTrackingInformationFromPostPushResult
FNDA:0,(anonymous_38)
FNDA:0,(anonymous_39)
FNDA:0,(anonymous_40)
FNDA:0,(anonymous_41)
FNDA:0,normalizeAndValidateSourceControlledFilePath
FNDA:0,isWorkflowModified
DA:2,1
DA:4,1
DA:5,1
DA:6,1
DA:7,1
DA:8,1
DA:9,1
DA:10,1
DA:12,1
DA:14,1
DA:25,1
DA:26,0
DA:29,1
DA:30,0
DA:33,1
DA:37,0
DA:40,1
DA:41,0
DA:44,1
DA:45,0
DA:48,1
DA:49,0
DA:52,1
DA:56,0
DA:57,0
DA:63,0
DA:64,0
DA:66,0
DA:70,1
DA:71,0
DA:72,0
DA:77,0
DA:78,0
DA:80,0
DA:84,1
DA:89,0
DA:90,0
DA:91,0
DA:92,0
DA:94,0
DA:95,0
DA:96,0
DA:97,0
DA:99,0
DA:104,0
DA:107,1
DA:108,0
DA:109,0
DA:112,1
DA:113,0
DA:114,0
DA:119,0
DA:121,0
DA:125,0
DA:127,0
DA:138,0
DA:140,0
DA:141,0
DA:142,0
DA:143,0
DA:144,0
DA:145,0
DA:146,0
DA:152,1
DA:153,0
DA:154,0
DA:155,0
DA:156,0
DA:158,0
DA:162,0
DA:164,0
DA:169,1
DA:173,0
DA:174,0
DA:178,0
DA:181,0
DA:183,0
DA:187,1
DA:191,0
DA:192,0
DA:194,0
DA:196,0
DA:198,0
DA:200,0
DA:202,0
DA:206,1
DA:210,0
DA:211,0
DA:213,0
DA:214,0
DA:216,0
DA:218,0
DA:228,1
DA:232,0
DA:234,0
DA:238,0
DA:239,0
DA:242,0
DA:249,1
DA:253,0
LF:100
LH:27
BRDA:63,0,0,0
BRDA:77,1,0,0
BRDA:86,2,0,0
BRDA:95,3,0,0
BRDA:119,4,0,0
BRDA:119,4,1,0
BRDA:153,5,0,0
BRDA:153,5,1,0
BRDA:155,6,0,0
BRDA:163,7,0,0
BRDA:163,7,1,0
BRDA:178,8,0,0
BRDA:178,8,1,0
BRDA:178,8,2,0
BRDA:181,9,0,0
BRDA:181,9,1,0
BRDA:181,9,2,0
BRDA:196,10,0,0
BRDA:196,10,1,0
BRDA:200,11,0,0
BRDA:200,11,1,0
BRDA:213,12,0,0
BRDA:213,12,1,0
BRDA:213,13,0,0
BRDA:213,13,1,0
BRDA:214,14,0,0
BRDA:214,14,1,0
BRDA:216,15,0,0
BRDA:216,15,1,0
BRDA:216,16,0,0
BRDA:216,16,1,0
BRDA:218,17,0,0
BRDA:218,17,1,0
BRDA:218,18,0,0
BRDA:218,18,1,0
BRDA:234,19,0,0
BRDA:234,19,1,0
BRDA:238,20,0,0
BRDA:254,21,0,0
BRDA:254,21,1,0
BRDA:254,21,2,0
BRF:41
BRH:0
end_of_record
TN:
SF:src/environments.ee/source-control/source-control-preferences.service.ee.ts
FN:33,(anonymous_3)
FN:45,(anonymous_4)
FN:53,(anonymous_5)
FN:60,(anonymous_6)
FN:68,(anonymous_7)
FN:78,(anonymous_8)
FN:86,(anonymous_9)
FN:94,(anonymous_10)
FN:106,(anonymous_11)
FN:120,(anonymous_12)
FN:133,(anonymous_13)
FN:161,(anonymous_14)
FN:165,(anonymous_15)
FN:169,(anonymous_16)
FN:173,(anonymous_17)
FN:177,(anonymous_18)
FN:181,(anonymous_19)
FN:200,(anonymous_20)
FN:227,(anonymous_21)
FNF:19
FNH:0
FNDA:0,(anonymous_3)
FNDA:0,(anonymous_4)
FNDA:0,(anonymous_5)
FNDA:0,(anonymous_6)
FNDA:0,(anonymous_7)
FNDA:0,(anonymous_8)
FNDA:0,(anonymous_9)
FNDA:0,(anonymous_10)
FNDA:0,(anonymous_11)
FNDA:0,(anonymous_12)
FNDA:0,(anonymous_13)
FNDA:0,(anonymous_14)
FNDA:0,(anonymous_15)
FNDA:0,(anonymous_16)
FNDA:0,(anonymous_17)
FNDA:0,(anonymous_18)
FNDA:0,(anonymous_19)
FNDA:0,(anonymous_20)
FNDA:0,(anonymous_21)
DA:1,1
DA:2,1
DA:3,1
DA:5,1
DA:6,1
DA:7,1
DA:8,1
DA:9,1
DA:10,1
DA:12,1
DA:18,1
DA:19,1
DA:21,1
DA:24,1
DA:25,0
DA:34,0
DA:35,0
DA:36,0
DA:37,0
DA:38,0
DA:40,0
DA:41,0
DA:42,0
DA:46,0
DA:54,0
DA:61,0
DA:69,0
DA:71,0
DA:75,0
DA:79,0
DA:81,0
DA:83,0
DA:87,0
DA:89,0
DA:91,0
DA:95,0
DA:97,0
DA:99,0
DA:101,0
DA:103,0
DA:107,0
DA:108,0
DA:110,0
DA:112,0
DA:114,0
DA:115,0
DA:117,0
DA:121,0
DA:122,0
DA:123,0
DA:125,0
DA:126,0
DA:134,0
DA:135,0
DA:138,0
DA:140,0
DA:141,0
DA:150,0
DA:154,0
DA:155,0
DA:158,0
DA:162,0
DA:166,0
DA:170,0
DA:174,0
DA:178,0
DA:185,0
DA:186,0
DA:192,0
DA:193,0
DA:197,0
DA:204,0
DA:206,0
DA:208,0
DA:209,0
DA:210,0
DA:211,0
DA:212,0
DA:221,0
DA:224,0
DA:230,0
DA:233,0
DA:234,0
DA:235,0
DA:236,0
DA:238,0
DA:239,0
DA:242,0
DA:247,0
DA:248,0
LF:90
LH:14
BRDA:48,0,0,0
BRDA:48,0,1,0
BRDA:62,1,0,0
BRDA:62,1,1,0
BRDA:62,1,2,0
BRDA:71,2,0,0
BRDA:81,3,0,0
BRDA:89,4,0,0
BRDA:110,5,0,0
BRDA:114,6,0,0
BRDA:114,6,1,0
BRDA:125,7,0,0
BRDA:125,7,1,0
BRDA:134,8,0,0
BRDA:136,9,0,0
BRDA:136,9,1,0
BRDA:154,10,0,0
BRDA:170,11,0,0
BRDA:170,11,1,0
BRDA:183,12,0,0
BRDA:192,13,0,0
BRDA:202,14,0,0
BRDA:206,15,0,0
BRDA:209,16,0,0
BRDA:233,17,0,0
BRDA:236,18,0,0
BRDA:34,19,0,1
BRDA:34,19,1,0
BRDA:34,20,0,1
BRDA:34,20,1,1
BRDA:34,21,0,1
BRDA:34,21,1,0
BRDA:34,22,0,1
BRDA:34,22,1,1
BRDA:35,23,0,1
BRDA:35,23,1,0
BRDA:35,24,0,1
BRDA:35,24,1,1
BRDA:36,25,0,1
BRDA:36,25,1,0
BRDA:36,26,0,1
BRDA:36,26,1,1
BRDA:37,27,0,1
BRDA:37,27,1,0
BRDA:37,28,0,1
BRDA:37,28,1,1
BRF:46
BRH:15
end_of_record
TN:
SF:src/environments.ee/source-control/source-control.config.ts
FN:4,(anonymous_2)
FNF:1
FNH:0
FNDA:0,(anonymous_2)
DA:1,1
DA:4,1
DA:7,1
LF:3
LH:3
BRF:0
BRH:0
end_of_record
TN:
SF:src/environments.ee/source-control/types/source-control-preferences.ts
FN:6,(anonymous_2)
FN:37,(anonymous_3)
FN:41,(anonymous_4)
FNF:3
FNH:0
FNDA:0,(anonymous_2)
FNDA:0,(anonymous_3)
FNDA:0,(anonymous_4)
DA:1,1
DA:3,1
DA:5,1
DA:7,0
DA:11,1
DA:14,1
DA:17,1
DA:20,1
DA:23,1
DA:27,1
DA:31,1
DA:35,1
DA:38,0
DA:45,0
LF:14
LH:11
BRDA:6,0,0,0
BRDA:7,1,0,0
BRDA:46,2,0,0
BRDA:46,2,1,0
BRDA:47,3,0,0
BRDA:47,3,1,0
BRDA:48,4,0,0
BRDA:48,4,1,0
BRDA:49,5,0,0
BRDA:49,5,1,0
BRDA:50,6,0,0
BRDA:50,6,1,0
BRDA:51,7,0,0
BRDA:51,7,1,0
BRDA:35,8,0,0
BRDA:35,8,1,1
BRDA:35,9,0,1
BRDA:35,9,1,0
BRF:18
BRH:2
end_of_record
TN:
SF:src/environments.ee/variables/variables.service.ee.ts
FN:13,(anonymous_2)
FN:20,(anonymous_3)
FN:22,(anonymous_4)
FN:30,(anonymous_5)
FN:33,(anonymous_6)
FN:36,(anonymous_7)
FN:40,(anonymous_8)
FN:42,(anonymous_9)
FN:49,(anonymous_10)
FN:54,(anonymous_11)
FN:60,(anonymous_12)
FN:64,(anonymous_13)
FN:76,(anonymous_14)
FN:94,(anonymous_15)
FN:101,(anonymous_16)
FNF:15
FNH:0
FNDA:0,(anonymous_2)
FNDA:0,(anonymous_3)
FNDA:0,(anonymous_4)
FNDA:0,(anonymous_5)
FNDA:0,(anonymous_6)
FNDA:0,(anonymous_7)
FNDA:0,(anonymous_8)
FNDA:0,(anonymous_9)
FNDA:0,(anonymous_10)
FNDA:0,(anonymous_11)
FNDA:0,(anonymous_12)
FNDA:0,(anonymous_13)
FNDA:0,(anonymous_14)
FNDA:0,(anonymous_15)
FNDA:0,(anonymous_16)
DA:2,1
DA:3,1
DA:5,1
DA:6,1
DA:7,1
DA:8,1
DA:9,1
DA:12,1
DA:14,0
DA:15,0
DA:16,0
DA:17,0
DA:21,0
DA:22,0
DA:25,0
DA:26,0
DA:29,0
DA:30,0
DA:33,0
DA:37,0
DA:41,0
DA:42,0
DA:43,0
DA:44,0
DA:46,0
DA:50,0
DA:51,0
DA:56,0
DA:57,0
DA:61,0
DA:65,0
DA:66,0
DA:68,0
DA:69,0
DA:71,0
DA:72,0
DA:77,0
DA:78,0
DA:80,0
DA:82,0
DA:83,0
DA:90,0
DA:91,0
DA:95,0
DA:96,0
DA:97,0
DA:98,0
DA:102,0
DA:103,0
DA:107,0
DA:108,0
DA:109,0
DA:111,0
LF:53
LH:8
BRDA:25,0,0,0
BRDA:29,1,0,0
BRDA:43,2,0,0
BRDA:65,3,0,0
BRDA:68,4,0,0
BRDA:71,5,0,0
BRDA:77,6,0,0
BRDA:102,7,0,0
BRDA:108,8,0,0
BRDA:14,9,0,1
BRDA:14,9,1,0
BRDA:14,10,0,1
BRDA:14,10,1,1
BRDA:14,11,0,1
BRDA:14,11,1,0
BRDA:14,12,0,1
BRDA:14,12,1,1
BRDA:15,13,0,1
BRDA:15,13,1,0
BRDA:15,14,0,1
BRDA:15,14,1,1
BRDA:16,15,0,1
BRDA:16,15,1,0
BRDA:16,16,0,1
BRDA:16,16,1,1
BRF:25
BRH:12
end_of_record
TN:
SF:src/errors/aborted-execution-retry.error.ts
FN:4,(anonymous_0)
FNF:1
FNH:0
FNDA:0,(anonymous_0)
DA:1,1
DA:3,1
DA:5,0
LF:3
LH:2
BRF:0
BRH:0
end_of_record
TN:
SF:src/errors/credential-not-found.error.ts
FN:4,(anonymous_0)
FNF:1
FNH:0
FNDA:0,(anonymous_0)
DA:1,1
DA:3,1
DA:5,0
LF:3
LH:2
BRF:0
BRH:0
end_of_record
TN:
SF:src/errors/execution-not-found-error.ts
FN:4,(anonymous_0)
FNF:1
FNH:0
FNDA:0,(anonymous_0)
DA:1,1
DA:3,1
DA:5,0
LF:3
LH:2
BRF:0
BRH:0
end_of_record
TN:
SF:src/errors/feature-not-licensed.error.ts
FN:5,(anonymous_0)
FNF:1
FNH:1
FNDA:2,(anonymous_0)
DA:2,1
DA:4,1
DA:6,2
LF:3
LH:3
BRF:0
BRH:0
end_of_record
TN:
SF:src/errors/invalid-concurrency-limit.error.ts
FN:4,(anonymous_0)
FNF:1
FNH:0
FNDA:0,(anonymous_0)
DA:1,1
DA:3,1
DA:5,0
LF:3
LH:2
BRF:0
BRH:0
end_of_record
TN:
SF:src/errors/max-stalled-count.error.ts
FN:7,(anonymous_0)
FNF:1
FNH:0
FNDA:0,(anonymous_0)
DA:1,1
DA:6,1
DA:8,0
LF:3
LH:2
BRF:0
BRH:0
end_of_record
TN:
SF:src/errors/missing-execution-stop.error.ts
FN:4,(anonymous_0)
FNF:1
FNH:0
FNDA:0,(anonymous_0)
DA:1,1
DA:3,1
DA:5,0
LF:3
LH:2
BRF:0
BRH:0
end_of_record
TN:
SF:src/errors/queued-execution-retry.error.ts
FN:4,(anonymous_0)
FNF:1
FNH:0
FNDA:0,(anonymous_0)
DA:1,1
DA:3,1
DA:5,0
LF:3
LH:2
BRF:0
BRH:0
end_of_record
TN:
SF:src/errors/subworkflow-policy-denial.error.ts
FN:29,(anonymous_0)
FN:53,(anonymous_1)
FNF:2
FNH:0
FNDA:0,(anonymous_0)
FNDA:0,(anonymous_1)
DA:2,1
DA:25,1
DA:28,1
DA:37,0
DA:53,0
DA:54,0
DA:55,0
DA:56,0
DA:58,0
DA:61,0
LF:10
LH:3
BRDA:54,0,0,0
BRDA:55,1,0,0
BRDA:56,2,0,0
BRF:3
BRH:0
end_of_record
TN:
SF:src/errors/unknown-execution-mode.error.ts
FN:4,(anonymous_0)
FNF:1
FNH:0
FNDA:0,(anonymous_0)
DA:1,1
DA:3,1
DA:5,0
LF:3
LH:2
BRF:0
BRH:0
end_of_record
TN:
SF:src/errors/variable-count-limit-reached.error.ts
FNF:0
FNH:0
DA:1,1
DA:3,1
LF:2
LH:2
BRF:0
BRH:0
end_of_record
TN:
SF:src/errors/variable-validation.error.ts
FNF:0
FNH:0
DA:1,1
DA:3,1
LF:2
LH:2
BRF:0
BRH:0
end_of_record
TN:
SF:src/errors/workflow-missing-id.error.ts
FN:5,(anonymous_0)
FNF:1
FNH:0
FNDA:0,(anonymous_0)
DA:2,1
DA:4,1
DA:6,0
LF:3
LH:2
BRF:0
BRH:0
end_of_record
TN:
SF:src/errors/cache-errors/malformed-refresh-value.error.ts
FN:4,(anonymous_0)
FNF:1
FNH:0
FNDA:0,(anonymous_0)
DA:1,1
DA:3,1
DA:5,0
LF:3
LH:2
BRF:0
BRH:0
end_of_record
TN:
SF:src/errors/cache-errors/uncacheable-value.error.ts
FN:4,(anonymous_0)
FNF:1
FNH:0
FNDA:0,(anonymous_0)
DA:1,1
DA:3,1
DA:5,0
LF:3
LH:2
BRF:0
BRH:0
end_of_record
TN:
SF:src/errors/response-errors/auth.error.ts
FN:4,(anonymous_0)
FNF:1
FNH:0
FNDA:0,(anonymous_0)
DA:1,2
DA:3,2
DA:5,0
LF:3
LH:2
BRF:0
BRH:0
end_of_record
TN:
SF:src/errors/response-errors/bad-request.error.ts
FN:4,(anonymous_0)
FNF:1
FNH:0
FNDA:0,(anonymous_0)
DA:1,2
DA:3,2
DA:5,0
LF:3
LH:2
BRF:0
BRH:0
end_of_record
TN:
SF:src/errors/response-errors/forbidden.error.ts
FN:4,(anonymous_0)
FNF:1
FNH:0
FNDA:0,(anonymous_0)
DA:1,2
DA:3,2
DA:5,0
LF:3
LH:2
BRDA:4,0,0,0
BRF:1
BRH:0
end_of_record
TN:
SF:src/errors/response-errors/internal-server.error.ts
FN:4,(anonymous_0)
FNF:1
FNH:0
FNDA:0,(anonymous_0)
DA:1,1
DA:3,1
DA:5,0
LF:3
LH:2
BRDA:5,0,0,0
BRDA:5,0,1,0
BRF:2
BRH:0
end_of_record
TN:
SF:src/errors/response-errors/invalid-mfa-code.error.ts
FN:4,(anonymous_0)
FNF:1
FNH:0
FNDA:0,(anonymous_0)
DA:1,2
DA:3,2
DA:5,0
LF:3
LH:2
BRF:0
BRH:0
end_of_record
TN:
SF:src/errors/response-errors/invalid-mfa-recovery-code-error.ts
FN:4,(anonymous_0)
FNF:1
FNH:0
FNDA:0,(anonymous_0)
DA:1,2
DA:3,2
DA:5,0
LF:3
LH:2
BRF:0
BRH:0
end_of_record
TN:
SF:src/errors/response-errors/not-found.error.ts
FN:4,(anonymous_0)
FN:14,(anonymous_1)
FNF:2
FNH:0
FNDA:0,(anonymous_0)
FNDA:0,(anonymous_1)
DA:1,1
DA:3,1
DA:9,0
DA:10,0
DA:15,0
LF:5
LH:2
BRDA:9,0,0,0
BRDA:9,1,0,0
BRDA:9,1,1,0
BRDA:14,2,0,0
BRF:4
BRH:0
end_of_record
TN:
SF:src/errors/response-errors/unauthenticated.error.ts
FN:4,(anonymous_0)
FNF:1
FNH:0
FNDA:0,(anonymous_0)
DA:1,1
DA:3,1
DA:5,0
LF:3
LH:2
BRDA:4,0,0,0
BRF:1
BRH:0
end_of_record
TN:
SF:src/errors/response-errors/unprocessable.error.ts
FN:4,(anonymous_0)
FNF:1
FNH:0
FNDA:0,(anonymous_0)
DA:1,1
DA:3,1
DA:5,0
LF:3
LH:2
BRDA:4,0,0,0
BRF:1
BRH:0
end_of_record
TN:
SF:src/errors/response-errors/webhook-not-found.error.ts
FN:3,(anonymous_0)
FN:36,(anonymous_1)
FNF:2
FNH:0
FNDA:0,(anonymous_0)
FNDA:0,(anonymous_1)
DA:1,1
DA:3,1
DA:12,0
DA:14,0
DA:15,0
DA:18,0
DA:19,0
DA:21,0
DA:22,0
DA:24,0
DA:26,0
DA:29,0
DA:31,0
DA:35,1
DA:48,0
DA:50,0
DA:51,0
DA:52,0
DA:58,0
LF:19
LH:3
BRDA:14,0,0,0
BRDA:18,1,0,0
BRDA:18,1,1,0
BRDA:18,2,0,0
BRDA:18,2,1,0
BRDA:21,3,0,0
BRDA:21,3,1,0
BRDA:46,4,0,0
BRDA:51,5,0,0
BRDA:53,6,0,0
BRDA:53,6,1,0
BRF:11
BRH:0
end_of_record
TN:
SF:src/errors/response-errors/abstract/response.error.ts
FN:11,(anonymous_0)
FNF:1
FNH:0
FNDA:0,(anonymous_0)
DA:1,2
DA:6,2
DA:14,0
DA:16,0
DA:18,0
DA:21,0
DA:22,0
DA:24,0
DA:25,0
DA:26,0
DA:27,0
DA:29,0
LF:12
LH:2
BRDA:16,0,0,0
BRDA:18,1,0,0
BRDA:24,2,0,0
BRDA:24,2,1,0
BRDA:24,3,0,0
BRDA:24,3,1,0
BRDA:26,4,0,0
BRDA:26,4,1,0
BRDA:26,5,0,0
BRDA:26,5,1,0
BRF:10
BRH:0
end_of_record
TN:
SF:src/events/event.service.ts
FNF:0
FNH:0
DA:1,1
DA:3,1
DA:12,1
LF:3
LH:3
BRF:0
BRH:0
end_of_record
TN:
SF:src/execution-lifecycle/execute-error-workflow.ts
FN:21,executeErrorWorkflow
FN:94,(anonymous_1)
FN:101,(anonymous_2)
FN:117,(anonymous_3)
FN:122,(anonymous_4)
FNF:5
FNH:0
FNDA:0,executeErrorWorkflow
FNDA:0,(anonymous_1)
FNDA:0,(anonymous_2)
FNDA:0,(anonymous_3)
FNDA:0,(anonymous_4)
DA:1,1
DA:2,1
DA:3,1
DA:4,1
DA:8,1
DA:9,1
DA:10,1
DA:21,1
DA:28,0
DA:32,0
DA:33,0
DA:38,0
DA:40,0
DA:42,0
DA:44,0
DA:60,0
DA:72,0
DA:75,0
DA:76,0
DA:77,0
DA:85,0
DA:89,0
DA:92,0
DA:95,0
DA:102,0
DA:103,0
DA:114,0
DA:117,0
DA:119,0
DA:120,0
DA:123,0
LF:31
LH:8
BRDA:32,0,0,0
BRDA:38,1,0,0
BRDA:42,2,0,0
BRDA:42,2,1,0
BRDA:75,3,0,0
BRDA:75,3,1,0
BRDA:76,4,0,0
BRDA:76,4,1,0
BRDA:76,5,0,0
BRDA:76,5,1,0
BRDA:76,6,0,0
BRDA:76,6,1,0
BRDA:76,6,2,0
BRDA:85,7,0,0
BRDA:114,8,0,0
BRDA:115,9,0,0
BRDA:115,9,1,0
BRDA:115,9,2,0
BRF:18
BRH:0
end_of_record
TN:
SF:src/execution-lifecycle/execution-lifecycle-hooks.ts
FN:32,(anonymous_1)
FN:40,(anonymous_2)
FN:53,(anonymous_3)
FN:66,(anonymous_4)
FN:80,(anonymous_5)
FN:102,hookFunctionsWorkflowEvents
FN:104,(anonymous_7)
FN:108,(anonymous_8)
FN:125,hookFunctionsNodeEvents
FN:127,(anonymous_10)
FN:129,(anonymous_11)
FN:139,(anonymous_12)
FN:141,(anonymous_13)
FN:156,hookFunctionsPush
FN:163,(anonymous_15)
FN:178,(anonymous_16)
FN:189,(anonymous_17)
FN:216,(anonymous_18)
FN:238,hookFunctionsExternalHooks
FN:240,(anonymous_20)
FN:243,(anonymous_21)
FN:252,hookFunctionsSaveProgress
FN:257,(anonymous_23)
FN:269,hookFunctionsFinalizeExecutionStatus
FN:270,(anonymous_25)
FN:275,hookFunctionsStatistics
FN:277,(anonymous_27)
FN:285,hookFunctionsSave
FN:294,(anonymous_29)
FN:385,hookFunctionsSaveWorker
FN:393,(anonymous_31)
FN:451,getLifecycleHooksForSubExecutions
FN:472,getLifecycleHooksForScalingWorker
FN:499,getLifecycleHooksForScalingMain
FN:514,(anonymous_35)
FN:561,getLifecycleHooksForRegularMain
FNF:36
FNH:0
FNDA:0,(anonymous_1)
FNDA:0,(anonymous_2)
FNDA:0,(anonymous_3)
FNDA:0,(anonymous_4)
FNDA:0,(anonymous_5)
FNDA:0,hookFunctionsWorkflowEvents
FNDA:0,(anonymous_7)
FNDA:0,(anonymous_8)
FNDA:0,hookFunctionsNodeEvents
FNDA:0,(anonymous_10)
FNDA:0,(anonymous_11)
FNDA:0,(anonymous_12)
FNDA:0,(anonymous_13)
FNDA:0,hookFunctionsPush
FNDA:0,(anonymous_15)
FNDA:0,(anonymous_16)
FNDA:0,(anonymous_17)
FNDA:0,(anonymous_18)
FNDA:0,hookFunctionsExternalHooks
FNDA:0,(anonymous_20)
FNDA:0,(anonymous_21)
FNDA:0,hookFunctionsSaveProgress
FNDA:0,(anonymous_23)
FNDA:0,hookFunctionsFinalizeExecutionStatus
FNDA:0,(anonymous_25)
FNDA:0,hookFunctionsStatistics
FNDA:0,(anonymous_27)
FNDA:0,hookFunctionsSave
FNDA:0,(anonymous_29)
FNDA:0,hookFunctionsSaveWorker
FNDA:0,(anonymous_31)
FNDA:0,getLifecycleHooksForSubExecutions
FNDA:0,getLifecycleHooksForScalingWorker
FNDA:0,getLifecycleHooksForScalingMain
FNDA:0,(anonymous_35)
FNDA:0,getLifecycleHooksForRegularMain
DA:1,1
DA:2,1
DA:3,1
DA:4,1
DA:5,1
DA:6,1
DA:13,1
DA:14,1
DA:15,1
DA:16,1
DA:17,1
DA:18,1
DA:20,1
DA:21,1
DA:22,1
DA:23,1
DA:28,1
DA:31,1
DA:33,0
DA:35,0
DA:36,0
DA:38,0
DA:40,0
DA:41,0
DA:48,0
DA:50,0
DA:53,0
DA:54,0
DA:61,0
DA:63,0
DA:66,0
DA:67,0
DA:75,0
DA:77,0
DA:80,0
DA:81,0
DA:88,0
DA:90,0
DA:103,0
DA:104,0
DA:105,0
DA:106,0
DA:108,0
DA:109,0
DA:111,0
DA:113,0
DA:114,0
DA:115,0
DA:116,0
DA:117,0
DA:121,0
DA:126,0
DA:127,0
DA:128,0
DA:129,0
DA:131,0
DA:139,0
DA:140,0
DA:141,0
DA:143,0
DA:160,0
DA:161,0
DA:162,0
DA:163,0
DA:164,0
DA:167,0
DA:173,0
DA:178,0
DA:179,0
DA:181,0
DA:187,0
DA:189,0
DA:190,0
DA:191,0
DA:192,0
DA:198,0
DA:216,0
DA:217,0
DA:218,0
DA:219,0
DA:225,0
DA:226,0
DA:227,0
DA:229,0
DA:230,0
DA:239,0
DA:240,0
DA:241,0
DA:243,0
DA:244,0
DA:256,0
DA:257,0
DA:258,0
DA:270,0
DA:271,0
DA:276,0
DA:277,0
DA:278,0
DA:289,0
DA:290,0
DA:291,0
DA:292,0
DA:293,0
DA:294,0
DA:295,0
DA:300,0
DA:302,0
DA:304,0
DA:305,0
DA:307,0
DA:308,0
DA:310,0
DA:311,0
DA:318,0
DA:328,0
DA:330,0
DA:334,0
DA:337,0
DA:338,0
DA:340,0
DA:345,0
DA:350,0
DA:358,0
DA:359,0
DA:362,0
DA:368,0
DA:369,0
DA:372,0
DA:389,0
DA:390,0
DA:391,0
DA:392,0
DA:393,0
DA:394,0
DA:399,0
DA:401,0
DA:402,0
DA:404,0
DA:405,0
DA:407,0
DA:408,0
DA:415,0
DA:416,0
DA:421,0
DA:429,0
DA:430,0
DA:433,0
DA:439,0
DA:451,1
DA:457,0
DA:458,0
DA:459,0
DA:460,0
DA:461,0
DA:462,0
DA:463,0
DA:464,0
DA:465,0
DA:466,0
DA:472,1
DA:476,0
DA:477,0
DA:478,0
DA:479,0
DA:480,0
DA:481,0
DA:482,0
DA:483,0
DA:484,0
DA:485,0
DA:487,0
DA:488,0
DA:491,0
DA:493,0
DA:499,1
DA:503,0
DA:504,0
DA:505,0
DA:506,0
DA:507,0
DA:509,0
DA:510,0
DA:511,0
DA:512,0
DA:514,0
DA:516,0
DA:518,0
DA:520,0
DA:530,0
DA:532,0
DA:536,0
DA:539,0
DA:540,0
DA:550,0
DA:551,0
DA:553,0
DA:555,0
DA:561,1
DA:565,0
DA:566,0
DA:567,0
DA:568,0
DA:569,0
DA:570,0
DA:571,0
DA:572,0
DA:573,0
DA:574,0
DA:575,0
DA:576,0
DA:577,0
DA:578,0
LF:212
LH:22
BRDA:38,0,0,0
BRDA:38,0,1,0
BRDA:38,0,2,0
BRDA:38,0,3,0
BRDA:109,1,0,0
BRDA:113,2,0,0
BRDA:115,3,0,0
BRDA:160,4,0,0
BRDA:208,5,0,0
BRDA:208,5,1,0
BRDA:226,6,0,0
BRDA:226,6,1,0
BRDA:256,7,0,0
BRDA:305,8,0,0
BRDA:305,9,0,0
BRDA:305,9,1,0
BRDA:305,9,2,0
BRDA:318,10,0,0
BRDA:318,11,0,0
BRDA:318,11,1,0
BRDA:318,11,2,0
BRDA:334,12,0,0
BRDA:334,12,1,0
BRDA:334,12,2,0
BRDA:334,12,3,0
BRDA:337,13,0,0
BRDA:337,14,0,0
BRDA:337,14,1,0
BRDA:337,14,2,0
BRDA:358,15,0,0
BRDA:358,16,0,0
BRDA:358,16,1,0
BRDA:368,17,0,0
BRDA:402,18,0,0
BRDA:402,19,0,0
BRDA:402,19,1,0
BRDA:402,19,2,0
BRDA:415,20,0,0
BRDA:415,21,0,0
BRDA:415,21,1,0
BRDA:415,21,2,0
BRDA:429,22,0,0
BRDA:429,23,0,0
BRDA:429,23,1,0
BRDA:479,24,0,0
BRDA:479,24,1,0
BRDA:487,25,0,0
BRDA:487,26,0,0
BRDA:487,26,1,0
BRDA:506,27,0,0
BRDA:506,27,1,0
BRDA:516,28,0,0
BRDA:520,29,0,0
BRDA:520,30,0,0
BRDA:520,30,1,0
BRDA:520,30,2,0
BRDA:536,31,0,0
BRDA:536,31,1,0
BRDA:536,31,2,0
BRDA:536,31,3,0
BRDA:539,32,0,0
BRDA:539,33,0,0
BRDA:539,33,1,0
BRDA:539,33,2,0
BRDA:568,34,0,0
BRDA:568,34,1,0
BRF:66
BRH:0
end_of_record
TN:
SF:src/execution-lifecycle/restore-binary-data-id.ts
FN:23,restoreBinaryDataId
FN:35,(anonymous_1)
FNF:2
FNH:0
FNDA:0,restoreBinaryDataId
FNDA:0,(anonymous_1)
DA:1,1
DA:2,1
DA:4,1
DA:23,1
DA:28,0
DA:29,0
DA:32,0
DA:33,0
DA:35,0
DA:36,0
DA:38,0
DA:40,0
DA:42,0
DA:44,0
DA:46,0
DA:48,0
DA:50,0
DA:53,0
DA:56,0
DA:58,0
DA:59,0
DA:61,0
DA:62,0
DA:66,0
DA:69,0
LF:25
LH:4
BRDA:28,0,0,0
BRDA:28,1,0,0
BRDA:28,1,1,0
BRDA:38,2,0,0
BRDA:44,3,0,0
BRDA:58,4,0,0
BRDA:58,4,1,0
BRDA:61,5,0,0
BRF:8
BRH:0
end_of_record
TN:
SF:src/execution-lifecycle/save-execution-progress.ts
FN:7,saveExecutionProgress
FNF:1
FNH:0
FNDA:0,saveExecutionProgress
DA:1,1
DA:2,1
DA:3,1
DA:4,1
DA:7,1
DA:14,0
DA:15,0
DA:16,0
DA:18,0
DA:19,0
DA:24,0
DA:29,0
DA:32,0
DA:35,0
DA:39,0
DA:42,0
DA:56,0
DA:57,0
DA:59,0
DA:62,0
DA:66,0
DA:67,0
DA:70,0
DA:72,0
DA:74,0
DA:80,0
LF:26
LH:5
BRDA:29,0,0,0
BRDA:35,1,0,0
BRDA:66,2,0,0
BRDA:72,3,0,0
BRDA:72,3,1,0
BRF:5
BRH:0
end_of_record
TN:
SF:src/execution-lifecycle/to-save-settings.ts
FN:20,toSaveSettings
FNF:1
FNH:0
FNDA:0,toSaveSettings
DA:3,1
DA:20,1
DA:21,0
DA:33,0
DA:35,0
LF:5
LH:2
BRDA:20,0,0,0
BRDA:29,1,0,0
BRDA:30,2,0,0
BRDA:31,3,0,0
BRDA:32,4,0,0
BRDA:36,5,0,0
BRDA:36,5,1,0
BRDA:38,6,0,0
BRDA:38,6,1,0
BRDA:41,7,0,0
BRDA:41,7,1,0
BRDA:42,8,0,0
BRDA:42,8,1,0
BRF:13
BRH:0
end_of_record
TN:
SF:src/execution-lifecycle/shared/shared-hook-functions.ts
FN:12,determineFinalExecutionStatus
FN:28,prepareExecutionDataForDbUpdate
FN:75,updateExistingExecution
FNF:3
FNH:0
FNDA:0,determineFinalExecutionStatus
FNDA:0,prepareExecutionDataForDbUpdate
FNDA:0,updateExistingExecution
DA:1,1
DA:3,1
DA:4,1
DA:5,1
DA:6,1
DA:9,1
DA:10,1
DA:12,1
DA:13,0
DA:14,0
DA:15,0
DA:17,0
DA:21,0
DA:22,0
DA:23,0
DA:24,0
DA:25,0
DA:28,1
DA:34,0
DA:37,0
DA:51,0
DA:63,0
DA:64,0
DA:67,0
DA:68,0
DA:69,0
DA:72,0
DA:75,1
DA:80,0
DA:81,0
DA:83,0
DA:90,0
DA:92,0
DA:93,0
DA:94,0
DA:100,0
DA:101,0
DA:104,0
DA:105,0
LF:39
LH:10
BRDA:17,0,0,0
BRDA:17,0,1,0
BRDA:17,0,2,0
BRDA:17,0,3,0
BRDA:21,1,0,0
BRDA:21,1,1,0
BRDA:22,2,0,0
BRDA:23,3,0,0
BRDA:24,4,0,0
BRDA:54,5,0,0
BRDA:54,5,1,0
BRDA:63,6,0,0
BRDA:68,7,0,0
BRDA:93,8,0,0
BRDA:104,9,0,0
BRDA:104,10,0,0
BRDA:104,10,1,0
BRF:17
BRH:0
end_of_record
TN:
SF:src/executions/execution-data.service.ts
FN:6,(anonymous_1)
FNF:1
FNH:0
FNDA:0,(anonymous_1)
DA:1,1
DA:5,1
DA:12,0
DA:17,0
DA:31,0
DA:32,0
DA:36,0
DA:37,0
DA:47,0
DA:61,0
LF:10
LH:2
BRDA:10,0,0,0
BRDA:31,1,0,0
BRF:2
BRH:0
end_of_record
TN:
SF:src/executions/execution.service.ts
FN:107,(anonymous_3)
FN:123,(anonymous_4)
FN:143,(anonymous_5)
FN:258,(anonymous_6)
FN:263,(anonymous_7)
FN:284,(anonymous_8)
FN:365,(anonymous_9)
FN:396,(anonymous_10)
FN:399,(anonymous_11)
FN:421,(anonymous_12)
FN:432,(anonymous_13)
FN:462,(anonymous_14)
FN:472,(anonymous_15)
FN:489,(anonymous_16)
FN:501,(anonymous_17)
FN:502,(anonymous_18)
FN:513,(anonymous_19)
FN:555,(anonymous_20)
FN:634,(anonymous_21)
FN:667,(anonymous_22)
FN:675,(anonymous_23)
FN:726,(anonymous_24)
FN:768,(anonymous_25)
FN:850,(anonymous_26)
FN:867,(anonymous_27)
FN:907,(anonymous_28)
FN:937,(anonymous_29)
FNF:27
FNH:0
FNDA:0,(anonymous_3)
FNDA:0,(anonymous_4)
FNDA:0,(anonymous_5)
FNDA:0,(anonymous_6)
FNDA:0,(anonymous_7)
FNDA:0,(anonymous_8)
FNDA:0,(anonymous_9)
FNDA:0,(anonymous_10)
FNDA:0,(anonymous_11)
FNDA:0,(anonymous_12)
FNDA:0,(anonymous_13)
FNDA:0,(anonymous_14)
FNDA:0,(anonymous_15)
FNDA:0,(anonymous_16)
FNDA:0,(anonymous_17)
FNDA:0,(anonymous_18)
FNDA:0,(anonymous_19)
FNDA:0,(anonymous_20)
FNDA:0,(anonymous_21)
FNDA:0,(anonymous_22)
FNDA:0,(anonymous_23)
FNDA:0,(anonymous_24)
FNDA:0,(anonymous_25)
FNDA:0,(anonymous_26)
FNDA:0,(anonymous_27)
FNDA:0,(anonymous_28)
FNDA:0,(anonymous_29)
DA:1,1
DA:2,1
DA:10,1
DA:16,1
DA:17,1
DA:28,1
DA:36,1
DA:37,1
DA:38,1
DA:39,1
DA:40,1
DA:41,1
DA:42,1
DA:43,1
DA:45,1
DA:46,1
DA:47,1
DA:48,1
DA:49,1
DA:61,1
DA:101,1
DA:106,1
DA:108,0
DA:109,0
DA:110,0
DA:111,0
DA:112,0
DA:113,0
DA:114,0
DA:115,0
DA:116,0
DA:117,0
DA:118,0
DA:119,0
DA:120,0
DA:127,0
DA:129,0
DA:130,0
DA:132,0
DA:133,0
DA:137,0
DA:140,0
DA:144,0
DA:145,0
DA:150,0
DA:151,0
DA:158,0
DA:161,0
DA:163,0
DA:165,0
DA:166,0
DA:169,0
DA:171,0
DA:174,0
DA:182,0
DA:184,0
DA:186,0
DA:187,0
DA:188,0
DA:194,0
DA:199,0
DA:202,0
DA:203,0
DA:207,0
DA:208,0
DA:214,0
DA:216,0
DA:228,0
DA:230,0
DA:231,0
DA:232,0
DA:237,0
DA:243,0
DA:247,0
DA:249,0
DA:251,0
DA:252,0
DA:255,0
DA:259,0
DA:261,0
DA:262,0
DA:263,0
DA:264,0
DA:266,0
DA:267,0
DA:270,0
DA:274,0
DA:275,0
DA:278,0
DA:292,0
DA:294,0
DA:296,0
DA:342,0
DA:352,0
DA:366,0
DA:368,0
DA:369,0
DA:371,0
DA:373,0
DA:375,0
DA:379,0
DA:381,0
DA:383,0
DA:397,0
DA:399,0
DA:401,0
DA:414,0
DA:422,0
DA:433,0
DA:438,0
DA:439,0
DA:443,0
DA:446,0
DA:449,0
DA:453,0
DA:463,0
DA:465,0
DA:466,0
DA:473,0
DA:474,0
DA:475,0
DA:478,0
DA:479,0
DA:482,0
DA:483,0
DA:486,0
DA:490,0
DA:491,0
DA:494,0
DA:495,0
DA:498,0
DA:502,0
DA:504,0
DA:508,0
DA:509,0
DA:519,0
DA:524,0
DA:525,0
DA:529,0
DA:533,0
DA:540,0
DA:546,0
DA:547,0
DA:560,0
DA:565,0
DA:566,0
DA:569,0
DA:573,0
DA:574,0
DA:579,0
DA:580,0
DA:582,0
DA:584,0
DA:585,0
DA:586,0
DA:589,0
DA:590,0
DA:591,0
DA:595,0
DA:596,0
DA:597,0
DA:601,0
DA:602,0
DA:606,0
DA:607,0
DA:610,0
DA:617,0
DA:621,0
DA:624,0
DA:639,0
DA:644,0
DA:645,0
DA:648,0
DA:649,0
DA:651,0
DA:652,0
DA:655,0
DA:664,0
DA:666,0
DA:667,0
DA:669,0
DA:670,0
DA:674,0
DA:675,0
DA:676,0
DA:679,0
DA:680,0
DA:683,0
DA:687,0
DA:689,0
DA:690,0
DA:691,0
DA:692,0
DA:701,0
DA:702,0
DA:703,0
DA:704,0
DA:707,0
DA:708,0
DA:710,0
DA:717,0
DA:731,0
DA:736,0
DA:737,0
DA:740,0
DA:746,0
DA:747,0
DA:748,0
DA:752,0
DA:753,0
DA:757,0
DA:758,0
DA:765,0
DA:772,0
DA:777,0
DA:778,0
DA:781,0
DA:782,0
DA:784,0
DA:785,0
DA:788,0
DA:790,0
DA:791,0
DA:792,0
DA:793,0
DA:794,0
DA:795,0
DA:797,0
DA:803,0
DA:804,0
DA:805,0
DA:806,0
DA:807,0
DA:808,0
DA:809,0
DA:810,0
DA:811,0
DA:819,0
DA:823,0
DA:824,0
DA:825,0
DA:826,0
DA:827,0
DA:828,0
DA:829,0
DA:832,0
DA:855,0
DA:856,0
DA:857,0
DA:860,0
DA:861,0
DA:862,0
DA:863,0
DA:866,0
DA:867,0
DA:868,0
DA:869,0
DA:871,0
DA:876,0
DA:878,0
DA:883,0
DA:887,0
DA:890,0
DA:896,0
DA:908,0
DA:909,0
DA:910,0
DA:912,0
DA:913,0
DA:914,0
DA:915,0
DA:916,0
DA:917,0
DA:923,0
DA:924,0
DA:927,0
DA:938,0
DA:939,0
DA:942,0
DA:943,0
DA:944,0
DA:945,0
DA:946,0
DA:951,0
LF:284
LH:22
BRDA:127,0,0,0
BRDA:132,1,0,0
BRDA:150,2,0,0
BRDA:161,3,0,0
BRDA:163,4,0,0
BRDA:165,5,0,0
BRDA:184,6,0,0
BRDA:188,7,0,0
BRDA:189,8,0,0
BRDA:189,8,1,0
BRDA:199,9,0,0
BRDA:207,10,0,0
BRDA:231,11,0,0
BRDA:251,12,0,0
BRDA:261,13,0,0
BRDA:264,14,0,0
BRDA:266,15,0,0
BRDA:274,16,0,0
BRDA:274,17,0,0
BRDA:274,17,1,0
BRDA:294,18,0,0
BRDA:368,19,0,0
BRDA:371,20,0,0
BRDA:373,21,0,0
BRDA:438,22,0,0
BRDA:449,23,0,0
BRDA:449,23,1,0
BRDA:456,24,0,0
BRDA:456,24,1,0
BRDA:465,25,0,0
BRDA:473,26,0,0
BRDA:478,27,0,0
BRDA:482,28,0,0
BRDA:490,29,0,0
BRDA:494,30,0,0
BRDA:509,31,0,0
BRDA:509,31,1,0
BRDA:524,32,0,0
BRDA:546,33,0,0
BRDA:565,34,0,0
BRDA:573,35,0,0
BRDA:584,36,0,0
BRDA:589,37,0,0
BRDA:595,38,0,0
BRDA:601,39,0,0
BRDA:601,40,0,0
BRDA:601,40,1,0
BRDA:606,41,0,0
BRDA:619,42,0,0
BRDA:619,42,1,0
BRDA:628,43,0,0
BRDA:628,43,1,0
BRDA:644,44,0,0
BRDA:648,45,0,0
BRDA:649,46,0,0
BRDA:660,47,0,0
BRDA:660,47,1,0
BRDA:664,48,0,0
BRDA:669,49,0,0
BRDA:687,50,0,0
BRDA:687,51,0,0
BRDA:687,51,1,0
BRDA:691,52,0,0
BRDA:691,53,0,0
BRDA:691,53,1,0
BRDA:701,54,0,0
BRDA:736,55,0,0
BRDA:746,56,0,0
BRDA:752,57,0,0
BRDA:752,58,0,0
BRDA:752,58,1,0
BRDA:757,59,0,0
BRDA:759,60,0,0
BRDA:759,60,1,0
BRDA:777,61,0,0
BRDA:788,62,0,0
BRDA:788,62,1,0
BRDA:792,63,0,0
BRDA:792,64,0,0
BRDA:792,64,1,0
BRDA:794,65,0,0
BRDA:794,65,1,0
BRDA:803,66,0,0
BRDA:807,67,0,0
BRDA:809,68,0,0
BRDA:809,69,0,0
BRDA:809,69,1,0
BRDA:819,70,0,0
BRDA:819,70,1,0
BRDA:823,71,0,0
BRDA:823,72,0,0
BRDA:823,72,1,0
BRDA:881,73,0,0
BRDA:881,73,1,0
BRDA:908,74,0,0
BRDA:908,74,1,0
BRDA:913,75,0,0
BRDA:913,76,0,0
BRDA:913,76,1,0
BRDA:915,77,0,0
BRDA:923,78,0,0
BRDA:923,79,0,0
BRDA:923,79,1,0
BRDA:945,80,0,0
BRDA:108,81,0,1
BRDA:108,81,1,0
BRDA:108,82,0,1
BRDA:108,82,1,1
BRDA:108,83,0,1
BRDA:108,83,1,0
BRDA:108,84,0,1
BRDA:108,84,1,1
BRDA:109,85,0,1
BRDA:109,85,1,0
BRDA:109,86,0,1
BRDA:109,86,1,1
BRDA:110,87,0,1
BRDA:110,87,1,0
BRDA:110,88,0,1
BRDA:110,88,1,1
BRDA:111,89,0,1
BRDA:111,89,1,0
BRDA:111,90,0,1
BRDA:111,90,1,1
BRDA:112,91,0,1
BRDA:112,91,1,0
BRDA:112,92,0,1
BRDA:112,92,1,1
BRDA:113,93,0,1
BRDA:113,93,1,0
BRDA:113,94,0,1
BRDA:113,94,1,1
BRDA:114,95,0,1
BRDA:114,95,1,0
BRDA:114,96,0,1
BRDA:114,96,1,1
BRDA:115,97,0,1
BRDA:115,97,1,0
BRDA:115,98,0,1
BRDA:115,98,1,1
BRDA:116,99,0,1
BRDA:116,99,1,0
BRDA:116,100,0,1
BRDA:116,100,1,1
BRDA:117,101,0,1
BRDA:117,101,1,0
BRDA:117,102,0,1
BRDA:117,102,1,1
BRDA:118,103,0,1
BRDA:118,103,1,0
BRDA:118,104,0,1
BRDA:118,104,1,1
BRDA:119,105,0,1
BRDA:119,105,1,0
BRDA:119,106,0,1
BRDA:119,106,1,1
BRF:156
BRH:39
end_of_record
TN:
SF:src/executions/pre-execution-checks/credentials-permission-checker.ts
FN:14,(anonymous_2)
FN:25,(anonymous_3)
FN:35,(anonymous_4)
FN:44,(anonymous_5)
FN:78,(anonymous_6)
FN:79,(anonymous_7)
FN:82,(anonymous_8)
FNF:7
FNH:0
FNDA:0,(anonymous_2)
FNDA:0,(anonymous_3)
FNDA:0,(anonymous_4)
FNDA:0,(anonymous_5)
FNDA:0,(anonymous_6)
FNDA:0,(anonymous_7)
FNDA:0,(anonymous_8)
DA:2,1
DA:3,1
DA:4,1
DA:6,1
DA:8,1
DA:9,1
DA:12,0
DA:14,0
DA:15,0
DA:20,0
DA:26,0
DA:27,0
DA:29,0
DA:34,1
DA:36,0
DA:37,0
DA:38,0
DA:45,0
DA:46,0
DA:49,0
DA:56,0
DA:58,0
DA:59,0
DA:61,0
DA:63,0
DA:65,0
DA:70,0
DA:71,0
DA:72,0
DA:73,0
DA:79,0
DA:80,0
DA:82,0
DA:83,0
DA:85,0
DA:88,0
LF:36
LH:7
BRDA:21,0,0,0
BRDA:21,0,1,0
BRDA:49,1,0,0
BRDA:50,2,0,0
BRDA:50,2,1,0
BRDA:50,2,2,0
BRDA:63,3,0,0
BRDA:71,4,0,0
BRDA:80,5,0,0
BRDA:80,6,0,0
BRDA:80,6,1,0
BRDA:83,7,0,0
BRDA:85,8,0,0
BRDA:85,8,1,0
BRDA:36,9,0,1
BRDA:36,9,1,0
BRDA:36,10,0,1
BRDA:36,10,1,1
BRDA:36,11,0,1
BRDA:36,11,1,0
BRDA:36,12,0,1
BRDA:36,12,1,1
BRDA:37,13,0,1
BRDA:37,13,1,0
BRDA:37,14,0,1
BRDA:37,14,1,1
BRF:26
BRH:9
end_of_record
TN:
SF:src/executions/pre-execution-checks/index.ts
FN:1,(anonymous_0)
FN:2,(anonymous_1)
FNF:2
FNH:2
FNDA:2,(anonymous_0)
FNDA:2,(anonymous_1)
DA:1,3
DA:2,3
LF:2
LH:2
BRF:0
BRH:0
end_of_record
TN:
SF:src/executions/pre-execution-checks/subworkflow-policy-checker.ts
FN:17,(anonymous_2)
FN:28,(anonymous_3)
FN:61,(anonymous_4)
FN:79,(anonymous_5)
FN:88,(anonymous_6)
FN:106,(anonymous_7)
FN:110,(anonymous_8)
FN:111,(anonymous_9)
FN:122,(anonymous_10)
FNF:9
FNH:0
FNDA:0,(anonymous_2)
FNDA:0,(anonymous_3)
FNDA:0,(anonymous_4)
FNDA:0,(anonymous_5)
FNDA:0,(anonymous_6)
FNDA:0,(anonymous_7)
FNDA:0,(anonymous_8)
FNDA:0,(anonymous_9)
FNDA:0,(anonymous_10)
DA:1,1
DA:2,1
DA:4,1
DA:7,1
DA:8,1
DA:9,1
DA:10,1
DA:16,1
DA:18,0
DA:19,0
DA:20,0
DA:21,0
DA:22,0
DA:29,0
DA:31,0
DA:33,0
DA:35,0
DA:37,0
DA:39,0
DA:44,0
DA:46,0
DA:48,0
DA:50,0
DA:52,0
DA:62,0
DA:66,0
DA:68,0
DA:70,0
DA:80,0
DA:95,0
DA:100,0
DA:108,0
DA:110,0
DA:111,0
DA:113,0
DA:116,0
DA:131,0
LF:37
LH:8
BRDA:31,0,0,0
BRDA:35,1,0,0
BRDA:37,2,0,0
BRDA:37,3,0,0
BRDA:37,3,1,0
BRDA:46,4,0,0
BRDA:46,5,0,0
BRDA:46,5,1,0
BRDA:62,6,0,0
BRDA:62,6,1,0
BRDA:66,7,0,0
BRDA:72,8,0,0
BRDA:72,8,1,0
BRDA:81,9,0,0
BRDA:81,9,1,0
BRDA:108,10,0,0
BRDA:108,10,1,0
BRDA:18,11,0,1
BRDA:18,11,1,0
BRDA:18,12,0,1
BRDA:18,12,1,1
BRDA:18,13,0,1
BRDA:18,13,1,0
BRDA:18,14,0,1
BRDA:18,14,1,1
BRDA:19,15,0,1
BRDA:19,15,1,0
BRDA:19,16,0,1
BRDA:19,16,1,1
BRDA:20,17,0,1
BRDA:20,17,1,0
BRDA:20,18,0,1
BRDA:20,18,1,1
BRDA:21,19,0,1
BRDA:21,19,1,0
BRDA:21,20,0,1
BRDA:21,20,1,1
BRF:37
BRH:15
end_of_record
TN:
[...]
BRDA:474,50,1,0
BRDA:480,51,0,0
BRDA:480,52,0,0
BRDA:480,52,1,0
BRDA:519,53,0,0
BRDA:519,54,0,0
BRDA:519,54,1,0
BRDA:526,55,0,0
BRDA:526,56,0,0
BRDA:526,56,1,0
BRDA:534,57,0,0
BRDA:536,58,0,0
BRDA:536,58,1,0
BRDA:538,59,0,0
BRDA:548,60,0,0
BRDA:563,61,0,0
BRDA:563,62,0,0
BRDA:563,62,1,0
BRDA:593,63,0,0
BRDA:598,64,0,0
BRDA:610,65,0,0
BRDA:630,66,0,0
BRDA:630,67,0,0
BRDA:630,67,1,0
BRDA:649,68,0,0
BRDA:657,69,0,0
BRDA:660,70,0,0
BRDA:661,71,0,0
BRDA:673,72,0,0
BRDA:678,73,0,0
BRDA:678,74,0,0
BRDA:678,74,1,0
BRDA:679,75,0,0
BRDA:692,76,0,0
BRDA:692,77,0,0
BRDA:692,77,1,0
BRDA:697,78,0,0
BRDA:698,79,0,0
BRDA:711,80,0,0
BRDA:720,81,0,0
BRDA:728,82,0,0
BRDA:734,83,0,0
BRDA:734,83,1,0
BRDA:742,84,0,0
BRDA:752,85,0,0
BRDA:759,86,0,0
BRDA:759,86,1,0
BRDA:764,87,0,0
BRDA:783,88,0,0
BRDA:783,88,1,0
BRDA:831,89,0,0
BRDA:845,90,0,0
BRDA:850,91,0,0
BRDA:850,91,1,0
BRDA:853,92,0,0
BRDA:853,92,1,0
BRDA:854,93,0,0
BRDA:855,94,0,0
BRDA:855,94,1,0
BRDA:855,94,2,0
BRDA:855,94,3,0
BRDA:855,94,4,0
BRDA:875,95,0,0
BRDA:883,96,0,0
BRF:138
BRH:0
end_of_record
TN:
SF:src/webhooks/webhook-last-node-response-extractor.ts
FN:27,extractWebhookLastNodeResponse
FN:55,extractFirstEntryJsonFromTaskData
FN:87,extractFirstEntryBinaryFromTaskData
FN:144,extractAllEntriesJsonFromTaskData
FNF:4
FNH:0
FNDA:0,extractWebhookLastNodeResponse
FNDA:0,extractFirstEntryJsonFromTaskData
FNDA:0,extractFirstEntryBinaryFromTaskData
FNDA:0,extractAllEntriesJsonFromTaskData
DA:1,1
DA:2,1
DA:3,1
DA:5,1
DA:27,1
DA:32,0
DA:33,0
DA:36,0
DA:37,0
DA:40,0
DA:41,0
DA:49,0
DA:59,0
DA:60,0
DA:63,0
DA:66,0
DA:68,0
DA:69,0
DA:75,0
DA:77,0
DA:92,0
DA:94,0
DA:95,0
DA:98,0
DA:99,0
DA:102,0
DA:108,0
DA:109,0
DA:110,0
DA:111,0
DA:114,0
DA:115,0
DA:116,0
DA:125,0
DA:126,0
DA:127,0
DA:133,0
DA:147,0
DA:148,0
DA:149,0
DA:152,0
LF:41
LH:5
BRDA:32,0,0,0
BRDA:36,1,0,0
BRDA:40,2,0,0
BRDA:59,3,0,0
BRDA:68,4,0,0
BRDA:94,5,0,0
BRDA:98,6,0,0
BRDA:108,7,0,0
BRDA:108,7,1,0
BRDA:110,8,0,0
BRDA:115,9,0,0
BRDA:125,10,0,0
BRDA:125,10,1,0
BRF:13
BRH:0
end_of_record
TN:
SF:src/webhooks/webhook-on-received-response-extractor.ts
FN:13,extractWebhookOnReceivedResponse
FNF:1
FNH:0
FNDA:0,extractWebhookOnReceivedResponse
DA:13,1
DA:18,0
DA:19,0
DA:22,0
DA:23,0
DA:26,0
DA:28,0
DA:31,0
LF:8
LH:1
BRDA:18,0,0,0
BRDA:22,1,0,0
BRDA:26,2,0,0
BRF:3
BRH:0
end_of_record
TN:
SF:src/webhooks/webhook-request-sanitizer.ts
FN:12,(anonymous_0)
FN:18,(anonymous_1)
FN:19,(anonymous_2)
FN:32,(anonymous_3)
FN:40,(anonymous_4)
FNF:5
FNH:0
FNDA:0,(anonymous_0)
FNDA:0,(anonymous_1)
FNDA:0,(anonymous_2)
FNDA:0,(anonymous_3)
FNDA:0,(anonymous_4)
DA:3,1
DA:5,1
DA:7,1
DA:12,1
DA:13,0
DA:14,0
DA:15,0
DA:18,0
DA:19,0
DA:20,0
DA:21,0
DA:24,0
DA:25,0
DA:32,1
DA:33,0
DA:34,0
DA:35,0
DA:40,1
DA:41,0
DA:42,0
LF:20
LH:6
BRDA:14,0,0,0
BRDA:24,1,0,0
BRDA:33,2,0,0
BRDA:33,3,0,0
BRDA:33,3,1,0
BRF:5
BRH:0
end_of_record
TN:
SF:src/webhooks/webhook-response.ts
FN:37,(anonymous_0)
FN:41,(anonymous_1)
FN:45,(anonymous_2)
FN:49,(anonymous_3)
FN:53,(anonymous_4)
FN:59,(anonymous_5)
FN:72,(anonymous_6)
FNF:7
FNH:0
FNDA:0,(anonymous_0)
FNDA:0,(anonymous_1)
FNDA:0,(anonymous_2)
FNDA:0,(anonymous_3)
FNDA:0,(anonymous_4)
FNDA:0,(anonymous_5)
FNDA:0,(anonymous_6)
DA:5,1
DA:37,1
DA:38,0
DA:41,1
DA:42,0
DA:45,1
DA:46,0
DA:49,1
DA:50,0
DA:53,1
DA:54,0
DA:59,1
DA:64,0
DA:72,1
DA:77,0
LF:15
LH:8
BRDA:38,0,0,0
BRDA:38,0,1,0
BRDA:38,0,2,0
BRDA:42,1,0,0
BRDA:42,1,1,0
BRDA:46,2,0,0
BRDA:46,2,1,0
BRDA:50,3,0,0
BRDA:50,3,1,0
BRF:9
BRH:0
end_of_record
TN:
SF:src/webhooks/webhook.service.ts
FN:27,(anonymous_2)
FN:34,(anonymous_3)
FN:39,(anonymous_4)
FN:42,(anonymous_5)
FN:46,(anonymous_6)
FN:66,(anonymous_7)
FN:74,(anonymous_8)
FN:91,(anonymous_9)
FN:92,(anonymous_10)
FN:110,(anonymous_11)
FN:114,(anonymous_12)
FN:120,(anonymous_13)
FN:124,(anonymous_14)
FN:130,(anonymous_15)
FN:131,(anonymous_16)
FN:136,(anonymous_17)
FN:139,(anonymous_18)
FN:139,(anonymous_19)
FN:142,(anonymous_20)
FN:156,(anonymous_21)
FN:253,(anonymous_22)
FN:270,(anonymous_23)
FN:289,(anonymous_24)
FN:298,(anonymous_25)
FN:330,(anonymous_26)
FNF:25
FNH:0
FNDA:0,(anonymous_2)
FNDA:0,(anonymous_3)
FNDA:0,(anonymous_4)
FNDA:0,(anonymous_5)
FNDA:0,(anonymous_6)
FNDA:0,(anonymous_7)
FNDA:0,(anonymous_8)
FNDA:0,(anonymous_9)
FNDA:0,(anonymous_10)
FNDA:0,(anonymous_11)
FNDA:0,(anonymous_12)
FNDA:0,(anonymous_13)
FNDA:0,(anonymous_14)
FNDA:0,(anonymous_15)
FNDA:0,(anonymous_16)
FNDA:0,(anonymous_17)
FNDA:0,(anonymous_18)
FNDA:0,(anonymous_19)
FNDA:0,(anonymous_20)
FNDA:0,(anonymous_21)
FNDA:0,(anonymous_22)
FNDA:0,(anonymous_23)
FNDA:0,(anonymous_24)
FNDA:0,(anonymous_25)
FNDA:0,(anonymous_26)
DA:1,1
DA:3,1
DA:4,1
DA:5,1
DA:6,1
DA:20,1
DA:21,1
DA:26,1
DA:28,0
DA:29,0
DA:30,0
DA:31,0
DA:35,0
DA:37,0
DA:39,0
DA:43,0
DA:47,0
DA:49,0
DA:51,0
DA:53,0
DA:55,0
DA:56,0
DA:57,0
DA:60,0
DA:67,0
DA:75,0
DA:77,0
DA:83,0
DA:85,0
DA:87,0
DA:92,0
DA:94,0
DA:95,0
DA:96,0
DA:97,0
DA:98,0
DA:99,0
DA:102,0
DA:107,0
DA:111,0
DA:115,0
DA:117,0
DA:121,0
DA:125,0
DA:127,0
DA:131,0
DA:133,0
DA:137,0
DA:139,0
DA:143,0
DA:144,0
DA:148,0
DA:150,0
DA:162,0
DA:164,0
DA:167,0
DA:169,0
DA:171,0
DA:174,0
DA:175,0
DA:177,0
DA:178,0
DA:179,0
DA:180,0
DA:183,0
DA:189,0
DA:190,0
DA:193,0
DA:196,0
DA:198,0
DA:199,0
DA:201,0
DA:202,0
DA:205,0
DA:213,0
DA:221,0
DA:229,0
DA:238,0
DA:239,0
DA:242,0
DA:247,0
DA:248,0
DA:251,0
DA:254,0
DA:255,0
DA:267,0
DA:276,0
DA:283,0
DA:285,0
DA:295,0
DA:305,0
DA:307,0
DA:309,0
DA:311,0
DA:312,0
DA:314,0
DA:323,0
DA:338,0
DA:339,0
DA:340,0
DA:345,0
DA:355,0
LF:102
LH:8
BRDA:37,0,0,0
BRDA:51,1,0,0
BRDA:55,2,0,0
BRDA:83,3,0,0
BRDA:94,4,0,0
BRDA:94,4,1,0
BRDA:94,5,0,0
BRDA:94,5,1,0
BRDA:98,6,0,0
BRDA:98,7,0,0
BRDA:98,7,1,0
BRDA:144,8,0,0
BRDA:144,8,1,0
BRDA:148,9,0,0
BRDA:148,10,0,0
BRDA:148,10,1,0
BRDA:148,10,2,0
BRDA:150,11,0,0
BRDA:150,11,1,0
BRDA:160,12,0,0
BRDA:162,13,0,0
BRDA:169,14,0,0
BRDA:174,15,0,0
BRDA:174,15,1,0
BRDA:179,16,0,0
BRDA:179,17,0,0
BRDA:179,17,1,0
BRDA:189,18,0,0
BRDA:198,19,0,0
BRDA:201,20,0,0
BRDA:238,21,0,0
BRDA:247,22,0,0
BRDA:247,23,0,0
BRDA:247,23,1,0
BRDA:254,24,0,0
BRDA:283,25,0,0
BRDA:307,26,0,0
BRDA:312,27,0,0
BRDA:339,28,0,0
BRDA:352,29,0,0
BRDA:352,29,1,0
BRDA:355,30,0,0
BRDA:355,30,1,0
BRDA:28,31,0,1
BRDA:28,31,1,0
BRDA:28,32,0,1
BRDA:28,32,1,1
BRDA:28,33,0,1
BRDA:28,33,1,0
BRDA:28,34,0,1
BRDA:28,34,1,1
BRDA:29,35,0,1
BRDA:29,35,1,0
BRDA:29,36,0,1
BRDA:29,36,1,1
BRDA:30,37,0,1
BRDA:30,37,1,0
BRDA:30,38,0,1
BRDA:30,38,1,1
BRF:59
BRH:12
end_of_record
TN:
SF:src/workflows/workflow-execution.service.ts
FN:34,(anonymous_12)
FN:47,(anonymous_13)
FN:90,(anonymous_14)
FN:91,(anonymous_15)
FN:102,(anonymous_16)
FN:119,(anonymous_17)
FN:189,(anonymous_18)
FN:233,(anonymous_19)
FN:395,(anonymous_20)
FN:423,(anonymous_21)
FN:451,(anonymous_22)
FN:453,(anonymous_23)
FN:456,(anonymous_24)
FN:459,(anonymous_25)
FN:462,(anonymous_26)
FN:465,(anonymous_27)
FN:468,(anonymous_28)
FNF:17
FNH:0
FNDA:0,(anonymous_12)
FNDA:0,(anonymous_13)
FNDA:0,(anonymous_14)
FNDA:0,(anonymous_15)
FNDA:0,(anonymous_16)
FNDA:0,(anonymous_17)
FNDA:0,(anonymous_18)
FNDA:0,(anonymous_19)
FNDA:0,(anonymous_20)
FNDA:0,(anonymous_21)
FNDA:0,(anonymous_22)
FNDA:0,(anonymous_23)
FNDA:0,(anonymous_24)
FNDA:0,(anonymous_25)
FNDA:0,(anonymous_26)
FNDA:0,(anonymous_27)
FNDA:0,(anonymous_28)
DA:1,1
DA:2,1
DA:4,1
DA:5,1
DA:6,1
DA:20,1
DA:22,1
DA:23,1
DA:24,1
DA:26,1
DA:27,1
DA:28,1
DA:29,1
DA:33,1
DA:35,0
DA:36,0
DA:37,0
DA:38,0
DA:39,0
DA:40,0
DA:41,0
DA:42,0
DA:43,0
DA:44,0
DA:55,0
DA:65,0
DA:80,0
DA:87,0
DA:91,0
DA:93,0
DA:94,0
DA:97,0
DA:99,0
DA:116,0
DA:117,0
DA:119,0
DA:135,0
DA:136,0
DA:137,0
DA:143,0
DA:144,0
DA:148,0
DA:155,0
DA:157,0
DA:167,0
DA:171,0
DA:174,0
DA:189,0
DA:191,0
DA:192,0
DA:202,0
DA:206,0
DA:225,0
DA:227,0
DA:239,0
DA:240,0
DA:241,0
DA:243,0
DA:247,0
DA:250,0
DA:251,0
DA:262,0
DA:263,0
DA:266,0
DA:272,0
DA:273,0
DA:274,0
DA:280,0
DA:286,0
DA:297,0
DA:299,0
DA:303,0
DA:308,0
DA:309,0
DA:310,0
DA:311,0
DA:312,0
DA:316,0
DA:317,0
DA:320,0
DA:324,0
DA:333,0
DA:334,0
DA:353,0
DA:367,0
DA:374,0
DA:376,0
DA:377,0
DA:401,0
DA:403,0
DA:405,0
DA:407,0
DA:411,0
DA:413,0
DA:414,0
DA:423,0
DA:425,0
DA:426,0
DA:430,0
DA:441,0
DA:443,0
DA:450,0
DA:451,0
DA:453,0
DA:456,0
DA:460,0
DA:463,0
DA:465,0
DA:468,0
LF:109
LH:14
BRDA:93,0,0,0
BRDA:114,1,0,0
BRDA:135,2,0,0
BRDA:136,3,0,0
BRDA:143,4,0,0
BRDA:143,5,0,0
BRDA:143,5,1,0
BRDA:143,5,2,0
BRDA:148,6,0,0
BRDA:149,7,0,0
BRDA:149,7,1,0
BRDA:149,7,2,0
BRDA:149,7,3,0
BRDA:149,7,4,0
BRDA:167,8,0,0
BRDA:189,9,0,0
BRDA:189,9,1,0
BRDA:191,10,0,0
BRDA:191,11,0,0
BRDA:191,11,1,0
BRDA:202,12,0,0
BRDA:203,13,0,0
BRDA:203,13,1,0
BRDA:241,14,0,0
BRDA:263,15,0,0
BRDA:263,15,1,0
BRDA:269,16,0,0
BRDA:269,16,1,0
BRDA:273,17,0,0
BRDA:311,18,0,0
BRDA:316,19,0,0
BRDA:324,20,0,0
BRDA:324,20,1,0
BRDA:324,21,0,0
BRDA:324,21,1,0
BRDA:346,22,0,0
BRDA:346,22,1,0
BRDA:378,23,0,0
BRDA:378,23,1,0
BRDA:401,24,0,0
BRDA:401,25,0,0
BRDA:401,25,1,0
BRDA:405,26,0,0
BRDA:411,27,0,0
BRDA:413,28,0,0
BRDA:425,29,0,0
BRDA:430,30,0,0
BRDA:430,30,1,0
BRDA:450,31,0,0
BRDA:453,32,0,0
BRDA:453,32,1,0
BRDA:456,33,0,0
BRDA:456,33,1,0
BRDA:463,34,0,0
BRDA:463,34,1,0
BRDA:463,34,2,0
BRDA:463,34,3,0
BRDA:468,35,0,0
BRDA:468,35,1,0
BRDA:35,36,0,1
BRDA:35,36,1,0
BRDA:35,37,0,1
BRDA:35,37,1,1
BRDA:35,38,0,1
BRDA:35,38,1,0
BRDA:35,39,0,1
BRDA:35,39,1,1
BRDA:36,40,0,1
BRDA:36,40,1,0
BRDA:36,41,0,1
BRDA:36,41,1,1
BRDA:37,42,0,1
BRDA:37,42,1,0
BRDA:37,43,0,1
BRDA:37,43,1,1
BRDA:38,44,0,1
BRDA:38,44,1,0
BRDA:38,45,0,1
BRDA:38,45,1,1
BRDA:39,46,0,1
BRDA:39,46,1,0
BRDA:39,47,0,1
BRDA:39,47,1,1
BRDA:40,48,0,0
BRDA:40,48,1,1
BRDA:40,49,0,1
BRDA:40,49,1,0
BRDA:41,50,0,1
BRDA:41,50,1,0
BRDA:41,51,0,1
BRDA:41,51,1,1
BRDA:42,52,0,1
BRDA:42,52,1,0
BRDA:42,53,0,1
BRDA:42,53,1,1
BRDA:43,54,0,1
BRDA:43,54,1,0
BRDA:43,55,0,1
BRDA:43,55,1,1
BRF:99
BRH:29
end_of_record
TN:
SF:src/workflows/workflow-finder.service.ts
FN:10,(anonymous_2)
FN:15,(anonymous_3)
FN:56,(anonymous_4)
FN:104,(anonymous_5)
FNF:4
FNH:0
FNDA:0,(anonymous_2)
FNDA:0,(anonymous_3)
FNDA:0,(anonymous_4)
FNDA:0,(anonymous_5)
DA:2,1
DA:3,1
DA:4,1
DA:6,1
DA:9,1
DA:11,0
DA:12,0
DA:25,0
DA:27,0
DA:28,0
DA:29,0
DA:31,0
DA:42,0
DA:49,0
DA:50,0
DA:53,0
DA:62,0
DA:64,0
DA:65,0
DA:70,0
DA:78,0
DA:79,0
DA:80,0
DA:82,0
DA:95,0
DA:104,0
LF:26
LH:5
BRDA:19,0,0,0
BRDA:27,1,0,0
BRDA:49,2,0,0
BRDA:64,3,0,0
BRDA:78,4,0,0
BRDA:86,5,0,0
BRDA:86,5,1,0
BRDA:11,6,0,1
BRDA:11,6,1,0
BRDA:11,7,0,1
BRDA:11,7,1,1
BRDA:11,8,0,1
BRDA:11,8,1,0
BRDA:11,9,0,1
BRDA:11,9,1,1
BRF:15
BRH:6
end_of_record
TN:
SF:src/workflows/workflow-sharing.service.ts
FN:21,(anonymous_2)
FN:36,(anonymous_3)
FN:44,(anonymous_4)
FN:65,(anonymous_5)
FN:68,(anonymous_6)
FN:82,(anonymous_7)
FN:85,(anonymous_8)
FN:93,(anonymous_9)
FN:96,(anonymous_10)
FN:102,(anonymous_11)
FN:109,(anonymous_12)
FN:122,(anonymous_13)
FNF:12
FNH:0
FNDA:0,(anonymous_2)
FNDA:0,(anonymous_3)
FNDA:0,(anonymous_4)
FNDA:0,(anonymous_5)
FNDA:0,(anonymous_6)
FNDA:0,(anonymous_7)
FNDA:0,(anonymous_8)
FNDA:0,(anonymous_9)
FNDA:0,(anonymous_10)
FNDA:0,(anonymous_11)
FNDA:0,(anonymous_12)
FNDA:0,(anonymous_13)
DA:2,1
DA:3,1
DA:4,1
DA:11,1
DA:13,1
DA:20,1
DA:22,0
DA:23,0
DA:24,0
DA:37,0
DA:39,0
DA:40,0
DA:44,0
DA:48,0
DA:50,0
DA:52,0
DA:65,0
DA:69,0
DA:82,0
DA:89,0
DA:91,0
DA:93,0
DA:96,0
DA:97,0
DA:102,0
DA:110,0
DA:122,0
LF:27
LH:6
BRDA:39,0,0,0
BRDA:42,1,0,0
BRDA:42,1,1,0
BRDA:48,2,0,0
BRDA:48,2,1,0
BRDA:50,3,0,0
BRDA:50,3,1,0
BRDA:22,4,0,1
BRDA:22,4,1,0
BRDA:22,5,0,1
BRDA:22,5,1,1
BRDA:22,6,0,1
BRDA:22,6,1,0
BRDA:22,7,0,1
BRDA:22,7,1,1
BRDA:23,8,0,1
BRDA:23,8,1,0
BRDA:23,9,0,1
BRDA:23,9,1,1
BRF:19
BRH:9
end_of_record
TN:
SF:src/workflows/workflow-static-data.service.ts
FN:12,(anonymous_2)
FN:20,(anonymous_3)
FN:29,(anonymous_4)
FN:49,(anonymous_5)
FN:55,(anonymous_6)
FNF:5
FNH:0
FNDA:0,(anonymous_2)
FNDA:0,(anonymous_3)
FNDA:0,(anonymous_4)
FNDA:0,(anonymous_5)
FNDA:0,(anonymous_6)
DA:1,1
DA:2,1
DA:3,1
DA:4,1
DA:5,1
DA:8,1
DA:11,1
DA:13,0
DA:14,0
DA:15,0
DA:16,0
DA:21,0
DA:25,0
DA:30,0
DA:32,0
DA:34,0
DA:35,0
DA:36,0
DA:38,0
DA:39,0
DA:50,0
DA:51,0
DA:56,0
DA:57,0
DA:59,0
LF:25
LH:7
BRDA:25,0,0,0
BRDA:25,0,1,0
BRDA:30,1,0,0
BRDA:32,2,0,0
BRDA:56,3,0,0
BRDA:13,4,0,1
BRDA:13,4,1,0
BRDA:13,5,0,1
BRDA:13,5,1,1
BRDA:13,6,0,1
BRDA:13,6,1,0
BRDA:13,7,0,1
BRDA:13,7,1,1
BRDA:14,8,0,1
BRDA:14,8,1,0
BRDA:14,9,0,1
BRDA:14,9,1,1
BRDA:15,10,0,1
BRDA:15,10,1,0
BRDA:15,11,0,1
BRDA:15,11,1,1
BRF:21
BRH:12
end_of_record
TN:
SF:test/integration/shared/constants.ts
FNF:0
FNH:0
DA:1,1
DA:2,1
DA:4,1
DA:6,1
DA:8,1
DA:14,1
DA:20,1
DA:25,1
LF:8
LH:8
BRF:0
BRH:0
end_of_record
TN:
SF:test/integration/shared/license.ts
FN:11,(anonymous_0)
FN:20,(anonymous_1)
FN:25,(anonymous_2)
FN:34,(anonymous_3)
FN:39,(anonymous_4)
FN:46,(anonymous_5)
FN:50,(anonymous_6)
FN:59,(anonymous_7)
FN:63,(anonymous_8)
FN:67,(anonymous_9)
FNF:10
FNH:0
FNDA:0,(anonymous_0)
FNDA:0,(anonymous_1)
FNDA:0,(anonymous_2)
FNDA:0,(anonymous_3)
FNDA:0,(anonymous_4)
FNDA:0,(anonymous_5)
FNDA:0,(anonymous_6)
FNDA:0,(anonymous_7)
FNDA:0,(anonymous_8)
FNDA:0,(anonymous_9)
DA:11,1
DA:12,0
DA:14,0
DA:16,0
DA:18,0
DA:21,0
DA:22,0
DA:26,0
DA:31,0
DA:35,0
DA:36,0
DA:40,0
DA:41,0
DA:47,0
DA:51,0
DA:52,0
DA:53,0
DA:54,0
DA:56,0
DA:60,0
DA:64,0
DA:68,0
LF:22
LH:1
BRDA:40,0,0,0
BRDA:40,0,1,0
BRDA:42,1,0,0
BRDA:42,1,1,0
BRDA:51,2,0,0
BRDA:51,2,1,0
BRDA:53,3,0,0
BRF:7
BRH:0
end_of_record
TN:
SF:test/integration/shared/utils/community-nodes.ts
FN:9,(anonymous_0)
FN:11,(anonymous_1)
FN:18,(anonymous_2)
FN:29,(anonymous_3)
FN:35,mockPackagePair
FNF:5
FNH:4
FNDA:30,(anonymous_0)
FNDA:12,(anonymous_1)
FNDA:18,(anonymous_2)
FNDA:0,(anonymous_3)
FNDA:6,mockPackagePair
DA:1,1
DA:2,1
DA:3,1
DA:5,1
DA:7,1
DA:9,30
DA:11,1
DA:12,12
DA:18,1
DA:19,18
DA:21,18
DA:29,1
DA:30,0
DA:31,0
DA:32,0
DA:35,1
DA:36,6
DA:37,6
DA:38,6
DA:40,6
DA:41,6
DA:42,6
DA:43,6
DA:45,6
LF:24
LH:21
BRF:0
BRH:0
end_of_record
TN:
SF:test/integration/shared/utils/index.ts
FN:29,(anonymous_11)
FN:38,initActiveWorkflowManager
FN:46,(anonymous_13)
FN:55,initCredentialsTypes
FN:71,initNodeTypes
FN:95,(anonymous_16)
FN:98,(anonymous_17)
FN:112,initBinaryDataService
FN:126,getAuthToken
FN:132,(anonymous_20)
FN:147,isInstanceOwnerSetUp
FN:155,(anonymous_22)
FN:174,makeWorkflow
FNF:13
FNH:0
FNDA:0,(anonymous_11)
FNDA:0,initActiveWorkflowManager
FNDA:0,(anonymous_13)
FNDA:0,initCredentialsTypes
FNDA:0,initNodeTypes
FNDA:0,(anonymous_16)
FNDA:0,(anonymous_17)
FNDA:0,initBinaryDataService
FNDA:0,getAuthToken
FNDA:0,(anonymous_20)
FNDA:0,isInstanceOwnerSetUp
FNDA:0,(anonymous_22)
FNDA:0,makeWorkflow
DA:1,1
DA:2,1
DA:3,1
DA:4,1
DA:5,1
DA:12,1
DA:13,1
DA:14,1
DA:15,1
DA:16,1
DA:17,1
DA:18,1
DA:21,1
DA:23,1
DA:24,1
DA:25,1
DA:26,1
DA:27,1
DA:29,1
DA:38,1
DA:39,0
DA:40,0
DA:44,0
DA:45,0
DA:46,0
DA:47,0
DA:48,0
DA:49,0
DA:55,1
DA:56,0
DA:71,1
DA:72,0
DA:95,0
DA:96,0
DA:97,0
DA:98,0
DA:99,0
DA:100,0
DA:101,0
DA:104,0
DA:105,0
DA:106,0
DA:112,1
DA:113,0
DA:118,0
DA:119,0
DA:120,0
DA:126,1
DA:127,0
DA:128,0
DA:130,0
DA:132,0
DA:134,0
DA:136,0
DA:138,0
DA:140,0
DA:147,1
DA:148,0
DA:152,0
DA:155,1
DA:156,0
DA:158,0
DA:168,1
DA:174,1
DA:178,0
DA:180,0
DA:189,0
DA:190,0
DA:195,0
DA:196,0
DA:197,0
DA:198,0
DA:200,0
DA:201,0
DA:204,0
DA:207,1
LF:76
LH:29
BRDA:96,0,0,0
BRDA:96,0,1,0
BRDA:100,1,0,0
BRDA:112,2,0,0
BRDA:126,3,0,0
BRDA:128,4,0,0
BRDA:130,5,0,0
BRDA:130,5,1,0
BRDA:134,6,0,0
BRDA:138,7,0,0
BRDA:189,8,0,0
BRDA:200,9,0,0
BRF:12
BRH:0
end_of_record
TN:
SF:test/integration/shared/utils/test-server.ts
FN:30,prefix
FN:31,(anonymous_11)
FN:46,createAgent
FN:67,(anonymous_13)
FN:71,(anonymous_14)
FN:92,(anonymous_15)
FN:102,(anonymous_16)
FN:116,(anonymous_17)
FN:119,(anonymous_18)
FN:120,(anonymous_19)
FN:121,(anonymous_20)
FN:126,(anonymous_21)
FN:149,(anonymous_22)
FN:155,(anonymous_23)
FN:165,(anonymous_24)
FN:169,(anonymous_25)
FN:173,(anonymous_26)
FN:177,(anonymous_27)
FN:181,(anonymous_28)
FN:185,(anonymous_29)
FN:189,(anonymous_30)
FN:196,(anonymous_31)
FN:200,(anonymous_32)
FN:204,(anonymous_33)
FN:208,(anonymous_34)
FN:212,(anonymous_35)
FN:213,(anonymous_36)
FN:219,(anonymous_37)
FN:221,(anonymous_38)
FN:222,(anonymous_39)
FN:227,(anonymous_40)
FN:231,(anonymous_41)
FN:235,(anonymous_42)
FN:239,(anonymous_43)
FN:243,(anonymous_44)
FN:247,(anonymous_45)
FN:251,(anonymous_46)
FN:255,(anonymous_47)
FN:259,(anonymous_48)
FN:263,(anonymous_49)
FN:267,(anonymous_50)
FN:271,(anonymous_51)
FN:275,(anonymous_52)
FN:279,(anonymous_53)
FN:283,(anonymous_54)
FN:287,(anonymous_55)
FN:291,(anonymous_56)
FN:294,(anonymous_57)
FN:297,(anonymous_58)
FN:300,(anonymous_59)
FN:309,(anonymous_60)
FN:314,(anonymous_61)
FNF:52
FNH:0
FNDA:0,prefix
FNDA:0,(anonymous_11)
FNDA:0,createAgent
FNDA:0,(anonymous_13)
FNDA:0,(anonymous_14)
FNDA:0,(anonymous_15)
FNDA:0,(anonymous_16)
FNDA:0,(anonymous_17)
FNDA:0,(anonymous_18)
FNDA:0,(anonymous_19)
FNDA:0,(anonymous_20)
FNDA:0,(anonymous_21)
FNDA:0,(anonymous_22)
FNDA:0,(anonymous_23)
FNDA:0,(anonymous_24)
FNDA:0,(anonymous_25)
FNDA:0,(anonymous_26)
FNDA:0,(anonymous_27)
FNDA:0,(anonymous_28)
FNDA:0,(anonymous_29)
FNDA:0,(anonymous_30)
FNDA:0,(anonymous_31)
FNDA:0,(anonymous_32)
FNDA:0,(anonymous_33)
FNDA:0,(anonymous_34)
FNDA:0,(anonymous_35)
FNDA:0,(anonymous_36)
FNDA:0,(anonymous_37)
FNDA:0,(anonymous_38)
FNDA:0,(anonymous_39)
FNDA:0,(anonymous_40)
FNDA:0,(anonymous_41)
FNDA:0,(anonymous_42)
FNDA:0,(anonymous_43)
FNDA:0,(anonymous_44)
FNDA:0,(anonymous_45)
FNDA:0,(anonymous_46)
FNDA:0,(anonymous_47)
FNDA:0,(anonymous_48)
FNDA:0,(anonymous_49)
FNDA:0,(anonymous_50)
FNDA:0,(anonymous_51)
FNDA:0,(anonymous_52)
FNDA:0,(anonymous_53)
FNDA:0,(anonymous_54)
FNDA:0,(anonymous_55)
FNDA:0,(anonymous_56)
FNDA:0,(anonymous_57)
FNDA:0,(anonymous_58)
FNDA:0,(anonymous_59)
FNDA:0,(anonymous_60)
FNDA:0,(anonymous_61)
DA:1,1
DA:2,1
DA:4,1
DA:5,1
DA:6,1
DA:8,1
DA:9,1
DA:11,1
DA:12,1
DA:13,1
DA:14,1
DA:15,1
DA:16,1
DA:17,1
DA:18,1
DA:19,1
DA:20,1
DA:22,1
DA:31,0
DA:32,0
DA:35,0
DA:36,0
DA:39,0
DA:40,0
DA:41,0
DA:45,1
DA:50,0
DA:52,0
DA:54,0
DA:56,0
DA:57,0
DA:62,0
DA:64,0
DA:67,1
DA:68,0
DA:71,1
DA:75,0
DA:76,0
DA:79,0
DA:80,0
DA:83,0
DA:85,0
DA:86,0
DA:87,0
DA:88,0
DA:89,0
DA:92,1
DA:98,0
DA:99,0
DA:100,0
DA:101,0
DA:102,0
DA:103,0
DA:104,0
DA:108,0
DA:109,0
DA:110,0
DA:111,0
DA:113,0
DA:116,0
DA:119,0
DA:120,0
DA:121,0
DA:126,0
DA:127,0
DA:128,0
DA:130,0
DA:131,0
DA:133,0
DA:134,0
DA:136,0
DA:137,0
DA:143,0
DA:145,0
DA:147,0
DA:148,0
DA:149,0
DA:150,0
DA:151,0
DA:154,0
DA:155,0
DA:156,0
DA:161,0
DA:162,0
DA:163,0
DA:165,0
DA:166,0
DA:169,0
DA:170,0
DA:173,0
DA:174,0
DA:177,0
DA:178,0
DA:181,0
DA:182,0
DA:185,0
DA:186,0
DA:189,0
DA:192,0
DA:193,0
DA:196,0
DA:197,0
DA:200,0
DA:201,0
DA:204,0
DA:205,0
DA:208,0
DA:209,0
DA:212,0
DA:213,0
DA:214,0
DA:215,0
DA:216,0
DA:219,0
DA:220,0
DA:221,0
DA:222,0
DA:223,0
DA:224,0
DA:227,0
DA:228,0
DA:231,0
DA:232,0
DA:235,0
DA:236,0
DA:239,0
DA:240,0
DA:243,0
DA:244,0
DA:247,0
DA:248,0
DA:251,0
DA:252,0
DA:255,0
DA:256,0
DA:259,0
DA:260,0
DA:263,0
DA:264,0
DA:267,0
DA:268,0
DA:271,0
DA:272,0
DA:275,0
DA:276,0
DA:279,0
DA:280,0
DA:283,0
DA:284,0
DA:287,0
DA:288,0
DA:291,0
DA:294,0
DA:297,0
DA:300,0
DA:304,0
DA:305,0
DA:309,0
DA:310,0
DA:311,0
DA:314,0
DA:315,0
DA:318,0
LF:163
LH:22
BRDA:35,0,0,0
BRDA:54,1,0,0
BRDA:56,2,0,0
BRDA:56,3,0,0
BRDA:56,3,1,0
BRDA:68,4,0,0
BRDA:68,4,1,0
BRDA:68,4,2,0
BRDA:73,5,0,0
BRDA:75,6,0,0
BRDA:75,7,0,0
BRDA:75,7,1,0
BRDA:79,8,0,0
BRDA:79,9,0,0
BRDA:79,9,1,0
BRDA:83,10,0,0
BRDA:83,10,1,0
BRDA:87,11,0,0
BRDA:87,12,0,0
BRDA:87,12,1,0
BRDA:127,13,0,0
BRDA:136,14,0,0
BRDA:143,15,0,0
BRDA:148,16,0,0
BRDA:154,17,0,0
BRDA:156,18,0,0
BRDA:156,18,1,0
BRDA:161,19,0,0
BRDA:163,20,0,0
BRDA:163,20,1,0
BRDA:163,20,2,0
BRDA:163,20,3,0
BRDA:163,20,4,0
BRDA:163,20,5,0
BRDA:163,20,6,0
BRDA:163,20,7,0
BRDA:163,20,8,0
BRDA:163,20,9,0
BRDA:163,20,10,0
BRDA:163,20,11,0
BRDA:163,20,12,0
BRDA:163,20,13,0
BRDA:163,20,14,0
BRDA:163,20,15,0
BRDA:163,20,16,0
BRDA:163,20,17,0
BRDA:163,20,18,0
BRDA:163,20,19,0
BRDA:163,20,20,0
BRDA:163,20,21,0
BRDA:163,20,22,0
BRDA:163,20,23,0
BRDA:163,20,24,0
BRDA:163,20,25,0
BRDA:163,20,26,0
BRDA:163,20,27,0
BRDA:163,20,28,0
BRDA:163,20,29,0
BRDA:163,20,30,0
BRDA:163,20,31,0
BRDA:163,20,32,0
BRF:61
BRH:0
end_of_record
