
> @n8n/design-system@1.104.0 test /Users/elias/projects/github/n8n-io/n8n/packages/frontend/@n8n/design-system
> vitest run


 RUN  v3.1.3 /Users/elias/projects/github/n8n-io/n8n/packages/frontend/@n8n/design-system

 âœ“ src/components/N8nDataTableServer/N8nDataTableServer.test.ts (8 tests) 1510ms
   âœ“ N8nDataTableServer > should render a table  381ms
   âœ“ N8nDataTableServer > should emit options for sorting / pagination  412ms
 âœ“ src/components/N8nSendStopButton/N8nSendStopButton.test.ts (12 tests) 101ms
 âœ“ src/components/N8nSuggestedActions/SuggestedActions.test.ts (16 tests) 263ms
 âœ“ src/components/TableHeaderControlsButton/TableHeaderControlsButton.test.ts (32 tests) 648ms
 âœ“ src/components/N8nBreadcrumbs/BreadCrumbs.test.ts (10 tests) 1616ms
   âœ“ Breadcrumbs > renders async hidden items correctly  1025ms
 âœ“ src/components/AskAssistantChat/messages/MessageRating.test.ts (10 tests) 425ms
 âœ“ src/components/N8nUserSelect/UserSelect.test.ts (7 tests) 2679ms
   âœ“ UserSelect > filters users by email (case-sensitive for filter term, if full name does not match)  1089ms
   âœ“ UserSelect > filters by full name and email and sorts by last name  318ms
   âœ“ UserSelect > excludes users in ignoreIds from filtered results  323ms
 âœ“ src/components/AskAssistantChat/AskAssistantChat.test.ts (25 tests) 449ms
 âœ“ src/components/N8nPromptInput/N8nPromptInput.test.ts (42 tests) 868ms
 âœ“ src/directives/n8n-smart-decimal.test.ts (11 tests) 248ms
 âœ“ src/components/N8nNodeIcon/NodeIcon.test.ts (13 tests) 92ms
 âœ“ src/components/AskAssistantChat/messages/ToolMessage.test.ts (13 tests) 555ms
 âœ“ src/components/N8nScrollArea/N8nScrollArea.test.ts (10 tests) 570ms
 âœ“ src/components/N8nIconPicker/IconPicker.test.ts (6 tests) 2656ms
   âœ“ IconPicker > renders icons and emojis  656ms
   âœ“ IconPicker > is able to select an icon  723ms
   âœ“ IconPicker > is able to select an emoji  1049ms
 âœ“ src/components/N8nExternalLink/ExternalLink.test.ts (11 tests) 198ms
 âœ“ src/components/N8nCommandBar/CommandBar.test.ts (6 tests) 526ms
 âœ“ src/components/N8nPopoverReka/N8nPopoverReka.test.ts (6 tests) 643ms
 âœ“ src/components/N8nSelectableList/SelectableList.test.ts (4 tests) 163ms
 â¯ src/components/N8nRekaSelect/RekaSelect.test.ts (10 tests | 4 failed) 961ms
   âœ“ N8nRekaSelect > should render with default props 164ms
   âœ“ N8nRekaSelect > should display placeholder when no value is selected 147ms
   Ã— N8nRekaSelect > should display selected label when value is provided 107ms
     â†’ expected 'Select an option' to contain 'Option 2'
   âœ“ N8nRekaSelect > should emit update:modelValue when selection changes 54ms
   Ã— N8nRekaSelect > should apply disabled state correctly 45ms
     â†’ expected [ 'defaultTrigger', 'medium' ] to include 'disabled'
   âœ“ N8nRekaSelect > should apply size variants correctly 172ms
   âœ“ N8nRekaSelect > should handle disabled options 116ms
   Ã— N8nRekaSelect > should show selected label for valid value 18ms
     â†’ expected undefined to be 'Option 1' // Object.is equality
   Ã— N8nRekaSelect > should show placeholder for invalid value 19ms
     â†’ expected undefined to be 'Select option' // Object.is equality
   âœ“ N8nRekaSelect > should support custom trigger slot 118ms
 âœ“ src/components/CodeDiff/CodeDiff.test.ts (4 tests) 155ms
 âœ“ src/components/N8nPromptInputSuggestions/N8nPromptInputSuggestions.test.ts (8 tests) 195ms
 âœ“ src/components/N8nInlineTextEdit/InlineTextEdit.test.ts (7 tests) 633ms
 âœ“ src/components/N8nNavigationDropdown/NavigationDropdown.test.ts (6 tests) 2865ms
   âœ“ N8nNavigationDropdown > default slot should trigger first level  440ms
   âœ“ N8nNavigationDropdown > redirect to route  482ms
   âœ“ N8nNavigationDropdown > should toggle nested level on mouseenter / mouseleave  1086ms
 âœ“ src/components/N8nMarkdown/youtube.test.ts (4 tests) 81ms
 âœ“ src/components/N8nCallout/Callout.test.ts (7 tests) 72ms
 â¯ src/components/N8nCollapsiblePanel/CollapsiblePanel.test.ts (7 tests | 2 failed) 269ms
   âœ“ N8nCollapsiblePanel > renders with title 49ms
   Ã— N8nCollapsiblePanel > toggles open/closed state when chevron is clicked 65ms
     â†’ Unable to find an accessible element with the role "button" and name `/collapse/i`

Here are the accessible roles:

  button:

  Name "Test Item":
  [36m<button[39m
    [33maria-controls[39m=[32m""[39m
    [33maria-expanded[39m=[32m"true"[39m
    [33mclass[39m=[32m"trigger"[39m
    [33mdata-state[39m=[32m"open"[39m
    [33mtype[39m=[32m"button"[39m
  [36m/>[39m

  --------------------------------------------------

Ignored nodes: comments, script, style
[36m<body>[39m
  [36m<div>[39m
    [36m<div[39m
      [33mclass[39m=[32m"collapsiblePanel"[39m
      [33mdata-state[39m=[32m"open"[39m
    [36m>[39m
      [0m[0m
      [36m<div[39m
        [33mclass[39m=[32m"header"[39m
      [36m>[39m
        [36m<button[39m
          [33maria-controls[39m=[32m""[39m
          [33maria-expanded[39m=[32m"true"[39m
          [33mclass[39m=[32m"trigger"[39m
          [33mdata-state[39m=[32m"open"[39m
          [33mtype[39m=[32m"button"[39m
        [36m>[39m
          [0m[0m
          [36m<svg[39m
            [33maria-hidden[39m=[32m"true"[39m
            [33mclass[39m=[32m"n8n-icon chevron chevronOpen"[39m
            [33mdata-icon[39m=[32m"chevron-down"[39m
            [33mfocusable[39m=[32m"false"[39m
            [33mheight[39m=[32m"14px"[39m
            [33mrole[39m=[32m"img"[39m
            [33mviewBox[39m=[32m"0 0 24 24"[39m
            [33mwidth[39m=[32m"14px"[39m
          [36m>[39m
            [36m<path[39m
              [33md[39m=[32m"m6 9l6 6l6-6"[39m
              [33mfill[39m=[32m"none"[39m
              [33mstroke[39m=[32m"currentColor"[39m
              [33mstroke-linecap[39m=[32m"round"[39m
              [33mstroke-linejoin[39m=[32m"round"[39m
              [33mstroke-width[39m=[32m"2"[39m
            [36m/>[39m
          [36m</svg>[39m
          [36m<span[39m
            [33mclass[39m=[32m"title"[39m
          [36m>[39m
            [0m[0m
            [0mTest Item[0m
            [0m[0m
          [36m</span>[39m
          [0m[0m
        [36m</button>[39m
      [36m</div>[39m
      [36m<div[39m
        [33mclass[39m=[32m"content"[39m
        [33mid[39m=[32m"reka-collapsible-content-v-0"[39m
        [33mstyle[39m=[32m"--reka-collapsible-content-height: 0px; --reka-collapsible-content-width: 0px;"[39m
      [36m>[39m
        [0m[0m
        [0m[0m
      [36m</div>[39m
      [0m[0m
    [36m</div>[39m
  [36m</div>[39m
[36m</body>[39m
   âœ“ N8nCollapsiblePanel > renders action buttons when actions slot is provided 89ms
   Ã— N8nCollapsiblePanel > calls action onClick handler when action button is clicked 16ms
     â†’ Unable to find an element by: [data-test-id="delete-btn"]

Ignored nodes: comments, script, style
[36m<body>[39m
  [36m<div>[39m
    [36m<div[39m
      [33mclass[39m=[32m"collapsiblePanel"[39m
      [33mdata-state[39m=[32m"open"[39m
      [33mslots[39m=[32m"[object Object]"[39m
    [36m>[39m
      [0m[0m
      [36m<div[39m
        [33mclass[39m=[32m"header"[39m
      [36m>[39m
        [36m<button[39m
          [33maria-controls[39m=[32m"reka-collapsible-content-v-0"[39m
          [33maria-expanded[39m=[32m"true"[39m
          [33mclass[39m=[32m"trigger"[39m
          [33mdata-state[39m=[32m"open"[39m
          [33mtype[39m=[32m"button"[39m
        [36m>[39m
          [0m[0m
          [36m<svg[39m
            [33maria-hidden[39m=[32m"true"[39m
            [33mclass[39m=[32m"n8n-icon chevron chevronOpen"[39m
            [33mdata-icon[39m=[32m"chevron-down"[39m
            [33mfocusable[39m=[32m"false"[39m
            [33mheight[39m=[32m"14px"[39m
            [33mrole[39m=[32m"img"[39m
            [33mviewBox[39m=[32m"0 0 24 24"[39m
            [33mwidth[39m=[32m"14px"[39m
          [36m>[39m
            [36m<path[39m
              [33md[39m=[32m"m6 9l6 6l6-6"[39m
              [33mfill[39m=[32m"none"[39m
              [33mstroke[39m=[32m"currentColor"[39m
              [33mstroke-linecap[39m=[32m"round"[39m
              [33mstroke-linejoin[39m=[32m"round"[39m
              [33mstroke-width[39m=[32m"2"[39m
            [36m/>[39m
          [36m</svg>[39m
          [36m<span[39m
            [33mclass[39m=[32m"title"[39m
          [36m>[39m
            [0m[0m
            [0mTest Item[0m
            [0m[0m
          [36m</span>[39m
          [0m[0m
        [36m</button>[39m
      [36m</div>[39m
      [36m<div[39m
        [33mclass[39m=[32m"content"[39m
        [33mid[39m=[32m"reka-collapsible-content-v-0"[39m
        [33mstyle[39m=[32m"--reka-collapsible-content-height: 0px; --reka-collapsible-content-width: 0px; transition-duration: 0s; animation-name: none;"[39m
      [36m>[39m
        [0m[0m
        [0m[0m
      [36m</div>[39m
      [0m[0m
    [36m</div>[39m
  [36m</div>[39m
[36m</body>[39m
   âœ“ N8nCollapsiblePanel > does not have always-visible class by default (showActionsOnHover: true) 17ms
   âœ“ N8nCollapsiblePanel > has always-visible class when showActionsOnHover is false 10ms
   âœ“ N8nCollapsiblePanel > renders slot content 22ms
 âœ“ src/components/N8nLink/Link.test.ts (7 tests) 202ms
 âœ“ src/directives/n8n-truncate.test.ts (4 tests) 69ms
 âœ“ src/components/N8nMarkdown/Markdown.test.ts (5 tests) 430ms
 âœ“ src/components/N8nDatatable/Datatable.test.ts (4 tests) 929ms
   âœ“ components > N8nDatatable > should render correctly  339ms
 âœ“ src/components/N8nSectionHeader/SectionHeader.test.ts (5 tests) 72ms
 âœ“ src/components/N8nRoute/Route.test.ts (5 tests) 67ms
 âœ“ src/components/N8nActionDropdown/ActionDropdown.test.ts (4 tests) 137ms
 âœ“ src/components/N8nButton/Button.test.ts (5 tests) 75ms
 âœ“ src/components/N8nSelect/Select.test.ts (2 tests) 490ms
 âœ“ src/components/N8nFormInput/FormInput.test.ts (3 tests) 216ms
 âœ“ src/components/N8nIcon/Icon.test.ts (6 tests) 42ms
 âœ“ src/components/ConditionalRouterLink/ConditionalRouterLink.test.ts (3 tests) 94ms
 âœ“ src/utils/labelUtil.test.ts (19 tests) 25ms
 âœ“ src/components/N8nTree/Tree.test.ts (4 tests) 100ms
 âœ“ src/components/N8nBadge/Badge.test.ts (3 tests) 109ms
 âœ“ src/components/AskAssistantIcon/AssistantIcon.test.ts (6 tests) 41ms
 âœ“ src/components/N8nNotice/Notice.test.ts (4 tests) 76ms
 âœ“ src/components/N8nUserStack/UserStack.test.ts (2 tests) 331ms
 âœ“ src/directives/n8n-html.test.ts (2 tests) 55ms
 âœ“ src/components/N8nAlert/Alert.test.ts (2 tests) 120ms
 âœ“ src/utils/valueByPath.test.ts (5 tests) 2ms
 âœ“ src/utils/markdown.test.ts (2 tests) 5ms
 âœ“ src/components/AskAssistantText/AssistantText.test.ts (4 tests) 27ms
 âœ“ src/components/N8nFormBox/FormBox.test.ts (1 test) 80ms
 âœ“ src/styleguide/ColorCircles.test.ts (2 tests) 46ms
 âœ“ src/components/N8nLogo/Logo.test.ts (3 tests) 100ms
 âœ“ src/components/N8nAvatar/Avatar.test.ts (5 tests) 136ms
 âœ“ src/components/N8nUserInfo/UserInfo.test.ts (1 test) 109ms
 âœ“ src/components/N8nTooltip/Tooltip.test.ts (1 test) 172ms
 âœ“ src/components/N8nInput/Input.test.ts (3 tests) 104ms
3:54:40 PM [vite] (client) warning: <tr> cannot be child of <table>, according to HTML specifications. This can cause hydration errors or potentially disrupt future functionality.
59 |  <template>
60 |  	<table :class="$style.table">
61 |  		<tr>
   |    ^^^^
62 |  			<th :class="$style.row">Name</th>
   |  ^^^^^^^^^^^^^^^^^^^^^^^^^^^^^^^^^^^^
63 |  			<th :class="$style.row">rem</th>
   |  ^^^^^^^^^^^^^^^^^^^^^^^^^^^^^^^^^^^
64 |  			<th :class="$style.row">px</th>
   |  ^^^^^^^^^^^^^^^^^^^^^^^^^^^^^^^^^^
65 |  		</tr>
   |  ^^^^^^^
  Plugin: vite:vue
  File: /Users/elias/projects/github/n8n-io/n8n/packages/frontend/@n8n/design-system/src/styleguide/Sizes.vue
 âœ“ src/components/N8nRecycleScroller/RecycleScroller.test.ts (1 test) 146ms
 âœ“ src/components/N8nCheckbox/Checkbox.test.ts (4 tests) 84ms
 âœ“ src/components/N8nInfoTip/InfoTip.test.ts (3 tests) 216ms
 âœ“ src/styleguide/Sizes.test.ts (1 test) 39ms
 âœ“ src/components/N8nInputLabel/InputLabel.test.ts (2 tests) 26ms
 âœ“ src/components/N8nCard/Card.test.ts (2 tests) 36ms
 âœ“ src/components/AskAssistantAvatar/AskAssistantAvatar.test.ts (2 tests) 19ms
 âœ“ src/components/AskAssistantButton/AskAssistantButton.test.ts (2 tests) 34ms
 âœ“ src/components/N8nCircleLoader/CircleLoader.test.ts (1 test) 37ms
 âœ“ src/components/N8nBlockUi/BlockUi.test.ts (2 tests) 50ms
 âœ“ src/components/BlinkingCursor/BlinkingCursor.test.ts (1 test) 16ms
 âœ“ src/components/N8nColorPicker/ColorPicker.test.ts (2 tests) 128ms
 âœ“ src/components/N8nActionBox/ActionBox.test.ts (1 test) 134ms
 âœ“ src/components/AskAssistantLoadingMessage/AskAssistantLoadingMessage.test.ts (1 test) 16ms
 âœ“ src/components/CanvasThinkingPill/CanvasThinkingPill.test.ts (1 test) 13ms
 âœ“ src/components/BetaTag/BetaTag.test.ts (1 test) 11ms

â¯â¯â¯â¯â¯â¯â¯ Failed Tests 6 â¯â¯â¯â¯â¯â¯â¯

 FAIL  src/components/N8nCollapsiblePanel/CollapsiblePanel.test.ts > N8nCollapsiblePanel > toggles open/closed state when chevron is clicked
TestingLibraryElementError: Unable to find an accessible element with the role "button" and name `/collapse/i`

Here are the accessible roles:

  button:

  Name "Test Item":
  [36m<button[39m
    [33maria-controls[39m=[32m""[39m
    [33maria-expanded[39m=[32m"true"[39m
    [33mclass[39m=[32m"trigger"[39m
    [33mdata-state[39m=[32m"open"[39m
    [33mtype[39m=[32m"button"[39m
  [36m/>[39m

  --------------------------------------------------

Ignored nodes: comments, script, style
[36m<body>[39m
  [36m<div>[39m
    [36m<div[39m
      [33mclass[39m=[32m"collapsiblePanel"[39m
      [33mdata-state[39m=[32m"open"[39m
    [36m>[39m
      [0m[0m
      [36m<div[39m
        [33mclass[39m=[32m"header"[39m
      [36m>[39m
        [36m<button[39m
          [33maria-controls[39m=[32m""[39m
          [33maria-expanded[39m=[32m"true"[39m
          [33mclass[39m=[32m"trigger"[39m
          [33mdata-state[39m=[32m"open"[39m
          [33mtype[39m=[32m"button"[39m
        [36m>[39m
          [0m[0m
          [36m<svg[39m
            [33maria-hidden[39m=[32m"true"[39m
            [33mclass[39m=[32m"n8n-icon chevron chevronOpen"[39m
            [33mdata-icon[39m=[32m"chevron-down"[39m
            [33mfocusable[39m=[32m"false"[39m
            [33mheight[39m=[32m"14px"[39m
            [33mrole[39m=[32m"img"[39m
            [33mviewBox[39m=[32m"0 0 24 24"[39m
            [33mwidth[39m=[32m"14px"[39m
          [36m>[39m
            [36m<path[39m
              [33md[39m=[32m"m6 9l6 6l6-6"[39m
              [33mfill[39m=[32m"none"[39m
              [33mstroke[39m=[32m"currentColor"[39m
              [33mstroke-linecap[39m=[32m"round"[39m
              [33mstroke-linejoin[39m=[32m"round"[39m
              [33mstroke-width[39m=[32m"2"[39m
            [36m/>[39m
          [36m</svg>[39m
          [36m<span[39m
            [33mclass[39m=[32m"title"[39m
          [36m>[39m
            [0m[0m
            [0mTest Item[0m
            [0m[0m
          [36m</span>[39m
          [0m[0m
        [36m</button>[39m
      [36m</div>[39m
      [36m<div[39m
        [33mclass[39m=[32m"content"[39m
        [33mid[39m=[32m"reka-collapsible-content-v-0"[39m
        [33mstyle[39m=[32m"--reka-collapsible-content-height: 0px; --reka-collapsible-content-width: 0px;"[39m
      [36m>[39m
        [0m[0m
        [0m[0m
      [36m</div>[39m
      [0m[0m
    [36m</div>[39m
  [36m</div>[39m
[36m</body>[39m
 â¯ Object.getElementError ../../../../node_modules/.pnpm/@testing-library+dom@9.3.4/node_modules/@testing-library/dom/dist/config.js:37:19
 â¯ ../../../../node_modules/.pnpm/@testing-library+dom@9.3.4/node_modules/@testing-library/dom/dist/query-helpers.js:76:38
 â¯ ../../../../node_modules/.pnpm/@testing-library+dom@9.3.4/node_modules/@testing-library/dom/dist/query-helpers.js:52:17
 â¯ ../../../../node_modules/.pnpm/@testing-library+dom@9.3.4/node_modules/@testing-library/dom/dist/query-helpers.js:95:19
 â¯ src/components/N8nCollapsiblePanel/CollapsiblePanel.test.ts:25:26
     23|   });
     24| 
     25|   const chevron = screen.getByRole('button', { name: /collapse/i });
       |                          ^
     26|   await fireEvent.click(chevron);
     27| 

â¯â¯â¯â¯â¯â¯â¯â¯â¯â¯â¯â¯â¯â¯â¯â¯â¯â¯â¯â¯â¯â¯â¯â¯[1/6]â¯

 FAIL  src/components/N8nCollapsiblePanel/CollapsiblePanel.test.ts > N8nCollapsiblePanel > calls action onClick handler when action button is clicked
TestingLibraryElementError: Unable to find an element by: [data-test-id="delete-btn"]

Ignored nodes: comments, script, style
[36m<body>[39m
  [36m<div>[39m
    [36m<div[39m
      [33mclass[39m=[32m"collapsiblePanel"[39m
      [33mdata-state[39m=[32m"open"[39m
      [33mslots[39m=[32m"[object Object]"[39m
    [36m>[39m
      [0m[0m
      [36m<div[39m
        [33mclass[39m=[32m"header"[39m
      [36m>[39m
        [36m<button[39m
          [33maria-controls[39m=[32m"reka-collapsible-content-v-0"[39m
          [33maria-expanded[39m=[32m"true"[39m
          [33mclass[39m=[32m"trigger"[39m
          [33mdata-state[39m=[32m"open"[39m
          [33mtype[39m=[32m"button"[39m
        [36m>[39m
          [0m[0m
          [36m<svg[39m
            [33maria-hidden[39m=[32m"true"[39m
            [33mclass[39m=[32m"n8n-icon chevron chevronOpen"[39m
            [33mdata-icon[39m=[32m"chevron-down"[39m
            [33mfocusable[39m=[32m"false"[39m
            [33mheight[39m=[32m"14px"[39m
            [33mrole[39m=[32m"img"[39m
            [33mviewBox[39m=[32m"0 0 24 24"[39m
            [33mwidth[39m=[32m"14px"[39m
          [36m>[39m
            [36m<path[39m
              [33md[39m=[32m"m6 9l6 6l6-6"[39m
              [33mfill[39m=[32m"none"[39m
              [33mstroke[39m=[32m"currentColor"[39m
              [33mstroke-linecap[39m=[32m"round"[39m
              [33mstroke-linejoin[39m=[32m"round"[39m
              [33mstroke-width[39m=[32m"2"[39m
            [36m/>[39m
          [36m</svg>[39m
          [36m<span[39m
            [33mclass[39m=[32m"title"[39m
          [36m>[39m
            [0m[0m
            [0mTest Item[0m
            [0m[0m
          [36m</span>[39m
          [0m[0m
        [36m</button>[39m
      [36m</div>[39m
      [36m<div[39m
        [33mclass[39m=[32m"content"[39m
        [33mid[39m=[32m"reka-collapsible-content-v-0"[39m
        [33mstyle[39m=[32m"--reka-collapsible-content-height: 0px; --reka-collapsible-content-width: 0px; transition-duration: 0s; animation-name: none;"[39m
      [36m>[39m
        [0m[0m
        [0m[0m
      [36m</div>[39m
      [0m[0m
    [36m</div>[39m
  [36m</div>[39m
[36m</body>[39m
 â¯ Object.getElementError ../../../../node_modules/.pnpm/@testing-library+dom@9.3.4/node_modules/@testing-library/dom/dist/config.js:37:19
 â¯ ../../../../node_modules/.pnpm/@testing-library+dom@9.3.4/node_modules/@testing-library/dom/dist/query-helpers.js:76:38
 â¯ ../../../../node_modules/.pnpm/@testing-library+dom@9.3.4/node_modules/@testing-library/dom/dist/query-helpers.js:52:17
 â¯ ../../../../node_modules/.pnpm/@testing-library+dom@9.3.4/node_modules/@testing-library/dom/dist/query-helpers.js:95:19
 â¯ src/components/N8nCollapsiblePanel/CollapsiblePanel.test.ts:66:25
     64|   });
     65| 
     66|   const button = screen.getByTestId('delete-btn');
       |                         ^
     67|   button.addEventListener('click', onClickMock);
     68|   await fireEvent.click(button);

â¯â¯â¯â¯â¯â¯â¯â¯â¯â¯â¯â¯â¯â¯â¯â¯â¯â¯â¯â¯â¯â¯â¯â¯[2/6]â¯

 FAIL  src/components/N8nRekaSelect/RekaSelect.test.ts > N8nRekaSelect > should display selected label when value is provided
AssertionError: expected 'Select an option' to contain 'Option 2'

Expected: [32m"[7mO[27mption[7m 2[27m"[39m
Received: [31m"[7mSelect an o[27mption"[39m

 â¯ src/components/N8nRekaSelect/RekaSelect.test.ts:44:26
     42|   });
     43| 
     44|   expect(wrapper.text()).toContain('Option 2');
       |                          ^
     45|  });
     46| 

â¯â¯â¯â¯â¯â¯â¯â¯â¯â¯â¯â¯â¯â¯â¯â¯â¯â¯â¯â¯â¯â¯â¯â¯[3/6]â¯

 FAIL  src/components/N8nRekaSelect/RekaSelect.test.ts > N8nRekaSelect > should apply disabled state correctly
AssertionError: expected [ 'defaultTrigger', 'medium' ] to include 'disabled'
 â¯ src/components/N8nRekaSelect/RekaSelect.test.ts:71:29
     69| 
     70|   const trigger = wrapper.find('[data-test-id^="dropdown-trigger-"]');
     71|   expect(trigger.classes()).toContain('disabled');
       |                             ^
     72|  });
     73| 

â¯â¯â¯â¯â¯â¯â¯â¯â¯â¯â¯â¯â¯â¯â¯â¯â¯â¯â¯â¯â¯â¯â¯â¯[4/6]â¯

 FAIL  src/components/N8nRekaSelect/RekaSelect.test.ts > N8nRekaSelect > should show selected label for valid value
AssertionError: expected undefined to be 'Option 1' // Object.is equality

[32m- Expected:[39m 
"Option 1"

[31m+ Received:[39m 
undefined

 â¯ src/components/N8nRekaSelect/RekaSelect.test.ts:117:28
    115|   }
    116|   const vm = wrapper.vm as unknown as VmWithLabel;
    117|   expect(vm.selectedLabel).toBe('Option 1');
       |                            ^
    118|  });
    119| 

â¯â¯â¯â¯â¯â¯â¯â¯â¯â¯â¯â¯â¯â¯â¯â¯â¯â¯â¯â¯â¯â¯â¯â¯[5/6]â¯

 FAIL  src/components/N8nRekaSelect/RekaSelect.test.ts > N8nRekaSelect > should show placeholder for invalid value
AssertionError: expected undefined to be 'Select option' // Object.is equality

[32m- Expected:[39m 
"Select option"

[31m+ Received:[39m 
undefined

 â¯ src/components/N8nRekaSelect/RekaSelect.test.ts:133:28
    131|   }
    132|   const vm = wrapper.vm as unknown as VmWithLabel;
    133|   expect(vm.selectedLabel).toBe('Select option');
       |                            ^
    134|  });
    135| 

â¯â¯â¯â¯â¯â¯â¯â¯â¯â¯â¯â¯â¯â¯â¯â¯â¯â¯â¯â¯â¯â¯â¯â¯[6/6]â¯


 Test Files  2 failed | 70 passed (72)
      Tests  6 failed | 438 passed (444)
   Start at  15:54:11
   Duration  31.52s (transform 15.34s, setup 53.63s, collect 112.61s, tests 24.91s, environment 59.56s, prepare 8.03s)

â€‰ELIFECYCLEâ€‰ Test failed. See above for more details.
