{
	"/Users/jeremyparker/Desktop/Claude Coding Projects/n8n/packages/@n8n/errors/src/application.error.ts": {
		"path": "/Users/jeremyparker/Desktop/Claude Coding Projects/n8n/packages/@n8n/errors/src/application.error.ts",
		"statementMap": {
			"0": { "start": { "line": 2, "column": 0 }, "end": { "line": 2, "column": 34 } },
			"1": { "start": { "line": 22, "column": 2 }, "end": { "line": 22, "column": 23 } },
			"2": { "start": { "line": 23, "column": 2 }, "end": { "line": 23, "column": 32 } },
			"3": { "start": { "line": 24, "column": 2 }, "end": { "line": 24, "column": 19 } },
			"4": { "start": { "line": 25, "column": 2 }, "end": { "line": 25, "column": 21 } },
			"5": { "start": { "line": 27, "column": 2 }, "end": { "line": 34, "column": 12 } },
			"6": { "start": { "line": 28, "column": 20 }, "end": { "line": 28, "column": 54 } },
			"7": { "start": { "line": 30, "column": 17 }, "end": { "line": 30, "column": 59 } },
			"8": { "start": { "line": 32, "column": 3 }, "end": { "line": 32, "column": 44 } },
			"9": { "start": { "line": 32, "column": 14 }, "end": { "line": 32, "column": 44 } },
			"10": { "start": { "line": 9, "column": 0 }, "end": { "line": 9, "column": 13 } }
		},
		"fnMap": {
			"0": {
				"name": "(anonymous_1)",
				"decl": { "start": { "line": 18, "column": 1 }, "end": { "line": 18, "column": null } },
				"loc": { "start": { "line": 20, "column": 76 }, "end": { "line": 35, "column": 2 } }
			}
		},
		"branchMap": {
			"0": {
				"loc": { "start": { "line": 20, "column": 2 }, "end": { "line": 20, "column": 76 } },
				"type": "default-arg",
				"locations": [
					{ "start": { "line": 20, "column": 74 }, "end": { "line": 20, "column": 76 } }
				]
			},
			"1": {
				"loc": { "start": { "line": 20, "column": 11 }, "end": { "line": 20, "column": 20 } },
				"type": "default-arg",
				"locations": [
					{ "start": { "line": 20, "column": 18 }, "end": { "line": 20, "column": 20 } }
				]
			},
			"2": {
				"loc": { "start": { "line": 23, "column": 15 }, "end": { "line": 23, "column": 31 } },
				"type": "binary-expr",
				"locations": [
					{ "start": { "line": 23, "column": 15 }, "end": { "line": 23, "column": 20 } },
					{ "start": { "line": 23, "column": 24 }, "end": { "line": 23, "column": 31 } }
				]
			},
			"3": {
				"loc": { "start": { "line": 28, "column": 20 }, "end": { "line": 28, "column": 54 } },
				"type": "binary-expr",
				"locations": [
					{ "start": { "line": 28, "column": 20 }, "end": { "line": 28, "column": 48 } },
					{ "start": { "line": 28, "column": 52 }, "end": { "line": 28, "column": 54 } }
				]
			},
			"4": {
				"loc": { "start": { "line": 32, "column": 3 }, "end": { "line": 32, "column": 44 } },
				"type": "if",
				"locations": [{ "start": { "line": 32, "column": 3 }, "end": { "line": 32, "column": 44 } }]
			}
		},
		"s": {
			"0": 2,
			"1": 48,
			"2": 48,
			"3": 48,
			"4": 48,
			"5": 48,
			"6": 48,
			"7": 47,
			"8": 47,
			"9": 45,
			"10": 2
		},
		"f": { "0": 48 },
		"b": { "0": [22], "1": [34], "2": [48, 30], "3": [48, 1], "4": [45] }
	}
}
