TN:
SF:src/di.ts
FN:40,Service
FN:41,(anonymous_1)
FN:47,(anonymous_2)
FN:52,(anonymous_3)
FN:62,(anonymous_4)
FN:73,(anonymous_5)
FN:93,(anonymous_6)
FN:96,(anonymous_7)
FN:127,(anonymous_8)
FN:134,(anonymous_9)
FNF:10
FNH:10
FNDA:19,Service
FNDA:19,(anonymous_1)
FNDA:4,(anonymous_2)
FNDA:2,(anonymous_3)
FNDA:8,(anonymous_4)
FNDA:30,(anonymous_5)
FNDA:8,(anonymous_6)
FNDA:3,(anonymous_7)
FNDA:5,(anonymous_8)
FNDA:26,(anonymous_9)
DA:1,2
DA:25,2
DA:40,2
DA:41,19
DA:42,19
DA:48,4
DA:54,2
DA:63,8
DA:74,30
DA:75,30
DA:76,30
DA:79,2
DA:80,1
DA:83,28
DA:86,23
DA:88,23
DA:91,23
DA:93,23
DA:94,8
DA:95,2
DA:96,3
DA:99,6
DA:102,20
DA:103,6
DA:106,14
DA:109,18
DA:110,18
DA:112,5
DA:113,1
DA:115,4
DA:117,23
DA:129,5
DA:130,5
DA:135,26
DA:136,293
DA:146,2
LF:36
LH:36
BRDA:40,0,0,15
BRDA:76,1,0,2
BRDA:79,2,0,1
BRDA:83,3,0,5
BRDA:91,4,0,23
BRDA:91,4,1,14
BRDA:94,5,0,2
BRDA:102,6,0,6
BRDA:102,6,1,14
BRDA:112,7,0,1
BRDA:112,8,0,5
BRDA:112,8,1,1
BRDA:129,9,0,5
BRDA:129,9,1,2
BRF:14
BRH:14
end_of_record
TN:
SF:src/__tests__/fixtures/service-a.ts
FN:6,(anonymous_2)
FNF:1
FNH:0
FNDA:0,(anonymous_2)
DA:1,1
DA:2,1
DA:5,1
DA:6,0
LF:4
LH:3
BRF:0
BRH:0
end_of_record
TN:
SF:src/__tests__/fixtures/service-b.ts
FN:6,(anonymous_2)
FNF:1
FNH:0
FNDA:0,(anonymous_2)
DA:1,1
DA:2,1
DA:5,1
DA:6,0
LF:4
LH:3
BRF:0
BRH:0
end_of_record
